weight_strategy = self_norm, n_psi_added = -500, n_traj = 1000, target_std = 1, proposal_std = 1, n_traj_points = 100, phi_id = 0, base_xi_id = 0, Dist = 0.032090358436107635, Cos_dist = 0.01075589656829834, Dist_rho = 1.395073825943697, Norm_proposal = 0.2193070650100708, Norm_target = 0.21781165897846222, Norm_imp = 0.21930639445781708, Pinv_error = 13.490429878234863, Sum_weights = 1000.0, Sum_squared_weights = 1000.0, Elapsed_time = 2127.346846818924, Process_mem = 266.23828125, n_e = 1000.0, overlap_form = 0.4, dist_form = 0.05831718444824219, overlap_form = 0.4, dist_form = 0.05831718444824219, dist_new_kernels = 1.3450007438659668, dist_embed = 0.40690481662750244
weight_strategy = square_root, n_psi_added = -500, n_traj = 1000, target_std = 1, proposal_std = 1, n_traj_points = 100, phi_id = 0, base_xi_id = 0, Dist = 0.032090358436107635, Cos_dist = 0.01075589656829834, Dist_rho = 1.395073825943697, Norm_proposal = 0.2193070650100708, Norm_target = 0.21781165897846222, Norm_imp = 0.21930639445781708, Pinv_error = 13.490429878234863, Sum_weights = 1000.0, Sum_squared_weights = 1000.0, Elapsed_time = 2131.157874107361, Process_mem = 264.25, n_e = 1000.0, overlap_form = 0.4, dist_form = 0.05831718444824219, overlap_form = 0.4, dist_form = 0.05831718444824219, dist_new_kernels = 1.3450007438659668, dist_embed = 0.40690481662750244
weight_strategy = self_norm, n_psi_added = -500, n_traj = 1000, target_std = 1, proposal_std = 1, n_traj_points = 100, phi_id = 1, base_xi_id = 0, Dist = 0.017212359234690666, Cos_dist = 0.0028970837593078613, Dist_rho = 1.4059586311588579, Norm_proposal = 0.21374648809432983, Norm_target = 0.21877624094486237, Norm_imp = 0.21374474465847015, Pinv_error = 13.490429878234863, Sum_weights = 1000.0, Sum_squared_weights = 1000.0, Elapsed_time = 2131.670918226242, Process_mem = 263.4921875, n_e = 1000.0, overlap_form = 0.6, dist_form = 0.14067286252975464, overlap_form = 0.6, dist_form = 0.14067286252975464, dist_new_kernels = 0.7812149524688721, dist_embed = 0.24089404940605164
weight_strategy = square_root, n_psi_added = -500, n_traj = 1000, target_std = 1, proposal_std = 1, n_traj_points = 100, phi_id = 1, base_xi_id = 0, Dist = 0.017212359234690666, Cos_dist = 0.0028970837593078613, Dist_rho = 1.4059586311588579, Norm_proposal = 0.21374648809432983, Norm_target = 0.21877624094486237, Norm_imp = 0.21374474465847015, Pinv_error = 13.490429878234863, Sum_weights = 1000.0, Sum_squared_weights = 1000.0, Elapsed_time = 2057.5812780857086, Process_mem = 264.78125, n_e = 1000.0, overlap_form = 0.6, dist_form = 0.14067286252975464, overlap_form = 0.6, dist_form = 0.14067286252975464, dist_new_kernels = 0.7812149524688721, dist_embed = 0.24089404940605164
Completed job 0
weight_strategy = self_norm, n_psi_added = -500, n_traj = 1000, target_std = 1, proposal_std = 1, n_traj_points = 100, phi_id = 2, base_xi_id = 0, Dist = 0.02018371783196926, Cos_dist = 0.0009192228317260742, Dist_rho = 0.8396077955461124, Norm_proposal = 0.42666560411453247, Norm_target = 0.4177400469779968, Norm_imp = 0.4266689419746399, Pinv_error = 13.490429878234863, Sum_weights = 1000.0, Sum_squared_weights = 1000.0, Elapsed_time = 2177.6962673664093, Process_mem = 344.37890625, n_e = 1000.0, overlap_form = 0.4, dist_form = 0.11881130933761597, overlap_form = 0.4, dist_form = 0.11881130933761597, dist_new_kernels = 0.9056748747825623, dist_embed = 0.49897176027297974
weight_strategy = square_root, n_psi_added = -500, n_traj = 1000, target_std = 1, proposal_std = 1, n_traj_points = 100, phi_id = 2, base_xi_id = 0, Dist = 0.02018371783196926, Cos_dist = 0.0009192228317260742, Dist_rho = 0.8396077955461124, Norm_proposal = 0.42666560411453247, Norm_target = 0.4177400469779968, Norm_imp = 0.4266689419746399, Pinv_error = 13.490429878234863, Sum_weights = 1000.0, Sum_squared_weights = 1000.0, Elapsed_time = 2179.036479949951, Process_mem = 270.890625, n_e = 1000.0, overlap_form = 0.4, dist_form = 0.11881130933761597, overlap_form = 0.4, dist_form = 0.11881130933761597, dist_new_kernels = 0.9056748747825623, dist_embed = 0.49897176027297974
weight_strategy = self_norm, n_psi_added = -500, n_traj = 1000, target_std = 1, proposal_std = 1, n_traj_points = 100, phi_id = 6, base_xi_id = 0, Dist = 0.025965260341763496, Cos_dist = 0.0010921359062194824, Dist_rho = 0.9920892816188426, Norm_proposal = 0.36235669255256653, Norm_target = 0.3422790467739105, Norm_imp = 0.3623604476451874, Pinv_error = 13.490429878234863, Sum_weights = 1000.0, Sum_squared_weights = 1000.0, Elapsed_time = 1696.2639956474304, Process_mem = 262.453125, n_e = 1000.0, overlap_form = 1.4, dist_form = 0.0030565261840820312, overlap_form = 1.4, dist_form = 0.0030565261840820312, dist_new_kernels = 1.1262608766555786, dist_embed = 0.5710892081260681
weight_strategy = square_root, n_psi_added = -500, n_traj = 1000, target_std = 1, proposal_std = 1, n_traj_points = 100, phi_id = 6, base_xi_id = 0, Dist = 0.025965260341763496, Cos_dist = 0.0010921359062194824, Dist_rho = 0.9920892816188426, Norm_proposal = 0.36235669255256653, Norm_target = 0.3422790467739105, Norm_imp = 0.3623604476451874, Pinv_error = 13.490429878234863, Sum_weights = 1000.0, Sum_squared_weights = 1000.0, Elapsed_time = 2150.654860496521, Process_mem = 343.28515625, n_e = 1000.0, overlap_form = 1.4, dist_form = 0.0030565261840820312, overlap_form = 1.4, dist_form = 0.0030565261840820312, dist_new_kernels = 1.1262608766555786, dist_embed = 0.5710892081260681
Completed job 1
model name: human
Starting the search of formula from embeddings
Ending the search of formula from embeddings
target dists: [[0.9026898 0.9026898 1.0534561 1.0534561 1.0940127 1.101457  1.1159123
  1.1297852 1.134769  1.1466634]]
total_search_time1 = 1.3668487071990967
Starting the search of formula from embeddings
Ending the search of formula from embeddings
imp dists: [[0.8926582 0.8926582 1.0844054 1.0863949 1.0863949 1.089318  1.1067201
  1.1108636 1.1277279 1.1277279]]
total_search_time2 = 2.376718044281006
formulae are there! There are 10 imp_formulae and 10 target_formulae
imp_formulae: ['( x_0 <= -2.0 or ( x_0 >= 0.0 until[35,70] x_1 >= -4.0 ) )', '( ( x_0 <= -2.0 or x_0 >= 0.0 ) until[0,35] x_1 >= -2.0 )', '( ( x_0 >= 0.0 or x_0 <= -2.0 ) until[35,70] x_0 >= -4.0 )', '( x_0 <= 2.6667 until[0,23] eventually ( x_0 >= -0.0 ) )', '( eventually[0,inf] ( x_0 >= -0.0 ) until[0,58] x_0 <= 2.6667 )', '( x_0 <= -2.0 or not ( eventually[0,35] ( x_0 <= 0.0 ) ) )', '( x_0 <= 2.6667 until[0,46] eventually ( x_0 >= -0.0 ) )', 'not ( eventually[35,inf] ( ( x_0 <= 0.0 until[0,35] x_0 >= -2.0 ) ) )', '( x_0 <= 2.0 and ( x_0 <= -2.0 or x_0 >= 0.0 ) )', '( ( x_0 >= 0.0 or x_0 <= -2.0 ) until[0,35] x_0 <= 2.0 )'], target_formulae: ['( x_0 <= -2.0 or ( x_0 >= 0.0 until[35,70] x_1 >= -4.0 ) )', '( ( x_0 <= -2.0 or x_0 >= 0.0 ) until[0,35] x_1 >= -2.0 )', '( x_0 <= 2.6667 until[0,23] eventually ( x_0 >= -0.0 ) )', '( eventually[0,inf] ( x_0 >= -0.0 ) until[0,58] x_0 <= 2.6667 )', '( x_0 <= 2.6667 until[0,46] eventually ( x_0 >= -0.0 ) )', '( ( x_0 >= 0.0 or x_0 <= -2.0 ) until[35,70] x_0 >= -4.0 )', '( x_0 <= -2.0 or not ( eventually[0,35] ( x_0 <= 0.0 ) ) )', '( x_0 <= 2.6667 until[0,inf] eventually[0,35] ( x_0 >= -0.0 ) )', '( eventually ( x_0 >= -0.0 ) until[0,inf] x_0 <= 2.6667 )', '( x_0 <= 2.6667 until[0,46] eventually[11,35] ( x_0 >= -0.0 ) )']
overlap_form = 1.4
dist_form = 0.10936802625656128
weight_strategy = self_norm, n_psi_added = -500, n_traj = 4000, target_std = 1, proposal_std = 1, n_traj_points = 100, phi_id = 0, base_xi_id = 0, Dist = 0.007524808868765831, Cos_dist = 0.0005743503570556641, Dist_rho = 1.3607157341738492, Norm_proposal = 0.22124521434307098, Norm_target = 0.22048792243003845, Norm_imp = 0.22124548256397247, Pinv_error = 56.48389434814453, Sum_weights = 4000.0, Sum_squared_weights = 4000.0, Elapsed_time = 2724.713208913803, Process_mem = 488.52734375, n_e = 4000.0, overlap_form = 1.4, dist_form = 0.10936802625656128, overlap_form = 1.4, dist_form = 0.10936802625656128, dist_new_kernels = 0.34592723846435547, dist_embed = 0.10883510857820511
weight_strategy = square_root, n_psi_added = -500, n_traj = 4000, target_std = 1, proposal_std = 1, n_traj_points = 100, phi_id = 0, base_xi_id = 0, Dist = 0.007524808868765831, Cos_dist = 0.0005743503570556641, Dist_rho = 1.3607157341738492, Norm_proposal = 0.22124521434307098, Norm_target = 0.22048792243003845, Norm_imp = 0.22124548256397247, Pinv_error = 56.48389434814453, Sum_weights = 4000.0, Sum_squared_weights = 4000.0, Elapsed_time = 2759.6218860149384, Process_mem = 475.3203125, n_e = 4000.0, overlap_form = 1.4, dist_form = 0.10936802625656128, overlap_form = 1.4, dist_form = 0.10936802625656128, dist_new_kernels = 0.34592723846435547, dist_embed = 0.10883510857820511
weight_strategy = self_norm, n_psi_added = -500, n_traj = 4000, target_std = 1, proposal_std = 1, n_traj_points = 100, phi_id = 1, base_xi_id = 0, Dist = 0.0085027189925313, Cos_dist = 0.0007631778717041016, Dist_rho = 1.376881296028549, Norm_proposal = 0.21746164560317993, Norm_target = 0.21768388152122498, Norm_imp = 0.21746188402175903, Pinv_error = 56.48389434814453, Sum_weights = 4000.0, Sum_squared_weights = 4000.0, Elapsed_time = 3286.2317287921906, Process_mem = 476.19140625, n_e = 4000.0, overlap_form = 1.4, dist_form = 0.05691099166870117, overlap_form = 1.4, dist_form = 0.05691099166870117, dist_new_kernels = 0.39715540409088135, dist_embed = 0.12343534082174301
weight_strategy = square_root, n_psi_added = -500, n_traj = 4000, target_std = 1, proposal_std = 1, n_traj_points = 100, phi_id = 1, base_xi_id = 0, Dist = 0.0085027189925313, Cos_dist = 0.0007631778717041016, Dist_rho = 1.376881296028549, Norm_proposal = 0.21746164560317993, Norm_target = 0.21768388152122498, Norm_imp = 0.21746188402175903, Pinv_error = 56.48389434814453, Sum_weights = 4000.0, Sum_squared_weights = 4000.0, Elapsed_time = 3262.8713960647583, Process_mem = 476.94921875, n_e = 4000.0, overlap_form = 1.4, dist_form = 0.05691099166870117, overlap_form = 1.4, dist_form = 0.05691099166870117, dist_new_kernels = 0.39715540409088135, dist_embed = 0.12343534082174301
Completed job 2
weight_strategy = self_norm, n_psi_added = -500, n_traj = 4000, target_std = 1, proposal_std = 1, n_traj_points = 100, phi_id = 2, base_xi_id = 0, Dist = 0.014273203909397125, Cos_dist = 0.0003558993339538574, Dist_rho = 0.8706579955901032, Norm_proposal = 0.42242997884750366, Norm_target = 0.4135211110115051, Norm_imp = 0.42243024706840515, Pinv_error = 56.48389434814453, Sum_weights = 4000.0, Sum_squared_weights = 4000.0, Elapsed_time = 2902.689361333847, Process_mem = 485.8203125, n_e = 4000.0, overlap_form = 0.4, dist_form = 0.14004886150360107, overlap_form = 0.4, dist_form = 0.14004886150360107, dist_new_kernels = 0.6400802135467529, dist_embed = 0.4047267436981201
weight_strategy = square_root, n_psi_added = -500, n_traj = 4000, target_std = 1, proposal_std = 1, n_traj_points = 100, phi_id = 2, base_xi_id = 0, Dist = 0.014273203909397125, Cos_dist = 0.0003558993339538574, Dist_rho = 0.8706579955901032, Norm_proposal = 0.42242997884750366, Norm_target = 0.4135211110115051, Norm_imp = 0.42243024706840515, Pinv_error = 56.48389434814453, Sum_weights = 4000.0, Sum_squared_weights = 4000.0, Elapsed_time = 2998.83518409729, Process_mem = 506.12109375, n_e = 4000.0, overlap_form = 0.4, dist_form = 0.14004886150360107, overlap_form = 0.4, dist_form = 0.14004886150360107, dist_new_kernels = 0.6400802135467529, dist_embed = 0.4047267436981201
weight_strategy = self_norm, n_psi_added = -500, n_traj = 4000, target_std = 1, proposal_std = 1, n_traj_points = 100, phi_id = 6, base_xi_id = 0, Dist = 0.01195872575044632, Cos_dist = 0.00037229061126708984, Dist_rho = 0.9986391400544861, Norm_proposal = 0.3526756763458252, Norm_target = 0.34544286131858826, Norm_imp = 0.3526759743690491, Pinv_error = 56.48389434814453, Sum_weights = 4000.0, Sum_squared_weights = 4000.0, Elapsed_time = 3031.02023601532, Process_mem = 339.81640625, n_e = 4000.0, overlap_form = 1.2, dist_form = 0.0036679506301879883, overlap_form = 1.2, dist_form = 0.0036679506301879883, dist_new_kernels = 0.5430696606636047, dist_embed = 0.2508617341518402
weight_strategy = square_root, n_psi_added = -500, n_traj = 4000, target_std = 1, proposal_std = 1, n_traj_points = 100, phi_id = 6, base_xi_id = 0, Dist = 0.01195872575044632, Cos_dist = 0.00037229061126708984, Dist_rho = 0.9986391400544861, Norm_proposal = 0.3526756763458252, Norm_target = 0.34544286131858826, Norm_imp = 0.3526759743690491, Pinv_error = 56.48389434814453, Sum_weights = 4000.0, Sum_squared_weights = 4000.0, Elapsed_time = 3031.9664735794067, Process_mem = 340.375, n_e = 4000.0, overlap_form = 1.2, dist_form = 0.0036679506301879883, overlap_form = 1.2, dist_form = 0.0036679506301879883, dist_new_kernels = 0.5430696606636047, dist_embed = 0.2508617341518402
Completed job 3
weight_strategy = self_norm, n_psi_added = 500, n_traj = 1000, target_std = 1, proposal_std = 1, n_traj_points = 100, phi_id = 0, base_xi_id = 0, Dist = 0.032090358436107635, Cos_dist = 0.01075589656829834, Dist_rho = 1.395073825943697, Norm_proposal = 0.2193070650100708, Norm_target = 0.21781165897846222, Norm_imp = 0.21930639445781708, Pinv_error = 13.490429878234863, Sum_weights = 1000.0, Sum_squared_weights = 1000.0, Elapsed_time = 2229.633926153183, Process_mem = 263.41796875, n_e = 1000.0, overlap_form = 0.4, dist_form = 0.06114375591278076, overlap_form = 0.4, dist_form = 0.06114375591278076, dist_new_kernels = 1.3450007438659668, dist_embed = 0.40690481662750244
weight_strategy = square_root, n_psi_added = 500, n_traj = 1000, target_std = 1, proposal_std = 1, n_traj_points = 100, phi_id = 0, base_xi_id = 0, Dist = 0.032090358436107635, Cos_dist = 0.01075589656829834, Dist_rho = 1.395073825943697, Norm_proposal = 0.2193070650100708, Norm_target = 0.21781165897846222, Norm_imp = 0.21930639445781708, Pinv_error = 13.490429878234863, Sum_weights = 1000.0, Sum_squared_weights = 1000.0, Elapsed_time = 2227.319435119629, Process_mem = 266.015625, n_e = 1000.0, overlap_form = 0.4, dist_form = 0.06114375591278076, overlap_form = 0.4, dist_form = 0.06114375591278076, dist_new_kernels = 1.3450007438659668, dist_embed = 0.40690481662750244
weight_strategy = self_norm, n_psi_added = 500, n_traj = 1000, target_std = 1, proposal_std = 1, n_traj_points = 100, phi_id = 1, base_xi_id = 0, Dist = 0.017212359234690666, Cos_dist = 0.0028970837593078613, Dist_rho = 1.4059586311588579, Norm_proposal = 0.21374648809432983, Norm_target = 0.21877624094486237, Norm_imp = 0.21374474465847015, Pinv_error = 13.490429878234863, Sum_weights = 1000.0, Sum_squared_weights = 1000.0, Elapsed_time = 2221.8261935710907, Process_mem = 334.85546875, n_e = 1000.0, overlap_form = 0.6, dist_form = 0.15845143795013428, overlap_form = 0.6, dist_form = 0.15845143795013428, dist_new_kernels = 0.7812149524688721, dist_embed = 0.24089404940605164
weight_strategy = square_root, n_psi_added = 500, n_traj = 1000, target_std = 1, proposal_std = 1, n_traj_points = 100, phi_id = 1, base_xi_id = 0, Dist = 0.017212359234690666, Cos_dist = 0.0028970837593078613, Dist_rho = 1.4059586311588579, Norm_proposal = 0.21374648809432983, Norm_target = 0.21877624094486237, Norm_imp = 0.21374474465847015, Pinv_error = 13.490429878234863, Sum_weights = 1000.0, Sum_squared_weights = 1000.0, Elapsed_time = 2224.769651889801, Process_mem = 263.828125, n_e = 1000.0, overlap_form = 0.6, dist_form = 0.15845143795013428, overlap_form = 0.6, dist_form = 0.15845143795013428, dist_new_kernels = 0.7812149524688721, dist_embed = 0.24089404940605164
Completed job 4
model name: maritime
Starting the search of formula from embeddings
Ending the search of formula from embeddings
target dists: [[1.6108794 1.6828902 2.1575844 2.1575844 2.1575844 2.1575844 2.1615498
  2.1615498 2.1615498 2.1615498]]
total_search_time1 = 7.8871800899505615
Starting the search of formula from embeddings
Ending the search of formula from embeddings
imp dists: [[1.5459948 1.7208145 1.9781613 2.071282  2.1269844 2.1301382 2.2133925
  2.232277  2.232277  2.232277 ]]
total_search_time2 = 4.870146751403809
formulae are there! There are 10 imp_formulae and 10 target_formulae
imp_formulae: ['( x_0 <= -2.0 or ( x_1 >= 2.0 until[35,70] x_2 <= 2.0 ) )', '( ( x_0 <= 0.0 until[0,35] x_2 >= 0.0 ) until[0,inf] x_2 <= 0.0 )', '( x_0 >= -4.0 until[0,70] ( x_0 <= -2.0 or x_0 >= 4.0 ) )', '( x_1 >= 0.0 until[70,inf] ( x_0 >= 4.0 or x_0 <= -2.0 ) )', '( ( x_1 >= 2.0 or x_0 <= -2.0 ) until[70,inf] x_1 <= 0.0 )', '( x_0 <= -2.6667 or always[23,70] ( x_1 >= 4.0 ) )', 'not ( eventually[0,inf] ( ( x_0 >= -2.0 until[35,inf] x_0 <= 4.0 ) ) )', '( x_0 <= -4.0 until[11,35] always[46,58] ( x_2 >= -0.0 ) )', '( x_0 <= -4.0 until[0,35] always[0,46] ( x_2 >= -4.0 ) )', 'not ( ( x_0 >= -4.0 or eventually[35,inf] ( x_2 >= 2.0 ) ) )'], target_formulae: ['( ( x_0 <= 0.0 until[0,35] x_2 >= 0.0 ) until[0,inf] x_2 <= 0.0 )', '( x_0 <= -2.0 or ( x_1 >= 2.0 until[35,70] x_2 <= 2.0 ) )', 'eventually[0,inf] ( ( always[35,inf] ( x_1 >= 2.0 ) or x_0 <= -2.0 ) )', 'eventually[0,inf] ( always[70,inf] ( ( x_1 >= 2.0 or x_0 <= -2.0 ) ) )', 'not ( always[0,inf] ( ( x_0 >= -2.0 until[70,inf] x_1 <= 2.0 ) ) )', 'always ( eventually ( ( x_1 >= 2.0 or x_0 <= -2.0 ) ) )', 'not ( ( eventually[0,inf] ( x_0 >= -2.0 ) until[70,inf] x_1 <= 2.0 ) )', '( x_0 <= -2.0 or eventually ( always ( x_1 >= 2.0 ) ) )', 'eventually[0,35] ( always[35,inf] ( ( x_1 >= 2.0 or x_0 <= -2.0 ) ) )', 'always[70,inf] ( not ( ( x_0 >= -2.0 and x_1 <= 2.0 ) ) )']
overlap_form = 0.4
dist_form = 0.12029629945755005
model name: train
Starting the search of formula from embeddings
Ending the search of formula from embeddings
target dists: [[0.949743   0.949743   0.949743   0.949743   0.949743   0.9595475
  0.9615729  0.9926841  0.99530816 0.99530816]]
total_search_time1 = 1.6410367488861084
Starting the search of formula from embeddings
Ending the search of formula from embeddings
imp dists: [[0.79932356 0.79932356 0.79932356 0.79932356 0.8327656  0.8391491
  0.8391491  0.8391491  0.8391491  0.8391491 ]]
total_search_time2 = 2.6089532375335693
formulae are there! There are 10 imp_formulae and 10 target_formulae
imp_formulae: ['( always[0,inf] ( x_0 >= -1.3333 ) until[0,70] x_0 <= 2.6667 )', '( always[11,inf] ( x_0 >= -1.3333 ) until[23,inf] x_0 <= 2.6667 )', '( always[0,inf] ( x_0 >= -1.3333 ) until[11,inf] x_0 <= 2.6667 )', '( always ( x_0 >= -1.3333 ) until[0,58] x_0 <= 2.6667 )', '( always[0,58] ( x_0 >= -1.3333 ) until[23,35] x_0 <= 2.6667 )', '( always ( x_0 >= -1.3333 ) until[58,inf] x_0 <= 2.6667 )', '( always ( x_0 >= -1.3333 ) until[23,35] x_0 <= 2.6667 )', '( x_0 <= 2.6667 until[0,11] always ( x_0 >= -1.3333 ) )', '( x_0 <= 2.6667 until[0,23] always ( x_0 >= -1.3333 ) )', '( always[0,58] ( x_0 >= -1.3333 ) until[35,inf] x_0 <= 2.6667 )'], target_formulae: ['( always ( x_0 >= -1.3333 ) until[58,inf] x_0 <= 2.6667 )', '( always ( x_0 >= -1.3333 ) until[23,35] x_0 <= 2.6667 )', '( x_0 <= 2.6667 until[0,11] always ( x_0 >= -1.3333 ) )', '( x_0 <= 2.6667 until[0,23] always ( x_0 >= -1.3333 ) )', '( always[0,58] ( x_0 >= -1.3333 ) until[35,inf] x_0 <= 2.6667 )', '( always[23,inf] ( x_0 >= -1.3333 ) until[11,70] x_0 <= 2.6667 )', '( always[23,inf] ( x_0 >= -1.3333 ) until[0,inf] x_0 <= 2.6667 )', '( x_0 <= 2.6667 until[0,11] always[35,inf] ( x_0 >= -1.3333 ) )', '( always[0,inf] ( x_0 >= -1.3333 ) until[0,70] x_0 <= 2.6667 )', '( always[11,inf] ( x_0 >= -1.3333 ) until[23,inf] x_0 <= 2.6667 )']
overlap_form = 1.4
dist_form = 0.004002213478088379
model name: train
Starting the search of formula from embeddings
Ending the search of formula from embeddings
target dists: [[0.949743   0.949743   0.949743   0.949743   0.949743   0.9595475
  0.9615729  0.9926841  0.99530816 0.99530816]]
total_search_time1 = 0.892855167388916
Starting the search of formula from embeddings
Ending the search of formula from embeddings
imp dists: [[0.79932356 0.79932356 0.79932356 0.79932356 0.8327656  0.8391491
  0.8391491  0.8391491  0.8391491  0.8391491 ]]
total_search_time2 = 2.1237289905548096
formulae are there! There are 10 imp_formulae and 10 target_formulae
imp_formulae: ['( always[0,inf] ( x_0 >= -1.3333 ) until[0,70] x_0 <= 2.6667 )', '( always[11,inf] ( x_0 >= -1.3333 ) until[23,inf] x_0 <= 2.6667 )', '( always[0,inf] ( x_0 >= -1.3333 ) until[11,inf] x_0 <= 2.6667 )', '( always ( x_0 >= -1.3333 ) until[0,58] x_0 <= 2.6667 )', '( always[0,58] ( x_0 >= -1.3333 ) until[23,35] x_0 <= 2.6667 )', '( always ( x_0 >= -1.3333 ) until[58,inf] x_0 <= 2.6667 )', '( always ( x_0 >= -1.3333 ) until[23,35] x_0 <= 2.6667 )', '( x_0 <= 2.6667 until[0,11] always ( x_0 >= -1.3333 ) )', '( x_0 <= 2.6667 until[0,23] always ( x_0 >= -1.3333 ) )', '( always[0,58] ( x_0 >= -1.3333 ) until[35,inf] x_0 <= 2.6667 )'], target_formulae: ['( always ( x_0 >= -1.3333 ) until[58,inf] x_0 <= 2.6667 )', '( always ( x_0 >= -1.3333 ) until[23,35] x_0 <= 2.6667 )', '( x_0 <= 2.6667 until[0,11] always ( x_0 >= -1.3333 ) )', '( x_0 <= 2.6667 until[0,23] always ( x_0 >= -1.3333 ) )', '( always[0,58] ( x_0 >= -1.3333 ) until[35,inf] x_0 <= 2.6667 )', '( always[23,inf] ( x_0 >= -1.3333 ) until[11,70] x_0 <= 2.6667 )', '( always[23,inf] ( x_0 >= -1.3333 ) until[0,inf] x_0 <= 2.6667 )', '( x_0 <= 2.6667 until[0,11] always[35,inf] ( x_0 >= -1.3333 ) )', '( always[0,inf] ( x_0 >= -1.3333 ) until[0,70] x_0 <= 2.6667 )', '( always[11,inf] ( x_0 >= -1.3333 ) until[23,inf] x_0 <= 2.6667 )']
overlap_form = 1.4
dist_form = 0.004002213478088379
weight_strategy = self_norm, n_psi_added = 500, n_traj = 1000, target_std = 1, proposal_std = 1, n_traj_points = 100, phi_id = 2, base_xi_id = 0, Dist = 0.02018371783196926, Cos_dist = 0.0009192228317260742, Dist_rho = 0.8396077955461124, Norm_proposal = 0.42666560411453247, Norm_target = 0.4177400469779968, Norm_imp = 0.4266689419746399, Pinv_error = 13.490429878234863, Sum_weights = 1000.0, Sum_squared_weights = 1000.0, Elapsed_time = 2122.145754337311, Process_mem = 265.140625, n_e = 1000.0, overlap_form = 0.4, dist_form = 0.12029629945755005, overlap_form = 0.4, dist_form = 0.12029629945755005, dist_new_kernels = 0.9056748747825623, dist_embed = 0.49897176027297974
weight_strategy = square_root, n_psi_added = 500, n_traj = 1000, target_std = 1, proposal_std = 1, n_traj_points = 100, phi_id = 2, base_xi_id = 0, Dist = 0.02018371783196926, Cos_dist = 0.0009192228317260742, Dist_rho = 0.8396077955461124, Norm_proposal = 0.42666560411453247, Norm_target = 0.4177400469779968, Norm_imp = 0.4266689419746399, Pinv_error = 13.490429878234863, Sum_weights = 1000.0, Sum_squared_weights = 1000.0, Elapsed_time = 2197.252832174301, Process_mem = 336.921875, n_e = 1000.0, overlap_form = 0.4, dist_form = 0.12029629945755005, overlap_form = 0.4, dist_form = 0.12029629945755005, dist_new_kernels = 0.9056748747825623, dist_embed = 0.49897176027297974
weight_strategy = self_norm, n_psi_added = 500, n_traj = 1000, target_std = 1, proposal_std = 1, n_traj_points = 100, phi_id = 6, base_xi_id = 0, Dist = 0.025965260341763496, Cos_dist = 0.0010921359062194824, Dist_rho = 0.9920892816188426, Norm_proposal = 0.36235669255256653, Norm_target = 0.3422790467739105, Norm_imp = 0.3623604476451874, Pinv_error = 13.490429878234863, Sum_weights = 1000.0, Sum_squared_weights = 1000.0, Elapsed_time = 2186.514619588852, Process_mem = 261.25, n_e = 1000.0, overlap_form = 1.4, dist_form = 0.004002213478088379, overlap_form = 1.4, dist_form = 0.004002213478088379, dist_new_kernels = 1.1262608766555786, dist_embed = 0.5710892081260681
weight_strategy = square_root, n_psi_added = 500, n_traj = 1000, target_std = 1, proposal_std = 1, n_traj_points = 100, phi_id = 6, base_xi_id = 0, Dist = 0.025965260341763496, Cos_dist = 0.0010921359062194824, Dist_rho = 0.9920892816188426, Norm_proposal = 0.36235669255256653, Norm_target = 0.3422790467739105, Norm_imp = 0.3623604476451874, Pinv_error = 13.490429878234863, Sum_weights = 1000.0, Sum_squared_weights = 1000.0, Elapsed_time = 2196.3506247997284, Process_mem = 264.66015625, n_e = 1000.0, overlap_form = 1.4, dist_form = 0.004002213478088379, overlap_form = 1.4, dist_form = 0.004002213478088379, dist_new_kernels = 1.1262608766555786, dist_embed = 0.5710892081260681
Completed job 5
model name: human
Starting the search of formula from embeddings
Ending the search of formula from embeddings
target dists: [[0.9026898 0.9026898 1.0534561 1.0534561 1.0940127 1.101457  1.1159123
  1.1297852 1.134769  1.1466634]]
total_search_time1 = 1.5256798267364502
Starting the search of formula from embeddings
Ending the search of formula from embeddings
imp dists: [[0.8926582 0.8926582 1.0844054 1.0863949 1.0863949 1.089318  1.1067201
  1.1108636 1.1277279 1.1277279]]
total_search_time2 = 3.2889389991760254
formulae are there! There are 10 imp_formulae and 10 target_formulae
imp_formulae: ['( x_0 <= -2.0 or ( x_0 >= 0.0 until[35,70] x_1 >= -4.0 ) )', '( ( x_0 <= -2.0 or x_0 >= 0.0 ) until[0,35] x_1 >= -2.0 )', '( ( x_0 >= 0.0 or x_0 <= -2.0 ) until[35,70] x_0 >= -4.0 )', '( x_0 <= 2.6667 until[0,23] eventually ( x_0 >= -0.0 ) )', '( eventually[0,inf] ( x_0 >= -0.0 ) until[0,58] x_0 <= 2.6667 )', '( x_0 <= -2.0 or not ( eventually[0,35] ( x_0 <= 0.0 ) ) )', '( x_0 <= 2.6667 until[0,46] eventually ( x_0 >= -0.0 ) )', 'not ( eventually[35,inf] ( ( x_0 <= 0.0 until[0,35] x_0 >= -2.0 ) ) )', '( x_0 <= 2.0 and ( x_0 <= -2.0 or x_0 >= 0.0 ) )', '( ( x_0 >= 0.0 or x_0 <= -2.0 ) until[0,35] x_0 <= 2.0 )'], target_formulae: ['( x_0 <= -2.0 or ( x_0 >= 0.0 until[35,70] x_1 >= -4.0 ) )', '( ( x_0 <= -2.0 or x_0 >= 0.0 ) until[0,35] x_1 >= -2.0 )', '( x_0 <= 2.6667 until[0,23] eventually ( x_0 >= -0.0 ) )', '( eventually[0,inf] ( x_0 >= -0.0 ) until[0,58] x_0 <= 2.6667 )', '( x_0 <= 2.6667 until[0,46] eventually ( x_0 >= -0.0 ) )', '( ( x_0 >= 0.0 or x_0 <= -2.0 ) until[35,70] x_0 >= -4.0 )', '( x_0 <= -2.0 or not ( eventually[0,35] ( x_0 <= 0.0 ) ) )', '( x_0 <= 2.6667 until[0,inf] eventually[0,35] ( x_0 >= -0.0 ) )', '( eventually ( x_0 >= -0.0 ) until[0,inf] x_0 <= 2.6667 )', '( x_0 <= 2.6667 until[0,46] eventually[11,35] ( x_0 >= -0.0 ) )']
overlap_form = 1.4
dist_form = 0.1069498062133789
model name: linear
Starting the search of formula from embeddings
Ending the search of formula from embeddings
target dists: [[1.0354754 1.0753332 1.0900916 1.096955  1.097593  1.1033825 1.1074021
  1.1088101 1.1136067 1.1141775]]
total_search_time1 = 1.0411245822906494
Starting the search of formula from embeddings
Ending the search of formula from embeddings
imp dists: [[1.04548   1.0768827 1.0815723 1.1006637 1.1047022 1.1062124 1.1162256
  1.1162447 1.1215949 1.1225944]]
total_search_time2 = 2.1380536556243896
formulae are there! There are 10 imp_formulae and 10 target_formulae
imp_formulae: ['( always[11,58] ( x_0 <= 2.6667 ) until[0,inf] x_0 >= -0.0 )', '( x_0 <= 2.6667 until[0,11] eventually[35,70] ( x_0 >= -0.0 ) )', 'not ( ( x_0 >= -2.6667 until[23,inf] x_0 <= -0.0 ) )', '( x_0 <= 2.6667 until[23,70] eventually[11,23] ( x_0 >= -0.0 ) )', '( eventually[35,inf] ( x_0 >= -0.0 ) until[23,35] x_0 <= 2.6667 )', '( x_0 <= 2.6667 until[58,inf] x_0 >= -0.0 )', '( eventually[0,11] ( x_0 <= 2.6667 ) until[58,inf] x_0 >= -0.0 )', '( x_0 <= 2.6667 until[23,inf] eventually[58,inf] ( x_0 >= -0.0 ) )', '( eventually[58,inf] ( x_0 >= -0.0 ) until[11,23] x_0 <= 2.6667 )', '( ( x_2 <= 2.0 until[0,inf] x_0 >= 0.0 ) until[35,inf] x_2 >= -2.0 )'], target_formulae: ['( always[11,58] ( x_0 <= 2.6667 ) until[0,inf] x_0 >= -0.0 )', '( x_0 <= 2.6667 until[0,11] eventually[35,70] ( x_0 >= -0.0 ) )', '( x_0 <= 2.6667 until[23,70] eventually[11,23] ( x_0 >= -0.0 ) )', 'not ( ( x_0 >= -2.6667 until[23,inf] x_0 <= -0.0 ) )', '( x_0 <= 2.6667 until[58,inf] x_0 >= -0.0 )', '( eventually[35,inf] ( x_0 >= -0.0 ) until[23,35] x_0 <= 2.6667 )', '( eventually[0,11] ( x_0 <= 2.6667 ) until[58,inf] x_0 >= -0.0 )', 'eventually[11,58] ( ( x_0 >= -0.0 until[0,35] x_0 <= 2.6667 ) )', '( x_0 <= 2.6667 until[46,58] eventually ( x_0 >= -0.0 ) )', '( eventually[35,70] ( x_0 >= 0.0 ) and always[0,70] ( x_1 >= -2.0 ) )']
overlap_form = 1.4
dist_form = 0.05810689926147461
model name: linear
Starting the search of formula from embeddings
Ending the search of formula from embeddings
target dists: [[1.0354754 1.0753332 1.0900916 1.096955  1.097593  1.1033825 1.1074021
  1.1088101 1.1136067 1.1141775]]
total_search_time1 = 0.9243330955505371
Starting the search of formula from embeddings
Ending the search of formula from embeddings
imp dists: [[1.04548   1.0768827 1.0815723 1.1006637 1.1047022 1.1062124 1.1162256
  1.1162447 1.1215949 1.1225944]]
total_search_time2 = 2.0411782264709473
formulae are there! There are 10 imp_formulae and 10 target_formulae
imp_formulae: ['( always[11,58] ( x_0 <= 2.6667 ) until[0,inf] x_0 >= -0.0 )', '( x_0 <= 2.6667 until[0,11] eventually[35,70] ( x_0 >= -0.0 ) )', 'not ( ( x_0 >= -2.6667 until[23,inf] x_0 <= -0.0 ) )', '( x_0 <= 2.6667 until[23,70] eventually[11,23] ( x_0 >= -0.0 ) )', '( eventually[35,inf] ( x_0 >= -0.0 ) until[23,35] x_0 <= 2.6667 )', '( x_0 <= 2.6667 until[58,inf] x_0 >= -0.0 )', '( eventually[0,11] ( x_0 <= 2.6667 ) until[58,inf] x_0 >= -0.0 )', '( x_0 <= 2.6667 until[23,inf] eventually[58,inf] ( x_0 >= -0.0 ) )', '( eventually[58,inf] ( x_0 >= -0.0 ) until[11,23] x_0 <= 2.6667 )', '( ( x_2 <= 2.0 until[0,inf] x_0 >= 0.0 ) until[35,inf] x_2 >= -2.0 )'], target_formulae: ['( always[11,58] ( x_0 <= 2.6667 ) until[0,inf] x_0 >= -0.0 )', '( x_0 <= 2.6667 until[0,11] eventually[35,70] ( x_0 >= -0.0 ) )', '( x_0 <= 2.6667 until[23,70] eventually[11,23] ( x_0 >= -0.0 ) )', 'not ( ( x_0 >= -2.6667 until[23,inf] x_0 <= -0.0 ) )', '( x_0 <= 2.6667 until[58,inf] x_0 >= -0.0 )', '( eventually[35,inf] ( x_0 >= -0.0 ) until[23,35] x_0 <= 2.6667 )', '( eventually[0,11] ( x_0 <= 2.6667 ) until[58,inf] x_0 >= -0.0 )', 'eventually[11,58] ( ( x_0 >= -0.0 until[0,35] x_0 <= 2.6667 ) )', '( x_0 <= 2.6667 until[46,58] eventually ( x_0 >= -0.0 ) )', '( eventually[35,70] ( x_0 >= 0.0 ) and always[0,70] ( x_1 >= -2.0 ) )']
overlap_form = 1.4
dist_form = 0.05810689926147461
model name: human
Starting the search of formula from embeddings
Ending the search of formula from embeddings
target dists: [[0.9026898 0.9026898 1.0534561 1.0534561 1.0940127 1.101457  1.1159123
  1.1297852 1.134769  1.1466634]]
total_search_time1 = 0.9377455711364746
Starting the search of formula from embeddings
Ending the search of formula from embeddings
imp dists: [[0.8926582 0.8926582 1.0844054 1.0863949 1.0863949 1.089318  1.1067201
  1.1108636 1.1277279 1.1277279]]
total_search_time2 = 2.073173999786377
formulae are there! There are 10 imp_formulae and 10 target_formulae
imp_formulae: ['( x_0 <= -2.0 or ( x_0 >= 0.0 until[35,70] x_1 >= -4.0 ) )', '( ( x_0 <= -2.0 or x_0 >= 0.0 ) until[0,35] x_1 >= -2.0 )', '( ( x_0 >= 0.0 or x_0 <= -2.0 ) until[35,70] x_0 >= -4.0 )', '( x_0 <= 2.6667 until[0,23] eventually ( x_0 >= -0.0 ) )', '( eventually[0,inf] ( x_0 >= -0.0 ) until[0,58] x_0 <= 2.6667 )', '( x_0 <= -2.0 or not ( eventually[0,35] ( x_0 <= 0.0 ) ) )', '( x_0 <= 2.6667 until[0,46] eventually ( x_0 >= -0.0 ) )', 'not ( eventually[35,inf] ( ( x_0 <= 0.0 until[0,35] x_0 >= -2.0 ) ) )', '( x_0 <= 2.0 and ( x_0 <= -2.0 or x_0 >= 0.0 ) )', '( ( x_0 >= 0.0 or x_0 <= -2.0 ) until[0,35] x_0 <= 2.0 )'], target_formulae: ['( x_0 <= -2.0 or ( x_0 >= 0.0 until[35,70] x_1 >= -4.0 ) )', '( ( x_0 <= -2.0 or x_0 >= 0.0 ) until[0,35] x_1 >= -2.0 )', '( x_0 <= 2.6667 until[0,23] eventually ( x_0 >= -0.0 ) )', '( eventually[0,inf] ( x_0 >= -0.0 ) until[0,58] x_0 <= 2.6667 )', '( x_0 <= 2.6667 until[0,46] eventually ( x_0 >= -0.0 ) )', '( ( x_0 >= 0.0 or x_0 <= -2.0 ) until[35,70] x_0 >= -4.0 )', '( x_0 <= -2.0 or not ( eventually[0,35] ( x_0 <= 0.0 ) ) )', '( x_0 <= 2.6667 until[0,inf] eventually[0,35] ( x_0 >= -0.0 ) )', '( eventually ( x_0 >= -0.0 ) until[0,inf] x_0 <= 2.6667 )', '( x_0 <= 2.6667 until[0,46] eventually[11,35] ( x_0 >= -0.0 ) )']
overlap_form = 1.4
dist_form = 0.1069498062133789
weight_strategy = self_norm, n_psi_added = 500, n_traj = 4000, target_std = 1, proposal_std = 1, n_traj_points = 100, phi_id = 0, base_xi_id = 0, Dist = 0.007524808868765831, Cos_dist = 0.0005743503570556641, Dist_rho = 1.3607157341738492, Norm_proposal = 0.22124521434307098, Norm_target = 0.22048792243003845, Norm_imp = 0.22124548256397247, Pinv_error = 56.48389434814453, Sum_weights = 4000.0, Sum_squared_weights = 4000.0, Elapsed_time = 3169.931643009186, Process_mem = 341.58984375, n_e = 4000.0, overlap_form = 1.4, dist_form = 0.1069498062133789, overlap_form = 1.4, dist_form = 0.1069498062133789, dist_new_kernels = 0.34592723846435547, dist_embed = 0.10883510857820511
weight_strategy = square_root, n_psi_added = 500, n_traj = 4000, target_std = 1, proposal_std = 1, n_traj_points = 100, phi_id = 0, base_xi_id = 0, Dist = 0.007524808868765831, Cos_dist = 0.0005743503570556641, Dist_rho = 1.3607157341738492, Norm_proposal = 0.22124521434307098, Norm_target = 0.22048792243003845, Norm_imp = 0.22124548256397247, Pinv_error = 56.48389434814453, Sum_weights = 4000.0, Sum_squared_weights = 4000.0, Elapsed_time = 2690.001755475998, Process_mem = 474.171875, n_e = 4000.0, overlap_form = 1.4, dist_form = 0.1069498062133789, overlap_form = 1.4, dist_form = 0.1069498062133789, dist_new_kernels = 0.34592723846435547, dist_embed = 0.10883510857820511
weight_strategy = self_norm, n_psi_added = 500, n_traj = 4000, target_std = 1, proposal_std = 1, n_traj_points = 100, phi_id = 1, base_xi_id = 0, Dist = 0.0085027189925313, Cos_dist = 0.0007631778717041016, Dist_rho = 1.376881296028549, Norm_proposal = 0.21746164560317993, Norm_target = 0.21768388152122498, Norm_imp = 0.21746188402175903, Pinv_error = 56.48389434814453, Sum_weights = 4000.0, Sum_squared_weights = 4000.0, Elapsed_time = 3158.2561984062195, Process_mem = 341.07421875, n_e = 4000.0, overlap_form = 1.4, dist_form = 0.05810689926147461, overlap_form = 1.4, dist_form = 0.05810689926147461, dist_new_kernels = 0.39715540409088135, dist_embed = 0.12343534082174301
weight_strategy = square_root, n_psi_added = 500, n_traj = 4000, target_std = 1, proposal_std = 1, n_traj_points = 100, phi_id = 1, base_xi_id = 0, Dist = 0.0085027189925313, Cos_dist = 0.0007631778717041016, Dist_rho = 1.376881296028549, Norm_proposal = 0.21746164560317993, Norm_target = 0.21768388152122498, Norm_imp = 0.21746188402175903, Pinv_error = 56.48389434814453, Sum_weights = 4000.0, Sum_squared_weights = 4000.0, Elapsed_time = 2795.0534546375275, Process_mem = 341.30078125, n_e = 4000.0, overlap_form = 1.4, dist_form = 0.05810689926147461, overlap_form = 1.4, dist_form = 0.05810689926147461, dist_new_kernels = 0.39715540409088135, dist_embed = 0.12343534082174301
Completed job 6
weight_strategy = self_norm, n_psi_added = 500, n_traj = 4000, target_std = 1, proposal_std = 1, n_traj_points = 100, phi_id = 2, base_xi_id = 0, Dist = 0.014273203909397125, Cos_dist = 0.0003558993339538574, Dist_rho = 0.8706579955901032, Norm_proposal = 0.42242997884750366, Norm_target = 0.4135211110115051, Norm_imp = 0.42243024706840515, Pinv_error = 56.48389434814453, Sum_weights = 4000.0, Sum_squared_weights = 4000.0, Elapsed_time = 3191.761641025543, Process_mem = 352.35546875, n_e = 4000.0, overlap_form = 0.4, dist_form = 0.1631908416748047, overlap_form = 0.4, dist_form = 0.1631908416748047, dist_new_kernels = 0.6400802135467529, dist_embed = 0.4047267436981201
weight_strategy = square_root, n_psi_added = 500, n_traj = 4000, target_std = 1, proposal_std = 1, n_traj_points = 100, phi_id = 2, base_xi_id = 0, Dist = 0.014273203909397125, Cos_dist = 0.0003558993339538574, Dist_rho = 0.8706579955901032, Norm_proposal = 0.42242997884750366, Norm_target = 0.4135211110115051, Norm_imp = 0.42243024706840515, Pinv_error = 56.48389434814453, Sum_weights = 4000.0, Sum_squared_weights = 4000.0, Elapsed_time = 3211.7015187740326, Process_mem = 478.515625, n_e = 4000.0, overlap_form = 0.4, dist_form = 0.1631908416748047, overlap_form = 0.4, dist_form = 0.1631908416748047, dist_new_kernels = 0.6400802135467529, dist_embed = 0.4047267436981201
weight_strategy = self_norm, n_psi_added = 500, n_traj = 4000, target_std = 1, proposal_std = 1, n_traj_points = 100, phi_id = 6, base_xi_id = 0, Dist = 0.01195872575044632, Cos_dist = 0.00037229061126708984, Dist_rho = 0.9986391400544861, Norm_proposal = 0.3526756763458252, Norm_target = 0.34544286131858826, Norm_imp = 0.3526759743690491, Pinv_error = 56.48389434814453, Sum_weights = 4000.0, Sum_squared_weights = 4000.0, Elapsed_time = 3216.909057378769, Process_mem = 346.84765625, n_e = 4000.0, overlap_form = 1.2, dist_form = 0.0019033551216125488, overlap_form = 1.2, dist_form = 0.0019033551216125488, dist_new_kernels = 0.5430696606636047, dist_embed = 0.2508617341518402
weight_strategy = square_root, n_psi_added = 500, n_traj = 4000, target_std = 1, proposal_std = 1, n_traj_points = 100, phi_id = 6, base_xi_id = 0, Dist = 0.01195872575044632, Cos_dist = 0.00037229061126708984, Dist_rho = 0.9986391400544861, Norm_proposal = 0.3526756763458252, Norm_target = 0.34544286131858826, Norm_imp = 0.3526759743690491, Pinv_error = 56.48389434814453, Sum_weights = 4000.0, Sum_squared_weights = 4000.0, Elapsed_time = 3177.1768679618835, Process_mem = 476.89453125, n_e = 4000.0, overlap_form = 1.2, dist_form = 0.0019033551216125488, overlap_form = 1.2, dist_form = 0.0019033551216125488, dist_new_kernels = 0.5430696606636047, dist_embed = 0.2508617341518402
Completed job 7
