model name: linear
Starting the search of formula from embeddings
Ending the search of formula from embeddings
target dists: [[1.1018897 1.1100712 1.1203852 1.1203852 1.1203852 1.1383966 1.1408768
  1.148156  1.1488632 1.1558882]]
total_search_time1 = 1.9018661975860596
Starting the search of formula from embeddings
Ending the search of formula from embeddings
imp dists: [[18817.916 18821.79  18829.182 18830.186 18830.186 18832.666 18832.666
  18832.666 18832.666 18832.666]]
total_search_time2 = 2.424710750579834
formulae are there! There are 10 imp_formulae and 10 target_formulae
imp_formulae: ['( ( x_2 <= 2.0 until[35,inf] x_0 <= -2.0 ) until[35,inf] x_0 >= 0.0 )', '( x_0 <= -2.6667 until[35,inf] eventually[46,inf] ( x_2 <= 1.3333 ) )', 'always[0,58] ( ( x_2 >= -4.0 until[0,11] x_0 <= -2.6667 ) )', '( x_0 <= -2.6667 until eventually[11,35] ( x_2 <= 1.3333 ) )', '( x_0 <= -2.6667 until[0,inf] always[35,70] ( x_2 <= 1.3333 ) )', '( always[46,70] ( x_2 >= -1.3333 ) until[0,inf] x_0 <= -2.6667 )', '( always[70,inf] ( x_2 >= -1.3333 ) until[11,inf] x_0 <= -2.6667 )', '( always[0,46] ( x_2 <= 4.0 ) until[0,23] x_0 <= -2.6667 )', '( always[23,58] ( x_2 >= -2.6667 ) until[0,23] x_0 <= -2.6667 )', 'eventually[0,35] ( ( x_0 <= -2.6667 until[11,58] x_2 >= -2.6667 ) )'], target_formulae: ['( always[11,58] ( x_0 <= 2.6667 ) until[0,inf] x_0 >= -0.0 )', 'eventually[11,58] ( ( x_0 >= -0.0 until[0,35] x_0 <= 2.6667 ) )', '( eventually[35,70] ( x_0 >= 0.0 ) and always[0,70] ( x_1 >= -2.0 ) )', '( eventually[35,70] ( x_0 >= 0.0 ) and always[0,inf] ( x_1 >= -2.0 ) )', '( ( x_1 >= -2.0 until[0,inf] x_0 <= 4.0 ) until[35,70] x_0 >= 0.0 )', '( eventually ( x_0 >= -0.0 ) until[0,inf] x_0 <= 2.6667 )', '( x_0 <= 2.6667 until[0,11] eventually[35,70] ( x_0 >= -0.0 ) )', '( x_0 <= 2.6667 until[23,inf] eventually[11,inf] ( x_0 >= -0.0 ) )', '( x_0 <= 2.6667 until[23,70] eventually[11,23] ( x_0 >= -0.0 ) )', '( x_1 >= -4.0 until[0,inf] ( x_1 >= -2.0 until[70,inf] x_0 >= 0.0 ) )']
overlap_form = 0.0
dist_form = 1.1017403602600098
model name: linear
Starting the search of formula from embeddings
Ending the search of formula from embeddings
target dists: [[1.1018897 1.1100712 1.1203852 1.1203852 1.1203852 1.1383966 1.1408768
  1.148156  1.1488632 1.1558882]]
total_search_time1 = 1.5298352241516113
Starting the search of formula from embeddings
Ending the search of formula from embeddings
imp dists: [[3.4028235e+38 3.4028235e+38 3.4028235e+38 3.4028235e+38 3.4028235e+38
  3.4028235e+38 3.4028235e+38 3.4028235e+38 3.4028235e+38 3.4028235e+38]]
total_search_time2 = 2.7901315689086914
formulae are there! There are 10 imp_formulae and 10 target_formulae
imp_formulae: ['( x_2 >= 1.3333 until[0,11] always[0,inf] ( x_1 >= -1.3333 ) )', '( x_2 >= 1.3333 until[0,11] always[0,inf] ( x_1 >= -1.3333 ) )', '( x_2 >= 1.3333 until[0,11] always[0,inf] ( x_1 >= -1.3333 ) )', '( x_2 >= 1.3333 until[0,11] always[0,inf] ( x_1 >= -1.3333 ) )', '( x_2 >= 1.3333 until[0,11] always[0,inf] ( x_1 >= -1.3333 ) )', '( x_2 >= 1.3333 until[0,11] always[0,inf] ( x_1 >= -1.3333 ) )', '( x_2 >= 1.3333 until[0,11] always[0,inf] ( x_1 >= -1.3333 ) )', '( x_2 >= 1.3333 until[0,11] always[0,inf] ( x_1 >= -1.3333 ) )', '( x_2 >= 1.3333 until[0,11] always[0,inf] ( x_1 >= -1.3333 ) )', '( x_2 >= 1.3333 until[0,11] always[0,inf] ( x_1 >= -1.3333 ) )'], target_formulae: ['( always[11,58] ( x_0 <= 2.6667 ) until[0,inf] x_0 >= -0.0 )', 'eventually[11,58] ( ( x_0 >= -0.0 until[0,35] x_0 <= 2.6667 ) )', '( eventually[35,70] ( x_0 >= 0.0 ) and always[0,70] ( x_1 >= -2.0 ) )', '( eventually[35,70] ( x_0 >= 0.0 ) and always[0,inf] ( x_1 >= -2.0 ) )', '( ( x_1 >= -2.0 until[0,inf] x_0 <= 4.0 ) until[35,70] x_0 >= 0.0 )', '( eventually ( x_0 >= -0.0 ) until[0,inf] x_0 <= 2.6667 )', '( x_0 <= 2.6667 until[0,11] eventually[35,70] ( x_0 >= -0.0 ) )', '( x_0 <= 2.6667 until[23,inf] eventually[11,inf] ( x_0 >= -0.0 ) )', '( x_0 <= 2.6667 until[23,70] eventually[11,23] ( x_0 >= -0.0 ) )', '( x_1 >= -4.0 until[0,inf] ( x_1 >= -2.0 until[70,inf] x_0 >= 0.0 ) )']
overlap_form = 0.0
dist_form = 1.003278984921053
weight_strategy = self_norm, n_psi_added = -500, n_traj = 1000, target_std = 1, proposal_std = 1, n_traj_points = 100, phi_id = 0, base_xi_id = 0, Dist = 3.4747090339660645, Cos_dist = 0.6744881272315979, Dist_rho = 1.2306570771261756, Norm_proposal = 0.44708770513534546, Norm_target = 0.2238646000623703, Norm_imp = 3.541126251220703, Pinv_error = 17.20438003540039, Sum_weights = 1.0329717270943042e-109, Sum_squared_weights = 1.0670258390763894e-218, Elapsed_time = 2375.211131334305, Process_mem = 264.625, n_e = 1.0000044515321245, overlap_form = 0.0, dist_form = 1.007883608341217, overlap_form = 0.0, dist_form = 1.007883608341217, dist_new_kernels = 154.6365966796875, dist_embed = 809544056832.0
weight_strategy = square_root, n_psi_added = -500, n_traj = 1000, target_std = 1, proposal_std = 1, n_traj_points = 100, phi_id = 0, base_xi_id = 0, Dist = inf, Cos_dist = nan, Dist_rho = 1.2306570771261756, Norm_proposal = 0.44708770513534546, Norm_target = 0.2238646000623703, Norm_imp = inf, Pinv_error = 17.20438003540039, Sum_weights = 1.0329717270943042e-109, Sum_squared_weights = 1.0670258390763894e-218, Elapsed_time = 2397.7177987098694, Process_mem = 335.44921875, n_e = 1.0000044515321245, overlap_form = 0.0, dist_form = 0.9683807156980038, overlap_form = 0.0, dist_form = 0.9683807156980038, dist_new_kernels = inf, dist_embed = inf
weight_strategy = self_norm, n_psi_added = -500, n_traj = 1000, target_std = 1, proposal_std = 1, n_traj_points = 100, phi_id = 1, base_xi_id = 0, Dist = 1.1278488636016846, Cos_dist = 1.2034520208835602, Dist_rho = 1.3050586147507914, Norm_proposal = 0.029316142201423645, Norm_target = 0.21896447241306305, Norm_imp = 1.062737226486206, Pinv_error = 17.20438003540039, Sum_weights = 1.0329717270943042e-109, Sum_squared_weights = 1.0670258390763894e-218, Elapsed_time = 2241.9101374149323, Process_mem = 335.07421875, n_e = 1.0000044515321245, overlap_form = 0.0, dist_form = 1.1017403602600098, overlap_form = 0.0, dist_form = 1.1017403602600098, dist_new_kernels = 48.26066207885742, dist_embed = 140.59791564941406
weight_strategy = square_root, n_psi_added = -500, n_traj = 1000, target_std = 1, proposal_std = 1, n_traj_points = 100, phi_id = 1, base_xi_id = 0, Dist = inf, Cos_dist = nan, Dist_rho = 1.3050586147507914, Norm_proposal = 0.029316142201423645, Norm_target = 0.21896447241306305, Norm_imp = inf, Pinv_error = 17.20438003540039, Sum_weights = 1.0329717270943042e-109, Sum_squared_weights = 1.0670258390763894e-218, Elapsed_time = 2311.0676877498627, Process_mem = 262.81640625, n_e = 1.0000044515321245, overlap_form = 0.0, dist_form = 1.003278984921053, overlap_form = 0.0, dist_form = 1.003278984921053, dist_new_kernels = inf, dist_embed = inf
Completed job 0
model name: maritime
Starting the search of formula from embeddings
Ending the search of formula from embeddings
target dists: [[1.8037825 1.8037825 1.8037825 1.8037825 1.9435492 1.9435492 1.9435492
  1.9435492 1.9528272 2.092875 ]]
total_search_time1 = 3.0042788982391357
Starting the search of formula from embeddings
Ending the search of formula from embeddings
imp dists: [[1.4690412e+16 1.4690412e+16 1.4690412e+16 1.4690412e+16 1.4690412e+16
  1.4690412e+16 1.4690412e+16 1.4690412e+16 1.4690412e+16 1.4690412e+16]]
total_search_time2 = 2.4476566314697266
formulae are there! There are 10 imp_formulae and 10 target_formulae
imp_formulae: ['( always[35,70] ( x_2 <= -1.3333 ) until[11,inf] x_1 >= -4.0 )', 'eventually[11,23] ( always[0,23] ( always[0,46] ( x_2 <= -1.3333 ) ) )', '( always[58,inf] ( x_2 <= -1.3333 ) until[0,11] x_2 <= -1.3333 )', '( always[23,58] ( x_2 <= -1.3333 ) until[23,35] x_2 <= 2.6667 )', 'always[35,inf] ( ( x_2 <= -1.3333 until[23,58] x_0 <= 2.6667 ) )', 'always[0,inf] ( eventually[0,23] ( always[0,35] ( x_2 <= -1.3333 ) ) )', '( always[23,46] ( x_2 <= -1.3333 ) until[35,46] x_1 >= -2.6667 )', '( always[0,23] ( x_2 >= -2.6667 ) until[58,70] x_2 <= -1.3333 )', '( x_0 <= 2.6667 until[11,inf] always[0,70] ( x_2 <= -1.3333 ) )', '( always[35,58] ( x_2 <= -1.3333 ) until[23,35] x_0 <= 4.0 )'], target_formulae: ['eventually[0,inf] ( ( always[35,inf] ( x_1 >= 2.0 ) or x_0 <= -2.0 ) )', 'eventually[0,inf] ( always[70,inf] ( ( x_1 >= 2.0 or x_0 <= -2.0 ) ) )', 'not ( always[0,inf] ( ( x_0 >= -2.0 until[70,inf] x_1 <= 2.0 ) ) )', 'always ( eventually ( ( x_1 >= 2.0 or x_0 <= -2.0 ) ) )', 'not ( ( eventually[0,inf] ( x_0 >= -2.0 ) until[70,inf] x_1 <= 2.0 ) )', '( x_0 <= -2.0 or eventually ( always ( x_1 >= 2.0 ) ) )', 'eventually[0,35] ( always[35,inf] ( ( x_1 >= 2.0 or x_0 <= -2.0 ) ) )', 'always[70,inf] ( not ( ( x_0 >= -2.0 and x_1 <= 2.0 ) ) )', '( x_1 >= 2.0 or ( x_0 <= -2.0 until[0,35] x_1 >= 0.0 ) )', 'eventually ( ( x_0 <= -2.0 or always[0,35] ( x_1 >= 2.0 ) ) )']
overlap_form = 0.0
dist_form = 0.2364954948425293
model name: train
Starting the search of formula from embeddings
Ending the search of formula from embeddings
target dists: [[0.89501566 0.8954467  0.8954467  0.8954467  0.8954467  0.8954467
  0.9022902  0.9131599  0.9141703  0.91618574]]
total_search_time1 = 3.9162650108337402
Starting the search of formula from embeddings
Ending the search of formula from embeddings
imp dists: [[4.6865662e+21 4.6865662e+21 4.6865662e+21 4.6865662e+21 4.6865662e+21
  4.6865662e+21 4.6865662e+21 4.6865662e+21 4.6865662e+21 4.6865662e+21]]
total_search_time2 = 6.3913023471832275
formulae are there! There are 10 imp_formulae and 10 target_formulae
imp_formulae: ['( always[35,70] ( x_2 <= -1.3333 ) until[11,inf] x_1 >= -4.0 )', 'eventually[11,23] ( always[0,23] ( always[0,46] ( x_2 <= -1.3333 ) ) )', '( always[58,inf] ( x_2 <= -1.3333 ) until[0,11] x_2 <= -1.3333 )', '( always[23,58] ( x_2 <= -1.3333 ) until[23,35] x_2 <= 2.6667 )', 'always[35,inf] ( ( x_2 <= -1.3333 until[23,58] x_0 <= 2.6667 ) )', 'always[0,inf] ( eventually[0,23] ( always[0,35] ( x_2 <= -1.3333 ) ) )', '( always[23,46] ( x_2 <= -1.3333 ) until[35,46] x_1 >= -2.6667 )', '( always[0,23] ( x_2 >= -2.6667 ) until[58,70] x_2 <= -1.3333 )', '( x_0 <= 2.6667 until[11,inf] always[0,70] ( x_2 <= -1.3333 ) )', '( always[35,58] ( x_2 <= -1.3333 ) until[23,35] x_0 <= 4.0 )'], target_formulae: ['( always[23,inf] ( x_0 >= -1.3333 ) until[0,inf] x_0 <= 2.6667 )', '( always ( x_0 >= -1.3333 ) until[58,inf] x_0 <= 2.6667 )', '( always ( x_0 >= -1.3333 ) until[23,35] x_0 <= 2.6667 )', '( x_0 <= 2.6667 until[0,11] always ( x_0 >= -1.3333 ) )', '( x_0 <= 2.6667 until[0,23] always ( x_0 >= -1.3333 ) )', '( always[0,58] ( x_0 >= -1.3333 ) until[35,inf] x_0 <= 2.6667 )', '( always[23,inf] ( x_0 >= -1.3333 ) until[11,70] x_0 <= 2.6667 )', '( x_0 <= 2.6667 until[0,11] always[35,inf] ( x_0 >= -1.3333 ) )', '( always[0,inf] ( x_0 >= -1.3333 ) until[23,70] x_0 <= 2.6667 )', 'always[11,58] ( ( x_0 >= -1.3333 until[0,11] x_0 <= 2.6667 ) )']
overlap_form = 0.0
dist_form = 1.6755881905555725
model name: train
Starting the search of formula from embeddings
Ending the search of formula from embeddings
target dists: [[0.89501566 0.8954467  0.8954467  0.8954467  0.8954467  0.8954467
  0.9022902  0.9131599  0.9141703  0.91618574]]
total_search_time1 = 0.9568603038787842
Starting the search of formula from embeddings
Ending the search of formula from embeddings
imp dists: [[3.4028235e+38 3.4028235e+38 3.4028235e+38 3.4028235e+38 3.4028235e+38
  3.4028235e+38 3.4028235e+38 3.4028235e+38 3.4028235e+38 3.4028235e+38]]
total_search_time2 = 2.1979854106903076
formulae are there! There are 10 imp_formulae and 10 target_formulae
imp_formulae: ['( x_2 >= 1.3333 until[0,11] always[0,inf] ( x_1 >= -1.3333 ) )', '( x_2 >= 1.3333 until[0,11] always[0,inf] ( x_1 >= -1.3333 ) )', '( x_2 >= 1.3333 until[0,11] always[0,inf] ( x_1 >= -1.3333 ) )', '( x_2 >= 1.3333 until[0,11] always[0,inf] ( x_1 >= -1.3333 ) )', '( x_2 >= 1.3333 until[0,11] always[0,inf] ( x_1 >= -1.3333 ) )', '( x_2 >= 1.3333 until[0,11] always[0,inf] ( x_1 >= -1.3333 ) )', '( x_2 >= 1.3333 until[0,11] always[0,inf] ( x_1 >= -1.3333 ) )', '( x_2 >= 1.3333 until[0,11] always[0,inf] ( x_1 >= -1.3333 ) )', '( x_2 >= 1.3333 until[0,11] always[0,inf] ( x_1 >= -1.3333 ) )', '( x_2 >= 1.3333 until[0,11] always[0,inf] ( x_1 >= -1.3333 ) )'], target_formulae: ['( always[23,inf] ( x_0 >= -1.3333 ) until[0,inf] x_0 <= 2.6667 )', '( always ( x_0 >= -1.3333 ) until[58,inf] x_0 <= 2.6667 )', '( always ( x_0 >= -1.3333 ) until[23,35] x_0 <= 2.6667 )', '( x_0 <= 2.6667 until[0,11] always ( x_0 >= -1.3333 ) )', '( x_0 <= 2.6667 until[0,23] always ( x_0 >= -1.3333 ) )', '( always[0,58] ( x_0 >= -1.3333 ) until[35,inf] x_0 <= 2.6667 )', '( always[23,inf] ( x_0 >= -1.3333 ) until[11,70] x_0 <= 2.6667 )', '( x_0 <= 2.6667 until[0,11] always[35,inf] ( x_0 >= -1.3333 ) )', '( always[0,inf] ( x_0 >= -1.3333 ) until[23,70] x_0 <= 2.6667 )', 'always[11,58] ( ( x_0 >= -1.3333 until[0,11] x_0 <= 2.6667 ) )']
overlap_form = 0.0
dist_form = 1.6762496829032898
weight_strategy = self_norm, n_psi_added = -500, n_traj = 1000, target_std = 1, proposal_std = 1, n_traj_points = 100, phi_id = 2, base_xi_id = 0, Dist = 3.484938144683838, Cos_dist = 0.38641953468322754, Dist_rho = 0.7139679843606224, Norm_proposal = 0.7273781895637512, Norm_target = 0.4101449251174927, Norm_imp = 3.7215139865875244, Pinv_error = 17.20438003540039, Sum_weights = 1.0329717270943042e-109, Sum_squared_weights = 1.0670258390763894e-218, Elapsed_time = 2441.8682482242584, Process_mem = 262.796875, n_e = 1.0000044515321245, overlap_form = 0.0, dist_form = 0.2364954948425293, overlap_form = 0.0, dist_form = 0.2364954948425293, dist_new_kernels = 135.17674255371094, dist_embed = 121204016.0
weight_strategy = square_root, n_psi_added = -500, n_traj = 1000, target_std = 1, proposal_std = 1, n_traj_points = 100, phi_id = 2, base_xi_id = 0, Dist = inf, Cos_dist = nan, Dist_rho = 0.7139679843606224, Norm_proposal = 0.7273781895637512, Norm_target = 0.4101449251174927, Norm_imp = inf, Pinv_error = 17.20438003540039, Sum_weights = 1.0329717270943042e-109, Sum_squared_weights = 1.0670258390763894e-218, Elapsed_time = 2447.1647760868073, Process_mem = 262.171875, n_e = 1.0000044515321245, overlap_form = 0.0, dist_form = 0.2278154492378235, overlap_form = 0.0, dist_form = 0.2278154492378235, dist_new_kernels = inf, dist_embed = inf
weight_strategy = self_norm, n_psi_added = -500, n_traj = 1000, target_std = 1, proposal_std = 1, n_traj_points = 100, phi_id = 6, base_xi_id = 0, Dist = 3.1698548793792725, Cos_dist = 0.39616459608078003, Dist_rho = 0.7826900185193105, Norm_proposal = 0.6672289371490479, Norm_target = 0.35006535053253174, Norm_imp = 3.3689308166503906, Pinv_error = 17.20438003540039, Sum_weights = 1.0329717270943042e-109, Sum_squared_weights = 1.0670258390763894e-218, Elapsed_time = 2431.5309076309204, Process_mem = 263.0546875, n_e = 1.0000044515321245, overlap_form = 0.0, dist_form = 1.6755881905555725, overlap_form = 0.0, dist_form = 1.6755881905555725, dist_new_kernels = 136.69313049316406, dist_embed = 68458500096.0
weight_strategy = square_root, n_psi_added = -500, n_traj = 1000, target_std = 1, proposal_std = 1, n_traj_points = 100, phi_id = 6, base_xi_id = 0, Dist = inf, Cos_dist = nan, Dist_rho = 0.7826900185193105, Norm_proposal = 0.6672289371490479, Norm_target = 0.35006535053253174, Norm_imp = inf, Pinv_error = 17.20438003540039, Sum_weights = 1.0329717270943042e-109, Sum_squared_weights = 1.0670258390763894e-218, Elapsed_time = 2452.7159309387207, Process_mem = 262.9453125, n_e = 1.0000044515321245, overlap_form = 0.0, dist_form = 1.6762496829032898, overlap_form = 0.0, dist_form = 1.6762496829032898, dist_new_kernels = inf, dist_embed = inf
Completed job 1
model name: human
Starting the search of formula from embeddings
Ending the search of formula from embeddings
target dists: [[0.93005264 0.93005264 1.0670242  1.0670242  1.1104895  1.1403706
  1.1432842  1.1522037  1.153937   1.1564081 ]]
total_search_time1 = 1.2129979133605957
Starting the search of formula from embeddings
Ending the search of formula from embeddings
imp dists: [[125.53004  126.26718  126.36573  126.4246   126.443214 126.443214
  126.443214 126.443214 126.449165 126.45475 ]]
total_search_time2 = 2.526437997817993
formulae are there! There are 10 imp_formulae and 10 target_formulae
imp_formulae: ['eventually[0,23] ( ( x_0 >= -1.3333 until[11,58] x_2 >= -4.0 ) )', '( eventually[0,11] ( x_2 <= 2.6667 ) until[70,inf] x_0 >= -1.3333 )', '( x_0 >= -1.3333 until[46,70] always[0,inf] ( x_2 <= 2.6667 ) )', '( x_2 >= 2.6667 or eventually[23,35] ( x_0 >= -1.3333 ) )', '( x_0 >= -1.3333 until[46,58] always[0,inf] ( x_2 <= 4.0 ) )', 'always[35,70] ( ( x_2 <= 4.0 until[11,23] x_0 >= -1.3333 ) )', '( x_2 <= 4.0 until[11,inf] always[46,70] ( x_0 >= -1.3333 ) )', 'always[58,70] ( ( x_0 >= -1.3333 until[0,11] x_2 <= 4.0 ) )', '( x_0 >= -2.0 until[0,35] ( x_0 <= 0.0 or x_0 >= 0.0 ) )', '( always[0,58] ( x_0 >= -1.3333 ) or x_2 <= -1.3333 )'], target_formulae: ['( x_0 <= -2.0 or ( x_0 >= 0.0 until[35,70] x_1 >= -4.0 ) )', '( ( x_0 <= -2.0 or x_0 >= 0.0 ) until[0,35] x_1 >= -2.0 )', '( x_0 <= 2.6667 until[0,23] eventually ( x_0 >= -0.0 ) )', '( eventually[0,inf] ( x_0 >= -0.0 ) until[0,58] x_0 <= 2.6667 )', '( x_0 <= 2.6667 until[0,46] eventually ( x_0 >= -0.0 ) )', '( x_0 <= 2.6667 until[0,inf] eventually[0,35] ( x_0 >= -0.0 ) )', '( eventually ( x_0 >= -0.0 ) until[0,inf] x_0 <= 2.6667 )', '( ( x_0 >= 0.0 or x_0 <= -2.0 ) until[35,70] x_0 >= -4.0 )', '( x_0 <= 2.6667 until[0,58] eventually[11,inf] ( x_0 >= -0.0 ) )', '( x_0 <= 2.6667 until[11,35] eventually[0,inf] ( x_0 >= -0.0 ) )']
overlap_form = 0.0
dist_form = 0.6973172724246979
model name: linear
Starting the search of formula from embeddings
Ending the search of formula from embeddings
target dists: [[1.0200086 1.0396321 1.0511267 1.0804441 1.0827987 1.0835187 1.0907242
  1.0920857 1.0952133 1.0952873]]
total_search_time1 = 1.0210587978363037
Starting the search of formula from embeddings
Ending the search of formula from embeddings
imp dists: [[3.4028235e+38 3.4028235e+38 3.4028235e+38 3.4028235e+38 3.4028235e+38
  3.4028235e+38 3.4028235e+38 3.4028235e+38 3.4028235e+38 3.4028235e+38]]
total_search_time2 = 2.17600417137146
formulae are there! There are 10 imp_formulae and 10 target_formulae
imp_formulae: ['( x_2 >= 1.3333 until[0,11] always[0,inf] ( x_1 >= -1.3333 ) )', '( x_2 >= 1.3333 until[0,11] always[0,inf] ( x_1 >= -1.3333 ) )', '( x_2 >= 1.3333 until[0,11] always[0,inf] ( x_1 >= -1.3333 ) )', '( x_2 >= 1.3333 until[0,11] always[0,inf] ( x_1 >= -1.3333 ) )', '( x_2 >= 1.3333 until[0,11] always[0,inf] ( x_1 >= -1.3333 ) )', '( x_2 >= 1.3333 until[0,11] always[0,inf] ( x_1 >= -1.3333 ) )', '( x_2 >= 1.3333 until[0,11] always[0,inf] ( x_1 >= -1.3333 ) )', '( x_2 >= 1.3333 until[0,11] always[0,inf] ( x_1 >= -1.3333 ) )', '( x_2 >= 1.3333 until[0,11] always[0,inf] ( x_1 >= -1.3333 ) )', '( x_2 >= 1.3333 until[0,11] always[0,inf] ( x_1 >= -1.3333 ) )'], target_formulae: ['( always[11,58] ( x_0 <= 2.6667 ) until[0,inf] x_0 >= -0.0 )', '( x_0 <= 2.6667 until[0,11] eventually[35,70] ( x_0 >= -0.0 ) )', 'not ( ( x_0 >= -2.6667 until[23,inf] x_0 <= -0.0 ) )', '( x_0 <= 2.6667 until[58,inf] x_0 >= -0.0 )', '( x_0 <= 2.6667 until[23,70] eventually[11,23] ( x_0 >= -0.0 ) )', '( eventually[35,inf] ( x_0 >= -0.0 ) until[23,35] x_0 <= 2.6667 )', '( eventually[0,11] ( x_0 <= 2.6667 ) until[58,inf] x_0 >= -0.0 )', '( x_0 <= 2.6667 until[23,inf] eventually[58,inf] ( x_0 >= -0.0 ) )', '( eventually[0,inf] ( x_1 >= -2.0 ) until[0,inf] always[0,inf] ( x_0 >= 0.0 ) )', '( eventually[58,inf] ( x_0 >= -0.0 ) until[11,23] x_0 <= 2.6667 )']
overlap_form = 0.0
dist_form = 1.0159794259816408
model name: linear
Starting the search of formula from embeddings
Ending the search of formula from embeddings
target dists: [[1.0200086 1.0396321 1.0511267 1.0804441 1.0827987 1.0835187 1.0907242
  1.0920857 1.0952133 1.0952873]]
total_search_time1 = 2.599945545196533
Starting the search of formula from embeddings
Ending the search of formula from embeddings
imp dists: [[5316.09   5317.844  5321.0674 5321.5225 5322.3174 5322.3174 5322.6475
  5323.3867 5323.3867 5323.3867]]
total_search_time2 = 5.0129101276397705
formulae are there! There are 10 imp_formulae and 10 target_formulae
imp_formulae: ['( ( x_2 <= 2.0 until[35,inf] x_0 <= -2.0 ) until[35,inf] x_0 >= 0.0 )', '( x_0 <= -2.6667 until[35,inf] eventually[46,inf] ( x_2 <= 1.3333 ) )', 'always[0,58] ( ( x_2 >= -4.0 until[0,11] x_0 <= -2.6667 ) )', '( x_0 <= -2.6667 until[70,inf] always[23,inf] ( x_2 >= 1.3333 ) )', '( x_0 <= -2.6667 until eventually[11,35] ( x_2 <= 1.3333 ) )', '( x_0 <= -2.6667 until[0,inf] always[35,70] ( x_2 <= 1.3333 ) )', '( always[0,70] ( x_2 >= 1.3333 ) until[23,inf] x_0 <= -2.6667 )', '( always[46,70] ( x_2 >= -1.3333 ) until[0,inf] x_0 <= -2.6667 )', '( always[70,inf] ( x_2 >= -1.3333 ) until[11,inf] x_0 <= -2.6667 )', '( always[0,46] ( x_2 <= 4.0 ) until[0,23] x_0 <= -2.6667 )'], target_formulae: ['( always[11,58] ( x_0 <= 2.6667 ) until[0,inf] x_0 >= -0.0 )', '( x_0 <= 2.6667 until[0,11] eventually[35,70] ( x_0 >= -0.0 ) )', 'not ( ( x_0 >= -2.6667 until[23,inf] x_0 <= -0.0 ) )', '( x_0 <= 2.6667 until[58,inf] x_0 >= -0.0 )', '( x_0 <= 2.6667 until[23,70] eventually[11,23] ( x_0 >= -0.0 ) )', '( eventually[35,inf] ( x_0 >= -0.0 ) until[23,35] x_0 <= 2.6667 )', '( eventually[0,11] ( x_0 <= 2.6667 ) until[58,inf] x_0 >= -0.0 )', '( x_0 <= 2.6667 until[23,inf] eventually[58,inf] ( x_0 >= -0.0 ) )', '( eventually[0,inf] ( x_1 >= -2.0 ) until[0,inf] always[0,inf] ( x_0 >= 0.0 ) )', '( eventually[58,inf] ( x_0 >= -0.0 ) until[11,23] x_0 <= 2.6667 )']
overlap_form = 0.0
dist_form = 1.090449795126915
model name: human
Starting the search of formula from embeddings
Ending the search of formula from embeddings
target dists: [[0.93005264 0.93005264 1.0670242  1.0670242  1.1104895  1.1403706
  1.1432842  1.1522037  1.153937   1.1564081 ]]
total_search_time1 = 1.0628488063812256
Starting the search of formula from embeddings
Ending the search of formula from embeddings
imp dists: [[3.4028235e+38 3.4028235e+38 3.4028235e+38 3.4028235e+38 3.4028235e+38
  3.4028235e+38 3.4028235e+38 3.4028235e+38 3.4028235e+38 3.4028235e+38]]
total_search_time2 = 2.2063093185424805
formulae are there! There are 10 imp_formulae and 10 target_formulae
imp_formulae: ['( x_2 >= 1.3333 until[0,11] always[0,inf] ( x_1 >= -1.3333 ) )', '( x_2 >= 1.3333 until[0,11] always[0,inf] ( x_1 >= -1.3333 ) )', '( x_2 >= 1.3333 until[0,11] always[0,inf] ( x_1 >= -1.3333 ) )', '( x_2 >= 1.3333 until[0,11] always[0,inf] ( x_1 >= -1.3333 ) )', '( x_2 >= 1.3333 until[0,11] always[0,inf] ( x_1 >= -1.3333 ) )', '( x_2 >= 1.3333 until[0,11] always[0,inf] ( x_1 >= -1.3333 ) )', '( x_2 >= 1.3333 until[0,11] always[0,inf] ( x_1 >= -1.3333 ) )', '( x_2 >= 1.3333 until[0,11] always[0,inf] ( x_1 >= -1.3333 ) )', '( x_2 >= 1.3333 until[0,11] always[0,inf] ( x_1 >= -1.3333 ) )', '( x_2 >= 1.3333 until[0,11] always[0,inf] ( x_1 >= -1.3333 ) )'], target_formulae: ['( x_0 <= -2.0 or ( x_0 >= 0.0 until[35,70] x_1 >= -4.0 ) )', '( ( x_0 <= -2.0 or x_0 >= 0.0 ) until[0,35] x_1 >= -2.0 )', '( x_0 <= 2.6667 until[0,23] eventually ( x_0 >= -0.0 ) )', '( eventually[0,inf] ( x_0 >= -0.0 ) until[0,58] x_0 <= 2.6667 )', '( x_0 <= 2.6667 until[0,46] eventually ( x_0 >= -0.0 ) )', '( x_0 <= 2.6667 until[0,inf] eventually[0,35] ( x_0 >= -0.0 ) )', '( eventually ( x_0 >= -0.0 ) until[0,inf] x_0 <= 2.6667 )', '( ( x_0 >= 0.0 or x_0 <= -2.0 ) until[35,70] x_0 >= -4.0 )', '( x_0 <= 2.6667 until[0,58] eventually[11,inf] ( x_0 >= -0.0 ) )', '( x_0 <= 2.6667 until[11,35] eventually[0,inf] ( x_0 >= -0.0 ) )']
overlap_form = 0.0
dist_form = 1.0119185745716095
weight_strategy = self_norm, n_psi_added = -500, n_traj = 4000, target_std = 1, proposal_std = 1, n_traj_points = 100, phi_id = 0, base_xi_id = 0, Dist = 0.46051886677742004, Cos_dist = 0.6981610357761383, Dist_rho = 1.25958398500115, Norm_proposal = 0.4435827434062958, Norm_target = 0.2184319943189621, Norm_imp = 0.47667694091796875, Pinv_error = 58.1309814453125, Sum_weights = 1.032995029064677e-109, Sum_squared_weights = 1.0670258396101627e-218, Elapsed_time = 3637.9026021957397, Process_mem = 338.56640625, n_e = 1.0000495681174784, overlap_form = 0.0, dist_form = 0.6973172724246979, overlap_form = 0.0, dist_form = 0.6973172724246979, dist_new_kernels = 21.762784957885742, dist_embed = 12.237476348876953
weight_strategy = square_root, n_psi_added = -500, n_traj = 4000, target_std = 1, proposal_std = 1, n_traj_points = 100, phi_id = 0, base_xi_id = 0, Dist = inf, Cos_dist = nan, Dist_rho = 1.25958398500115, Norm_proposal = 0.4435827434062958, Norm_target = 0.2184319943189621, Norm_imp = inf, Pinv_error = 58.1309814453125, Sum_weights = 1.032995029064677e-109, Sum_squared_weights = 1.0670258396101627e-218, Elapsed_time = 3774.4926447868347, Process_mem = 474.51953125, n_e = 1.0000495681174784, overlap_form = 0.0, dist_form = 1.0119185745716095, overlap_form = 0.0, dist_form = 1.0119185745716095, dist_new_kernels = inf, dist_embed = inf
weight_strategy = self_norm, n_psi_added = -500, n_traj = 4000, target_std = 1, proposal_std = 1, n_traj_points = 100, phi_id = 1, base_xi_id = 0, Dist = 0.8910290598869324, Cos_dist = 1.1581023037433624, Dist_rho = 1.317054555049258, Norm_proposal = 0.013294470496475697, Norm_target = 0.21653491258621216, Norm_imp = 0.8307608366012573, Pinv_error = 58.1309814453125, Sum_weights = 1.032995029064677e-109, Sum_squared_weights = 1.0670258396101627e-218, Elapsed_time = 3508.264508485794, Process_mem = 335.34375, n_e = 1.0000495681174784, overlap_form = 0.0, dist_form = 1.090449795126915, overlap_form = 0.0, dist_form = 1.090449795126915, dist_new_kernels = 42.705265045166016, dist_embed = 76.56324768066406
weight_strategy = square_root, n_psi_added = -500, n_traj = 4000, target_std = 1, proposal_std = 1, n_traj_points = 100, phi_id = 1, base_xi_id = 0, Dist = inf, Cos_dist = nan, Dist_rho = 1.317054555049258, Norm_proposal = 0.013294470496475697, Norm_target = 0.21653491258621216, Norm_imp = inf, Pinv_error = 58.1309814453125, Sum_weights = 1.032995029064677e-109, Sum_squared_weights = 1.0670258396101627e-218, Elapsed_time = 3771.1675901412964, Process_mem = 342.74609375, n_e = 1.0000495681174784, overlap_form = 0.0, dist_form = 1.0159794259816408, overlap_form = 0.0, dist_form = 1.0159794259816408, dist_new_kernels = inf, dist_embed = inf
Completed job 2
weight_strategy = self_norm, n_psi_added = -500, n_traj = 4000, target_std = 1, proposal_std = 1, n_traj_points = 100, phi_id = 2, base_xi_id = 0, Dist = 0.6886487007141113, Cos_dist = 0.3905128240585327, Dist_rho = 0.696712337587858, Norm_proposal = 0.7289793491363525, Norm_target = 0.4126351475715637, Norm_imp = 0.8574821949005127, Pinv_error = 58.1309814453125, Sum_weights = 1.032995029064677e-109, Sum_squared_weights = 1.0670258396101627e-218, Elapsed_time = 3455.1942553520203, Process_mem = 341.97265625, n_e = 1.0000495681174784, overlap_form = 0.0, dist_form = 0.11508595943450928, overlap_form = 0.0, dist_form = 0.11508595943450928, dist_new_kernels = 28.43887710571289, dist_embed = 39.648380279541016
weight_strategy = square_root, n_psi_added = -500, n_traj = 4000, target_std = 1, proposal_std = 1, n_traj_points = 100, phi_id = 2, base_xi_id = 0, Dist = inf, Cos_dist = nan, Dist_rho = 0.696712337587858, Norm_proposal = 0.7289793491363525, Norm_target = 0.4126351475715637, Norm_imp = inf, Pinv_error = 58.1309814453125, Sum_weights = 1.032995029064677e-109, Sum_squared_weights = 1.0670258396101627e-218, Elapsed_time = 3454.3469092845917, Process_mem = 339.3984375, n_e = 1.0000495681174784, overlap_form = 0.0, dist_form = 0.2857925295829773, overlap_form = 0.0, dist_form = 0.2857925295829773, dist_new_kernels = inf, dist_embed = inf
weight_strategy = self_norm, n_psi_added = -500, n_traj = 4000, target_std = 1, proposal_std = 1, n_traj_points = 100, phi_id = 6, base_xi_id = 0, Dist = 0.6118863224983215, Cos_dist = 0.396784245967865, Dist_rho = 0.786858735340648, Norm_proposal = 0.6728838682174683, Norm_target = 0.34635797142982483, Norm_imp = 0.7549067735671997, Pinv_error = 58.1309814453125, Sum_weights = 1.032995029064677e-109, Sum_squared_weights = 1.0670258396101627e-218, Elapsed_time = 3459.809897184372, Process_mem = 338.13671875, n_e = 1.0000495681174784, overlap_form = 0.0, dist_form = 0.06642884016036987, overlap_form = 0.0, dist_form = 0.06642884016036987, dist_new_kernels = 26.87062644958496, dist_embed = 50.55080032348633
weight_strategy = square_root, n_psi_added = -500, n_traj = 4000, target_std = 1, proposal_std = 1, n_traj_points = 100, phi_id = 6, base_xi_id = 0, Dist = inf, Cos_dist = nan, Dist_rho = 0.786858735340648, Norm_proposal = 0.6728838682174683, Norm_target = 0.34635797142982483, Norm_imp = inf, Pinv_error = 58.1309814453125, Sum_weights = 1.032995029064677e-109, Sum_squared_weights = 1.0670258396101627e-218, Elapsed_time = 3424.089741706848, Process_mem = 337.9140625, n_e = 1.0000495681174784, overlap_form = 0.0, dist_form = 1.665597140789032, overlap_form = 0.0, dist_form = 1.665597140789032, dist_new_kernels = inf, dist_embed = inf
Completed job 3
weight_strategy = self_norm, n_psi_added = 500, n_traj = 1000, target_std = 1, proposal_std = 1, n_traj_points = 100, phi_id = 0, base_xi_id = 0, Dist = 3.4747090339660645, Cos_dist = 0.6744881272315979, Dist_rho = 1.2306570771261756, Norm_proposal = 0.44708770513534546, Norm_target = 0.2238646000623703, Norm_imp = 3.541126251220703, Pinv_error = 17.20438003540039, Sum_weights = 1.0329717270943042e-109, Sum_squared_weights = 1.0670258390763894e-218, Elapsed_time = 1388.1514706611633, Process_mem = 263.31640625, n_e = 1.0000044515321245, overlap_form = 0.0, dist_form = 0.9731071703135967, overlap_form = 0.0, dist_form = 0.9731071703135967, dist_new_kernels = 154.6365966796875, dist_embed = 809544056832.0
weight_strategy = square_root, n_psi_added = 500, n_traj = 1000, target_std = 1, proposal_std = 1, n_traj_points = 100, phi_id = 0, base_xi_id = 0, Dist = inf, Cos_dist = nan, Dist_rho = 1.2306570771261756, Norm_proposal = 0.44708770513534546, Norm_target = 0.2238646000623703, Norm_imp = inf, Pinv_error = 17.20438003540039, Sum_weights = 1.0329717270943042e-109, Sum_squared_weights = 1.0670258390763894e-218, Elapsed_time = 1365.6445906162262, Process_mem = 332.390625, n_e = 1.0000044515321245, overlap_form = 0.0, dist_form = 1.0333852879703045, overlap_form = 0.0, dist_form = 1.0333852879703045, dist_new_kernels = inf, dist_embed = inf
weight_strategy = self_norm, n_psi_added = 500, n_traj = 1000, target_std = 1, proposal_std = 1, n_traj_points = 100, phi_id = 1, base_xi_id = 0, Dist = 1.1278488636016846, Cos_dist = 1.2034520208835602, Dist_rho = 1.3050586147507914, Norm_proposal = 0.029316142201423645, Norm_target = 0.21896447241306305, Norm_imp = 1.062737226486206, Pinv_error = 17.20438003540039, Sum_weights = 1.0329717270943042e-109, Sum_squared_weights = 1.0670258390763894e-218, Elapsed_time = 2169.4711821079254, Process_mem = 265.0234375, n_e = 1.0000044515321245, overlap_form = 0.0, dist_form = 1.0966347381472588, overlap_form = 0.0, dist_form = 1.0966347381472588, dist_new_kernels = 48.26066207885742, dist_embed = 140.59791564941406
weight_strategy = square_root, n_psi_added = 500, n_traj = 1000, target_std = 1, proposal_std = 1, n_traj_points = 100, phi_id = 1, base_xi_id = 0, Dist = inf, Cos_dist = nan, Dist_rho = 1.3050586147507914, Norm_proposal = 0.029316142201423645, Norm_target = 0.21896447241306305, Norm_imp = inf, Pinv_error = 17.20438003540039, Sum_weights = 1.0329717270943042e-109, Sum_squared_weights = 1.0670258390763894e-218, Elapsed_time = 2123.0537526607513, Process_mem = 334.05078125, n_e = 1.0000044515321245, overlap_form = 0.0, dist_form = 1.0594039037823677, overlap_form = 0.0, dist_form = 1.0594039037823677, dist_new_kernels = inf, dist_embed = inf
Completed job 4
weight_strategy = self_norm, n_psi_added = 500, n_traj = 1000, target_std = 1, proposal_std = 1, n_traj_points = 100, phi_id = 2, base_xi_id = 0, Dist = 3.484938144683838, Cos_dist = 0.38641953468322754, Dist_rho = 0.7139679843606224, Norm_proposal = 0.7273781895637512, Norm_target = 0.4101449251174927, Norm_imp = 3.7215139865875244, Pinv_error = 17.20438003540039, Sum_weights = 1.0329717270943042e-109, Sum_squared_weights = 1.0670258390763894e-218, Elapsed_time = 857.468576669693, Process_mem = 262.453125, n_e = 1.0000044515321245, overlap_form = 0.0, dist_form = 0.25652891397476196, overlap_form = 0.0, dist_form = 0.25652891397476196, dist_new_kernels = 135.17674255371094, dist_embed = 121204016.0
weight_strategy = square_root, n_psi_added = 500, n_traj = 1000, target_std = 1, proposal_std = 1, n_traj_points = 100, phi_id = 2, base_xi_id = 0, Dist = inf, Cos_dist = nan, Dist_rho = 0.7139679843606224, Norm_proposal = 0.7273781895637512, Norm_target = 0.4101449251174927, Norm_imp = inf, Pinv_error = 17.20438003540039, Sum_weights = 1.0329717270943042e-109, Sum_squared_weights = 1.0670258390763894e-218, Elapsed_time = 2091.2071764469147, Process_mem = 334.73828125, n_e = 1.0000044515321245, overlap_form = 0.0, dist_form = 0.2441391944885254, overlap_form = 0.0, dist_form = 0.2441391944885254, dist_new_kernels = inf, dist_embed = inf
weight_strategy = self_norm, n_psi_added = 500, n_traj = 1000, target_std = 1, proposal_std = 1, n_traj_points = 100, phi_id = 6, base_xi_id = 0, Dist = 3.1698548793792725, Cos_dist = 0.39616459608078003, Dist_rho = 0.7826900185193105, Norm_proposal = 0.6672289371490479, Norm_target = 0.35006535053253174, Norm_imp = 3.3689308166503906, Pinv_error = 17.20438003540039, Sum_weights = 1.0329717270943042e-109, Sum_squared_weights = 1.0670258390763894e-218, Elapsed_time = 1597.645245552063, Process_mem = 264.35546875, n_e = 1.0000044515321245, overlap_form = 0.0, dist_form = 1.6381756067276, overlap_form = 0.0, dist_form = 1.6381756067276, dist_new_kernels = 136.69313049316406, dist_embed = 68458500096.0
weight_strategy = square_root, n_psi_added = 500, n_traj = 1000, target_std = 1, proposal_std = 1, n_traj_points = 100, phi_id = 6, base_xi_id = 0, Dist = inf, Cos_dist = nan, Dist_rho = 0.7826900185193105, Norm_proposal = 0.6672289371490479, Norm_target = 0.35006535053253174, Norm_imp = inf, Pinv_error = 17.20438003540039, Sum_weights = 1.0329717270943042e-109, Sum_squared_weights = 1.0670258390763894e-218, Elapsed_time = 2219.6463425159454, Process_mem = 336.3828125, n_e = 1.0000044515321245, overlap_form = 0.0, dist_form = 1.6816124320030212, overlap_form = 0.0, dist_form = 1.6816124320030212, dist_new_kernels = inf, dist_embed = inf
Completed job 5
weight_strategy = self_norm, n_psi_added = 500, n_traj = 4000, target_std = 1, proposal_std = 1, n_traj_points = 100, phi_id = 0, base_xi_id = 0, Dist = 0.46051886677742004, Cos_dist = 0.6981610357761383, Dist_rho = 1.25958398500115, Norm_proposal = 0.4435827434062958, Norm_target = 0.2184319943189621, Norm_imp = 0.47667694091796875, Pinv_error = 58.1309814453125, Sum_weights = 1.032995029064677e-109, Sum_squared_weights = 1.0670258396101627e-218, Elapsed_time = 3160.3740322589874, Process_mem = 479.0625, n_e = 1.0000495681174784, overlap_form = 0.0, dist_form = 0.7076266705989838, overlap_form = 0.0, dist_form = 0.7076266705989838, dist_new_kernels = 21.762784957885742, dist_embed = 12.237476348876953
weight_strategy = square_root, n_psi_added = 500, n_traj = 4000, target_std = 1, proposal_std = 1, n_traj_points = 100, phi_id = 0, base_xi_id = 0, Dist = inf, Cos_dist = nan, Dist_rho = 1.25958398500115, Norm_proposal = 0.4435827434062958, Norm_target = 0.2184319943189621, Norm_imp = inf, Pinv_error = 58.1309814453125, Sum_weights = 1.032995029064677e-109, Sum_squared_weights = 1.0670258396101627e-218, Elapsed_time = 2731.613750934601, Process_mem = 338.14453125, n_e = 1.0000495681174784, overlap_form = 0.0, dist_form = 1.0068647069856524, overlap_form = 0.0, dist_form = 1.0068647069856524, dist_new_kernels = inf, dist_embed = inf
weight_strategy = self_norm, n_psi_added = 500, n_traj = 4000, target_std = 1, proposal_std = 1, n_traj_points = 100, phi_id = 1, base_xi_id = 0, Dist = 0.8910290598869324, Cos_dist = 1.1581023037433624, Dist_rho = 1.317054555049258, Norm_proposal = 0.013294470496475697, Norm_target = 0.21653491258621216, Norm_imp = 0.8307608366012573, Pinv_error = 58.1309814453125, Sum_weights = 1.032995029064677e-109, Sum_squared_weights = 1.0670258396101627e-218, Elapsed_time = 3091.2802307605743, Process_mem = 336.5390625, n_e = 1.0000495681174784, overlap_form = 0.0, dist_form = 1.0985243991017342, overlap_form = 0.0, dist_form = 1.0985243991017342, dist_new_kernels = 42.705265045166016, dist_embed = 76.56324768066406
weight_strategy = square_root, n_psi_added = 500, n_traj = 4000, target_std = 1, proposal_std = 1, n_traj_points = 100, phi_id = 1, base_xi_id = 0, Dist = inf, Cos_dist = nan, Dist_rho = 1.317054555049258, Norm_proposal = 0.013294470496475697, Norm_target = 0.21653491258621216, Norm_imp = inf, Pinv_error = 58.1309814453125, Sum_weights = 1.032995029064677e-109, Sum_squared_weights = 1.0670258396101627e-218, Elapsed_time = 2795.389805793762, Process_mem = 337.5078125, n_e = 1.0000495681174784, overlap_form = 0.0, dist_form = 1.0198007635772228, overlap_form = 0.0, dist_form = 1.0198007635772228, dist_new_kernels = inf, dist_embed = inf
Completed job 6
weight_strategy = self_norm, n_psi_added = 500, n_traj = 4000, target_std = 1, proposal_std = 1, n_traj_points = 100, phi_id = 2, base_xi_id = 0, Dist = 0.6886487007141113, Cos_dist = 0.3905128240585327, Dist_rho = 0.696712337587858, Norm_proposal = 0.7289793491363525, Norm_target = 0.4126351475715637, Norm_imp = 0.8574821949005127, Pinv_error = 58.1309814453125, Sum_weights = 1.032995029064677e-109, Sum_squared_weights = 1.0670258396101627e-218, Elapsed_time = 3163.4194445610046, Process_mem = 480.796875, n_e = 1.0000495681174784, overlap_form = 0.0, dist_form = 0.11889445781707764, overlap_form = 0.0, dist_form = 0.11889445781707764, dist_new_kernels = 28.43887710571289, dist_embed = 39.648380279541016
weight_strategy = square_root, n_psi_added = 500, n_traj = 4000, target_std = 1, proposal_std = 1, n_traj_points = 100, phi_id = 2, base_xi_id = 0, Dist = inf, Cos_dist = nan, Dist_rho = 0.696712337587858, Norm_proposal = 0.7289793491363525, Norm_target = 0.4126351475715637, Norm_imp = inf, Pinv_error = 58.1309814453125, Sum_weights = 1.032995029064677e-109, Sum_squared_weights = 1.0670258396101627e-218, Elapsed_time = 3349.002477645874, Process_mem = 340.203125, n_e = 1.0000495681174784, overlap_form = 0.0, dist_form = 0.28476542234420776, overlap_form = 0.0, dist_form = 0.28476542234420776, dist_new_kernels = inf, dist_embed = inf
weight_strategy = self_norm, n_psi_added = 500, n_traj = 4000, target_std = 1, proposal_std = 1, n_traj_points = 100, phi_id = 6, base_xi_id = 0, Dist = 0.6118863224983215, Cos_dist = 0.396784245967865, Dist_rho = 0.786858735340648, Norm_proposal = 0.6728838682174683, Norm_target = 0.34635797142982483, Norm_imp = 0.7549067735671997, Pinv_error = 58.1309814453125, Sum_weights = 1.032995029064677e-109, Sum_squared_weights = 1.0670258396101627e-218, Elapsed_time = 2477.191928625107, Process_mem = 337.43359375, n_e = 1.0000495681174784, overlap_form = 0.0, dist_form = 0.05326986312866211, overlap_form = 0.0, dist_form = 0.05326986312866211, dist_new_kernels = 26.87062644958496, dist_embed = 50.55080032348633
weight_strategy = square_root, n_psi_added = 500, n_traj = 4000, target_std = 1, proposal_std = 1, n_traj_points = 100, phi_id = 6, base_xi_id = 0, Dist = inf, Cos_dist = nan, Dist_rho = 0.786858735340648, Norm_proposal = 0.6728838682174683, Norm_target = 0.34635797142982483, Norm_imp = inf, Pinv_error = 58.1309814453125, Sum_weights = 1.032995029064677e-109, Sum_squared_weights = 1.0670258396101627e-218, Elapsed_time = 1454.439035654068, Process_mem = 337.45703125, n_e = 1.0000495681174784, overlap_form = 0.0, dist_form = 1.662285327911377, overlap_form = 0.0, dist_form = 1.662285327911377, dist_new_kernels = inf, dist_embed = inf
Completed job 7
