weight_strategy = self_norm, n_psi_added = -500, n_traj = 1000, target_std = 1, proposal_std = 1, n_traj_points = 100, phi_id = 0, base_xi_id = 0, Dist = 1.4182560443878174, Cos_dist = 1.2480043023824692, Dist_rho = 1.3204828971475697, Norm_proposal = 0.04696609452366829, Norm_target = 0.2208576649427414, Norm_imp = 1.3472505807876587, Pinv_error = 20.272724151611328, Sum_weights = 4.664918673810006e-116, Sum_squared_weights = 2.1761466233261308e-231, Elapsed_time = 2304.7425038814545, Process_mem = 266.0234375, n_e = 1.0, overlap_form = 0.0, dist_form = 1.0521329641342163, overlap_form = 0.0, dist_form = 1.0521329641342163, dist_new_kernels = 61.93898391723633, dist_embed = 182.86471557617188
weight_strategy = square_root, n_psi_added = -500, n_traj = 1000, target_std = 1, proposal_std = 1, n_traj_points = 100, phi_id = 0, base_xi_id = 0, Dist = inf, Cos_dist = nan, Dist_rho = 1.3204828971475697, Norm_proposal = 0.04696609452366829, Norm_target = 0.2208576649427414, Norm_imp = inf, Pinv_error = 20.272724151611328, Sum_weights = 4.664918673810006e-116, Sum_squared_weights = 2.1761466233261308e-231, Elapsed_time = 2519.99946641922, Process_mem = 263.16015625, n_e = 1.0, overlap_form = 0.0, dist_form = 1.0528855547308922, overlap_form = 0.0, dist_form = 1.0528855547308922, dist_new_kernels = inf, dist_embed = inf
weight_strategy = self_norm, n_psi_added = -500, n_traj = 1000, target_std = 1, proposal_std = 1, n_traj_points = 100, phi_id = 1, base_xi_id = 0, Dist = 0.36336007714271545, Cos_dist = 1.1700676381587982, Dist_rho = 1.2890980055078096, Norm_proposal = 0.05232003703713417, Norm_target = 0.2191646546125412, Norm_imp = 0.25493714213371277, Pinv_error = 20.272724151611328, Sum_weights = 4.664918673810006e-116, Sum_squared_weights = 2.1761466233261308e-231, Elapsed_time = 2471.8720333576202, Process_mem = 262.96484375, n_e = 1.0, overlap_form = 0.0, dist_form = 1.5614169836044312, overlap_form = 0.0, dist_form = 1.5614169836044312, dist_new_kernels = 21.90616226196289, dist_embed = 7.66025972366333
weight_strategy = square_root, n_psi_added = -500, n_traj = 1000, target_std = 1, proposal_std = 1, n_traj_points = 100, phi_id = 1, base_xi_id = 0, Dist = inf, Cos_dist = nan, Dist_rho = 1.2890980055078096, Norm_proposal = 0.05232003703713417, Norm_target = 0.2191646546125412, Norm_imp = inf, Pinv_error = 20.272724151611328, Sum_weights = 4.664918673810006e-116, Sum_squared_weights = 2.1761466233261308e-231, Elapsed_time = 2553.756327152252, Process_mem = 332.7890625, n_e = 1.0, overlap_form = 0.0, dist_form = 1.0074187777936459, overlap_form = 0.0, dist_form = 1.0074187777936459, dist_new_kernels = inf, dist_embed = inf
Completed job 0
weight_strategy = self_norm, n_psi_added = -500, n_traj = 1000, target_std = 1, proposal_std = 1, n_traj_points = 100, phi_id = 2, base_xi_id = 0, Dist = 1.2394604682922363, Cos_dist = 0.5500386655330658, Dist_rho = 1.013686570209353, Norm_proposal = 0.37379732728004456, Norm_target = 0.4025101065635681, Norm_imp = 1.3673055171966553, Pinv_error = 20.272724151611328, Sum_weights = 4.664918673810006e-116, Sum_squared_weights = 2.1761466233261308e-231, Elapsed_time = 2515.9832694530487, Process_mem = 263.2578125, n_e = 1.0, overlap_form = 0.0, dist_form = 0.1288241147994995, overlap_form = 0.0, dist_form = 0.1288241147994995, dist_new_kernels = 42.91926574707031, dist_embed = 76.23766326904297
weight_strategy = square_root, n_psi_added = -500, n_traj = 1000, target_std = 1, proposal_std = 1, n_traj_points = 100, phi_id = 2, base_xi_id = 0, Dist = inf, Cos_dist = nan, Dist_rho = 1.013686570209353, Norm_proposal = 0.37379732728004456, Norm_target = 0.4025101065635681, Norm_imp = inf, Pinv_error = 20.272724151611328, Sum_weights = 4.664918673810006e-116, Sum_squared_weights = 2.1761466233261308e-231, Elapsed_time = 2516.4589223861694, Process_mem = 263.7109375, n_e = 1.0, overlap_form = 0.0, dist_form = 0.2585243582725525, overlap_form = 0.0, dist_form = 0.2585243582725525, dist_new_kernels = inf, dist_embed = inf
weight_strategy = self_norm, n_psi_added = -500, n_traj = 1000, target_std = 1, proposal_std = 1, n_traj_points = 100, phi_id = 6, base_xi_id = 0, Dist = 4.767177104949951, Cos_dist = 1.4363409876823425, Dist_rho = 1.4931351461428446, Norm_proposal = 0.33837050199508667, Norm_target = 0.33007368445396423, Norm_imp = 4.6138916015625, Pinv_error = 20.272724151611328, Sum_weights = 4.664918673810006e-116, Sum_squared_weights = 2.1761466233261308e-231, Elapsed_time = 2474.4308800697327, Process_mem = 332.34765625, n_e = 1.0, overlap_form = 0.0, dist_form = 1.7837626338005066, overlap_form = 0.0, dist_form = 1.7837626338005066, dist_new_kernels = 177.05735778808594, dist_embed = 3221238.75
weight_strategy = square_root, n_psi_added = -500, n_traj = 1000, target_std = 1, proposal_std = 1, n_traj_points = 100, phi_id = 6, base_xi_id = 0, Dist = inf, Cos_dist = nan, Dist_rho = 1.4931351461428446, Norm_proposal = 0.33837050199508667, Norm_target = 0.33007368445396423, Norm_imp = inf, Pinv_error = 20.272724151611328, Sum_weights = 4.664918673810006e-116, Sum_squared_weights = 2.1761466233261308e-231, Elapsed_time = 2460.3497412204742, Process_mem = 264.84375, n_e = 1.0, overlap_form = 0.0, dist_form = 1.6451396942138672, overlap_form = 0.0, dist_form = 1.6451396942138672, dist_new_kernels = inf, dist_embed = inf
Completed job 1
weight_strategy = self_norm, n_psi_added = -500, n_traj = 4000, target_std = 1, proposal_std = 1, n_traj_points = 100, phi_id = 0, base_xi_id = 0, Dist = 0.29659295082092285, Cos_dist = 1.228197917342186, Dist_rho = 1.3183398817578262, Norm_proposal = 0.02264084294438362, Norm_target = 0.21981747448444366, Norm_imp = 0.1551765650510788, Pinv_error = 58.37738037109375, Sum_weights = 4.664918673810006e-116, Sum_squared_weights = 2.1761466233261308e-231, Elapsed_time = 3158.1881766319275, Process_mem = 338.33203125, n_e = 1.0, overlap_form = 0.0, dist_form = 1.0221121944487095, overlap_form = 0.0, dist_form = 1.0221121944487095, dist_new_kernels = 13.185641288757324, dist_embed = 4.7742509841918945
weight_strategy = square_root, n_psi_added = -500, n_traj = 4000, target_std = 1, proposal_std = 1, n_traj_points = 100, phi_id = 0, base_xi_id = 0, Dist = inf, Cos_dist = nan, Dist_rho = 1.3183398817578262, Norm_proposal = 0.02264084294438362, Norm_target = 0.21981747448444366, Norm_imp = inf, Pinv_error = 58.37738037109375, Sum_weights = 4.664918673810006e-116, Sum_squared_weights = 2.1761466233261308e-231, Elapsed_time = 3150.6973588466644, Process_mem = 338.70703125, n_e = 1.0, overlap_form = 0.0, dist_form = 1.1033306270837784, overlap_form = 0.0, dist_form = 1.1033306270837784, dist_new_kernels = inf, dist_embed = inf
weight_strategy = self_norm, n_psi_added = -500, n_traj = 4000, target_std = 1, proposal_std = 1, n_traj_points = 100, phi_id = 1, base_xi_id = 0, Dist = 0.22320516407489777, Cos_dist = 1.1492535322904587, Dist_rho = 1.2943063833556883, Norm_proposal = 0.04382091760635376, Norm_target = 0.22055768966674805, Norm_imp = 0.01460479386150837, Pinv_error = 58.37738037109375, Sum_weights = 4.664918673810006e-116, Sum_squared_weights = 2.1761466233261308e-231, Elapsed_time = 2674.3651893138885, Process_mem = 338.4296875, n_e = 1.0, overlap_form = 0.0, dist_form = 0.8987753838300705, overlap_form = 0.0, dist_form = 0.8987753838300705, dist_new_kernels = 10.736692428588867, dist_embed = 4.416181564331055
weight_strategy = square_root, n_psi_added = -500, n_traj = 4000, target_std = 1, proposal_std = 1, n_traj_points = 100, phi_id = 1, base_xi_id = 0, Dist = inf, Cos_dist = nan, Dist_rho = 1.2943063833556883, Norm_proposal = 0.04382091760635376, Norm_target = 0.22055768966674805, Norm_imp = inf, Pinv_error = 58.37738037109375, Sum_weights = 4.664918673810006e-116, Sum_squared_weights = 2.1761466233261308e-231, Elapsed_time = 2780.227034807205, Process_mem = 337.96875, n_e = 1.0, overlap_form = 0.0, dist_form = 1.08423862606287, overlap_form = 0.0, dist_form = 1.08423862606287, dist_new_kernels = inf, dist_embed = inf
Completed job 2
weight_strategy = self_norm, n_psi_added = -500, n_traj = 4000, target_std = 1, proposal_std = 1, n_traj_points = 100, phi_id = 2, base_xi_id = 0, Dist = 0.4380604326725006, Cos_dist = 0.5583041310310364, Dist_rho = 1.0077536806569543, Norm_proposal = 0.3892202377319336, Norm_target = 0.4070698916912079, Norm_imp = 0.42170900106430054, Pinv_error = 58.37738037109375, Sum_weights = 4.664918673810006e-116, Sum_squared_weights = 2.1761466233261308e-231, Elapsed_time = 3391.7257809638977, Process_mem = 498.23046875, n_e = 1.0, overlap_form = 0.0, dist_form = 0.5571770071983337, overlap_form = 0.0, dist_form = 0.5571770071983337, dist_new_kernels = 17.298233032226562, dist_embed = 6.224664688110352
weight_strategy = square_root, n_psi_added = -500, n_traj = 4000, target_std = 1, proposal_std = 1, n_traj_points = 100, phi_id = 2, base_xi_id = 0, Dist = inf, Cos_dist = nan, Dist_rho = 1.0077536806569543, Norm_proposal = 0.3892202377319336, Norm_target = 0.4070698916912079, Norm_imp = inf, Pinv_error = 58.37738037109375, Sum_weights = 4.664918673810006e-116, Sum_squared_weights = 2.1761466233261308e-231, Elapsed_time = 3479.8883719444275, Process_mem = 340.11328125, n_e = 1.0, overlap_form = 0.0, dist_form = 0.28176653385162354, overlap_form = 0.0, dist_form = 0.28176653385162354, dist_new_kernels = inf, dist_embed = inf
weight_strategy = self_norm, n_psi_added = -500, n_traj = 4000, target_std = 1, proposal_std = 1, n_traj_points = 100, phi_id = 6, base_xi_id = 0, Dist = 0.8866442441940308, Cos_dist = 1.4350198805332184, Dist_rho = 1.4560920424650368, Norm_proposal = 0.29478567838668823, Norm_target = 0.32909896969795227, Norm_imp = 0.6924954652786255, Pinv_error = 58.37738037109375, Sum_weights = 4.664918673810006e-116, Sum_squared_weights = 2.1761466233261308e-231, Elapsed_time = 3536.3315663337708, Process_mem = 336.84765625, n_e = 1.0, overlap_form = 0.0, dist_form = 1.7130093574523926, overlap_form = 0.0, dist_form = 1.7130093574523926, dist_new_kernels = 34.24293899536133, dist_embed = 14.54629135131836
weight_strategy = square_root, n_psi_added = -500, n_traj = 4000, target_std = 1, proposal_std = 1, n_traj_points = 100, phi_id = 6, base_xi_id = 0, Dist = inf, Cos_dist = nan, Dist_rho = 1.4560920424650368, Norm_proposal = 0.29478567838668823, Norm_target = 0.32909896969795227, Norm_imp = inf, Pinv_error = 58.37738037109375, Sum_weights = 4.664918673810006e-116, Sum_squared_weights = 2.1761466233261308e-231, Elapsed_time = 3483.548087835312, Process_mem = 343.84375, n_e = 1.0, overlap_form = 0.0, dist_form = 1.7013434767723083, overlap_form = 0.0, dist_form = 1.7013434767723083, dist_new_kernels = inf, dist_embed = inf
Completed job 3
weight_strategy = self_norm, n_psi_added = 500, n_traj = 1000, target_std = 1, proposal_std = 1, n_traj_points = 100, phi_id = 0, base_xi_id = 0, Dist = 1.4182560443878174, Cos_dist = 1.2480043023824692, Dist_rho = 1.3204828971475697, Norm_proposal = 0.04696609452366829, Norm_target = 0.2208576649427414, Norm_imp = 1.3472505807876587, Pinv_error = 20.272724151611328, Sum_weights = 4.664918673810006e-116, Sum_squared_weights = 2.1761466233261308e-231, Elapsed_time = 2461.506639957428, Process_mem = 265.07421875, n_e = 1.0, overlap_form = 0.0, dist_form = 1.0139479087665677, overlap_form = 0.0, dist_form = 1.0139479087665677, dist_new_kernels = 61.93898391723633, dist_embed = 182.86471557617188
weight_strategy = square_root, n_psi_added = 500, n_traj = 1000, target_std = 1, proposal_std = 1, n_traj_points = 100, phi_id = 0, base_xi_id = 0, Dist = inf, Cos_dist = nan, Dist_rho = 1.3204828971475697, Norm_proposal = 0.04696609452366829, Norm_target = 0.2208576649427414, Norm_imp = inf, Pinv_error = 20.272724151611328, Sum_weights = 4.664918673810006e-116, Sum_squared_weights = 2.1761466233261308e-231, Elapsed_time = 2547.679659128189, Process_mem = 362.47265625, n_e = 1.0, overlap_form = 0.0, dist_form = 1.0255494304001331, overlap_form = 0.0, dist_form = 1.0255494304001331, dist_new_kernels = inf, dist_embed = inf
weight_strategy = self_norm, n_psi_added = 500, n_traj = 1000, target_std = 1, proposal_std = 1, n_traj_points = 100, phi_id = 1, base_xi_id = 0, Dist = 0.36336007714271545, Cos_dist = 1.1700676381587982, Dist_rho = 1.2890980055078096, Norm_proposal = 0.05232003703713417, Norm_target = 0.2191646546125412, Norm_imp = 0.25493714213371277, Pinv_error = 20.272724151611328, Sum_weights = 4.664918673810006e-116, Sum_squared_weights = 2.1761466233261308e-231, Elapsed_time = 2548.8308420181274, Process_mem = 263.90234375, n_e = 1.0, overlap_form = 0.0, dist_form = 1.533735752105713, overlap_form = 0.0, dist_form = 1.533735752105713, dist_new_kernels = 21.90616226196289, dist_embed = 7.66025972366333
weight_strategy = square_root, n_psi_added = 500, n_traj = 1000, target_std = 1, proposal_std = 1, n_traj_points = 100, phi_id = 1, base_xi_id = 0, Dist = inf, Cos_dist = nan, Dist_rho = 1.2890980055078096, Norm_proposal = 0.05232003703713417, Norm_target = 0.2191646546125412, Norm_imp = inf, Pinv_error = 20.272724151611328, Sum_weights = 4.664918673810006e-116, Sum_squared_weights = 2.1761466233261308e-231, Elapsed_time = 2507.6558604240417, Process_mem = 337.6328125, n_e = 1.0, overlap_form = 0.0, dist_form = 1.0021076428238302, overlap_form = 0.0, dist_form = 1.0021076428238302, dist_new_kernels = inf, dist_embed = inf
Completed job 4
weight_strategy = self_norm, n_psi_added = 500, n_traj = 1000, target_std = 1, proposal_std = 1, n_traj_points = 100, phi_id = 2, base_xi_id = 0, Dist = 1.2394604682922363, Cos_dist = 0.5500386655330658, Dist_rho = 1.013686570209353, Norm_proposal = 0.37379732728004456, Norm_target = 0.4025101065635681, Norm_imp = 1.3673055171966553, Pinv_error = 20.272724151611328, Sum_weights = 4.664918673810006e-116, Sum_squared_weights = 2.1761466233261308e-231, Elapsed_time = 896.3781197071075, Process_mem = 345.0625, n_e = 1.0, overlap_form = 0.0, dist_form = 0.1274135708808899, overlap_form = 0.0, dist_form = 0.1274135708808899, dist_new_kernels = 42.91926574707031, dist_embed = 76.23766326904297
weight_strategy = square_root, n_psi_added = 500, n_traj = 1000, target_std = 1, proposal_std = 1, n_traj_points = 100, phi_id = 2, base_xi_id = 0, Dist = inf, Cos_dist = nan, Dist_rho = 1.013686570209353, Norm_proposal = 0.37379732728004456, Norm_target = 0.4025101065635681, Norm_imp = inf, Pinv_error = 20.272724151611328, Sum_weights = 4.664918673810006e-116, Sum_squared_weights = 2.1761466233261308e-231, Elapsed_time = 1998.1810240745544, Process_mem = 266.8671875, n_e = 1.0, overlap_form = 0.0, dist_form = 0.22004693746566772, overlap_form = 0.0, dist_form = 0.22004693746566772, dist_new_kernels = inf, dist_embed = inf
weight_strategy = self_norm, n_psi_added = 500, n_traj = 1000, target_std = 1, proposal_std = 1, n_traj_points = 100, phi_id = 6, base_xi_id = 0, Dist = 4.767177104949951, Cos_dist = 1.4363409876823425, Dist_rho = 1.4931351461428446, Norm_proposal = 0.33837050199508667, Norm_target = 0.33007368445396423, Norm_imp = 4.6138916015625, Pinv_error = 20.272724151611328, Sum_weights = 4.664918673810006e-116, Sum_squared_weights = 2.1761466233261308e-231, Elapsed_time = 2003.079524755478, Process_mem = 263.15625, n_e = 1.0, overlap_form = 0.0, dist_form = 1.8013787269592285, overlap_form = 0.0, dist_form = 1.8013787269592285, dist_new_kernels = 177.05735778808594, dist_embed = 3221238.75
weight_strategy = square_root, n_psi_added = 500, n_traj = 1000, target_std = 1, proposal_std = 1, n_traj_points = 100, phi_id = 6, base_xi_id = 0, Dist = inf, Cos_dist = nan, Dist_rho = 1.4931351461428446, Norm_proposal = 0.33837050199508667, Norm_target = 0.33007368445396423, Norm_imp = inf, Pinv_error = 20.272724151611328, Sum_weights = 4.664918673810006e-116, Sum_squared_weights = 2.1761466233261308e-231, Elapsed_time = 1672.3965194225311, Process_mem = 275.65234375, n_e = 1.0, overlap_form = 0.0, dist_form = 1.6736593842506409, overlap_form = 0.0, dist_form = 1.6736593842506409, dist_new_kernels = inf, dist_embed = inf
Completed job 5
model name: human
Starting the search of formula from embeddings
Ending the search of formula from embeddings
target dists: [[0.93523806 0.93523806 0.9500571  0.9500571  0.9809433  0.9809433
  0.9809433  0.9809433  1.0167944  1.0219479 ]]
total_search_time1 = 1.092581033706665
Starting the search of formula from embeddings
Ending the search of formula from embeddings
imp dists: [[6.5800333 7.112845  7.112845  8.1406765 8.466837  8.466837  8.573475
  8.634449  8.786245  8.840284 ]]
total_search_time2 = 2.2499380111694336
formulae are there! There are 10 imp_formulae and 10 target_formulae
imp_formulae: ['eventually[0,70] ( ( x_2 >= 1.3333 or x_2 <= -1.3333 ) )', 'eventually[0,58] ( ( x_0 <= -1.3333 or x_0 >= 1.3333 ) )', 'eventually[23,inf] ( ( x_0 <= -1.3333 or x_0 >= 1.3333 ) )', 'always[11,inf] ( ( x_0 >= -1.3333 and x_0 <= 1.3333 ) )', 'always[11,inf] ( ( x_1 >= -1.3333 until[35,inf] x_1 <= 1.3333 ) )', 'always[11,inf] ( ( x_1 >= -1.3333 until[58,inf] x_1 <= 1.3333 ) )', 'eventually[23,inf] ( ( x_2 >= 1.3333 or x_2 <= -1.3333 ) )', 'always[23,inf] ( ( x_1 <= 1.3333 until[0,11] x_1 >= -1.3333 ) )', '( x_0 <= 1.3333 until[35,70] always ( x_0 >= -1.3333 ) )', 'always[0,inf] ( ( x_0 <= 1.3333 until[0,11] x_0 >= -1.3333 ) )'], target_formulae: ['( x_0 <= -2.0 or ( x_0 >= 0.0 until[35,70] x_1 >= -4.0 ) )', '( ( x_0 <= -2.0 or x_0 >= 0.0 ) until[0,35] x_1 >= -2.0 )', '( x_0 <= 2.6667 until[0,23] eventually ( x_0 >= -0.0 ) )', '( eventually[0,inf] ( x_0 >= -0.0 ) until[0,58] x_0 <= 2.6667 )', '( x_0 <= 2.6667 until[11,35] eventually ( x_0 >= -0.0 ) )', '( x_0 <= 2.6667 until[11,58] eventually ( x_0 >= -0.0 ) )', '( x_0 <= 2.6667 until[11,23] eventually ( x_0 >= -0.0 ) )', '( x_0 <= 2.6667 until[11,inf] eventually[0,inf] ( x_0 >= -0.0 ) )', '( eventually ( x_0 >= -0.0 ) until[0,inf] x_0 <= 2.6667 )', '( x_0 <= 2.6667 until[11,35] eventually[0,inf] ( x_0 >= -0.0 ) )']
overlap_form = 0.0
dist_form = 1.0171637423336506
model name: human
Starting the search of formula from embeddings
Ending the search of formula from embeddings
target dists: [[0.93523806 0.93523806 0.9500571  0.9500571  0.9809433  0.9809433
  0.9809433  0.9809433  1.0167944  1.0219479 ]]
total_search_time1 = 1.7085139751434326
Starting the search of formula from embeddings
Ending the search of formula from embeddings
imp dists: [[3.4028235e+38 3.4028235e+38 3.4028235e+38 3.4028235e+38 3.4028235e+38
  3.4028235e+38 3.4028235e+38 3.4028235e+38 3.4028235e+38 3.4028235e+38]]
total_search_time2 = 2.993077039718628
formulae are there! There are 10 imp_formulae and 10 target_formulae
imp_formulae: ['( x_2 >= 1.3333 until[0,11] always[0,inf] ( x_1 >= -1.3333 ) )', '( x_2 >= 1.3333 until[0,11] always[0,inf] ( x_1 >= -1.3333 ) )', '( x_2 >= 1.3333 until[0,11] always[0,inf] ( x_1 >= -1.3333 ) )', '( x_2 >= 1.3333 until[0,11] always[0,inf] ( x_1 >= -1.3333 ) )', '( x_2 >= 1.3333 until[0,11] always[0,inf] ( x_1 >= -1.3333 ) )', '( x_2 >= 1.3333 until[0,11] always[0,inf] ( x_1 >= -1.3333 ) )', '( x_2 >= 1.3333 until[0,11] always[0,inf] ( x_1 >= -1.3333 ) )', '( x_2 >= 1.3333 until[0,11] always[0,inf] ( x_1 >= -1.3333 ) )', '( x_2 >= 1.3333 until[0,11] always[0,inf] ( x_1 >= -1.3333 ) )', '( x_2 >= 1.3333 until[0,11] always[0,inf] ( x_1 >= -1.3333 ) )'], target_formulae: ['( x_0 <= -2.0 or ( x_0 >= 0.0 until[35,70] x_1 >= -4.0 ) )', '( ( x_0 <= -2.0 or x_0 >= 0.0 ) until[0,35] x_1 >= -2.0 )', '( x_0 <= 2.6667 until[0,23] eventually ( x_0 >= -0.0 ) )', '( eventually[0,inf] ( x_0 >= -0.0 ) until[0,58] x_0 <= 2.6667 )', '( x_0 <= 2.6667 until[11,35] eventually ( x_0 >= -0.0 ) )', '( x_0 <= 2.6667 until[11,58] eventually ( x_0 >= -0.0 ) )', '( x_0 <= 2.6667 until[11,23] eventually ( x_0 >= -0.0 ) )', '( x_0 <= 2.6667 until[11,inf] eventually[0,inf] ( x_0 >= -0.0 ) )', '( eventually ( x_0 >= -0.0 ) until[0,inf] x_0 <= 2.6667 )', '( x_0 <= 2.6667 until[11,35] eventually[0,inf] ( x_0 >= -0.0 ) )']
overlap_form = 0.0
dist_form = 0.9798957444727421
model name: linear
Starting the search of formula from embeddings
Ending the search of formula from embeddings
target dists: [[0.93789685 0.9614855  0.96296793 0.966715   0.9676013  0.97530663
  0.9787119  0.9793989  0.9793989  0.9793989 ]]
total_search_time1 = 1.095806360244751
Starting the search of formula from embeddings
Ending the search of formula from embeddings
imp dists: [[5.0113482 5.119211  5.119211  5.2271376 5.6596193 5.723897  5.8307962
  5.9085608 5.9798365 5.99101  ]]
total_search_time2 = 2.287113904953003
formulae are there! There are 10 imp_formulae and 10 target_formulae
imp_formulae: ['always[11,inf] ( ( x_0 >= -1.3333 and x_0 <= 1.3333 ) )', 'always[11,inf] ( ( x_1 >= -1.3333 until[35,inf] x_1 <= 1.3333 ) )', 'always[11,inf] ( ( x_1 >= -1.3333 until[58,inf] x_1 <= 1.3333 ) )', 'always[23,inf] ( ( x_1 <= 1.3333 until[0,11] x_1 >= -1.3333 ) )', 'always[0,inf] ( ( x_0 <= 1.3333 until[0,11] x_0 >= -1.3333 ) )', 'always[58,inf] ( ( x_1 >= -1.3333 until[35,inf] x_1 <= 1.3333 ) )', '( x_0 >= -1.3333 until[35,46] always[11,inf] ( x_0 <= 1.3333 ) )', 'always[11,inf] ( ( x_0 <= 1.3333 until x_0 >= -1.3333 ) )', 'always[11,23] ( ( x_0 >= -1.3333 until[70,inf] x_0 <= 1.3333 ) )', 'always[11,inf] ( ( x_0 <= 1.3333 until[58,inf] x_0 >= -1.3333 ) )'], target_formulae: ['( always[11,58] ( x_0 <= 2.6667 ) until[0,inf] x_0 >= -0.0 )', '( x_0 <= 2.6667 until[23,70] eventually[11,23] ( x_0 >= -0.0 ) )', '( x_0 <= 2.6667 until[58,inf] x_0 >= -0.0 )', '( eventually[35,inf] ( x_0 >= -0.0 ) until[23,35] x_0 <= 2.6667 )', 'not ( ( x_0 >= -2.6667 until[23,inf] x_0 <= -0.0 ) )', '( eventually[0,11] ( x_0 <= 2.6667 ) until[58,inf] x_0 >= -0.0 )', '( x_0 <= 2.6667 until[0,11] eventually[35,70] ( x_0 >= -0.0 ) )', '( eventually[35,70] ( x_0 >= 0.0 ) and always[0,70] ( x_1 >= -2.0 ) )', '( eventually[35,70] ( x_0 >= 0.0 ) and always[0,inf] ( x_1 >= -2.0 ) )', '( ( x_1 >= -2.0 until[0,inf] x_0 <= 4.0 ) until[35,70] x_0 >= 0.0 )']
overlap_form = 0.0
dist_form = 0.9546784833073616
model name: linear
Starting the search of formula from embeddings
Ending the search of formula from embeddings
target dists: [[0.93789685 0.9614855  0.96296793 0.966715   0.9676013  0.97530663
  0.9787119  0.9793989  0.9793989  0.9793989 ]]
total_search_time1 = 0.8928279876708984
Starting the search of formula from embeddings
Ending the search of formula from embeddings
imp dists: [[3.4028235e+38 3.4028235e+38 3.4028235e+38 3.4028235e+38 3.4028235e+38
  3.4028235e+38 3.4028235e+38 3.4028235e+38 3.4028235e+38 3.4028235e+38]]
total_search_time2 = 2.1478404998779297
formulae are there! There are 10 imp_formulae and 10 target_formulae
imp_formulae: ['( x_2 >= 1.3333 until[0,11] always[0,inf] ( x_1 >= -1.3333 ) )', '( x_2 >= 1.3333 until[0,11] always[0,inf] ( x_1 >= -1.3333 ) )', '( x_2 >= 1.3333 until[0,11] always[0,inf] ( x_1 >= -1.3333 ) )', '( x_2 >= 1.3333 until[0,11] always[0,inf] ( x_1 >= -1.3333 ) )', '( x_2 >= 1.3333 until[0,11] always[0,inf] ( x_1 >= -1.3333 ) )', '( x_2 >= 1.3333 until[0,11] always[0,inf] ( x_1 >= -1.3333 ) )', '( x_2 >= 1.3333 until[0,11] always[0,inf] ( x_1 >= -1.3333 ) )', '( x_2 >= 1.3333 until[0,11] always[0,inf] ( x_1 >= -1.3333 ) )', '( x_2 >= 1.3333 until[0,11] always[0,inf] ( x_1 >= -1.3333 ) )', '( x_2 >= 1.3333 until[0,11] always[0,inf] ( x_1 >= -1.3333 ) )'], target_formulae: ['( always[11,58] ( x_0 <= 2.6667 ) until[0,inf] x_0 >= -0.0 )', '( x_0 <= 2.6667 until[23,70] eventually[11,23] ( x_0 >= -0.0 ) )', '( x_0 <= 2.6667 until[58,inf] x_0 >= -0.0 )', '( eventually[35,inf] ( x_0 >= -0.0 ) until[23,35] x_0 <= 2.6667 )', 'not ( ( x_0 >= -2.6667 until[23,inf] x_0 <= -0.0 ) )', '( eventually[0,11] ( x_0 <= 2.6667 ) until[58,inf] x_0 >= -0.0 )', '( x_0 <= 2.6667 until[0,11] eventually[35,70] ( x_0 >= -0.0 ) )', '( eventually[35,70] ( x_0 >= 0.0 ) and always[0,70] ( x_1 >= -2.0 ) )', '( eventually[35,70] ( x_0 >= 0.0 ) and always[0,inf] ( x_1 >= -2.0 ) )', '( ( x_1 >= -2.0 until[0,inf] x_0 <= 4.0 ) until[35,70] x_0 >= 0.0 )']
overlap_form = 0.0
dist_form = 1.0093627031892538
weight_strategy = self_norm, n_psi_added = 500, n_traj = 4000, target_std = 1, proposal_std = 1, n_traj_points = 100, phi_id = 0, base_xi_id = 0, Dist = 0.29659295082092285, Cos_dist = 1.228197917342186, Dist_rho = 1.3183398817578262, Norm_proposal = 0.02264084294438362, Norm_target = 0.21981747448444366, Norm_imp = 0.1551765650510788, Pinv_error = 58.37738037109375, Sum_weights = 4.664918673810006e-116, Sum_squared_weights = 2.1761466233261308e-231, Elapsed_time = 1852.7870891094208, Process_mem = 363.09375, n_e = 1.0, overlap_form = 0.0, dist_form = 1.0171637423336506, overlap_form = 0.0, dist_form = 1.0171637423336506, dist_new_kernels = 13.185641288757324, dist_embed = 4.7742509841918945
weight_strategy = square_root, n_psi_added = 500, n_traj = 4000, target_std = 1, proposal_std = 1, n_traj_points = 100, phi_id = 0, base_xi_id = 0, Dist = inf, Cos_dist = nan, Dist_rho = 1.3183398817578262, Norm_proposal = 0.02264084294438362, Norm_target = 0.21981747448444366, Norm_imp = inf, Pinv_error = 58.37738037109375, Sum_weights = 4.664918673810006e-116, Sum_squared_weights = 2.1761466233261308e-231, Elapsed_time = 2883.7513375282288, Process_mem = 482.19921875, n_e = 1.0, overlap_form = 0.0, dist_form = 0.9798957444727421, overlap_form = 0.0, dist_form = 0.9798957444727421, dist_new_kernels = inf, dist_embed = inf
weight_strategy = self_norm, n_psi_added = 500, n_traj = 4000, target_std = 1, proposal_std = 1, n_traj_points = 100, phi_id = 1, base_xi_id = 0, Dist = 0.22320516407489777, Cos_dist = 1.1492535322904587, Dist_rho = 1.2943063833556883, Norm_proposal = 0.04382091760635376, Norm_target = 0.22055768966674805, Norm_imp = 0.01460479386150837, Pinv_error = 58.37738037109375, Sum_weights = 4.664918673810006e-116, Sum_squared_weights = 2.1761466233261308e-231, Elapsed_time = 3223.151954650879, Process_mem = 499.76171875, n_e = 1.0, overlap_form = 0.0, dist_form = 0.9546784833073616, overlap_form = 0.0, dist_form = 0.9546784833073616, dist_new_kernels = 10.736692428588867, dist_embed = 4.416181564331055
weight_strategy = square_root, n_psi_added = 500, n_traj = 4000, target_std = 1, proposal_std = 1, n_traj_points = 100, phi_id = 1, base_xi_id = 0, Dist = inf, Cos_dist = nan, Dist_rho = 1.2943063833556883, Norm_proposal = 0.04382091760635376, Norm_target = 0.22055768966674805, Norm_imp = inf, Pinv_error = 58.37738037109375, Sum_weights = 4.664918673810006e-116, Sum_squared_weights = 2.1761466233261308e-231, Elapsed_time = 3231.347369670868, Process_mem = 340.5, n_e = 1.0, overlap_form = 0.0, dist_form = 1.0093627031892538, overlap_form = 0.0, dist_form = 1.0093627031892538, dist_new_kernels = inf, dist_embed = inf
Completed job 6
weight_strategy = self_norm, n_psi_added = 500, n_traj = 4000, target_std = 1, proposal_std = 1, n_traj_points = 100, phi_id = 2, base_xi_id = 0, Dist = 0.4380604326725006, Cos_dist = 0.5583041310310364, Dist_rho = 1.0077536806569543, Norm_proposal = 0.3892202377319336, Norm_target = 0.4070698916912079, Norm_imp = 0.42170900106430054, Pinv_error = 58.37738037109375, Sum_weights = 4.664918673810006e-116, Sum_squared_weights = 2.1761466233261308e-231, Elapsed_time = 3530.5474610328674, Process_mem = 339.12890625, n_e = 1.0, overlap_form = 0.0, dist_form = 0.5388124585151672, overlap_form = 0.0, dist_form = 0.5388124585151672, dist_new_kernels = 17.298233032226562, dist_embed = 6.224664688110352
weight_strategy = square_root, n_psi_added = 500, n_traj = 4000, target_std = 1, proposal_std = 1, n_traj_points = 100, phi_id = 2, base_xi_id = 0, Dist = inf, Cos_dist = nan, Dist_rho = 1.0077536806569543, Norm_proposal = 0.3892202377319336, Norm_target = 0.4070698916912079, Norm_imp = inf, Pinv_error = 58.37738037109375, Sum_weights = 4.664918673810006e-116, Sum_squared_weights = 2.1761466233261308e-231, Elapsed_time = 3528.9635632038116, Process_mem = 342.19921875, n_e = 1.0, overlap_form = 0.0, dist_form = 0.25683116912841797, overlap_form = 0.0, dist_form = 0.25683116912841797, dist_new_kernels = inf, dist_embed = inf
weight_strategy = self_norm, n_psi_added = 500, n_traj = 4000, target_std = 1, proposal_std = 1, n_traj_points = 100, phi_id = 6, base_xi_id = 0, Dist = 0.8866442441940308, Cos_dist = 1.4350198805332184, Dist_rho = 1.4560920424650368, Norm_proposal = 0.29478567838668823, Norm_target = 0.32909896969795227, Norm_imp = 0.6924954652786255, Pinv_error = 58.37738037109375, Sum_weights = 4.664918673810006e-116, Sum_squared_weights = 2.1761466233261308e-231, Elapsed_time = 3478.1729266643524, Process_mem = 337.54296875, n_e = 1.0, overlap_form = 0.0, dist_form = 1.7200342416763306, overlap_form = 0.0, dist_form = 1.7200342416763306, dist_new_kernels = 34.24293899536133, dist_embed = 14.54629135131836
weight_strategy = square_root, n_psi_added = 500, n_traj = 4000, target_std = 1, proposal_std = 1, n_traj_points = 100, phi_id = 6, base_xi_id = 0, Dist = inf, Cos_dist = nan, Dist_rho = 1.4560920424650368, Norm_proposal = 0.29478567838668823, Norm_target = 0.32909896969795227, Norm_imp = inf, Pinv_error = 58.37738037109375, Sum_weights = 4.664918673810006e-116, Sum_squared_weights = 2.1761466233261308e-231, Elapsed_time = 3514.926392555237, Process_mem = 346.0078125, n_e = 1.0, overlap_form = 0.0, dist_form = 1.6881374716758728, overlap_form = 0.0, dist_form = 1.6881374716758728, dist_new_kernels = inf, dist_embed = inf
Completed job 7
