parameter combinations: [[500, 4000, 1.0, 1.0, 11, 1, 0, 'self_norm']]
test name: focusMU0_M2B
[('self_norm', 500, 4000, 1.0, 1.0, 11, 1, 0, 0.3958127498626709, nan, 0.6134740129737705, 0.3155151307582855, 0.3958127498626709, 0.0, 49.337825775146484, None, None, 148.55009412765503, 692.0625)]
Completed job 0
parameter combinations: [[500, 4000, 1.0, 1.0, 11, 1, 1, 'self_norm']]
test name: focusMU0_M2B
[('self_norm', 500, 4000, 1.0, 1.0, 11, 1, 1, 0.7404690384864807, 0.5890969634056091, 0.7316493993753288, 0.3155151307582855, 0.36625412106513977, 0.8114025592803955, 49.337825775146484, None, None, 16.94044065475464, 699.6171875)]
Completed job 1
parameter combinations: []
test name: focusMU0_M2B
[]
Completed job 10
parameter combinations: []
test name: focusMU0_M2B
[]
Completed job 11
parameter combinations: []
test name: focusMU0_M2B
[]
Completed job 12
parameter combinations: []
test name: focusMU0_M2B
[]
Completed job 13
parameter combinations: []
test name: focusMU0_M2B
[]
Completed job 14
parameter combinations: []
test name: focusMU0_M2B
[]
Completed job 15
parameter combinations: []
test name: focusMU0_M2B
[]
Completed job 16
parameter combinations: []
test name: focusMU0_M2B
[]
Completed job 17
parameter combinations: []
test name: focusMU0_M2B
[]
Completed job 18
parameter combinations: []
test name: focusMU0_M2B
[]
Completed job 19
parameter combinations: [[500, 4000, 1.0, 1.0, 11, 1, 2, 'self_norm']]
test name: focusMU0_M2B
[('self_norm', 500, 4000, 1.0, 1.0, 11, 1, 2, 0.22757381200790405, nan, 0.7576730732854875, 0.3155151307582855, 0.22757381200790405, 0.0, 49.337825775146484, None, None, 26.882636785507202, 697.7109375)]
Completed job 2
parameter combinations: [[500, 4000, 1.0, 1.0, 11, 1, 3, 'self_norm']]
test name: focusMU0_M2B
[('self_norm', 500, 4000, 1.0, 1.0, 11, 1, 3, 0.4421875476837158, 0.8054714202880859, 0.6855292714353968, 0.3155151307582855, 0.30150267481803894, 0.38738447427749634, 49.337825775146484, None, None, 14.144598960876465, 700.3203125)]
Completed job 3
parameter combinations: [[500, 4000, 1.0, 1.0, 11, 1, 4, 'self_norm']]
test name: focusMU0_M2B
[('self_norm', 500, 4000, 1.0, 1.0, 11, 1, 4, 0.6434234976768494, nan, 0.5624206069099288, 0.3155151307582855, 0.6434234976768494, 0.0, 49.337825775146484, None, None, 12.25648307800293, 697.36328125)]
Completed job 4
parameter combinations: [[500, 4000, 1.0, 4.0, 11, 1, 0, 'self_norm']]
test name: focusMU0_M2B
[('self_norm', 500, 4000, 1.0, 4.0, 11, 1, 0, 0.3958127498626709, nan, 0.8508394158046458, 0.3328438997268677, 0.3958127498626709, 0.0, 50.26366424560547, None, None, 83.71343302726746, 692.2421875)]
Completed job 5
parameter combinations: [[500, 4000, 1.0, 4.0, 11, 1, 1, 'self_norm']]
test name: focusMU0_M2B
Begin work on process
[('self_norm', 500, 4000, 1.0, 4.0, 11, 1, 1, 0.8698030114173889, 0.6405792832374573, 0.9258375959351819, 0.3328438997268677, 0.36625412106513977, 0.9314818382263184, 50.26366424560547, None, None, 13.595503330230713, 692.92578125)]
Completed job 6
parameter combinations: [[500, 4000, 1.0, 4.0, 11, 1, 2, 'self_norm']]
test name: focusMU0_M2B
[('self_norm', 500, 4000, 1.0, 4.0, 11, 1, 2, 0.22757381200790405, nan, 0.9426804423328434, 0.3328438997268677, 0.22757381200790405, 0.0, 50.26366424560547, None, None, 11.129796028137207, 695.79296875)]
Completed job 7
parameter combinations: [[500, 4000, 1.0, 4.0, 11, 1, 3, 'self_norm']]
test name: focusMU0_M2B
[('self_norm', 500, 4000, 1.0, 4.0, 11, 1, 3, 1.0266308784484863, 0.9403441548347473, 0.9038087487993967, 0.3328438997268677, 0.30150267481803894, 0.9995113611221313, 50.26366424560547, None, None, 23.605448484420776, 695.29296875)]
Completed job 8
parameter combinations: [[500, 4000, 1.0, 4.0, 11, 1, 4, 'self_norm']]
test name: focusMU0_M2B
[('self_norm', 500, 4000, 1.0, 4.0, 11, 1, 4, 0.6434234976768494, nan, 0.8286710585479352, 0.3328438997268677, 0.6434234976768494, 0.0, 50.26366424560547, None, None, 33.103737115859985, 698.0859375)]
Completed job 9
