starting the work inside Run_jobs
parameter combinations: [[350, 1000, 1, 11], [350, 1000, 1, 55], [350, 1000, 1, 99], [350, 1000, 0.8, 11], [350, 1000, 0.8, 55], [350, 1000, 0.8, 99]]
test name: nountill_B2M
[(350, 1000, 1, 11, 0.754828929901123, 0.6072849631309509, 0.41336625662231613, 0.4791235625743866, 0.7061847448348999, 0.6620125770568848, 11.313580513000488, 4.5392230439183117e-07, 1.0406329292529564e-13, 13.525586605072021, 263.828125), (350, 1000, 1, 55, 0.337069034576416, 0.21892297267913818, 1.1274841253973351, 0.22149741649627686, 0.535100519657135, 0.46232932806015015, 10.148761749267578, 6.270119978682338e-68, 3.929684035332546e-135, 1.9245996475219727, 289.796875), (350, 1000, 1, 99, 0.8660472631454468, 0.6393320560455322, 0.169378179275604, 0.5504836440086365, 0.8327773213386536, 0.6834142804145813, 11.532410621643066, 6.575288923693813e-148, 4.323442442753863e-295, 2.0184357166290283, 292.54296875), (350, 1000, 0.8, 11, 0.4730643033981323, 1.3290048837661743, 0.6173363865594055, 0.1715998500585556, 0.46428537368774414, 0.024905139580368996, 11.224827766418457, 3.427525120613321e-05, 1.174650900526963e-09, 1.528182029724121, 290.3671875), (350, 1000, 0.8, 55, 0.525379478931427, 0.44984889030456543, 0.7373199158079587, 0.31627994775772095, 0.2769329845905304, 0.624100387096405, 11.401618957519531, 8.375825702041053e-92, 6.9777964892471205e-183, 1.879964828491211, 291.16796875), (350, 1000, 0.8, 99, 0.5704630613327026, 0.30649298429489136, 0.2608586237110987, 0.5148347020149231, 0.6870497465133667, 0.7600544095039368, 10.862646102905273, 5.42179717216225e-181, 0.0, 2.0242085456848145, 292.375)]
Completed job 0
starting the work inside Run_jobs
parameter combinations: [[350, 1000, 0.6, 11], [350, 1000, 0.6, 55], [350, 1000, 0.6, 99], [350, 2000, 1, 11], [350, 2000, 1, 55], [350, 2000, 1, 99]]
test name: nountill_B2M
[(350, 1000, 0.6, 11, 0.4829805791378021, 0.2203747034072876, 0.6145882844713815, 0.5054478645324707, 0.48217424750328064, 0.7528643608093262, 12.08287239074707, 1.019659127746555e-14, 9.724175794905818e-29, 1.5744385719299316, 263.2578125), (350, 1000, 0.6, 55, 0.3165755569934845, 0.3109787702560425, 0.8682343314356967, 0.12180029600858688, 0.23475120961666107, 0.42872148752212524, 10.197920799255371, 1.7817013532975967e-124, 2.4421089182607593e-248, 1.8503987789154053, 287.2421875), (350, 1000, 0.6, 99, 0.39682063460350037, nan, 0.6719234458634248, 0.16972574591636658, 0.39682063460350037, 0.0, 11.618827819824219, 2.2250738585072014e-308, 0.0, 1.9904637336730957, 291.984375), (350, 2000, 1, 11, 0.5013754367828369, 0.8015179336071014, 1.1028440735392775, 0.2500523030757904, 0.17080341279506683, 0.5065035223960876, 27.0333194732666, 5.4513182218523464e-05, 1.6215066134704624e-09, 11.378276348114014, 376.76953125), (350, 2000, 1, 55, 0.5601571798324585, 0.27078819274902344, 0.18347617846098688, 0.5475522875785828, 0.7691313028335571, 0.752632200717926, 25.861663818359375, 1.235645056894816e-65, 1.1286370853301808e-130, 19.88386869430542, 381.45703125), (350, 2000, 1, 99, 0.6722237467765808, 0.6368774771690369, 0.9176191970119709, 0.33374473452568054, 0.13177044689655304, 0.7087655663490295, 25.628681182861328, 2.2061200337588362e-149, 4.866965603343615e-298, 13.188184261322021, 386.80859375)]
Completed job 1
starting the work inside Run_jobs
parameter combinations: [[350, 2000, 0.8, 11], [350, 2000, 0.8, 55], [350, 2000, 0.8, 99], [350, 2000, 0.6, 11], [350, 2000, 0.6, 55], [350, 2000, 0.6, 99]]
test name: nountill_B2M
[(350, 2000, 0.8, 11, 0.2970380187034607, 0.08815205097198486, 1.2784954769607066, 0.3210980296134949, 0.37381887435913086, 0.5951898097991943, 26.698444366455078, 2.0684204569779966e-08, 1.5173354286876546e-16, 34.11138725280762, 357.9296875), (350, 2000, 0.8, 55, 0.5485894083976746, 0.17250514030456543, 0.9248460884657403, 0.26700931787490845, 0.49303656816482544, 0.8816067576408386, 26.510637283325195, 5.189904977694155e-84, 2.642297721639055e-167, 78.56387901306152, 393.8515625), (350, 2000, 0.8, 99, 0.8382088541984558, 0.5452916920185089, 0.510271643932978, 0.5082040429115295, 0.7361751794815063, 0.8569463491439819, 26.188037872314453, 8.361920744935996e-175, 0.0, 115.79269313812256, 393.9921875), (350, 2000, 0.6, 11, 0.4663066864013672, 0.7025958895683289, 1.0900173733294471, 0.2450120747089386, 0.1959589421749115, 0.48540717363357544, 26.903667449951172, 1.1564505537914196e-11, 7.082851817618426e-23, 47.436163902282715, 395.9609375), (350, 2000, 0.6, 55, 0.5533258318901062, 0.33541572093963623, 0.476804152201565, 0.39697182178497314, 0.6429817080497742, 0.7018014788627625, 26.035003662109375, 2.1686240482268217e-118, 4.611902875701347e-236, 70.4299635887146, 396.53515625), (350, 2000, 0.6, 99, 0.857708752155304, nan, 0.1397176658890459, 0.5465304255485535, 0.857708752155304, 0.0, 26.472999572753906, 2.2250738585072014e-308, 0.0, 210.21615052223206, 402.8125)]
Completed job 2
starting the work inside Run_jobs
parameter combinations: [[350, 3000, 1, 11], [350, 3000, 1, 55], [350, 3000, 1, 99], [350, 3000, 0.8, 11], [350, 3000, 0.8, 55], [350, 3000, 0.8, 99]]
test name: nountill_B2M
Begin work on process
Begin work on process
Begin work on process
Begin work on process
Begin work on process
Begin work on process
[(350, 3000, 1, 11, 0.324505090713501, 0.12354695796966553, 1.0440515514683841, 0.1537977010011673, 0.6679734587669373, 0.6286168098449707, 37.99366760253906, 1.8629239061368018e-06, 2.5093058355633625e-12, 9.377899646759033, 423.59765625), (350, 3000, 1, 55, 0.9079954624176025, 0.6073364019393921, 0.9185582643861878, 0.20718717575073242, 0.7892847657203674, 0.8553935289382935, 37.33073043823242, 6.816496728591671e-76, 4.638778832901968e-151, 11.768924713134766, 434.02734375), (350, 3000, 1, 99, 0.8831849098205566, 1.5434635281562805, 1.5801686299687139, 0.2267254889011383, 0.8151776194572449, 0.11534159630537033, 37.63716125488281, 5.1294000529527946e-145, 2.086023656880002e-289, 11.114258289337158, 442.15625), (350, 3000, 0.8, 11, 1.2326397895812988, 1.3108573853969574, 0.4805996745815355, 0.41675668954849243, 0.7357868552207947, 0.7863287925720215, 37.795894622802734, 1.0246864987364252e-05, 9.963907033023633e-11, 9.788670778274536, 425.640625), (350, 3000, 0.8, 55, 0.7317862510681152, 0.8007013201713562, 0.8326134081494455, 0.3421612083911896, 0.11015915870666504, 0.7457351088523865, 37.4644660949707, 2.0016527030084702e-80, 3.9767289285483397e-160, 11.081453800201416, 434.4453125), (350, 3000, 0.8, 99, 1.2755472660064697, 1.3663093149662018, 1.3324813509746771, 0.22074808180332184, 0.7751510143280029, 0.7680939435958862, 37.82250213623047, 3.869566977320173e-173, 0.0, 11.089879035949707, 445.68359375)]
Completed job 3
starting the work inside Run_jobs
parameter combinations: [[350, 3000, 0.6, 11], [350, 3000, 0.6, 55], [350, 3000, 0.6, 99], [350, 4000, 1, 11], [350, 4000, 1, 55], [350, 4000, 1, 99]]
test name: nountill_B2M
[(350, 3000, 0.6, 11, 0.7033013105392456, 0.5168631672859192, 0.8991566926941243, 0.32371050119400024, 0.6556342244148254, 0.7231032848358154, 38.28178787231445, 7.048501615349026e-10, 2.954940612747934e-19, 23.059086084365845, 424.6328125), (350, 3000, 0.6, 55, 0.3119880259037018, 0.6298632025718689, 0.7267988859278092, 0.21244733035564423, 0.3249823749065399, 0.04159724339842796, 37.223960876464844, 9.519208107630185e-117, 3.88793609786055e-233, 30.239393949508667, 434.07421875), (350, 3000, 0.6, 99, 0.379129558801651, nan, 0.6999009801910334, 0.4249874949455261, 0.379129558801651, 0.0, 37.517784118652344, 2.2250738585072014e-308, 0.0, 10.997087955474854, 438.50390625), (350, 4000, 1, 11, 0.5383932590484619, 0.28210973739624023, 0.14666114554136322, 0.4855189323425293, 0.746850848197937, 0.6759616136550903, 47.488739013671875, 0.00034662627737390536, 6.896943668325336e-08, 16.32402515411377, 547.46484375), (350, 4000, 1, 55, 0.3571041226387024, 0.2885255813598633, 0.6338961112503557, 0.31800577044487, 0.41697847843170166, 0.5007898807525635, 47.07045364379883, 6.000590862213135e-64, 3.6006841490820904e-127, 16.128870725631714, 565.3828125), (350, 4000, 1, 99, 1.1096301078796387, 1.2894264459609985, 1.3045113104545196, 0.36038151383399963, 0.4286455810070038, 0.9069250226020813, 47.39585494995117, 4.9876936542647415e-145, 2.4876885922645064e-289, 18.783809900283813, 572.8125)]
Completed job 4
starting the work inside Run_jobs
parameter combinations: [[350, 4000, 0.8, 11], [350, 4000, 0.8, 55], [350, 4000, 0.8, 99], [350, 4000, 0.6, 11], [350, 4000, 0.6, 55], [350, 4000, 0.6, 99]]
test name: nountill_B2M
Begin work on process
Begin work on process
Begin work on process
Begin work on process
Begin work on process
Begin work on process
[(350, 4000, 0.8, 11, 0.5510780811309814, 0.6100583672523499, 1.0022410103058035, 0.22429624199867249, 0.2035427838563919, 0.5975945591926575, 47.467926025390625, 2.0681445140454903e-05, 3.3918102500276317e-10, 11.909859418869019, 549.640625), (350, 4000, 0.8, 55, 0.33873721957206726, 0.1895524263381958, 1.0050291619918796, 0.1371755748987198, 0.4538806676864624, 0.5777190327644348, 47.039371490478516, 1.1611560448317722e-83, 9.632677097095003e-167, 14.820314645767212, 566.703125), (350, 4000, 0.8, 99, 0.2594027817249298, 0.6284887194633484, 0.7810772380941388, 0.3987553119659424, 0.2570125460624695, 0.19722440838813782, 47.45905303955078, 1.4105006188477183e-171, 0.0, 17.162121295928955, 573.9296875), (350, 4000, 0.6, 11, 0.4618130028247833, 0.40273094177246094, 0.744574321464756, 0.3430349826812744, 0.5646151304244995, 0.42779868841171265, 47.58259582519531, 4.57446166500446e-09, 1.0442873271637983e-17, 11.715265035629272, 552.0703125), (350, 4000, 0.6, 55, 0.612497091293335, 0.37785279750823975, 0.8739530400804405, 0.3052554130554199, 0.7772535085678101, 0.41380950808525085, 47.2709846496582, 1.4029324473140415e-113, 9.664778870492004e-227, 14.010577201843262, 566.55859375), (350, 4000, 0.6, 99, 0.1597098559141159, nan, 1.142621305253861, 0.3587009012699127, 0.1597098559141159, 0.0, 47.73020935058594, 2.2250738585072014e-308, 0.0, 16.11971139907837, 580.765625)]
Completed job 5
starting the work inside Run_jobs
parameter combinations: [[600, 1000, 1, 11], [600, 1000, 1, 55], [600, 1000, 1, 99], [600, 1000, 0.8, 11], [600, 1000, 0.8, 55], [600, 1000, 0.8, 99]]
test name: nountill_B2M
Begin work on process
Begin work on process
Begin work on process
Begin work on process
Begin work on process
Begin work on process
[(600, 1000, 1, 11, 0.706741988658905, 0.8214340060949326, 0.9907758478128461, 0.2677922248840332, 0.6616658568382263, 0.3931823968887329, 9.848710060119629, 2.39985751744053e-07, 2.843365548115495e-14, 1.6549344062805176, 275.0), (600, 1000, 1, 55, 1.310340404510498, 1.6760679483413696, 1.2229866140486507, 0.23550179600715637, 0.6609498858451843, 0.769627034664154, 7.1413254737854, 1.5930373606446652e-74, 2.5358461935458577e-148, 1.904021978378296, 306.27734375), (600, 1000, 1, 99, 0.7322524785995483, 0.7669620960950851, 0.5235322662544001, 0.46286576986312866, 0.5613476037979126, 0.6188676953315735, 7.873905181884766, 1.1249680315743605e-153, 1.245345389850008e-306, 2.0980701446533203, 306.3125), (600, 1000, 0.8, 11, 0.9808706641197205, 1.1225121468305588, 0.6291145873262939, 0.40054452419281006, 0.7102294564247131, 0.5950824022293091, 9.48670482635498, 2.6893467227033064e-08, 4.2823581250568616e-16, 1.6279566287994385, 302.6015625), (600, 1000, 0.8, 55, 0.926678478717804, 0.3543522357940674, 1.051535129207021, 0.22889737784862518, 0.12477880716323853, 1.002329707145691, 6.999905109405518, 6.6519657146326035e-99, 4.424091138713641e-197, 1.904982328414917, 309.73046875), (600, 1000, 0.8, 99, 0.703725278377533, 1.0488990060985088, 1.0909832595003828, 0.24369144439697266, 0.63621586561203, 0.27125781774520874, 7.615677833557129, 1.7562749551739107e-183, 0.0, 2.1087167263031006, 304.37109375)]
Completed job 6
starting the work inside Run_jobs
parameter combinations: [[600, 1000, 0.6, 11], [600, 1000, 0.6, 55], [600, 1000, 0.6, 99], [600, 2000, 1, 11], [600, 2000, 1, 55], [600, 2000, 1, 99]]
test name: nountill_B2M
[(600, 1000, 0.6, 11, 0.23586079478263855, 0.23459118604660034, 0.9784895479285021, 0.15748900175094604, 0.3514341413974762, 0.3359265625476837, 8.944144248962402, 1.7699054339373483e-14, 9.905603779377847e-29, 7.7433998584747314, 274.00390625), (600, 1000, 0.6, 55, 0.7316840291023254, 1.180726483464241, 1.2275000348652705, 0.38455730676651, 0.22583810985088348, 0.6563395857810974, 7.348381996154785, 1.1607348419381822e-109, 1.31681894966929e-218, 2.0493698120117188, 306.26171875), (600, 1000, 0.6, 99, 0.14897337555885315, nan, 0.8901441757748604, 0.13388457894325256, 0.14897337555885315, 0.0, 8.944131851196289, 2.2250738585072014e-308, 0.0, 2.278380870819092, 304.8125), (600, 2000, 1, 11, 0.34650734066963196, 0.5249525308609009, 1.0187694905029758, 0.2582813799381256, 0.3862878084182739, 0.11625053733587265, 25.958158493041992, 0.3281043089566127, 0.10543569158696219, 39.52343511581421, 404.015625), (600, 2000, 1, 55, 0.36130017042160034, 0.13691747188568115, 0.31557138840738863, 0.5364843010902405, 0.6927043199539185, 0.688062846660614, 24.634363174438477, 8.327804042436979e-77, 3.5437142094152335e-153, 297.4371452331543, 390.59765625), (600, 2000, 1, 99, 0.15514366328716278, 0.8231748938560486, 0.8259061537661231, 0.13486067950725555, 0.14659973978996277, 0.08293168246746063, 25.195974349975586, 1.8804844669863485e-144, 3.5130918118649035e-288, 235.26893496513367, 407.59375)]
Completed job 7
starting the work inside Run_jobs
parameter combinations: [[600, 2000, 0.8, 11], [600, 2000, 0.8, 55], [600, 2000, 0.8, 99], [600, 2000, 0.6, 11], [600, 2000, 0.6, 55], [600, 2000, 0.6, 99]]
test name: nountill_B2M
[(600, 2000, 0.8, 11, 1.1773123741149902, 1.2004168927669525, 1.6758513348385737, 0.3443514108657837, 0.7286195158958435, 0.7901890873908997, 25.82292938232422, 1.608652256538526e-06, 2.2584451331992856e-12, 50.19602870941162, 378.21484375), (600, 2000, 0.8, 55, 0.7986945509910583, 0.5022541880607605, 0.3632650847167212, 0.47715723514556885, 0.6961168646812439, 0.8693552613258362, 25.31471061706543, 1.1888986308023177e-83, 1.3678864118118777e-166, 127.01815891265869, 405.96875), (600, 2000, 0.8, 99, 1.2781190872192383, 1.587281048297882, 1.1468720356974162, 0.23184312880039215, 0.7337061762809753, 0.7008904814720154, 25.90026092529297, 5.836976653993566e-168, 0.0, 93.4060423374176, 405.82421875), (600, 2000, 0.6, 11, 0.2303740531206131, 0.41040170192718506, 0.697424965316368, 0.21202057600021362, 0.28288179636001587, 0.1962466835975647, 26.18813705444336, 6.132904887087271e-11, 3.7377259464965035e-21, 13.745840787887573, 406.07421875), (600, 2000, 0.6, 55, 0.7398773431777954, 0.8514686077833176, 0.3685806764584301, 0.41815507411956787, 0.6050000786781311, 0.5251413583755493, 25.076751708984375, 9.558436909763013e-101, 9.136355533489611e-201, 152.86357402801514, 414.14453125), (600, 2000, 0.6, 99, 0.6233917474746704, nan, 0.8213104021757097, 0.22236648201942444, 0.6233917474746704, 0.0, 25.036712646484375, 2.2250738585072014e-308, 0.0, 268.2343394756317, 416.1015625)]
Completed job 8
starting the work inside Run_jobs
parameter combinations: [[600, 3000, 1, 11], [600, 3000, 1, 55], [600, 3000, 1, 99], [600, 3000, 0.8, 11], [600, 3000, 0.8, 55], [600, 3000, 0.8, 99]]
test name: nountill_B2M
[(600, 3000, 1, 11, 0.7662613987922668, 0.5593042075634003, 0.07169708384694319, 0.4921109080314636, 0.8028925061225891, 0.6140555739402771, 37.63672637939453, 1.7294309588377677e-05, 8.97368961099702e-11, 22.98069453239441, 441.72265625), (600, 3000, 1, 55, 0.7303452491760254, 0.5996409058570862, 0.20223806375095058, 0.45271003246307373, 0.5435653924942017, 0.751755952835083, 36.615333557128906, 3.228907891540444e-67, 1.0375593673922225e-133, 16.725614547729492, 455.015625), (600, 3000, 1, 99, 0.4829086363315582, 0.23238718509674072, 0.07106964701130522, 0.5541585087776184, 0.7185854315757751, 0.6968308687210083, 37.18367385864258, 1.567809147986811e-142, 2.4567674280361326e-284, 13.960296392440796, 459.83984375), (600, 3000, 0.8, 11, 0.6473785042762756, 0.954794954508543, 0.8693155248215036, 0.17421308159828186, 0.5371024012565613, 0.386508047580719, 38.08517837524414, 6.00658455090756e-08, 2.2844673371520002e-15, 8.78017544746399, 444.41015625), (600, 3000, 0.8, 55, 0.4104256331920624, 0.20598173141479492, 0.48628105501458063, 0.44918525218963623, 0.657008945941925, 0.6162045001983643, 36.57435607910156, 1.1143611241007597e-89, 6.77895683086396e-179, 13.521463871002197, 456.109375), (600, 3000, 0.8, 99, 0.5714557766914368, 0.396121084690094, 0.7333802735769086, 0.30708688497543335, 0.4511255621910095, 0.7165678143501282, 37.1832275390625, 4.643589800372302e-158, 2.0698344e-315, 12.504793167114258, 466.15234375)]
Completed job 9
starting the work inside Run_jobs
parameter combinations: [[600, 3000, 0.6, 11], [600, 3000, 0.6, 55], [600, 3000, 0.6, 99], [600, 4000, 1, 11], [600, 4000, 1, 55], [600, 4000, 1, 99]]
test name: nountill_B2M
Begin work on process
Begin work on process
Begin work on process
Begin work on process
Begin work on process
Begin work on process
[(600, 3000, 0.6, 11, 0.9097692966461182, 0.6805615127086639, 1.0078466413365013, 0.15773920714855194, 0.861076295375824, 0.6774120330810547, 37.43741226196289, 1.4846325808660795e-11, 1.5330842949388618e-22, 9.813137292861938, 443.0390625), (600, 3000, 0.6, 55, 0.42183974385261536, 0.197057843208313, 0.5157220687792624, 0.37985697388648987, 0.7031428813934326, 0.6124681234359741, 37.03565216064453, 2.1006263434929275e-116, 1.6702848155341127e-232, 10.917338848114014, 456.22265625), (600, 3000, 0.6, 99, 0.4827452600002289, nan, 0.5666807245974224, 0.5190894603729248, 0.4827452600002289, 0.0, 37.30419921875, 2.2250738585072014e-308, 0.0, 13.969601154327393, 462.6015625), (600, 4000, 1, 11, 0.3037090599536896, 0.08236300945281982, 1.245182294299213, 0.25562989711761475, 0.7230240702629089, 0.5651242136955261, 47.800750732421875, 0.0008361911164542209, 1.977063766394343e-07, 16.753981828689575, 574.90234375), (600, 4000, 1, 55, 0.9149401187896729, 0.8007314503192902, 0.11600709875039349, 0.5385894179344177, 0.7551759481430054, 0.6885067224502563, 46.68894958496094, 8.554290086100036e-68, 7.078550350887431e-135, 22.713320016860962, 590.296875), (600, 4000, 1, 99, 0.8007608652114868, 0.5328501164913177, 0.8232918667517382, 0.3754718601703644, 0.45416703820228577, 0.9049580693244934, 47.31239318847656, 7.260299235887807e-144, 5.260095807389844e-287, 22.69700264930725, 602.23828125)]
Completed job 10
starting the work inside Run_jobs
parameter combinations: [[600, 4000, 0.8, 11], [600, 4000, 0.8, 55], [600, 4000, 0.8, 99], [600, 4000, 0.6, 11], [600, 4000, 0.6, 55], [600, 4000, 0.6, 99]]
test name: nountill_B2M
[(600, 4000, 0.8, 11, 0.41398173570632935, 0.1176905632019043, 1.1143035855420276, 0.24189534783363342, 0.39039286971092224, 0.7154165506362915, 47.46797561645508, 3.241798985048506e-07, 6.966138698466093e-14, 15.885072231292725, 576.4765625), (600, 4000, 0.8, 55, 0.8864583969116211, 1.6352366209030151, 1.6787611729119174, 0.4348846971988678, 0.6364059448242188, 0.33345022797584534, 46.912113189697266, 1.0200907846737717e-83, 7.872900288376039e-167, 22.170257329940796, 593.37890625), (600, 4000, 0.8, 99, 0.6217095255851746, 0.43100619316101074, 0.6081232901689598, 0.3754616379737854, 0.468947172164917, 0.7544842958450317, 47.374595642089844, 1.4004498532987738e-157, 1.961250283e-314, 26.000474214553833, 600.84765625), (600, 4000, 0.6, 11, 0.5978080630302429, 0.47682803869247437, 0.8365541946416221, 0.30905619263648987, 0.6428923606872559, 0.5754892230033875, 47.68701934814453, 7.38935767804569e-11, 1.7402213868386094e-21, 17.012596368789673, 579.73046875), (600, 4000, 0.6, 55, 0.7208058834075928, 0.4774134159088135, 0.4345381690226727, 0.4114713966846466, 0.7471604347229004, 0.7277517318725586, 46.78486633300781, 1.0238038680954997e-103, 1.0481730093233793e-206, 21.307671070098877, 592.265625), (600, 4000, 0.6, 99, 0.32882142066955566, nan, 1.098982684186004, 0.1910509318113327, 0.32882142066955566, 0.0, 47.123207092285156, 2.2250738585072014e-308, 0.0, 23.844985961914062, 607.5)]
Completed job 11
starting the work inside Run_jobs
parameter combinations: [[1000, 1000, 1, 11], [1000, 1000, 1, 55], [1000, 1000, 1, 99], [1000, 1000, 0.8, 11], [1000, 1000, 0.8, 55], [1000, 1000, 0.8, 99]]
test name: nountill_B2M
[(1000, 1000, 1, 11, 0.3561422824859619, 0.1762453317642212, 0.8817809873454863, 0.1868465393781662, 0.5877602100372314, 0.6098526120185852, 5.385085582733154, 1.893047149159775e-08, 1.944781061469744e-16, 2.5064375400543213, 295.7421875), (1000, 1000, 1, 55, 0.6293394565582275, 0.38043278455734253, 0.8211845582325472, 0.43059077858924866, 0.29290783405303955, 0.767314612865448, 4.123052597045898, 1.5269007947068598e-74, 1.761306735576148e-148, 2.820488929748535, 335.48046875), (1000, 1000, 1, 99, 0.5357287526130676, 0.9153204560279846, 1.0093946284952138, 0.26264259219169617, 0.22436383366584778, 0.5058532953262329, 4.8989081382751465, 1.092334751165419e-149, 7.988723026771171e-299, 3.1436872482299805, 336.8359375), (1000, 1000, 0.8, 11, 0.41205909848213196, 0.154382586479187, 0.7889284672038354, 0.33270981907844543, 0.2705574035644531, 0.6147096157073975, 5.196074485778809, 3.7738414323845805e-08, 5.500690924541031e-16, 1.9988491535186768, 334.6484375), (1000, 1000, 0.8, 55, 0.37621399760246277, 0.09442383050918579, 0.8379417563934106, 0.2705332934856415, 0.886771559715271, 0.7963281273841858, 3.8729324340820312, 2.129079429434201e-91, 2.366278929204017e-182, 2.3568873405456543, 336.8203125), (1000, 1000, 0.8, 99, 0.5171068906784058, 0.29192423820495605, 0.9495741000288735, 0.286019504070282, 0.553959846496582, 0.730453372001648, 4.472069263458252, 4.049691553245037e-174, 0.0, 2.737060546875, 337.41796875)]
Completed job 12
starting the work inside Run_jobs
parameter combinations: [[1000, 1000, 0.6, 11], [1000, 1000, 0.6, 55], [1000, 1000, 0.6, 99], [1000, 2000, 1, 11], [1000, 2000, 1, 55], [1000, 2000, 1, 99]]
test name: nountill_B2M
[(1000, 1000, 0.6, 11, 0.3216475248336792, 0.9110789895057678, 0.818608898615654, 0.2042326033115387, 0.24847939610481262, 0.22752942144870758, 4.123024940490723, 1.0007612753281681e-10, 2.5471915520765502e-21, 4.746838092803955, 295.640625), (1000, 1000, 0.6, 55, 0.7173865437507629, 1.2168739438056946, 1.0047202854984691, 0.28308722376823425, 0.6981827020645142, 0.07243899255990982, 2.8283870220184326, 1.4168376778021574e-126, 1.992091616301602e-252, 2.203770160675049, 335.3828125), (1000, 1000, 0.6, 99, 0.5462512373924255, nan, 1.1169996955313755, 0.17046509683132172, 0.5462512373924255, 0.0, 3.9999492168426514, 2.2250738585072014e-308, 0.0, 2.4282188415527344, 337.9296875), (1000, 2000, 1, 11, 0.6467985510826111, 0.5920411646366119, 1.2487401221583407, 0.24112583696842194, 0.5785450339317322, 0.6093061566352844, 24.71528434753418, 0.0005393255805141537, 6.340715097750815e-08, 122.69343566894531, 431.578125), (1000, 2000, 1, 55, 0.7605190277099609, 0.4598168134689331, 0.7360013687697495, 0.25118136405944824, 0.7575337290763855, 0.8239138722419739, 23.364072799682617, 1.6100308248388025e-85, 2.5578447120679022e-170, 310.2565567493439, 428.921875), (1000, 2000, 1, 99, 1.034830927848816, 1.0648878365755081, 1.611845697326191, 0.46105337142944336, 0.5716896653175354, 0.8262826204299927, 24.3280086517334, 2.9603082086722736e-151, 8.430773202443718e-302, 134.9519760608673, 438.46875)]
Completed job 13
starting the work inside Run_jobs
parameter combinations: [[1000, 2000, 0.8, 11], [1000, 2000, 0.8, 55], [1000, 2000, 0.8, 99], [1000, 2000, 0.6, 11], [1000, 2000, 0.6, 55], [1000, 2000, 0.6, 99]]
test name: nountill_B2M
[(1000, 2000, 0.8, 11, 1.0560439825057983, 1.4137163162231445, 0.6897549017443315, 0.39582040905952454, 0.43279629945755005, 0.8007290959358215, 24.715307235717773, 4.148669116680346e-08, 1.5185923002083593e-15, 49.923763036727905, 405.39453125), (1000, 2000, 0.8, 55, 0.5087089538574219, 0.13024264574050903, 1.5700480539778545, 0.31389981508255005, 0.6689319610595703, 0.19474779069423676, 23.385438919067383, 5.3599052989171806e-86, 1.3827219192924854e-171, 48.96469449996948, 433.7421875), (1000, 2000, 0.8, 99, 0.8583118915557861, 1.2653667032718658, 1.3199056059344327, 0.211643248796463, 0.7844884395599365, 0.19755074381828308, 24.018028259277344, 7.817535127054776e-172, 0.0, 79.31821537017822, 441.5859375), (1000, 2000, 0.6, 11, 0.2843877673149109, 0.17026621103286743, 0.9983964532455141, 0.14893433451652527, 0.3480176329612732, 0.4964723289012909, 24.613948822021484, 8.507994776919692e-13, 1.9171701966299495e-25, 39.94537138938904, 441.00390625), (1000, 2000, 0.6, 55, 0.5296822190284729, 0.29270756244659424, 0.6605838466263328, 0.4400992691516876, 0.7239563465118408, 0.648593544960022, 23.682737350463867, 3.863077561293743e-110, 6.755295201255975e-220, 83.69583559036255, 441.23828125), (1000, 2000, 0.6, 99, 0.7366534471511841, nan, 0.7608497151133434, 0.4117096960544586, 0.7366534471511841, 0.0, 23.976301193237305, 2.2250738585072014e-308, 0.0, 94.86852717399597, 443.4140625)]
Completed job 14
starting the work inside Run_jobs
parameter combinations: [[1000, 3000, 1, 11], [1000, 3000, 1, 55], [1000, 3000, 1, 99], [1000, 3000, 0.8, 11], [1000, 3000, 0.8, 55], [1000, 3000, 0.8, 99]]
test name: nountill_B2M
Begin work on process
Begin work on process
Begin work on process
Begin work on process
Begin work on process
Begin work on process
[(1000, 3000, 1, 11, 0.5385757684707642, 0.5098002851009369, 0.5847735336196863, 0.3159981667995453, 0.47908201813697815, 0.5749883055686951, 36.68274688720703, 1.4519452219173657e-05, 8.408872879894062e-11, 13.743103265762329, 482.12109375), (1000, 3000, 1, 55, 0.49771907925605774, 0.25895243883132935, 0.8681784756584698, 0.26061710715293884, 0.25767624378204346, 0.6576293110847473, 36.09333038330078, 3.643218803382913e-74, 1.3240685713701326e-147, 10.548449039459229, 495.78125), (1000, 3000, 1, 99, 0.5840250849723816, 1.8614412546157837, 0.5162816437823492, 0.30063989758491516, 0.5068816542625427, 0.08758242428302765, 36.49232864379883, 4.9678380519383046e-142, 2.4678533787302515e-283, 11.432260274887085, 500.05078125), (1000, 3000, 0.8, 11, 0.5390355587005615, 0.3612934947013855, 0.9030645591977273, 0.3406030833721161, 0.3758007287979126, 0.6949394345283508, 36.92719650268555, 1.2170496313034774e-07, 1.3560870817981424e-14, 8.214401483535767, 484.95703125), (1000, 3000, 0.8, 55, 0.6693626046180725, 0.37666869163513184, 0.03417298365463345, 0.5614684820175171, 0.7146385312080383, 0.8139259815216064, 36.14893341064453, 6.598978045145851e-86, 3.2413722322873837e-171, 10.282721996307373, 492.31640625), (1000, 3000, 0.8, 99, 0.6433794498443604, 0.3377816677093506, 0.1368443647437601, 0.5676460266113281, 0.7204477190971375, 0.8271087408065796, 36.69706344604492, 4.5844825619155324e-166, 0.0, 11.259153366088867, 505.1796875)]
Completed job 15
starting the work inside Run_jobs
parameter combinations: [[1000, 3000, 0.6, 11], [1000, 3000, 0.6, 55], [1000, 3000, 0.6, 99], [1000, 4000, 1, 11], [1000, 4000, 1, 55], [1000, 4000, 1, 99]]
test name: nountill_B2M
[(1000, 3000, 0.6, 11, 1.2735399007797241, 1.542819321155548, 1.2720043483820624, 0.2492140531539917, 0.6235868334770203, 0.8223764300346375, 37.115814208984375, 1.2518443526628946e-08, 1.5595638800693457e-16, 9.659752130508423, 482.8046875), (1000, 3000, 0.6, 55, 0.7420732378959656, 1.3038480281829834, 0.5406710906372809, 0.3883344829082489, 0.7131341099739075, 0.08175250142812729, 36.410072326660156, 2.967598718764883e-113, 8.806633167733046e-226, 13.565250158309937, 496.42578125), (1000, 3000, 0.6, 99, 0.49224963784217834, nan, 0.8385414417498852, 0.19830939173698425, 0.49224963784217834, 0.0, 36.533382415771484, 2.2250738585072014e-308, 0.0, 14.750035762786865, 500.25390625), (1000, 4000, 1, 11, 0.746793270111084, 0.889819860458374, 0.6384162271052042, 0.3586422801017761, 0.7487854957580566, 0.14436186850070953, 47.06889343261719, 8.889863997935734e-06, 3.844510010228549e-11, 17.53250241279602, 621.72265625), (1000, 4000, 1, 55, 0.5596250891685486, 0.2524021863937378, 0.12818752957301938, 0.5553990006446838, 0.7436335682868958, 0.8191078305244446, 46.540225982666016, 8.291633936966055e-71, 6.440789662968133e-141, 25.23813557624817, 638.3515625), (1000, 4000, 1, 99, 0.6047593951225281, 0.5586519837379456, 0.6389734834853291, 0.18330076336860657, 0.25561749935150146, 0.6723887920379639, 47.16524124145508, 3.689840585170622e-148, 1.343983940702862e-295, 27.46241331100464, 649.14453125)]
Completed job 16
starting the work inside Run_jobs
parameter combinations: [[1000, 4000, 0.8, 11], [1000, 4000, 0.8, 55], [1000, 4000, 0.8, 99], [1000, 4000, 0.6, 11], [1000, 4000, 0.6, 55], [1000, 4000, 0.6, 99]]
test name: nountill_B2M
[(1000, 4000, 0.8, 11, 0.7762448191642761, 0.7667796313762665, 1.053955476000143, 0.28074586391448975, 0.15205317735671997, 0.7974942922592163, 47.77030563354492, 8.370871429663529e-08, 6.233919116714653e-15, 13.70068645477295, 625.30859375), (1000, 4000, 0.8, 55, 1.2607325315475464, 1.4880106449127197, 0.7262736455717356, 0.40704646706581116, 0.6075595021247864, 0.8472827672958374, 46.880470275878906, 4.878896131832699e-76, 2.380307970578075e-151, 16.579567670822144, 642.1328125), (1000, 4000, 0.8, 99, 0.6565936803817749, 0.5285749435424805, 1.3540783577159563, 0.1770235002040863, 0.7142910957336426, 0.15154774487018585, 47.33351135253906, 1.7122039379522613e-166, 0.0, 19.0450382232666, 651.4453125), (1000, 4000, 0.6, 11, 0.34800317883491516, 0.13261628150939941, 0.967355458091731, 0.28176188468933105, 0.5424065589904785, 0.6901282072067261, 47.58248519897461, 4.253135404527897e-13, 1.5616609269904523e-25, 13.647939205169678, 627.90234375), (1000, 4000, 0.6, 55, 0.5865682363510132, 0.3265864849090576, 0.14302572470432817, 0.5459029674530029, 0.7187504172325134, 0.7324749827384949, 46.657169342041016, 1.2352452611742071e-113, 1.5250075076975072e-226, 16.534545421600342, 642.39453125), (1000, 4000, 0.6, 99, 0.4237414300441742, nan, 0.5610957131285861, 0.42931273579597473, 0.4237414300441742, 0.0, 47.280574798583984, 2.2250738585072014e-308, 0.0, 19.157869338989258, 654.66015625)]
Completed job 17
