starting the work inside Run_jobs
parameter combinations: [[350, 1000, 1, 11], [350, 1000, 1, 55], [350, 1000, 1, 99], [350, 1000, 0.8, 11], [350, 1000, 0.8, 55], [350, 1000, 0.8, 99]]
test name: nountill_G2S
[(350, 1000, 1, 11, 0.38073694705963135, 0.2782866954803467, 0.9179266543223655, 0.5614892244338989, 0.3218577802181244, 0.5410386323928833, 15.264127731323242, 1.2947680015259956e-12, 4.0521717662866673e-25, 3.292362689971924, 261.2109375), (350, 1000, 1, 55, 0.6097610592842102, 0.4842648506164551, 1.04768469812201, 0.3166421055793762, 0.23811186850070953, 0.6974258422851562, 15.87431526184082, 4.2995844030204955e-100, 1.6347461864793916e-199, 2.832268714904785, 286.20703125), (350, 1000, 1, 99, 0.49990811944007874, 0.25265514850616455, 0.9605616228125324, 0.17977993190288544, 0.3708653748035431, 0.7121208310127258, 17.02910804748535, 8.131596400208281e-184, 0.0, 2.8880207538604736, 287.5390625), (350, 1000, 0.8, 11, 0.47758162021636963, 0.27857017517089844, 0.6904338996209408, 0.622067391872406, 0.43087977170944214, 0.6837491989135742, 14.594337463378906, 4.050146267857104e-12, 1.5049765781126286e-23, 4.5241920948028564, 287.34375), (350, 1000, 0.8, 55, 0.7311411499977112, 0.8382231295108795, 1.0664660295073147, 0.228298619389534, 0.2799907922744751, 0.7222187519073486, 16.612995147705078, 4.637254290289245e-122, 2.1504122098337953e-243, 2.1576218605041504, 286.140625), (350, 1000, 0.8, 99, 0.5253585577011108, 0.24354630708694458, 0.0039446797223038794, 0.6908776760101318, 0.6605137586593628, 0.7985988259315491, 17.63493537902832, 5.596350267102007e-248, 0.0, 3.2320480346679688, 286.9375)]
Completed job 0
starting the work inside Run_jobs
parameter combinations: [[350, 1000, 0.6, 11], [350, 1000, 0.6, 55], [350, 1000, 0.6, 99], [350, 2000, 1, 11], [350, 2000, 1, 55], [350, 2000, 1, 99]]
test name: nountill_G2S
[(350, 1000, 0.6, 11, 0.3644438087940216, 0.16153240203857422, 0.05212879657930769, 0.6299922466278076, 0.5954225659370422, 0.665177047252655, 15.684174537658691, 4.270031116663326e-15, 1.049221365593713e-29, 1.6365649700164795, 262.0078125), (350, 1000, 0.6, 55, 0.6225593090057373, 0.5395675897598267, 0.9995172757443053, 0.37687593698501587, 0.21115435659885406, 0.6908940076828003, 16.06218147277832, 4.378737055419286e-173, 0.0, 16.827826499938965, 286.9765625), (350, 1000, 0.6, 99, 0.5767627358436584, nan, 0.43758676372740657, 0.6669871211051941, 0.5767627358436584, 0.0, 17.262422561645508, 2.2250738585072014e-308, 0.0, 10.482130527496338, 286.9296875), (350, 2000, 1, 11, 0.4005085825920105, 1.1823210716247559, 0.9012623031178753, 0.10583177208900452, 0.39357826113700867, 0.03145280480384827, 29.946094512939453, 1.7696715684040208e-12, 8.900690514105519e-25, 40.37353324890137, 377.37890625), (350, 2000, 1, 55, 0.5022140741348267, 0.2523755431175232, 0.34330323236852833, 0.5122061371803284, 0.5655306577682495, 0.7562077045440674, 31.886537551879883, 1.6331188235329845e-94, 2.6670769226350325e-188, 129.2178716659546, 378.87890625), (350, 2000, 1, 99, 0.4170617163181305, 0.2820909023284912, 1.0155196753679827, 0.030028196051716805, 0.18878692388534546, 0.5313460230827332, 32.042842864990234, 6.961698591372465e-196, 0.0, 92.434077501297, 382.45703125)]
Completed job 1
starting the work inside Run_jobs
parameter combinations: [[350, 2000, 0.8, 11], [350, 2000, 0.8, 55], [350, 2000, 0.8, 99], [350, 2000, 0.6, 11], [350, 2000, 0.6, 55], [350, 2000, 0.6, 99]]
test name: nountill_G2S
[(350, 2000, 0.8, 11, 0.3375307321548462, 0.7527070939540863, 1.059928157364364, 0.16517916321754456, 0.2903650999069214, 0.25827527046203613, 30.49193000793457, 3.4357785918329257e-12, 3.1441409925021214e-24, 15.927689790725708, 355.48828125), (350, 2000, 0.8, 55, 0.3565147817134857, 0.2248542308807373, 0.624429983784027, 0.5788848400115967, 0.4870837926864624, 0.5575733184814453, 31.237194061279297, 6.635379469777482e-117, 2.2070137863747424e-233, 179.68538451194763, 375.65234375), (350, 2000, 0.8, 99, 0.4237367510795593, 0.8370209038257599, 1.1741625841232168, 0.3804164230823517, 0.212694451212883, 0.4027891159057617, 32.41497039794922, 5.478946690353042e-244, 0.0, 154.25151228904724, 374.296875), (350, 2000, 0.6, 11, 0.3729015588760376, 0.30523979663848877, 0.6023861479765593, 0.4596153199672699, 0.36210811138153076, 0.5184581279754639, 29.593551635742188, 1.8486502466207094e-10, 3.4118727349235275e-20, 27.06495690345764, 377.2109375), (350, 2000, 0.6, 55, 0.317961722612381, 0.16918331384658813, 0.507428322249934, 0.5955767631530762, 0.49548113346099854, 0.5699482560157776, 31.460329055786133, 4.55830712818685e-178, 0.0, 98.08605647087097, 377.19921875), (350, 2000, 0.6, 99, 0.3862595856189728, 0.12748968601226807, 0.6446099462479756, 0.5312871932983398, 0.3862595856189728, 1.0490605542731127e-14, 32.12078094482422, 2.2250738585072014e-308, 0.0, 18.488507986068726, 382.28515625)]
Completed job 2
starting the work inside Run_jobs
parameter combinations: [[350, 3000, 1, 11], [350, 3000, 1, 55], [350, 3000, 1, 99], [350, 3000, 0.8, 11], [350, 3000, 0.8, 55], [350, 3000, 0.8, 99]]
test name: nountill_G2S
[(350, 3000, 1, 11, 0.27208128571510315, 0.45263946056365967, 1.0727712709995147, 0.4136611223220825, 0.3098148703575134, 0.2520454227924347, 41.931087493896484, 9.34627162952301e-12, 1.3717534367623754e-23, 8.858409643173218, 418.1953125), (350, 3000, 1, 55, 0.6595854163169861, 0.5994237959384918, 1.080976397726586, 0.1383964568376541, 0.2948884963989258, 0.7198289632797241, 42.55780792236328, 3.055695552349054e-88, 9.337275303322042e-176, 10.352832794189453, 428.76953125), (350, 3000, 1, 99, 0.41034963726997375, 0.20710116624832153, 0.09504049213505547, 0.6127607822418213, 0.6388317942619324, 0.6363461017608643, 43.013179779052734, 1.340786949618284e-184, 0.0, 9.821727514266968, 431.6640625), (350, 3000, 0.8, 11, 0.40772661566734314, 0.21639174222946167, 0.8732157998539091, 0.40361863374710083, 0.2326437383890152, 0.5635519027709961, 41.680335998535156, 6.678296039956618e-12, 7.584455530359511e-24, 13.276881456375122, 421.9609375), (350, 3000, 0.8, 55, 0.45056113600730896, 0.3346889019012451, 0.7337708512876947, 0.5484363436698914, 0.43791165947914124, 0.6013830900192261, 42.768646240234375, 2.1220673330890076e-113, 4.501951887284415e-226, 8.268224000930786, 427.9609375), (350, 3000, 0.8, 99, 0.47462716698646545, 0.1964482069015503, 0.8322669166888249, 0.3787682354450226, 0.40278199315071106, 0.733279287815094, 43.53248596191406, 4.9336706501330504e-228, 0.0, 8.820767164230347, 431.3828125)]
Completed job 3
starting the work inside Run_jobs
parameter combinations: [[350, 3000, 0.6, 11], [350, 3000, 0.6, 55], [350, 3000, 0.6, 99], [350, 4000, 1, 11], [350, 4000, 1, 55], [350, 4000, 1, 99]]
test name: nountill_G2S
[(350, 3000, 0.6, 11, 0.38637205958366394, 0.22743910551071167, 0.1903031740956878, 0.5645655393600464, 0.5654012560844421, 0.5796531438827515, 41.42802810668945, 1.416210271287132e-11, 1.754868677594863e-22, 6.193276643753052, 421.0390625), (350, 3000, 0.6, 55, 0.358253538608551, 0.14988720417022705, 0.06280266111153446, 0.6295265555381775, 0.6408455967903137, 0.6650397181510925, 42.7100944519043, 1.7472972274121276e-162, 5e-324, 7.467376708984375, 429.30859375), (350, 3000, 0.6, 99, 0.22255223989486694, 0.5626035332679749, 1.0321712472768927, 0.17423377931118011, 0.22255223989486694, 2.8724898436423285e-13, 43.54390335083008, 2.2250738585072014e-308, 0.0, 9.351468563079834, 433.27734375), (350, 4000, 1, 11, 0.4595445692539215, 0.27032291889190674, 0.5721704523561957, 0.6395362019538879, 0.49346494674682617, 0.6720380783081055, 51.43161392211914, 1.2270424421233535e-11, 2.3973367753925055e-23, 11.734168291091919, 543.70703125), (350, 4000, 1, 55, 0.3732553720474243, 0.44341427087783813, 1.0274883613597452, 0.4930386245250702, 0.259395956993103, 0.44913461804389954, 52.19099807739258, 1.1324377734090412e-83, 1.282415308357308e-166, 14.009138822555542, 557.6875), (350, 4000, 1, 99, 0.6688761115074158, 0.37054383754730225, 1.0443676987315356, 0.4617420434951782, 0.3205350339412689, 0.8225368857383728, 52.721336364746094, 1.078832444162434e-180, 0.0, 18.958085298538208, 559.46875)]
Completed job 4
starting the work inside Run_jobs
parameter combinations: [[350, 4000, 0.8, 11], [350, 4000, 0.8, 55], [350, 4000, 0.8, 99], [350, 4000, 0.6, 11], [350, 4000, 0.6, 55], [350, 4000, 0.6, 99]]
test name: nountill_G2S
[(350, 4000, 0.8, 11, 0.3005586564540863, 0.7109642028808594, 0.9610376339990186, 0.16711725294589996, 0.3128942847251892, 0.06570624560117722, 51.54771423339844, 1.3262761848608935e-11, 5.211217964329723e-23, 46.787723779678345, 547.28515625), (350, 4000, 0.8, 55, 0.3609667718410492, 0.20420020818710327, 0.6832519330714636, 0.27774176001548767, 0.48598402738571167, 0.17772693932056427, 52.038516998291016, 5.228753563163258e-117, 2.487037847422232e-233, 51.611610651016235, 560.078125), (350, 4000, 0.8, 99, 0.5332037806510925, 0.18799686431884766, 0.9233802756426533, 0.6310542225837708, 0.3500141203403473, 0.7767296433448792, 52.796207427978516, 1.838617260826766e-234, 0.0, 66.62484884262085, 560.0625), (350, 4000, 0.6, 11, 0.37973111867904663, 1.0980112254619598, 0.981299473567736, 0.12434045225381851, 0.28587108850479126, 0.22349385917186737, 51.02497100830078, 2.4942025014880713e-14, 3.3902549979646224e-28, 36.735061168670654, 551.7109375), (350, 4000, 0.6, 55, 0.14424844086170197, 1.1409548223018646, 1.0596768988495742, 0.1903655081987381, 0.14303086698055267, 0.00733896903693676, 52.305030822753906, 8.475955892350951e-153, 6.518678989668687e-305, 48.069183588027954, 560.4765625), (350, 4000, 0.6, 99, 0.6125145554542542, nan, 0.23843798112870707, 0.5875444412231445, 0.6125145554542542, 0.0, 52.654747009277344, 2.2250738585072014e-308, 0.0, 68.97307205200195, 563.80859375)]
Completed job 5
starting the work inside Run_jobs
parameter combinations: [[600, 1000, 1, 11], [600, 1000, 1, 55], [600, 1000, 1, 99], [600, 1000, 0.8, 11], [600, 1000, 0.8, 55], [600, 1000, 0.8, 99]]
test name: nountill_G2S
Begin work on process
Begin work on process
Begin work on process
Begin work on process
Begin work on process
Begin work on process
[(600, 1000, 1, 11, 0.47605812549591064, 0.2876896858215332, 0.5641435237297436, 0.36404359340667725, 0.5246759057044983, 0.675430953502655, 14.177244186401367, 5.995407522054038e-13, 2.7171904029752084e-25, 1.4694905281066895, 273.51953125), (600, 1000, 1, 55, 0.4234904944896698, 0.2550313472747803, 0.8607998232189846, 0.11375671625137329, 0.45941856503486633, 0.6345117092132568, 14.525651931762695, 5.874584196134575e-105, 3.3072616280530846e-209, 1.7230966091156006, 305.82421875), (600, 1000, 1, 99, 0.5464555621147156, 0.26617538928985596, 0.21361642847453718, 0.5698336958885193, 0.6354660987854004, 0.801360011100769, 15.652268409729004, 2.9117501961569394e-201, 0.0, 1.9188663959503174, 304.83203125), (600, 1000, 0.8, 11, 0.36014503240585327, 0.823866218328476, 1.0334991787444983, 0.032305385917425156, 0.20621725916862488, 0.3338082730770111, 12.806058883666992, 3.7545417600148385e-12, 1.3558774510962896e-23, 1.4802794456481934, 305.9453125), (600, 1000, 0.8, 55, 0.3741143047809601, 0.1784745454788208, 0.26400797572538975, 0.5670244693756104, 0.6075491309165955, 0.35782527923583984, 14.594331741333008, 3.352420321157819e-120, 6.30574982423993e-240, 2.0360774993896484, 304.0625), (600, 1000, 0.8, 99, 0.550858199596405, 0.2931005358695984, 1.0243363856142567, 0.3843625783920288, 0.2987930476665497, 0.7199207544326782, 15.29683780670166, 3.784853451274294e-253, 0.0, 1.9065158367156982, 306.50390625)]
Completed job 6
starting the work inside Run_jobs
parameter combinations: [[600, 1000, 0.6, 11], [600, 1000, 0.6, 55], [600, 1000, 0.6, 99], [600, 2000, 1, 11], [600, 2000, 1, 55], [600, 2000, 1, 99]]
test name: nountill_G2S
[(600, 1000, 0.6, 11, 0.3831298053264618, 0.2392749786376953, 0.5176519116416148, 0.5446676015853882, 0.5022619962692261, 0.583351731300354, 13.19070816040039, 1.334082874338909e-13, 9.51819596674031e-27, 3.109957456588745, 273.5546875), (600, 1000, 0.6, 55, 0.4674937129020691, 0.23589569330215454, 0.18047460198288182, 0.5729029178619385, 0.6136844158172607, 0.7175688147544861, 15.033082962036133, 3.3255389288735785e-171, 0.0, 6.2022154331207275, 304.84375), (600, 1000, 0.6, 99, 0.2556810677051544, nan, 1.0504916682939176, 0.13037216663360596, 0.2556810677051544, 0.0, 15.9371919631958, 2.2250738585072014e-308, 0.0, 6.247982978820801, 304.54296875), (600, 2000, 1, 11, 0.4007739722728729, 0.24245429039001465, 0.6860220797534655, 0.2977253496646881, 0.462163507938385, 0.6139312982559204, 29.525999069213867, 6.503361694527482e-12, 1.602528590962205e-23, 27.03386616706848, 404.0078125), (600, 2000, 1, 55, 0.5026836395263672, 0.27570033073425293, 0.006522245226748031, 0.6667410731315613, 0.6407343149185181, 0.7039251923561096, 31.18922996520996, 6.047937111333383e-96, 3.6577519826676444e-191, 118.93495082855225, 392.609375), (600, 2000, 1, 99, 0.44399169087409973, 0.20784878730773926, 0.0517541526195641, 0.6438650488853455, 0.6458957195281982, 0.7159266471862793, 31.33298683166504, 2.8431873475441465e-201, 0.0, 134.6074206829071, 407.71875)]
Completed job 7
starting the work inside Run_jobs
parameter combinations: [[600, 2000, 0.8, 11], [600, 2000, 0.8, 55], [600, 2000, 0.8, 99], [600, 2000, 0.6, 11], [600, 2000, 0.6, 55], [600, 2000, 0.6, 99]]
test name: nountill_G2S
Begin work on process
Begin work on process
Begin work on process
Begin work on process
Begin work on process
Begin work on process
[(600, 2000, 0.8, 11, 0.5095670223236084, 0.5593991577625275, 1.0388227409696795, 0.24789151549339294, 0.28302186727523804, 0.5664091110229492, 30.01289939880371, 9.02756754625234e-12, 6.879570728176003e-23, 3.9556264877319336, 375.5234375), (600, 2000, 0.8, 55, 0.4515087604522705, 0.278942346572876, 0.6602751060850822, 0.591427743434906, 0.46338751912117004, 0.651578962802887, 30.963956832885742, 2.3423734729636136e-121, 5.234234369019322e-242, 5.4848363399505615, 396.2265625), (600, 2000, 0.8, 99, 0.28109243512153625, 0.24733597040176392, 0.9399077989426929, 0.10654338449239731, 0.4269130229949951, 0.3238021731376648, 31.36484718322754, 1.932075485857322e-241, 0.0, 6.12418794631958, 396.9375), (600, 2000, 0.6, 11, 0.2328270524740219, 0.21276885271072388, 0.5878852372477632, 0.3993079364299774, 0.3748747706413269, 0.3228447437286377, 29.42403793334961, 4.317170460579552e-14, 6.032702314241964e-28, 3.8831374645233154, 399.6484375), (600, 2000, 0.6, 55, 0.4308227002620697, 0.19384372234344482, 0.007019940875552904, 0.6693651676177979, 0.6528595089912415, 0.7170462012290955, 31.14104461669922, 6.221654889637906e-160, 3.8709e-319, 5.552178621292114, 398.37109375), (600, 2000, 0.6, 99, 0.6604679822921753, nan, 0.03469426517091196, 0.6570665240287781, 0.6604679822921753, 0.0, 31.348974227905273, 2.2250738585072014e-308, 0.0, 6.2572855949401855, 400.08203125)]
Completed job 8
starting the work inside Run_jobs
parameter combinations: [[600, 3000, 1, 11], [600, 3000, 1, 55], [600, 3000, 1, 99], [600, 3000, 0.8, 11], [600, 3000, 0.8, 55], [600, 3000, 0.8, 99]]
test name: nountill_G2S
[(600, 3000, 1, 11, 0.3874320089817047, 0.2701047658920288, 0.6872374311822274, 0.5899965763092041, 0.4359399676322937, 0.5657892227172852, 41.36759567260742, 7.950692226742854e-12, 2.7626673734946217e-23, 6.35023045539856, 439.48046875), (600, 3000, 1, 55, 0.4500621557235718, 0.659629225730896, 1.0746328529595006, 0.06298649311065674, 0.23350733518600464, 0.47234952449798584, 42.69839859008789, 6.294872782081039e-92, 3.960871303838623e-183, 7.730389356613159, 452.16796875), (600, 3000, 1, 99, 0.3322798013687134, 0.7226788997650146, 1.0625352516107955, 0.37839722633361816, 0.3163245618343353, 0.22205132246017456, 43.325504302978516, 4.238687633876273e-199, 0.0, 9.268128395080566, 448.5234375), (600, 3000, 0.8, 11, 0.32812780141830444, 0.3336496353149414, 0.7549881078799352, 0.5599585175514221, 0.4399612545967102, 0.2861229479312897, 41.10129928588867, 4.011434319738312e-12, 9.419266831893009e-24, 257.66960191726685, 445.46484375), (600, 3000, 0.8, 55, 0.17634217441082, 0.6912262737751007, 1.1402081901032335, 0.11437077075242996, 0.051201362162828445, 0.18529395759105682, 42.80381774902344, 1.9911010521971123e-113, 2.9363534793051925e-226, 8.053689956665039, 451.87109375), (600, 3000, 0.8, 99, 0.6766728758811951, 0.3683278560638428, 0.9722385322751826, 0.35321569442749023, 0.2909018099308014, 0.8217419981956482, 43.00182342529297, 6.693554521816537e-242, 0.0, 62.47796630859375, 456.15234375)]
Completed job 9
starting the work inside Run_jobs
parameter combinations: [[600, 3000, 0.6, 11], [600, 3000, 0.6, 55], [600, 3000, 0.6, 99], [600, 4000, 1, 11], [600, 4000, 1, 55], [600, 4000, 1, 99]]
test name: nountill_G2S
[(600, 3000, 0.6, 11, 0.34494006633758545, 0.7060030400753021, 1.0068462386550228, 0.26618218421936035, 0.2707709074020386, 0.3076493740081787, 41.488243103027344, 8.353864356319565e-12, 6.799593434331721e-23, 6.534745454788208, 442.01953125), (600, 3000, 0.6, 55, 0.47373977303504944, 0.21843832731246948, 0.0016491207473062657, 0.6735076904296875, 0.6630193591117859, 0.7491797208786011, 42.768821716308594, 1.4011324411814114e-159, 1.96317e-318, 7.596607446670532, 451.796875), (600, 3000, 0.6, 99, 0.23474259674549103, nan, 0.933049616790477, 0.06142180413007736, 0.23474259674549103, 0.0, 42.92013168334961, 2.2250738585072014e-308, 0.0, 9.33052682876587, 456.3046875), (600, 4000, 1, 11, 0.2631882429122925, 0.5751939713954926, 0.8329426738847499, 0.21373330056667328, 0.26274895668029785, 0.22426490485668182, 50.956703186035156, 9.994066175989602e-12, 1.4035923156253782e-23, 12.605470657348633, 570.8125), (600, 4000, 1, 55, 0.5042232871055603, 1.7307238578796387, 1.2146461646229898, 0.2706631124019623, 0.14000381529331207, 0.39277783036231995, 52.418949127197266, 1.1127531176734658e-93, 1.2335763038919686e-186, 15.557610750198364, 583.2734375), (600, 4000, 1, 99, 0.5197855830192566, 0.26347583532333374, 0.46327273025881005, 0.5363138914108276, 0.5299317240715027, 0.013891012407839298, 52.54172134399414, 6.958950002077588e-192, 0.0, 17.71492075920105, 589.77734375)]
Completed job 10
starting the work inside Run_jobs
parameter combinations: [[600, 4000, 0.8, 11], [600, 4000, 0.8, 55], [600, 4000, 0.8, 99], [600, 4000, 0.6, 11], [600, 4000, 0.6, 55], [600, 4000, 0.6, 99]]
test name: nountill_G2S
[(600, 4000, 0.8, 11, 0.5706278085708618, 1.7162195444107056, 0.6108448533667084, 0.28840774297714233, 0.5106677412986755, 0.07990416884422302, 51.092620849609375, 9.274916740860693e-12, 3.764683635343375e-23, 19.620775938034058, 574.6796875), (600, 4000, 0.8, 55, 0.2218368947505951, 0.3719390630722046, 1.115149452353898, 0.052145373076200485, 0.14936938881874084, 0.2827609181404114, 52.28600311279297, 6.961839755103508e-115, 2.644271795689813e-229, 15.703097343444824, 584.58203125), (600, 4000, 0.8, 99, 0.38678041100502014, 0.22684288024902344, 0.7563328593265768, 0.5118091106414795, 0.43939337134361267, 0.6079403162002563, 52.95627212524414, 3.8598991266502928e-236, 0.0, 23.597560167312622, 587.5546875), (600, 4000, 0.6, 11, 0.30141839385032654, 0.2759261131286621, 0.7685451518964481, 0.4455491900444031, 0.3521517217159271, 0.43347471952438354, 51.05416488647461, 3.3310939311678754e-12, 9.970309952216018e-24, 11.512299537658691, 580.828125), (600, 4000, 0.6, 55, 0.25022122263908386, 0.48634040355682373, 1.0078468080355572, 0.2510656416416168, 0.26516300439834595, 0.24036984145641327, 52.295597076416016, 8.09225251736965e-158, 4.38025593e-315, 15.95874309539795, 589.5703125), (600, 4000, 0.6, 99, 0.20180518925189972, nan, 1.0476629844845118, 0.13046972453594208, 0.20180518925189972, 0.0, 52.238712310791016, 2.2250738585072014e-308, 0.0, 677.5288290977478, 586.609375)]
Completed job 11
starting the work inside Run_jobs
parameter combinations: [[1000, 1000, 1, 11], [1000, 1000, 1, 55], [1000, 1000, 1, 99], [1000, 1000, 0.8, 11], [1000, 1000, 0.8, 55], [1000, 1000, 0.8, 99]]
test name: nountill_G2S
Begin work on process
Begin work on process
Begin work on process
Begin work on process
Begin work on process
Begin work on process
[(1000, 1000, 1, 11, 0.46800974011421204, 0.4131581783294678, 1.0590959384151803, 0.40803343057632446, 0.3074718415737152, 0.5767349004745483, 11.575664520263672, 1.4906302769094268e-13, 8.012179888318954e-27, 3.0603134632110596, 292.90625), (1000, 1000, 1, 55, 0.48809894919395447, 1.514145016670227, 0.9518471559809668, 0.23045262694358826, 0.36611276865005493, 0.18544186651706696, 13.228560447692871, 4.641985628684672e-101, 1.4898414329470513e-201, 2.693521738052368, 333.3671875), (1000, 1000, 1, 99, 0.6227306127548218, 1.811929702758789, 0.662141633117508, 0.260111540555954, 0.5308469533920288, 0.10914240777492523, 14.141910552978516, 3.0243036731627144e-197, 0.0, 6.223293781280518, 331.91015625), (1000, 1000, 0.8, 11, 0.6200255155563354, 1.5832782983779907, 0.8230227985937408, 0.10508208721876144, 0.36790931224823, 0.32866036891937256, 11.618802070617676, 3.902381865271028e-11, 1.2511607578523078e-21, 6.616766929626465, 333.546875), (1000, 1000, 0.8, 55, 0.40275028347969055, 0.20019567012786865, 0.0929016547859479, 0.6207700967788696, 0.6525542140007019, 0.6155999302864075, 12.48981761932373, 6.203201618246078e-116, 3.847907658495664e-231, 4.082556486129761, 334.41796875), (1000, 1000, 0.8, 99, 0.3345511555671692, 0.20650321245193481, 0.5928183121471015, 0.557600736618042, 0.4783094823360443, 0.5444396734237671, 13.67461109161377, 1.2559739775100878e-236, 0.0, 7.930482387542725, 334.015625)]
Completed job 12
starting the work inside Run_jobs
parameter combinations: [[1000, 1000, 0.6, 11], [1000, 1000, 0.6, 55], [1000, 1000, 0.6, 99], [1000, 2000, 1, 11], [1000, 2000, 1, 55], [1000, 2000, 1, 99]]
test name: nountill_G2S
[(1000, 1000, 0.6, 11, 0.2741822302341461, 0.2733875513076782, 0.9797269236875954, 0.18862660229206085, 0.26652655005455017, 0.39773067831993103, 10.440153121948242, 2.3286550853036557e-13, 2.1772203237269807e-26, 1.6842231750488281, 294.08203125), (1000, 1000, 0.6, 55, 0.4003123939037323, 0.16228854656219482, 0.3107397044548518, 0.6369972825050354, 0.5833857655525208, 0.7310879230499268, 12.961294174194336, 5.411017945360102e-169, 0.0, 2.099902391433716, 334.82421875), (1000, 1000, 0.6, 99, 0.22792431712150574, nan, 1.134271084691326, 0.2762053906917572, 0.22792431712150574, 0.0, 14.317606925964355, 2.2250738585072014e-308, 0.0, 2.263554573059082, 331.5234375), (1000, 2000, 1, 11, 0.41163790225982666, 0.43757379055023193, 1.068034142620628, 0.3930337131023407, 0.30964383482933044, 0.49647971987724304, 28.84061622619629, 1.7601686081518829e-12, 5.575535403350549e-25, 31.15853214263916, 430.92578125), (1000, 2000, 1, 55, 0.3077144920825958, 0.48208415508270264, 1.1504528971207348, 0.2949889600276947, 0.1600446254014969, 0.3584701418876648, 30.06275749206543, 3.0834562393609745e-95, 9.507642435377403e-190, 110.54691481590271, 416.1328125), (1000, 2000, 1, 99, 0.4164500832557678, 0.8686829209327698, 1.0984506517081807, 0.15525397658348083, 0.2981076240539551, 0.3325662314891815, 30.590429306030273, 9.979977268475019e-186, 0.0, 120.24806141853333, 421.6328125)]
Completed job 13
starting the work inside Run_jobs
parameter combinations: [[1000, 2000, 0.8, 11], [1000, 2000, 0.8, 55], [1000, 2000, 0.8, 99], [1000, 2000, 0.6, 11], [1000, 2000, 0.6, 55], [1000, 2000, 0.6, 99]]
test name: nountill_G2S
[(1000, 2000, 0.8, 11, 0.5698400735855103, 0.41611671447753906, 1.0623017788704785, 0.31802263855934143, 0.28730741143226624, 0.687670886516571, 28.80596923828125, 6.84516328258401e-12, 4.505657903303075e-23, 27.530345678329468, 402.6875), (1000, 2000, 0.8, 55, 0.5831377506256104, 1.7788270115852356, 0.8148091512204675, 0.18978804349899292, 0.43335801362991333, 0.1783999502658844, 30.062843322753906, 9.221261520560658e-120, 8.503105004087313e-239, 116.5516242980957, 436.08984375), (1000, 2000, 0.8, 99, 0.5154857039451599, 0.455345094203949, 1.1009579370982956, 0.521393358707428, 0.2022055685520172, 0.5969253182411194, 30.8507137298584, 7.394641359398007e-253, 0.0, 50.886019468307495, 441.56640625), (1000, 2000, 0.6, 11, 0.26328638195991516, 0.24120855331420898, 0.7285433164189532, 0.4322744607925415, 0.34029799699783325, 0.4003140330314636, 28.526960372924805, 2.340074026352498e-12, 5.14482711799182e-24, 7.3774707317352295, 445.765625), (1000, 2000, 0.6, 55, 0.46752434968948364, 0.2623289227485657, 0.8831464539257745, 0.5061349272727966, 0.3515321612358093, 0.6621159911155701, 30.228567123413086, 9.851754579853801e-160, 9.7041e-319, 27.75558614730835, 459.3671875), (1000, 2000, 0.6, 99, 0.6577417850494385, nan, 0.11145659355503099, 0.6163991689682007, 0.6577417850494385, 0.0, 30.78575897216797, 2.2250738585072014e-308, 0.0, 22.105754852294922, 457.06640625)]
Completed job 14
starting the work inside Run_jobs
parameter combinations: [[1000, 3000, 1, 11], [1000, 3000, 1, 55], [1000, 3000, 1, 99], [1000, 3000, 0.8, 11], [1000, 3000, 0.8, 55], [1000, 3000, 0.8, 99]]
test name: nountill_G2S
[(1000, 3000, 1, 11, 0.22178027033805847, 0.6630892753601074, 1.104423596748204, 0.3306286931037903, 0.22752408683300018, 0.13406014442443848, 40.9915657043457, 7.488080318025007e-13, 1.0418069818122593e-25, 7.321568965911865, 481.26953125), (1000, 3000, 1, 55, 0.594084620475769, 0.40046727657318115, 1.0140052745803811, 0.5793692469596863, 0.29757753014564514, 0.7226623892784119, 42.322975158691406, 2.441280625054874e-99, 4.889543559354561e-198, 8.613048315048218, 490.55859375), (1000, 3000, 1, 99, 0.4057697355747223, 0.17538797855377197, 0.20217378000860828, 0.586471438407898, 0.6428142189979553, 0.7101152539253235, 42.569820404052734, 3.3039055368030276e-197, 0.0, 9.82511019706726, 496.4453125), (1000, 3000, 0.8, 11, 0.4297429919242859, 0.23045068979263306, 0.7511096322097758, 0.20719511806964874, 0.5466746091842651, 0.17007672786712646, 41.003910064697266, 1.9183167091764895e-11, 2.050325048931091e-22, 8.416550159454346, 483.77734375), (1000, 3000, 0.8, 55, 0.4179171025753021, 1.5160447359085083, 0.9856242460990994, 0.13625656068325043, 0.12704816460609436, 0.33793702721595764, 42.27533721923828, 3.4911594513426534e-100, 1.2188193048890835e-199, 8.922912359237671, 491.4921875), (1000, 3000, 0.8, 99, 0.3532744348049164, 0.45620179176330566, 1.0018555776311646, 0.4842723309993744, 0.3124791383743286, 0.40664130449295044, 42.381717681884766, 8.128006651924675e-232, 0.0, 11.100683450698853, 496.6171875)]
Completed job 15
starting the work inside Run_jobs
parameter combinations: [[1000, 3000, 0.6, 11], [1000, 3000, 0.6, 55], [1000, 3000, 0.6, 99], [1000, 4000, 1, 11], [1000, 4000, 1, 55], [1000, 4000, 1, 99]]
test name: nountill_G2S
[(1000, 3000, 0.6, 11, 0.4398922622203827, 0.23904949426651, 0.7973116741504929, 0.6092336177825928, 0.41196686029434204, 0.6628603935241699, 40.5877685546875, 8.54808218837444e-09, 7.296904573643997e-17, 7.986738920211792, 481.29296875), (1000, 3000, 0.6, 55, 0.338582843542099, 0.24813973903656006, 0.5914185085458805, 0.4114246368408203, 0.43542230129241943, 0.5068795084953308, 42.275577545166016, 1.004246769314477e-148, 1.0085115736785644e-296, 8.537439823150635, 493.1875), (1000, 3000, 0.6, 99, 0.36140748858451843, nan, 0.9929743920883658, 0.0839230865240097, 0.36140748858451843, 0.0, 42.74575424194336, 2.2250738585072014e-308, 0.0, 9.758122682571411, 494.98046875), (1000, 4000, 1, 11, 0.3653777241706848, 0.19249886274337769, 0.10446333741336739, 0.630099356174469, 0.5687510967254639, 0.6040060520172119, 51.19917297363281, 6.316758879109074e-12, 4.477905083675808e-24, 13.560028791427612, 619.5390625), (1000, 4000, 1, 55, 0.2675155997276306, 0.6834818124771118, 1.0547339099044502, 0.2239374965429306, 0.24898432195186615, 0.20443487167358398, 52.26713562011719, 1.2219274423359699e-88, 1.4761980687600234e-176, 15.946968078613281, 636.25), (1000, 4000, 1, 99, 0.40526673197746277, 0.5848349630832672, 1.1005102385839955, 0.1503044068813324, 0.3049624562263489, 0.42202290892601013, 52.64569854736328, 6.117498607171425e-195, 0.0, 18.608396291732788, 634.97265625)]
Completed job 16
starting the work inside Run_jobs
parameter combinations: [[1000, 4000, 0.8, 11], [1000, 4000, 0.8, 55], [1000, 4000, 0.8, 99], [1000, 4000, 0.6, 11], [1000, 4000, 0.6, 55], [1000, 4000, 0.6, 99]]
test name: nountill_G2S
[(1000, 4000, 0.8, 11, 0.42252498865127563, 0.2600836157798767, 0.6401265379521381, 0.46993693709373474, 0.43641677498817444, 0.6267866492271423, 50.98579406738281, 1.1649272308208018e-10, 1.1346573889228442e-20, 36.275731801986694, 621.62109375), (1000, 4000, 0.8, 55, 0.41177886724472046, 0.2102757692337036, 0.03588016875199138, 0.650020182132721, 0.641620934009552, 0.6276702880859375, 52.47624206542969, 3.7287574793134215e-107, 1.3903632339307119e-213, 59.868958950042725, 632.6171875), (1000, 4000, 0.8, 99, 0.4890614449977875, 0.20645511150360107, 0.7706501081049102, 0.5387593507766724, 0.3956072926521301, 0.7396426796913147, 52.70256042480469, 1.0130334137354452e-228, 0.0, 68.17622542381287, 636.17578125), (1000, 4000, 0.6, 11, 0.2827274203300476, 0.9613183699548244, 1.0237723135645835, 0.2061011791229248, 0.2524503767490387, 0.1374325454235077, 50.88844680786133, 7.859112350569825e-12, 3.517356750622551e-23, 19.82293438911438, 627.6875), (1000, 4000, 0.6, 55, 0.404508501291275, 0.23767608404159546, 0.6789229575422582, 0.20967572927474976, 0.43446651101112366, 0.040408410131931305, 52.105079650878906, 2.3629617820875177e-150, 5.5835883836062173e-300, 26.47064471244812, 636.2265625), (1000, 4000, 0.6, 99, 0.42886388301849365, nan, 0.573676775641967, 0.2598627805709839, 0.42886388301849365, 0.0, 52.76881790161133, 2.2250738585072014e-308, 0.0, 40.011316776275635, 631.9453125)]
Completed job 17
