starting the work inside Run_jobs
parameter combinations: [[350, 1000, 1, 11], [350, 1000, 1, 55], [350, 1000, 1, 99], [350, 1000, 0.8, 11], [350, 1000, 0.8, 55], [350, 1000, 0.8, 99]]
test name: nountill_E2E
Begin work on process
Begin work on process
Begin work on process
Begin work on process
Begin work on process
Begin work on process
[(350, 1000, 1, 11, 0.21455056965351105, 0.07191872596740723, 0.6351988691845822, 0.3770022690296173, 0.5704100728034973, 0.49913984537124634, 17.175167083740234, 184.5297410058664, 298.76856538218533, 1.6427807807922363, 261.64453125), (350, 1000, 1, 55, 0.0852479487657547, 0.018135428428649902, 1.0713817557742467, 0.24102574586868286, 0.33181774616241455, 0.26826849579811096, 19.415971755981445, 270.9406427156825, 465.6868760172256, 2.0009191036224365, 287.6171875), (350, 1000, 1, 99, 0.0634821206331253, 0.0051964521408081055, 0.18225270763133772, 0.44408655166625977, 0.6195375919342041, 0.6091601848602295, 21.189123153686523, 498.7556773235966, 5192.879153856618, 2.1499788761138916, 295.359375), (350, 1000, 0.8, 11, 0.1125960573554039, 0.010772228240966797, 0.6852618318002117, 0.32070451974868774, 0.6641809940338135, 0.7138156890869141, 16.911169052124023, 450.4990888620723, 19347.454240850864, 1.635406255722046, 289.5234375), (350, 1000, 0.8, 55, 0.04230041429400444, 0.009476661682128906, 0.7969973755294504, 0.3089538812637329, 0.30379611253738403, 0.30787354707717896, 19.390222549438477, 234.4259255623907, 304.2469488379853, 2.185079574584961, 288.32421875), (350, 1000, 0.8, 99, 0.05370429903268814, 0.0030815601348876953, 0.6333660572327631, 0.3469570577144623, 0.6697467565536499, 0.6788114905357361, 20.760042190551758, 658.6681688842666, 18599.89083551258, 2.324824810028076, 294.125)]
Completed job 0
starting the work inside Run_jobs
parameter combinations: [[350, 1000, 0.6, 11], [350, 1000, 0.6, 55], [350, 1000, 0.6, 99], [350, 2000, 1, 11], [350, 2000, 1, 55], [350, 2000, 1, 99]]
test name: nountill_E2E
Begin work on process
Begin work on process
Begin work on process
Begin work on process
Begin work on process
Begin work on process
[(350, 1000, 0.6, 11, 0.14164932072162628, 0.020348429679870605, 0.4905204803250945, 0.4137784540653229, 0.6709256768226624, 0.6133236289024353, 17.54953956604004, 151.72856209626426, 398.7692987267827, 1.8387224674224854, 263.5078125), (350, 1000, 0.6, 55, 0.07276421785354614, 0.037925124168395996, 0.7972023281411685, 0.15744423866271973, 0.262448787689209, 0.2655029296875, 19.722614288330078, 2.8966006368603328, 0.11104651403322126, 2.1303858757019043, 287.45703125), (350, 1000, 0.6, 99, 0.09830112010240555, 0.0601963996887207, 0.5901061581922687, 0.32434147596359253, 0.23239319026470184, 0.16046592593193054, 21.02333641052246, 789.4450949963747, 8349.746449541755, 2.347735643386841, 295.76171875), (350, 2000, 1, 11, 0.06481698155403137, 0.005313992500305176, 0.987166383910426, 0.24037295579910278, 0.4875657260417938, 0.4439699649810791, 32.917694091796875, 854.3624085473555, 4017.426429090573, 5.4060046672821045, 379.77734375), (350, 2000, 1, 55, 0.06858808547258377, 0.008479773998260498, 0.4767557448919478, 0.2614022195339203, 0.4323887526988983, 0.3893902003765106, 35.501197814941406, 720.5533334265044, 1265.0961799505505, 6.270448446273804, 379.27734375), (350, 2000, 1, 99, 0.021813319995999336, 0.0009194612503051758, 0.523479247827559, 0.38986772298812866, 0.508667528629303, 0.5078142285346985, 36.78607177734375, 1080.1620682162559, 1291.8809565273368, 7.917741298675537, 383.76953125)]
Completed job 1
starting the work inside Run_jobs
parameter combinations: [[350, 2000, 0.8, 11], [350, 2000, 0.8, 55], [350, 2000, 0.8, 99], [350, 2000, 0.6, 11], [350, 2000, 0.6, 55], [350, 2000, 0.6, 99]]
test name: nountill_E2E
[(350, 2000, 0.8, 11, 0.20561015605926514, 0.11562097072601318, 0.738499185946001, 0.34485021233558655, 0.3177424669265747, 0.4234090745449066, 32.65888977050781, 61.59425029271394, 685.6628533423748, 22.024437427520752, 353.21484375), (350, 2000, 0.8, 55, 0.0790320411324501, 0.014613449573516846, 0.7486622472881331, 0.32861199975013733, 0.4200955331325531, 0.38040393590927124, 35.360408782958984, 137.73600113794197, 4003.994608382827, 61.58608102798462, 378.984375), (350, 2000, 0.8, 99, 0.03146898373961449, 0.0024747848510742188, 0.9870289668605696, 0.1736762970685959, 0.4443869888782501, 0.43953415751457214, 36.66358947753906, 1528.8528281298397, 12306.91701544056, 67.62654089927673, 379.32421875), (350, 2000, 0.6, 11, 0.11475103348493576, 0.025289833545684814, 0.6122901982250301, 0.250293105840683, 0.48932480812072754, 0.4421606957912445, 33.06908416748047, 201.8377505160306, 178.5374142992085, 15.394857406616211, 384.99609375), (350, 2000, 0.6, 55, 0.10612949728965759, 0.1274474859237671, 0.9040665151067175, 0.19048060476779938, 0.1941976100206375, 0.21702124178409576, 35.190399169921875, 0.06227470912867804, 7.345697947145617e-05, 48.41461110115051, 386.66796875), (350, 2000, 0.6, 99, 0.06671512871980667, 0.007773637771606445, 0.7433875138747179, 0.2599448561668396, 0.5240907669067383, 0.5059826970100403, 36.663761138916016, 17.002340860617668, 0.937109648996728, 64.39392471313477, 388.11328125)]
Completed job 2
starting the work inside Run_jobs
parameter combinations: [[350, 3000, 1, 11], [350, 3000, 1, 55], [350, 3000, 1, 99], [350, 3000, 0.8, 11], [350, 3000, 0.8, 55], [350, 3000, 0.8, 99]]
test name: nountill_E2E
Begin work on process
Begin work on process
Begin work on process
Begin work on process
Begin work on process
Begin work on process
[(350, 3000, 1, 11, 0.07787340134382248, 0.025509119033813477, 0.8011359648243983, 0.27599260210990906, 0.34658437967300415, 0.33398836851119995, 45.0650634765625, 756.828936590703, 723.5644424693617, 7.191020488739014, 421.4921875), (350, 3000, 1, 55, 0.19749577343463898, 0.033840298652648926, 0.5115722502486854, 0.3300653100013733, 0.6754061579704285, 0.5595294237136841, 47.553558349609375, 866.5319192612524, 15034.443635936796, 8.972123384475708, 430.62109375), (350, 3000, 1, 99, 0.04710734635591507, 0.019198894500732422, 0.8202866000877953, 0.3331676125526428, 0.2278885394334793, 0.23913796246051788, 48.50413513183594, 880.6460449381759, 25701.624453821285, 9.640860080718994, 439.04296875), (350, 3000, 0.8, 11, 0.10648903995752335, 0.014023780822753906, 1.071447499503632, 0.19636230170726776, 0.5018023252487183, 0.4289858639240265, 44.931907653808594, 178.90244318597058, 297.3232570126702, 6.987645626068115, 420.5), (350, 3000, 0.8, 55, 0.0748981237411499, 0.007574200630187988, 0.2157627049801082, 0.4832894802093506, 0.6095902323722839, 0.6063098311424255, 47.417205810546875, 246.77805656710586, 300.5043769671528, 8.479356050491333, 431.90234375), (350, 3000, 0.8, 99, 0.021119123324751854, 0.0022503137588500977, 0.8470255724550965, 0.22787141799926758, 0.25941622257232666, 0.27081045508384705, 48.555763244628906, 1828.3248267022523, 14102.716559110506, 9.346166849136353, 437.06640625)]
Completed job 3
starting the work inside Run_jobs
parameter combinations: [[350, 3000, 0.6, 11], [350, 3000, 0.6, 55], [350, 3000, 0.6, 99], [350, 4000, 1, 11], [350, 4000, 1, 55], [350, 4000, 1, 99]]
test name: nountill_E2E
[(350, 3000, 0.6, 11, 0.053311217576265335, 0.020908653736114502, 0.8068566607206636, 0.33332493901252747, 0.24823160469532013, 0.2259453982114792, 44.96571350097656, 70.8695866198276, 20.315551818532963, 13.407226800918579, 421.98828125), (350, 3000, 0.6, 55, 0.03757237270474434, 0.002907395362854004, 0.60924251680588, 0.3405989110469818, 0.4884101152420044, 0.4921514093875885, 47.58475112915039, 615.6746897465213, 600.2415838953367, 11.996263027191162, 431.234375), (350, 3000, 0.6, 99, 0.04756537452340126, 0.002264261245727539, 0.19600090405041748, 0.45451605319976807, 0.6398627161979675, 0.6586752533912659, 48.61639404296875, 1104.6027032055936, 13147.827081931222, 12.939164638519287, 440.640625), (350, 4000, 1, 11, 0.06609166413545609, 0.021649599075317383, 0.7022116178625515, 0.22606629133224487, 0.23851218819618225, 0.2772977650165558, 55.079715728759766, 314.1062792772377, 423.2214974848271, 17.11337113380432, 544.83984375), (350, 4000, 1, 55, 0.026112616062164307, 0.009014725685119629, 0.9555220081805418, 0.19748494029045105, 0.18621061742305756, 0.1922454982995987, 57.372581481933594, 240.37390768164386, 89.62514412744646, 21.02243399620056, 563.5), (350, 4000, 1, 99, 0.006097006611526012, 0.0007470846176147461, 0.6526109144629927, 0.07564733922481537, 0.14528657495975494, 0.14280220866203308, 58.14596939086914, 1535.8745834577408, 1170.6253518695332, 25.89094829559326, 579.2109375)]
Completed job 4
starting the work inside Run_jobs
parameter combinations: [[350, 4000, 0.8, 11], [350, 4000, 0.8, 55], [350, 4000, 0.8, 99], [350, 4000, 0.6, 11], [350, 4000, 0.6, 55], [350, 4000, 0.6, 99]]
test name: nountill_E2E
[(350, 4000, 0.8, 11, 0.05840243771672249, 0.012597441673278809, 0.614351847085291, 0.10823620110750198, 0.22711411118507385, 0.17821535468101501, 55.03556823730469, 690.9259233010786, 10690.573704777806, 15.796844720840454, 549.5625), (350, 4000, 0.8, 55, 0.08589708060026169, 0.029372096061706543, 0.9054655596561617, 0.16103549301624298, 0.34742045402526855, 0.3174177408218384, 57.45893096923828, 143.63760951852487, 89.72984081777162, 18.004043579101562, 565.0859375), (350, 4000, 0.8, 99, 0.013157112523913383, 0.004887759685516357, 0.6478182924575431, 0.06953834742307663, 0.08432073146104813, 0.07372147589921951, 58.17136764526367, 1003.3571364702277, 1705.4862681647323, 20.57198929786682, 574.890625), (350, 4000, 0.6, 11, 0.01838095672428608, 0.0003832578659057617, 0.9915691193694435, 0.21248911321163177, 0.38008660078048706, 0.36486971378326416, 55.09688186645508, 2150.2815087405793, 4390.483828133652, 15.93179726600647, 551.78515625), (350, 4000, 0.6, 55, 0.13617467880249023, 0.020805835723876953, 0.974224205420298, 0.22256505489349365, 0.6310598850250244, 0.5716193318367004, 57.4241828918457, 10.010423855714155, 1.4441431668137654, 17.293599367141724, 562.703125), (350, 4000, 0.6, 99, 0.14395880699157715, 0.36453676223754883, 1.1570372304514913, 0.4902054965496063, 0.11175595968961716, 0.1862475872039795, 58.40198516845703, 498.17237848835447, 9995.503788615984, 20.175878047943115, 576.31640625)]
Completed job 5
starting the work inside Run_jobs
parameter combinations: [[600, 1000, 1, 11], [600, 1000, 1, 55], [600, 1000, 1, 99], [600, 1000, 0.8, 11], [600, 1000, 0.8, 55], [600, 1000, 0.8, 99]]
test name: nountill_E2E
[(600, 1000, 1, 11, 0.035201262682676315, 0.0023946762084960938, 0.47097238611563785, 0.5007922053337097, 0.4181015193462372, 0.43717262148857117, 16.370365142822266, 846.2208827404013, 3867.2849781559394, 2.0141985416412354, 275.30859375), (600, 1000, 1, 55, 0.043306078761816025, 0.002249002456665039, 0.7213579796204633, 0.23281686007976532, 0.5038204193115234, 0.4755772352218628, 19.36444854736328, 463.350125439127, 3650.928983768446, 2.3543710708618164, 303.57421875), (600, 1000, 1, 99, 0.10636914521455765, 0.02024376392364502, 0.479711883945986, 0.3991280198097229, 0.49633967876434326, 0.524254322052002, 20.8321475982666, 200.58659877489683, 252.4163550279268, 2.5300941467285156, 311.2578125), (600, 1000, 0.8, 11, 0.025065040215849876, 0.006569564342498779, 0.9488888538188293, 0.21404767036437988, 0.2151186466217041, 0.2184201031923294, 16.732805252075195, 715.6907065204313, 1275.3841033452227, 1.726327657699585, 303.8828125), (600, 1000, 0.8, 55, 0.041196126490831375, 0.001238107681274414, 0.5948384645380015, 0.31460410356521606, 0.5922713279724121, 0.5627446174621582, 19.02579116821289, 271.5773027807579, 568.0952352057132, 2.0831499099731445, 306.171875), (600, 1000, 0.8, 99, 0.0526275597512722, 0.004408121109008789, 0.7653124737982581, 0.2745231091976166, 0.5565894246101379, 0.5474629402160645, 20.760040283203125, 37.267062252841, 9.780961506249648, 2.3107924461364746, 308.27734375)]
Completed job 6
starting the work inside Run_jobs
parameter combinations: [[600, 1000, 0.6, 11], [600, 1000, 0.6, 55], [600, 1000, 0.6, 99], [600, 2000, 1, 11], [600, 2000, 1, 55], [600, 2000, 1, 99]]
test name: nountill_E2E
[(600, 1000, 0.6, 11, 0.03282806649804115, 0.000940859317779541, 0.7557059383594787, 0.23924566805362701, 0.5927830338478088, 0.6126416921615601, 16.0931453704834, 778.4163235207618, 10806.071255638362, 2.2790327072143555, 274.4609375), (600, 1000, 0.6, 55, 0.01764567382633686, 0.0002484321594238281, 0.5295906726946699, 0.4010567367076874, 0.4823908507823944, 0.49626171588897705, 19.33861541748047, 688.0483641628107, 1401.6388516406146, 2.659566879272461, 303.70703125), (600, 1000, 0.6, 99, 0.037616975605487823, 0.017650961875915527, 0.8544788627119669, 0.37382903695106506, 0.19960014522075653, 0.19149352610111237, 20.63928985595703, 455.7184234304574, 879.548206558826, 3.011726140975952, 308.78515625), (600, 2000, 1, 11, 0.1108877882361412, 0.02858412265777588, 0.5704090895860144, 0.33812183141708374, 0.45842036604881287, 0.46662160754203796, 33.08406066894531, 611.482376276167, 7331.034147501729, 10.406473159790039, 406.046875), (600, 2000, 1, 55, 0.03712192922830582, 0.007830977439880371, 0.9649354442551248, 0.19831408560276031, 0.27386564016342163, 0.25730061531066895, 35.51528549194336, 1121.125444155523, 7878.359173050146, 40.10375428199768, 411.7890625), (600, 2000, 1, 99, 0.15607322752475739, 0.026802003383636475, 0.2055768662012474, 0.47770142555236816, 0.6585972905158997, 0.6786257028579712, 36.82662582397461, 431.60557360532823, 2536.8541814941964, 51.449833154678345, 422.10546875)]
Completed job 7
starting the work inside Run_jobs
parameter combinations: [[600, 2000, 0.8, 11], [600, 2000, 0.8, 55], [600, 2000, 0.8, 99], [600, 2000, 0.6, 11], [600, 2000, 0.6, 55], [600, 2000, 0.6, 99]]
test name: nountill_E2E
[(600, 2000, 0.8, 11, 0.014051633886992931, 0.00038617849349975586, 0.6722337587419254, 0.3637101948261261, 0.46559709310531616, 0.4599335193634033, 32.58208465576172, 1551.6767268943318, 1985.785026440044, 23.897746324539185, 373.66015625), (600, 2000, 0.8, 55, 0.5688034296035767, 1.237636774778366, 1.0559771826081303, 0.3803287744522095, 0.18107368052005768, 0.4978964626789093, 35.26112365722656, 265.8938951749755, 38252.74641125858, 59.079829454422, 401.6875), (600, 2000, 0.8, 99, 0.01635095290839672, 0.0003504753112792969, 0.5604080541198612, 0.3971521258354187, 0.41941899061203003, 0.4312744736671448, 36.63633728027344, 1136.9268752721553, 924.8636528315191, 30.84573793411255, 401.5625), (600, 2000, 0.6, 11, 0.03908950835466385, 0.003678560256958008, 0.9729275550473551, 0.21632643043994904, 0.4127894937992096, 0.3946363031864166, 32.826480865478516, 563.5595930173598, 753.8499445290372, 20.219831705093384, 403.640625), (600, 2000, 0.6, 55, 0.029292233288288116, 0.0029413700103759766, 0.48838352185891354, 0.23126216232776642, 0.29934176802635193, 0.28024938702583313, 35.59954833984375, 84.13573498885302, 9.681926832994954, 31.893713235855103, 404.09375), (600, 2000, 0.6, 99, 0.05237123742699623, 0.006023406982421875, 0.6300045866193973, 0.47915273904800415, 0.3783700466156006, 0.4080798327922821, 36.74534606933594, 73.5134099260523, 70.1304861752833, 46.082066774368286, 405.2578125)]
Completed job 8
starting the work inside Run_jobs
parameter combinations: [[600, 3000, 1, 11], [600, 3000, 1, 55], [600, 3000, 1, 99], [600, 3000, 0.8, 11], [600, 3000, 0.8, 55], [600, 3000, 0.8, 99]]
test name: nountill_E2E
[(600, 3000, 1, 11, 0.16361287236213684, 0.031055331230163574, 0.7487557189663473, 0.2650599777698517, 0.4429144263267517, 0.30761149525642395, 44.942893981933594, 141.3794898546277, 256.222213774348, 7.542722702026367, 444.1328125), (600, 3000, 1, 55, 0.07481969892978668, 0.05395990610122681, 0.8145141568236424, 0.4163261950016022, 0.2292897254228592, 0.2081243097782135, 47.4801139831543, 45.44238187697059, 18.636989200793536, 9.094393014907837, 456.16796875), (600, 3000, 1, 99, 0.04638827219605446, 0.01139211654663086, 1.1055185794102897, 0.30648359656333923, 0.29007688164711, 0.271099716424942, 48.47395324707031, 294.4080087679524, 673.6063350371471, 10.138238430023193, 464.4765625), (600, 3000, 0.8, 11, 0.04085079953074455, 0.025493741035461426, 0.8883605759533828, 0.1598137766122818, 0.1683884710073471, 0.17963533103466034, 44.975746154785156, 1918.0421410452202, 17263.092294556845, 7.6749091148376465, 444.12109375), (600, 3000, 0.8, 55, 0.04477663338184357, 0.004951655864715576, 0.9658971465503643, 0.20539118349552155, 0.27448785305023193, 0.30863434076309204, 47.68806457519531, 326.9347889672606, 149.50639994984473, 9.34413480758667, 455.1640625), (600, 3000, 0.8, 99, 0.1174907386302948, 0.01024860143661499, 0.508414476816617, 0.27212902903556824, 0.5275392532348633, 0.43197205662727356, 48.74899673461914, 162.49646885410277, 83.39668586972036, 11.806895017623901, 464.48828125)]
Completed job 9
starting the work inside Run_jobs
parameter combinations: [[600, 3000, 0.6, 11], [600, 3000, 0.6, 55], [600, 3000, 0.6, 99], [600, 4000, 1, 11], [600, 4000, 1, 55], [600, 4000, 1, 99]]
test name: nountill_E2E
Begin work on process
Begin work on process
Begin work on process
Begin work on process
Begin work on process
Begin work on process
[(600, 3000, 0.6, 11, 0.11322734504938126, 0.026601731777191162, 0.8186444046807653, 0.2054189145565033, 0.481606662273407, 0.4434106647968292, 45.24147415161133, 120.10523323815272, 204.2793628030867, 17.94023585319519, 442.78125), (600, 3000, 0.6, 55, 0.025049619376659393, 0.005473613739013672, 0.9458157551302369, 0.23977498710155487, 0.2119147777557373, 0.1990412175655365, 47.58481979370117, 4.541186275474997, 0.06931824286804789, 21.02277112007141, 457.32421875), (600, 3000, 0.6, 99, 0.021096723154187202, 0.0007442831993103027, 0.015714116851202494, 0.5306059122085571, 0.5447853207588196, 0.5424967408180237, 48.688270568847656, 1104.9685114899457, 930.4457333322478, 13.64489483833313, 462.11328125), (600, 4000, 1, 11, 0.07304324954748154, 0.030442357063293457, 0.7237780851509465, 0.33824121952056885, 0.29242703318595886, 0.2979508638381958, 55.259010314941406, 924.5555667498844, 1532.4370101591235, 18.586131811141968, 571.9765625), (600, 4000, 1, 55, 0.03383900597691536, 0.001609504222869873, 0.8678447525895848, 0.17273686826229095, 0.5198952555656433, 0.5356636047363281, 57.46722412109375, 2567.5218006068285, 49789.26320311101, 21.959938526153564, 593.37109375), (600, 4000, 1, 99, 0.016091367229819298, 0.0009211301803588867, 0.6824673469698654, 0.1386736035346985, 0.3740972578525543, 0.3726668953895569, 58.366615295410156, 2174.335658399524, 25292.462438877163, 26.33389973640442, 602.39453125)]
Completed job 10
starting the work inside Run_jobs
parameter combinations: [[600, 4000, 0.8, 11], [600, 4000, 0.8, 55], [600, 4000, 0.8, 99], [600, 4000, 0.6, 11], [600, 4000, 0.6, 55], [600, 4000, 0.6, 99]]
test name: nountill_E2E
Begin work on process
Begin work on process
Begin work on process
Begin work on process
Begin work on process
Begin work on process
[(600, 4000, 0.8, 11, 0.05683138594031334, 0.003175675868988037, 1.0314777597247442, 0.21065732836723328, 0.3989514112472534, 0.3505616784095764, 55.17796325683594, 1269.2292446073552, 1301.3516965793456, 16.198469400405884, 576.66796875), (600, 4000, 0.8, 55, 0.013690190389752388, 0.00041162967681884766, 0.5832997772558491, 0.3214155435562134, 0.47506090998649597, 0.47359776496887207, 57.484249114990234, 3422.9201972400415, 8308.701275303138, 19.346725702285767, 591.9453125), (600, 4000, 0.8, 99, 0.02758953906595707, 0.0009336471557617188, 0.1509637480483574, 0.4825347661972046, 0.607069730758667, 0.615071713924408, 58.42692565917969, 2992.2608807881634, 15936.918442118473, 21.973226070404053, 603.38671875), (600, 4000, 0.6, 11, 0.02268286421895027, 0.0013899803161621094, 0.8002044194722606, 0.26247453689575195, 0.3360409438610077, 0.3214031755924225, 55.45624542236328, 1149.2353711195613, 1857.9985519044249, 16.284202814102173, 580.56640625), (600, 4000, 0.6, 55, 0.043911345303058624, 0.004137277603149414, 0.5074094078867798, 0.2825413644313812, 0.4814360439777374, 0.4756740927696228, 57.4931526184082, 371.85303798708173, 242.57838192572396, 19.348058938980103, 594.88671875), (600, 4000, 0.6, 99, 0.022105159237980843, 0.00020039081573486328, 0.8277903292847483, 0.23681634664535522, 0.42358070611953735, 0.40308329463005066, 58.23932647705078, 1556.8357916241869, 15104.564667686855, 21.54417896270752, 605.8515625)]
Completed job 11
starting the work inside Run_jobs
parameter combinations: [[1000, 1000, 1, 11], [1000, 1000, 1, 55], [1000, 1000, 1, 99], [1000, 1000, 0.8, 11], [1000, 1000, 0.8, 55], [1000, 1000, 0.8, 99]]
test name: nountill_E2E
Begin work on process
Begin work on process
Begin work on process
Begin work on process
Begin work on process
Begin work on process
[(1000, 1000, 1, 11, 0.08671919256448746, 0.01381593942642212, 0.9991546579980869, 0.18329747021198273, 0.40552008152008057, 0.34507545828819275, 16.309158325195312, 214.45876752428558, 1307.7342336017368, 1.9309659004211426, 295.234375), (1000, 1000, 1, 55, 0.13432319462299347, 0.24458295106887817, 0.8128318044123042, 0.2976366877555847, 0.1997612863779068, 0.18106743693351746, 19.46744155883789, 129.63398110706302, 463.61286046338, 2.2281711101531982, 335.97265625), (1000, 1000, 1, 99, 0.036364324390888214, 0.00592648983001709, 0.7369477078718455, 0.3216978907585144, 0.3287161886692047, 0.32003074884414673, 20.66349983215332, 327.6434098398887, 397.9528286603704, 2.605905532836914, 335.796875), (1000, 1000, 0.8, 11, 0.5710535049438477, 0.08029645681381226, 1.171736277355833, 0.21071279048919678, 0.6843885779380798, 0.12554742395877838, 16.27842903137207, 1.0470757312084285, 0.5099830676199056, 1.8879330158233643, 334.42578125), (1000, 1000, 0.8, 55, 0.07061915844678879, 0.004202127456665039, 0.648885276477936, 0.33281221985816956, 0.5871210098266602, 0.6304367184638977, 19.23485565185547, 812.7965913280849, 11304.913506088393, 2.2461130619049072, 336.21484375), (1000, 1000, 0.8, 99, 0.10812854766845703, 0.09372246265411377, 0.9749006455440237, 0.2440711110830307, 0.2285667210817337, 0.15858517587184906, 20.66347885131836, 252.75980038305306, 631.1743555776892, 2.561497926712036, 336.8125)]
Completed job 12
starting the work inside Run_jobs
parameter combinations: [[1000, 1000, 0.6, 11], [1000, 1000, 0.6, 55], [1000, 1000, 0.6, 99], [1000, 2000, 1, 11], [1000, 2000, 1, 55], [1000, 2000, 1, 99]]
test name: nountill_E2E
Begin work on process
Begin work on process
Begin work on process
Begin work on process
Begin work on process
Begin work on process
[(1000, 1000, 0.6, 11, 0.07801950722932816, 0.012378931045532227, 1.06216250718651, 0.23136481642723083, 0.4180584251880646, 0.37061262130737305, 16.370277404785156, 354.7450104830688, 977.450107302979, 2.2116081714630127, 295.02734375), (1000, 1000, 0.6, 55, 0.05617055669426918, 0.022602498531341553, 0.9238500743161887, 0.19426631927490234, 0.2602069675922394, 0.26568347215652466, 19.364429473876953, 4.264047154895786, 0.09928950629262899, 2.523988723754883, 335.75390625), (1000, 1000, 0.6, 99, 0.23832973837852478, 0.1143689751625061, 0.991653621608707, 0.19411034882068634, 0.5132014155387878, 0.4530678391456604, 20.711820602416992, 0.02233731504929542, 1.4424481443911113e-05, 2.6616835594177246, 336.875), (1000, 2000, 1, 11, 0.1271320879459381, 0.02808159589767456, 0.5891420360141084, 0.35539183020591736, 0.315802663564682, 0.4100848138332367, 33.29475021362305, 338.8412547196116, 702.4943009706159, 5.7659525871276855, 432.71484375), (1000, 2000, 1, 55, 0.07210567593574524, 0.012132048606872559, 0.636283633096132, 0.3309786319732666, 0.4592028260231018, 0.44296562671661377, 35.850887298583984, 372.1547310809794, 228.14397608071812, 8.58764934539795, 417.0625), (1000, 2000, 1, 99, 0.02803693525493145, 0.006038546562194824, 0.5286688952650389, 0.20445014536380768, 0.24599802494049072, 0.23693543672561646, 37.28469467163086, 797.0235699361393, 2510.964427605516, 8.207002639770508, 440.67578125)]
Completed job 13
starting the work inside Run_jobs
parameter combinations: [[1000, 2000, 0.8, 11], [1000, 2000, 0.8, 55], [1000, 2000, 0.8, 99], [1000, 2000, 0.6, 11], [1000, 2000, 0.6, 55], [1000, 2000, 0.6, 99]]
test name: nountill_E2E
[(1000, 2000, 0.8, 11, 0.0891026183962822, 0.03149324655532837, 0.9390567685848928, 0.25319403409957886, 0.35028836131095886, 0.3210240602493286, 32.88719940185547, 163.0088852136277, 82.1831956641922, 32.34306716918945, 405.4765625), (1000, 2000, 0.8, 55, 0.05796820670366287, 0.0031402111053466797, 0.3757733202737654, 0.44090667366981506, 0.7306293845176697, 0.7247366309165955, 35.878746032714844, 594.1221133460351, 12885.229480084237, 217.44949650764465, 433.16796875), (1000, 2000, 0.8, 99, 0.034690119326114655, 0.01837080717086792, 0.8941508215141714, 0.2926691472530365, 0.1817026436328888, 0.17958462238311768, 36.92149353027344, 40.95756211857612, 2.914196996610116, 296.5929081439972, 436.09765625), (1000, 2000, 0.6, 11, 0.09114766120910645, 0.008572816848754883, 0.5385146008442969, 0.36584770679473877, 0.6911682486534119, 0.6729070544242859, 32.978111267089844, 299.8315213205918, 4020.6729539668045, 49.49227523803711, 437.8359375), (1000, 2000, 0.6, 55, 0.08284132182598114, 0.004867672920227051, 0.5779203686525838, 0.31928396224975586, 0.6890780329704285, 0.6382743716239929, 35.83729934692383, 66.40612169618939, 109.87490954825797, 259.31909370422363, 437.58203125), (1000, 2000, 0.6, 99, 0.020590025931596756, 0.0020548105239868164, 0.43486926240182044, 0.27822473645210266, 0.3099367618560791, 0.3038627803325653, 36.98881912231445, 344.8421347103356, 129.5430577879314, 261.2324969768524, 437.17578125)]
Completed job 14
starting the work inside Run_jobs
parameter combinations: [[1000, 3000, 1, 11], [1000, 3000, 1, 55], [1000, 3000, 1, 99], [1000, 3000, 0.8, 11], [1000, 3000, 0.8, 55], [1000, 3000, 0.8, 99]]
test name: nountill_E2E
Begin work on process
Begin work on process
Begin work on process
Begin work on process
Begin work on process
Begin work on process
[(1000, 3000, 1, 11, 0.09142766892910004, 0.014094233512878418, 0.9416960238983508, 0.26000088453292847, 0.2832486629486084, 0.3574446439743042, 45.62355041503906, 2253.235670646034, 62769.08010929606, 11.077425479888916, 481.609375), (1000, 3000, 1, 55, 0.014410886913537979, 0.0005578398704528809, 0.3799846484882138, 0.3315173387527466, 0.33926862478256226, 0.3479839265346527, 47.86497497558594, 1995.4243418160952, 3284.318540155944, 13.264816999435425, 498.0), (1000, 3000, 1, 99, 0.031292371451854706, 0.0033930540084838867, 0.3782889645501774, 0.33857738971710205, 0.3792135715484619, 0.37568652629852295, 48.85130310058594, 1080.5996914699167, 1527.132323724676, 15.718176364898682, 501.453125), (1000, 3000, 0.8, 11, 0.08269764482975006, 0.015322506427764893, 1.0304483315476798, 0.2111855000257492, 0.38944384455680847, 0.3362884521484375, 45.580013275146484, 250.68254809315914, 310.566723560241, 10.826304197311401, 485.58203125), (1000, 3000, 0.8, 55, 0.11269121617078781, 0.01232457160949707, 1.4741220455266175, 0.3247740864753723, 0.650665283203125, 0.5943964123725891, 47.99967575073242, 769.5571975502489, 43328.271998718636, 13.18740963935852, 495.09375), (1000, 3000, 0.8, 99, 0.05724155530333519, 0.005683600902557373, 0.33933925005471843, 0.4392567276954651, 0.5342867970466614, 0.5248526930809021, 49.053253173828125, 537.3493599240726, 284.42634257265786, 14.742807149887085, 502.55859375)]
Completed job 15
starting the work inside Run_jobs
parameter combinations: [[1000, 3000, 0.6, 11], [1000, 3000, 0.6, 55], [1000, 3000, 0.6, 99], [1000, 4000, 1, 11], [1000, 4000, 1, 55], [1000, 4000, 1, 99]]
test name: nountill_E2E
[(1000, 3000, 0.6, 11, 0.01639072224497795, 0.00386202335357666, 0.6348643589162253, 0.1491760015487671, 0.11840317398309708, 0.13061779737472534, 45.37242889404297, 623.5361570191619, 1243.8531972563817, 17.95567536354065, 480.6171875), (1000, 3000, 0.6, 55, 0.06526220589876175, 0.02775859832763672, 0.6977131739091287, 0.47440946102142334, 0.27891772985458374, 0.2708145081996918, 47.83415222167969, 28.44997105868788, 4.451583113362897, 15.792586326599121, 492.21875), (1000, 3000, 0.6, 99, 0.05929211154580116, 0.00590139627456665, 0.2081540136793465, 0.46292924880981445, 0.5320315361022949, 0.5424762964248657, 48.85072326660156, 274.4504055483722, 106.53308612592852, 11.287880182266235, 499.19140625), (1000, 4000, 1, 11, 0.04684171453118324, 0.00694042444229126, 0.5621926137161987, 0.3964228928089142, 0.3888775408267975, 0.37606552243232727, 55.597591400146484, 1046.5920648047077, 7087.8905043124305, 15.045365571975708, 618.47265625), (1000, 4000, 1, 55, 0.025965547189116478, 0.0009238719940185547, 0.7843189032256266, 0.2733125686645508, 0.5624247193336487, 0.5713899731636047, 57.777008056640625, 2256.8137400054525, 9533.7088716995, 17.845322608947754, 641.734375), (1000, 4000, 1, 99, 0.03609743341803551, 0.022976398468017578, 0.7792128810522877, 0.2693747878074646, 0.16748523712158203, 0.15826992690563202, 58.5789794921875, 1235.5482629450512, 1063.8982667510586, 22.05275869369507, 658.9296875)]
Completed job 16
starting the work inside Run_jobs
parameter combinations: [[1000, 4000, 0.8, 11], [1000, 4000, 0.8, 55], [1000, 4000, 0.8, 99], [1000, 4000, 0.6, 11], [1000, 4000, 0.6, 55], [1000, 4000, 0.6, 99]]
test name: nountill_E2E
Begin work on process
Begin work on process
Begin work on process
Begin work on process
Begin work on process
Begin work on process
[(1000, 4000, 0.8, 11, 0.04361201450228691, 0.00870358943939209, 0.9090457765856408, 0.17751841247081757, 0.31774869561195374, 0.3026490807533264, 55.68766403198242, 846.2625333802912, 866.1838866620843, 20.82193684577942, 626.40625), (1000, 4000, 0.8, 55, 0.00787322036921978, 0.0006428360939025879, 0.8860035057352913, 0.23200623691082, 0.1852690726518631, 0.1893751174211502, 57.93976974487305, 2230.7933668914993, 2526.0402942830306, 24.95568084716797, 641.6171875), (1000, 4000, 0.8, 99, 0.029037123546004295, 0.005366504192352295, 1.0327104911780394, 0.27415356040000916, 0.2467948943376541, 0.23164302110671997, 58.56245040893555, 1038.1035259037258, 1931.8602141645238, 29.42599606513977, 653.9296875), (1000, 4000, 0.6, 11, 0.1245613694190979, 0.014263808727264404, 0.28582185784994374, 0.4767374098300934, 0.7330746650695801, 0.7054588794708252, 55.616539001464844, 18.043686979117844, 10.331904474098591, 20.47297716140747, 627.51953125), (1000, 4000, 0.6, 55, 0.06416616588830948, 0.00948256254196167, 1.171481865903147, 0.25284406542778015, 0.4297323524951935, 0.4507908523082733, 57.75974655151367, 5.323774536654377, 0.2702686490428366, 25.40685272216797, 642.25), (1000, 4000, 0.6, 99, 0.09160221368074417, 0.04102092981338501, 0.6454000567125111, 0.0662456601858139, 0.24305090308189392, 0.17271636426448822, 58.486289978027344, 17.71110461032336, 1.9669889158630778, 28.102710247039795, 651.703125)]
Completed job 17
