starting the work inside Run_jobs
parameter combinations: [[350, 1000, 1, 11], [350, 1000, 1, 55], [350, 1000, 1, 99], [350, 1000, 0.8, 11], [350, 1000, 0.8, 55], [350, 1000, 0.8, 99]]
test name: nountill_G2E
[(350, 1000, 1, 11, 0.2083931267261505, 0.058641672134399414, 0.4760006312457718, 0.5245960354804993, 0.5644228458404541, 0.6159412264823914, 14.628511428833008, 2.202352513920533e-05, 1.3385533079553826e-10, 1.4042446613311768, 262.04296875), (350, 1000, 1, 55, 0.20023401081562042, 0.11794447898864746, 0.64822596600157, 0.27205270528793335, 0.3867608904838562, 0.42414599657058716, 16.217052459716797, 5.89952242033657e-31, 1.9790848329502994e-61, 1.6572096347808838, 288.02734375), (350, 1000, 1, 99, 0.18120792508125305, 0.10730266571044922, 0.2890861111959956, 0.21108762919902802, 0.3217548727989197, 0.17855113744735718, 17.406597137451172, 1.7190968033227322e-60, 1.5031767248345623e-120, 2.0248405933380127, 294.48828125), (350, 1000, 0.8, 11, 0.17755387723445892, 0.16568607091903687, 0.6034578738898532, 0.18785744905471802, 0.31380704045295715, 0.22185251116752625, 15.198471069335938, 1.9820267352224848e-07, 1.7705274184295212e-14, 1.3215832710266113, 290.46484375), (350, 1000, 0.8, 55, 0.27426719665527344, 0.1310189962387085, 0.6963013466825466, 0.5147805213928223, 0.33993545174598694, 0.5120214819908142, 16.309280395507812, 2.594568639058672e-49, 2.3524023234741888e-98, 1.6263303756713867, 288.44921875), (350, 1000, 0.8, 99, 0.49202990531921387, nan, 0.4414719667902445, 0.6149296760559082, 0.49202990531921387, 0.0, 16.94080924987793, 2.2250738585072014e-308, 0.0, 1.8139772415161133, 295.25)]
Completed job 0
starting the work inside Run_jobs
parameter combinations: [[350, 1000, 0.6, 11], [350, 1000, 0.6, 55], [350, 1000, 0.6, 99], [350, 2000, 1, 11], [350, 2000, 1, 55], [350, 2000, 1, 99]]
test name: nountill_G2E
[(350, 1000, 0.6, 11, 0.23128822445869446, 0.883287139236927, 0.779799028633417, 0.3998180031776428, 0.20913097262382507, 0.1261640340089798, 15.394604682922363, 2.840930835852246e-13, 5.007594037381852e-26, 1.319727897644043, 263.34765625), (350, 1000, 0.6, 55, 0.18984612822532654, 0.12205666303634644, 0.6277160481244368, 0.35146504640579224, 0.37386849522590637, 0.26497143507003784, 16.822378158569336, 1.0659606877874035e-79, 4.786531066928677e-159, 1.8251702785491943, 287.3046875), (350, 1000, 0.6, 99, 0.7176141738891602, nan, 0.1424045186459883, 0.6541786193847656, 0.7176141738891602, 0.0, 17.233434677124023, 2.2250738585072014e-308, 0.0, 2.0532076358795166, 295.04296875), (350, 2000, 1, 11, 0.288375586271286, 0.1016010046005249, 0.7520113507198567, 0.1937503069639206, 0.3989863395690918, 0.12941619753837585, 29.97952651977539, 0.00023315282739389613, 2.911862510870335e-09, 4.64484429359436, 379.62109375), (350, 2000, 1, 55, 0.1942327469587326, 0.0537908673286438, 0.3137632794315564, 0.5943336486816406, 0.5997345447540283, 0.5759568810462952, 31.14103126525879, 5.307973036388144e-32, 7.037277153816882e-64, 7.549583673477173, 380.2109375), (350, 2000, 1, 99, 0.32469186186790466, 0.1743299961090088, 0.3313940319367964, 0.49902600049972534, 0.5715476274490356, 0.5100787878036499, 31.76093864440918, 3.021540047082059e-58, 9.110107022079086e-116, 5.570834636688232, 382.69140625)]
Completed job 1
starting the work inside Run_jobs
parameter combinations: [[350, 2000, 0.8, 11], [350, 2000, 0.8, 55], [350, 2000, 0.8, 99], [350, 2000, 0.6, 11], [350, 2000, 0.6, 55], [350, 2000, 0.6, 99]]
test name: nountill_G2E
[(350, 2000, 0.8, 11, 0.10820059478282928, 0.2412806749343872, 0.8773353589918775, 0.1475243866443634, 0.16481457650661469, 0.13848403096199036, 30.344205856323242, 2.4095742633682073e-08, 4.0816881295027013e-17, 28.241656064987183, 356.3671875), (350, 2000, 0.8, 55, 0.14263835549354553, 0.26875191926956177, 1.0124421646654598, 0.2849034368991852, 0.19901864230632782, 0.18931381404399872, 31.666357040405273, 1.7583455952788664e-47, 1.7682077813935429e-94, 30.481141805648804, 376.0234375), (350, 2000, 0.8, 99, 0.3762674629688263, 1.3865643739700317, 0.806284687971283, 0.09496213495731354, 0.15572181344032288, 0.2875843942165375, 32.01173782348633, 1.3255921592283695e-84, 1.757193115862856e-168, 30.208215475082397, 381.875), (350, 2000, 0.6, 11, 0.7441028952598572, 1.7507812976837158, 1.0003400813634686, 0.1656772345304489, 0.2920028269290924, 0.49943891167640686, 30.393569946289062, 5.453465054613927e-08, 2.6824710000104372e-15, 13.6329505443573, 382.85546875), (350, 2000, 0.6, 55, 0.6246763467788696, 0.36951160430908203, 0.3112273121773731, 0.6519746780395508, 0.6687105298042297, 0.7691851258277893, 31.902267456054688, 7.116880148859357e-84, 4.240236698509262e-167, 31.063034296035767, 382.78515625), (350, 2000, 0.6, 99, 0.44221678376197815, nan, 0.6260004704466147, 0.45528313517570496, 0.44221678376197815, 0.0, 31.949195861816406, 2.2250738585072014e-308, 0.0, 30.008390188217163, 383.9296875)]
Completed job 2
starting the work inside Run_jobs
parameter combinations: [[350, 3000, 1, 11], [350, 3000, 1, 55], [350, 3000, 1, 99], [350, 3000, 0.8, 11], [350, 3000, 0.8, 55], [350, 3000, 0.8, 99]]
test name: nountill_G2E
Begin work on process
Begin work on process
Begin work on process
Begin work on process
Begin work on process
Begin work on process
[(350, 3000, 1, 11, 0.13550059497356415, 0.02298074960708618, 0.5830393699767267, 0.49045529961586, 0.41202232241630554, 0.5057407021522522, 41.799678802490234, 0.0007252753892683116, 2.7440367356508634e-08, 6.459035873413086, 422.1484375), (350, 3000, 1, 55, 0.34357115626335144, 0.1807045340538025, 0.8851911715516815, 0.16474001109600067, 0.4443308711051941, 0.13352790474891663, 43.210182189941406, 1.2543571331133953e-30, 3.945336393140291e-61, 7.8331522941589355, 434.88671875), (350, 3000, 1, 99, 0.4704446494579315, 0.13739877939224243, 0.6401718419811615, 0.5207392573356628, 0.35647696256637573, 0.7420052886009216, 43.34845733642578, 1.1234019711274356e-56, 1.2451166455983378e-112, 8.887183666229248, 435.21484375), (350, 3000, 0.8, 11, 0.25741198658943176, 0.08658015727996826, 0.13597183308171878, 0.6099464893341064, 0.578497588634491, 0.6324297189712524, 41.36757278442383, 3.152187399656573e-06, 8.785886158609311e-13, 6.219640254974365, 421.9453125), (350, 3000, 0.8, 55, 0.2736484110355377, 0.11480164527893066, 0.35162799629059394, 0.479317307472229, 0.5872073173522949, 0.5037350654602051, 42.931827545166016, 9.297105709948231e-43, 7.965341528211524e-85, 7.760930061340332, 435.609375), (350, 3000, 0.8, 99, 0.6924988627433777, nan, 0.03493837502061965, 0.6735873818397522, 0.6924988627433777, 0.0, 43.27971649169922, 2.2250738585072014e-308, 0.0, 8.412007570266724, 441.75)]
Completed job 3
starting the work inside Run_jobs
parameter combinations: [[350, 3000, 0.6, 11], [350, 3000, 0.6, 55], [350, 3000, 0.6, 99], [350, 4000, 1, 11], [350, 4000, 1, 55], [350, 4000, 1, 99]]
test name: nountill_G2E
[(350, 3000, 0.6, 11, 0.20827019214630127, 0.04757094383239746, 0.12158051049859868, 0.6313029527664185, 0.6652446985244751, 0.6812727451324463, 41.48838424682617, 7.328113081082444e-12, 5.5335543183945425e-24, 6.7026777267456055, 420.59765625), (350, 3000, 0.6, 55, 0.6226916909217834, 0.3748447299003601, 0.3467480732410849, 0.6480070948600769, 0.5975597500801086, 0.7861449718475342, 42.15717697143555, 1.4698925805765188e-87, 1.8860656038142647e-174, 7.792677402496338, 434.41796875), (350, 3000, 0.6, 99, 0.6702097058296204, nan, 0.30824357415507675, 0.5113710165023804, 0.6702097058296204, 0.0, 43.34843444824219, 2.2250738585072014e-308, 0.0, 8.475798606872559, 436.6953125), (350, 4000, 1, 11, 0.16851429641246796, 0.1521429419517517, 0.7444601439209119, 0.42732489109039307, 0.2519681751728058, 0.31633737683296204, 50.91781997680664, 0.00012341087290690075, 1.7788762163441401e-09, 12.308533668518066, 543.9765625), (350, 4000, 1, 55, 0.14954569935798645, 0.06650948524475098, 0.6595062006818352, 0.32834815979003906, 0.3901463747024536, 0.3113785982131958, 52.2664794921875, 8.064435487589026e-31, 2.2854252406977134e-61, 14.337814092636108, 565.625), (350, 4000, 1, 99, 0.21428319811820984, 0.09740650653839111, 0.29645556897370295, 0.4722353219985962, 0.4972187876701355, 0.4387868642807007, 52.52248764038086, 3.220599102975789e-55, 1.0087067429209871e-109, 16.39411211013794, 570.25)]
Completed job 4
starting the work inside Run_jobs
parameter combinations: [[350, 4000, 0.8, 11], [350, 4000, 0.8, 55], [350, 4000, 0.8, 99], [350, 4000, 0.6, 11], [350, 4000, 0.6, 55], [350, 4000, 0.6, 99]]
test name: nountill_G2E
[(350, 4000, 0.8, 11, 0.1367398202419281, 0.03298288583755493, 0.5385626873932269, 0.49871453642845154, 0.41259461641311646, 0.486469566822052, 51.23817443847656, 2.5908983001751864e-07, 3.854958868893567e-15, 11.622435092926025, 548.51953125), (350, 4000, 0.8, 55, 0.1783372014760971, 0.03312110900878906, 0.1321635077037313, 0.6291914582252502, 0.676815927028656, 0.698699951171875, 52.36196517944336, 1.3569145574617998e-48, 4.914374159208658e-97, 13.85091519355774, 570.140625), (350, 4000, 0.8, 99, 0.6621981263160706, nan, 0.09260034036837438, 0.6711596250534058, 0.6621981263160706, 0.0, 53.03118896484375, 2.2250738585072014e-308, 0.0, 15.739479541778564, 575.39453125), (350, 4000, 0.6, 11, 0.3252243101596832, 0.11417782306671143, 0.7407880662416838, 0.2205783724784851, 0.420902818441391, 0.11279695481061935, 51.62483596801758, 1.6933502156229873e-09, 5.838706676118234e-19, 11.4783296585083, 553.53125), (350, 4000, 0.6, 55, 0.30207741260528564, 0.11719304323196411, 0.24559001603204972, 0.5668590068817139, 0.5898342132568359, 0.6410636901855469, 52.399803161621094, 1.1082337754331245e-79, 6.007856003608236e-159, 13.768633127212524, 569.34765625), (350, 4000, 0.6, 99, 0.569810688495636, nan, 0.33996028927698835, 0.5557291507720947, 0.569810688495636, 0.0, 52.63683319091797, 2.2250738585072014e-308, 0.0, 16.054699659347534, 582.44921875)]
Completed job 5
starting the work inside Run_jobs
parameter combinations: [[600, 1000, 1, 11], [600, 1000, 1, 55], [600, 1000, 1, 99], [600, 1000, 0.8, 11], [600, 1000, 0.8, 55], [600, 1000, 0.8, 99]]
test name: nountill_G2E
[(600, 1000, 1, 11, 0.22122423350811005, 0.05017775297164917, 0.593375447895907, 0.40361517667770386, 0.6926185488700867, 0.7026463747024536, 13.856209754943848, 9.072251123761196e-06, 7.325851668804313e-12, 2.114802598953247, 273.7734375), (600, 1000, 1, 55, 0.2852327525615692, 0.08535325527191162, 0.05621397621193717, 0.6592770218849182, 0.7014343738555908, 0.6724311113357544, 14.560020446777344, 2.612217340823656e-32, 8.090077107585374e-65, 1.8983168601989746, 306.046875), (600, 1000, 1, 99, 0.22545836865901947, 0.05056631565093994, 0.16111813062434593, 0.6744694709777832, 0.6397991180419922, 0.7098193168640137, 16.309280395507812, 5.881438071653032e-59, 1.3628809274232862e-117, 2.0447309017181396, 308.41015625), (600, 1000, 0.8, 11, 0.31526902318000793, 0.25009334087371826, 0.8505461007514422, 0.3433399796485901, 0.24103935062885284, 0.4527270197868347, 13.4534330368042, 3.1149656308392666e-08, 8.201528473409284e-16, 1.4418282508850098, 302.21875), (600, 1000, 0.8, 55, 0.6156026124954224, 1.6892476081848145, 0.8356097117261142, 0.22734884917736053, 0.41562172770500183, 0.2504584491252899, 14.662665367126465, 6.07586880663594e-45, 3.553474793990638e-89, 1.8729963302612305, 309.5078125), (600, 1000, 0.8, 99, 0.47721245884895325, 0.19259917736053467, 0.672408625030188, 0.2842920422554016, 0.24137292802333832, 0.6503524780273438, 15.905799865722656, 1.0985692069011599e-88, 1.2068543023514433e-176, 2.0852608680725098, 306.1328125)]
Completed job 6
starting the work inside Run_jobs
parameter combinations: [[600, 1000, 0.6, 11], [600, 1000, 0.6, 55], [600, 1000, 0.6, 99], [600, 2000, 1, 11], [600, 2000, 1, 55], [600, 2000, 1, 99]]
test name: nountill_G2E
[(600, 1000, 0.6, 11, 0.586808979511261, 0.9511369504034519, 0.8423914838733694, 0.3104321360588074, 0.13652068376541138, 0.5774171948432922, 12.766936302185059, 2.653538488268208e-11, 6.51020586764282e-22, 242.7250199317932, 277.515625), (600, 1000, 0.6, 55, 0.4066327214241028, 0.2569401264190674, 0.5691415808721892, 0.45863422751426697, 0.5224155783653259, 0.18053114414215088, 15.099448204040527, 7.183794627969883e-75, 5.1363748445195385e-149, 373.8546965122223, 310.17578125), (600, 1000, 0.6, 99, 0.5400632619857788, nan, 0.2929269520911117, 0.49833911657333374, 0.5400632619857788, 0.0, 15.74779987335205, 2.2250738585072014e-308, 0.0, 518.5423738956451, 311.08984375), (600, 2000, 1, 11, 0.21496661007404327, 0.05019134283065796, 0.1367942269098644, 0.5905337333679199, 0.6723296642303467, 0.6830109357833862, 29.87936019897461, 8.116233846528184e-06, 1.4342162209540845e-11, 129.1808364391327, 407.57421875), (600, 2000, 1, 55, 0.21965672075748444, 0.044109880924224854, 0.34523845851291945, 0.659558892250061, 0.5421526432037354, 0.6695346236228943, 30.947750091552734, 1.0367755690761116e-30, 3.5577672517720914e-61, 578.4565875530243, 407.23046875), (600, 2000, 1, 99, 0.2574352025985718, 0.6985821723937988, 0.8359941517911396, 0.11688361316919327, 0.14463086426258087, 0.2609770894050598, 31.444482803344727, 5.860441272145026e-60, 2.502812262058566e-119, 1580.8318610191345, 413.125)]
Completed job 7
starting the work inside Run_jobs
parameter combinations: [[600, 2000, 0.8, 11], [600, 2000, 0.8, 55], [600, 2000, 0.8, 99], [600, 2000, 0.6, 11], [600, 2000, 0.6, 55], [600, 2000, 0.6, 99]]
test name: nountill_G2E
[(600, 2000, 0.8, 11, 0.16426336765289307, 0.032735466957092285, 0.08688017580633227, 0.6281395554542542, 0.5835832953453064, 0.6355425715446472, 29.44123649597168, 2.0164411305128223e-06, 1.7665520682621751e-13, 4.169827938079834, 375.96875), (600, 2000, 0.8, 55, 0.23347923159599304, 0.0792648196220398, 0.38603183144754827, 0.533825159072876, 0.5796895623207092, 0.5916329026222229, 31.221120834350586, 2.243297282190628e-48, 2.4733645155661987e-96, 7.701185703277588, 404.703125), (600, 2000, 0.8, 99, 0.5697992444038391, 1.798393428325653, 1.1359343721021837, 0.1746142953634262, 0.4517296254634857, 0.14002734422683716, 31.93350601196289, 1.1689227089695723e-85, 1.3633748897605165e-170, 9.612706422805786, 403.61328125), (600, 2000, 0.6, 11, 0.3152909278869629, 0.280692994594574, 0.6771829050173509, 0.23893044888973236, 0.4366077184677124, 0.4001515805721283, 29.979509353637695, 1.183122605259666e-09, 8.4129696533212665e-19, 4.06221866607666, 406.328125), (600, 2000, 0.6, 55, 0.5654835104942322, nan, 0.43394231573466463, 0.6625005006790161, 0.5654835104942322, 0.0, 30.606674194335938, 2.2250738585072014e-308, 0.0, 5.782712697982788, 405.04296875), (600, 2000, 0.6, 99, 0.44945386052131653, nan, 0.6976174003657012, 0.27284207940101624, 0.44945386052131653, 0.0, 31.807998657226562, 2.2250738585072014e-308, 0.0, 7.50527024269104, 406.75390625)]
Completed job 8
starting the work inside Run_jobs
parameter combinations: [[600, 3000, 1, 11], [600, 3000, 1, 55], [600, 3000, 1, 99], [600, 3000, 0.8, 11], [600, 3000, 0.8, 55], [600, 3000, 0.8, 99]]
test name: nountill_G2E
[(600, 3000, 1, 11, 0.25828179717063904, 0.07701009511947632, 0.4161607597821136, 0.4663584530353546, 0.6591928601264954, 0.559855580329895, 41.016082763671875, 2.2052056351393258e-06, 2.2250301452936302e-12, 21.32242226600647, 443.37890625), (600, 3000, 1, 55, 0.29935553669929504, 0.08001023530960083, 0.8665633031030421, 0.21382589638233185, 0.5892682671546936, 0.7325716614723206, 42.663482666015625, 2.5411781746881786e-29, 4.754935436367755e-58, 9.291337966918945, 458.546875), (600, 3000, 1, 99, 0.393432080745697, 0.14567309617996216, 0.1904350497902979, 0.6588313579559326, 0.6326324939727783, 0.7565261721611023, 43.210243225097656, 1.9818321680492916e-58, 3.076475303445429e-116, 12.118364810943604, 463.5859375), (600, 3000, 0.8, 11, 0.22577911615371704, 0.06218308210372925, 0.023310387129566193, 0.6231012344360352, 0.6135075688362122, 0.6503328680992126, 41.31922912597656, 1.3942053860106484e-05, 1.99961274453344e-11, 6.60544490814209, 446.3515625), (600, 3000, 0.8, 55, 0.17410549521446228, 0.07494151592254639, 0.6801271478241926, 0.3693026900291443, 0.3315314054489136, 0.4269186854362488, 42.79209899902344, 2.2932136211984003e-48, 3.1118166545095445e-96, 8.64873480796814, 458.91015625), (600, 3000, 0.8, 99, 0.6532812714576721, nan, 0.6725041267509639, 0.3658842146396637, 0.6532812714576721, 0.0, 42.92028045654297, 2.2250738585072014e-308, 0.0, 10.288731098175049, 464.55078125)]
Completed job 9
starting the work inside Run_jobs
parameter combinations: [[600, 3000, 0.6, 11], [600, 3000, 0.6, 55], [600, 3000, 0.6, 99], [600, 4000, 1, 11], [600, 4000, 1, 55], [600, 4000, 1, 99]]
test name: nountill_G2E
[(600, 3000, 0.6, 11, 0.15540534257888794, 0.3221040964126587, 0.7430837756374056, 0.25914835929870605, 0.20775733888149261, 0.1121496856212616, 41.54790496826172, 1.2664088038859114e-11, 2.937931306147508e-23, 7.593037843704224, 443.3046875), (600, 3000, 0.6, 55, 0.4259386360645294, 0.17667776346206665, 0.00912658996976923, 0.6686003804206848, 0.6685423851013184, 0.7439289093017578, 42.82698059082031, 2.3623352640656866e-82, 3.201372868845968e-164, 10.465013980865479, 457.8515625), (600, 3000, 0.6, 99, 0.6960569024085999, nan, 0.05998489766037735, 0.6331773400306702, 0.6960569024085999, 0.0, 42.92047882080078, 2.2250738585072014e-308, 0.0, 9.810336351394653, 463.296875), (600, 4000, 1, 11, 0.23072633147239685, 0.08022969961166382, 0.4351481714472201, 0.4995388388633728, 0.5462530851364136, 0.5877237915992737, 51.25816345214844, 0.0004876724725563856, 4.395086758694812e-08, 12.101129293441772, 572.6875), (600, 4000, 1, 55, 0.22652575373649597, 0.08190608024597168, 0.21633358862912636, 0.5595964193344116, 0.5713040232658386, 0.5184192657470703, 52.47605514526367, 6.932472683086027e-29, 1.0822259316097156e-57, 15.522649765014648, 591.2890625), (600, 4000, 1, 99, 0.3173905611038208, 1.2194793224334717, 0.9039393925183435, 0.1353319138288498, 0.19328458607196808, 0.2128767967224121, 52.947242736816406, 5.305218825393927e-56, 2.695963972688549e-111, 18.50199818611145, 598.4765625)]
Completed job 10
starting the work inside Run_jobs
parameter combinations: [[600, 4000, 0.8, 11], [600, 4000, 0.8, 55], [600, 4000, 0.8, 99], [600, 4000, 0.6, 11], [600, 4000, 0.6, 55], [600, 4000, 0.6, 99]]
test name: nountill_G2E
Begin work on process
Begin work on process
Begin work on process
Begin work on process
Begin work on process
Begin work on process
[(600, 4000, 0.8, 11, 0.20652489364147186, 0.051413536071777344, 0.6079618251478975, 0.5439723134040833, 0.3812255859375, 0.5292336940765381, 51.23881912231445, 1.2011967489449421e-05, 2.6733801720640533e-11, 13.70566725730896, 576.5390625), (600, 4000, 0.8, 55, 0.45055148005485535, 0.1600271463394165, 0.8040283116669963, 0.07124040275812149, 0.23252393305301666, 0.6278375387191772, 52.210174560546875, 1.0771181644381567e-47, 9.837464779171583e-95, 17.78152561187744, 597.5625), (600, 4000, 0.8, 99, 0.2612851858139038, 0.07027804851531982, 0.09516771412151397, 0.6585060358047485, 0.6652923226356506, 0.7093333601951599, 52.58943557739258, 9.631721174674174e-85, 4.737265076966264e-169, 19.2665433883667, 601.30859375), (600, 4000, 0.6, 11, 0.26658791303634644, 0.11677247285842896, 0.7843973738989184, 0.4677313566207886, 0.30248725414276123, 0.49288123846054077, 51.19023895263672, 3.1176582329616036e-10, 1.7474600651442347e-20, 13.394957065582275, 579.4921875), (600, 4000, 0.6, 55, 0.6512169241905212, 0.37154877185821533, 0.024267988723338234, 0.6728150844573975, 0.6857168078422546, 0.8045501112937927, 52.49482727050781, 4.7024947592490976e-82, 2.2113305508437376e-163, 17.347785234451294, 597.03515625), (600, 4000, 0.6, 99, 0.46055838465690613, nan, 0.5293571304602458, 0.495288223028183, 0.46055838465690613, 0.0, 52.797096252441406, 2.2250738585072014e-308, 0.0, 18.19208288192749, 606.4921875)]
Completed job 11
starting the work inside Run_jobs
parameter combinations: [[1000, 1000, 1, 11], [1000, 1000, 1, 55], [1000, 1000, 1, 99], [1000, 1000, 0.8, 11], [1000, 1000, 0.8, 55], [1000, 1000, 0.8, 99]]
test name: nountill_G2E
[(1000, 1000, 1, 11, 0.2752556800842285, 0.08293759822845459, 0.4055098705237138, 0.5553267598152161, 0.5002988576889038, 0.6484602093696594, 11.31356430053711, 2.36653589432102e-05, 1.8021280402663608e-10, 1.9002456665039062, 294.25390625), (1000, 1000, 1, 55, 0.4096042811870575, 0.13482093811035156, 0.7100070549870099, 0.3821936249732971, 0.3714348077774048, 0.6861624717712402, 13.783835411071777, 4.606134560693715e-30, 1.6399525671078925e-59, 2.130763053894043, 334.99609375), (1000, 1000, 1, 99, 0.17104406654834747, 0.3154662847518921, 0.8897006747289616, 0.12980996072292328, 0.22275419533252716, 0.09874594956636429, 14.035439491271973, 2.305376047944906e-61, 3.764324978359993e-122, 2.427863359451294, 335.33984375), (1000, 1000, 0.8, 11, 0.2553560733795166, 0.29859721660614014, 0.9965882266771303, 0.14055225253105164, 0.35074642300605774, 0.19398753345012665, 10.770194053649902, 9.401097073966923e-07, 1.7557853322653167e-13, 1.6340973377227783, 334.15234375), (1000, 1000, 0.8, 55, 0.3610198199748993, 0.11194676160812378, 0.4542143435355383, 0.5095833539962769, 0.556891918182373, 0.7490806579589844, 13.341451644897461, 4.2760545260760215e-47, 1.023275993587697e-93, 2.1632487773895264, 335.7734375), (1000, 1000, 0.8, 99, 0.728347897529602, nan, 0.018102870686978658, 0.675445020198822, 0.728347897529602, 0.0, 13.341475486755371, 2.2250738585072014e-308, 0.0, 2.512484550476074, 336.390625)]
Completed job 12
starting the work inside Run_jobs
parameter combinations: [[1000, 1000, 0.6, 11], [1000, 1000, 0.6, 55], [1000, 1000, 0.6, 99], [1000, 2000, 1, 11], [1000, 2000, 1, 55], [1000, 2000, 1, 99]]
test name: nountill_G2E
[(1000, 1000, 0.6, 11, 0.20476244390010834, 0.2835981845855713, 0.8955677598966091, 0.16792139410972595, 0.17635546624660492, 0.29001346230506897, 11.618796348571777, 4.996592091283888e-11, 1.6654872413918474e-21, 2.2275068759918213, 295.77734375), (1000, 1000, 0.6, 55, 0.17296543717384338, 1.2979725897312164, 0.9754681555863005, 0.4224167764186859, 0.16193020343780518, 0.02936233952641487, 13.038216590881348, 4.412081527362427e-74, 1.9461463761989274e-147, 27.116426467895508, 335.328125), (1000, 1000, 0.6, 99, 0.3518998324871063, nan, 0.6810233900762415, 0.5115857720375061, 0.3518998324871063, 0.0, 13.341476440429688, 2.2250738585072014e-308, 0.0, 2.764967918395996, 336.67578125), (1000, 2000, 1, 11, 0.20181386172771454, 0.07845282554626465, 0.4774490143349687, 0.5012809038162231, 0.5173686742782593, 0.45735689997673035, 28.474403381347656, 2.002427047640455e-05, 4.755587169360408e-11, 26.700259685516357, 433.80078125), (1000, 2000, 1, 55, 0.34678274393081665, 0.13829779624938965, 0.26073526820084797, 0.6611287593841553, 0.6096714735031128, 0.6820620894432068, 29.99631690979004, 1.3457671814086089e-30, 6.513160524476974e-61, 114.9066653251648, 444.97265625), (1000, 2000, 1, 99, 0.313198983669281, 0.07715153694152832, 0.7824129324432102, 0.2618370056152344, 0.4374425411224365, 0.6677117347717285, 30.623031616210938, 6.632541579852566e-59, 1.609163708701495e-117, 118.25447654724121, 448.5)]
Completed job 13
starting the work inside Run_jobs
parameter combinations: [[1000, 2000, 0.8, 11], [1000, 2000, 0.8, 55], [1000, 2000, 0.8, 99], [1000, 2000, 0.6, 11], [1000, 2000, 0.6, 55], [1000, 2000, 0.6, 99]]
test name: nountill_G2E
[(1000, 2000, 0.8, 11, 0.19090184569358826, 0.06816542148590088, 0.5205186397115215, 0.5513127446174622, 0.38654330372810364, 0.4896850287914276, 29.50882339477539, 3.4643807042748517e-06, 7.276474100907666e-13, 17.449077606201172, 405.75), (1000, 2000, 0.8, 55, 0.6053653955459595, 0.9231579080224037, 0.8265362591337757, 0.18010175228118896, 0.15916724503040314, 0.5964247584342957, 30.012985229492188, 3.440516336648997e-49, 7.975696222424767e-98, 41.505725145339966, 434.7265625), (1000, 2000, 0.8, 99, 0.6908103823661804, nan, 0.08679753152068391, 0.6791075468063354, 0.6908103823661804, 0.0, 30.7533016204834, 2.2250738585072014e-308, 0.0, 53.099674463272095, 440.17578125), (1000, 2000, 0.6, 11, 0.22636009752750397, 0.09437036514282227, 0.33448591555856244, 0.40547242760658264, 0.4991067945957184, 0.37175238132476807, 28.875368118286133, 1.5739523386244175e-09, 6.003106939701978e-19, 24.460357904434204, 443.65234375), (1000, 2000, 0.6, 55, 0.4627609848976135, 0.23127055168151855, 0.5438033233304473, 0.5137554407119751, 0.4820304214954376, 0.7156632542610168, 30.76959991455078, 1.128523039983487e-75, 1.2731548969847982e-150, 57.515302419662476, 443.26953125), (1000, 2000, 0.6, 99, 0.2323739379644394, nan, 0.6796903183563018, 0.45653441548347473, 0.2323739379644394, 0.0, 30.32781410217285, 2.2250738585072014e-308, 0.0, 70.18786668777466, 444.578125)]
Completed job 14
starting the work inside Run_jobs
parameter combinations: [[1000, 3000, 1, 11], [1000, 3000, 1, 55], [1000, 3000, 1, 99], [1000, 3000, 0.8, 11], [1000, 3000, 0.8, 55], [1000, 3000, 0.8, 99]]
test name: nountill_G2E
Begin work on process
Begin work on process
Begin work on process
Begin work on process
Begin work on process
Begin work on process
[(1000, 3000, 1, 11, 0.20804712176322937, 0.0895128846168518, 0.9148764008553917, 0.06581383943557739, 0.3498038053512573, 0.16896609961986542, 40.991886138916016, 4.019864393067501e-05, 3.1191149380925876e-11, 8.756429672241211, 481.9453125), (1000, 3000, 1, 55, 0.1422017365694046, 0.024488449096679688, 0.38239393071881683, 0.6011360287666321, 0.5311632752418518, 0.5992271900177002, 42.287410736083984, 2.7309357007500832e-30, 1.6788346952682563e-60, 10.589339017868042, 497.92578125), (1000, 3000, 1, 99, 0.5777831077575684, 0.32239830493927, 0.8999774769882779, 0.5507205128669739, 0.15831123292446136, 0.6732032895088196, 42.7103271484375, 2.6644745018074923e-59, 7.044719371336381e-118, 10.291750192642212, 498.83984375), (1000, 3000, 0.8, 11, 0.1340380609035492, 1.4075312614440918, 0.5904558542808155, 0.0506884790956974, 0.05894153192639351, 0.09873565286397934, 40.93091583251953, 3.2452757837573176e-07, 1.1243139024027371e-14, 8.407626628875732, 484.80859375), (1000, 3000, 0.8, 55, 0.3351985514163971, 0.0931628942489624, 0.2625862376844128, 0.6398959755897522, 0.6500306129455566, 0.7825920581817627, 42.639862060546875, 8.380762150756214e-45, 5.8381181488855776e-89, 10.691851377487183, 497.4453125), (1000, 3000, 0.8, 99, 0.13047142326831818, nan, 0.8733797477731655, 0.3893471658229828, 0.13047142326831818, 0.0, 42.96712875366211, 2.2250738585072014e-308, 0.0, 10.448617696762085, 503.765625)]
Completed job 15
starting the work inside Run_jobs
parameter combinations: [[1000, 3000, 0.6, 11], [1000, 3000, 0.6, 55], [1000, 3000, 0.6, 99], [1000, 4000, 1, 11], [1000, 4000, 1, 55], [1000, 4000, 1, 99]]
test name: nountill_G2E
[(1000, 3000, 0.6, 11, 0.2824617624282837, 0.09521305561065674, 0.5900785094097315, 0.39710432291030884, 0.6272561550140381, 0.6593388319015503, 40.72270584106445, 5.105732366908039e-10, 3.5360483490407524e-20, 8.728485107421875, 481.4140625), (1000, 3000, 0.6, 55, 0.16957466304302216, 0.3412485122680664, 0.9710198573851444, 0.20643877983093262, 0.2201734036207199, 0.10876695811748505, 42.66353988647461, 2.3407837789981727e-78, 2.0579077795421142e-156, 9.250308752059937, 497.38671875), (1000, 3000, 0.6, 99, 0.39105740189552307, nan, 0.6502021951823002, 0.46107107400894165, 0.39105740189552307, 0.0, 42.65171432495117, 2.2250738585072014e-308, 0.0, 10.970955848693848, 499.2265625), (1000, 4000, 1, 11, 0.16964629292488098, 0.06457245349884033, 0.47969315593364387, 0.4144797921180725, 0.4454805552959442, 0.47978758811950684, 51.297237396240234, 0.00016814267606847147, 4.857877786243939e-10, 13.363993406295776, 620.3203125), (1000, 4000, 1, 55, 0.424407035112381, 0.14747881889343262, 0.09643188511243658, 0.6636369228363037, 0.6936841011047363, 0.8119580745697021, 52.35273361206055, 1.0330383182119643e-32, 7.104304226815516e-65, 16.390145301818848, 639.61328125), (1000, 4000, 1, 99, 0.42434874176979065, 0.16691190004348755, 0.37543557785394344, 0.6380580067634583, 0.5536580681800842, 0.7549846768379211, 52.51337432861328, 3.2060064590009647e-57, 9.71984648462711e-114, 19.434239625930786, 644.515625)]
Completed job 16
starting the work inside Run_jobs
parameter combinations: [[1000, 4000, 0.8, 11], [1000, 4000, 0.8, 55], [1000, 4000, 0.8, 99], [1000, 4000, 0.6, 11], [1000, 4000, 0.6, 55], [1000, 4000, 0.6, 99]]
test name: nountill_G2E
[(1000, 4000, 0.8, 11, 0.21688750386238098, 0.35893917083740234, 0.9981739856867489, 0.18164823949337006, 0.2754994034767151, 0.2249029129743576, 51.005393981933594, 2.657707602869703e-05, 2.5632270684056015e-10, 13.556283235549927, 624.90234375), (1000, 4000, 0.8, 55, 0.4476400315761566, 0.29408401250839233, 0.6441368055353992, 0.35236915946006775, 0.6149302124977112, 0.5374124050140381, 52.2004508972168, 3.262122253938356e-49, 9.345013657589376e-98, 15.433438539505005, 645.16015625), (1000, 4000, 0.8, 99, 0.17671287059783936, nan, 0.8861711229536448, 0.16949573159217834, 0.17671287059783936, 0.0, 52.380950927734375, 2.2250738585072014e-308, 0.0, 17.66586685180664, 647.72265625), (1000, 4000, 0.6, 11, 0.45881393551826477, 1.6766078472137451, 0.9627879944440048, 0.08459585905075073, 0.3277984857559204, 0.1684008687734604, 51.23843765258789, 2.4576249658011746e-10, 4.4888749433614576e-21, 12.750657796859741, 628.1640625), (1000, 4000, 0.6, 55, 0.40839633345603943, 0.24734848737716675, 0.41588015300365916, 0.4057599604129791, 0.5223000049591064, 0.6133952140808105, 52.087032318115234, 5.906292534591689e-81, 3.3301113823632357e-161, 15.735978841781616, 646.67578125), (1000, 4000, 0.6, 99, 0.6736469268798828, nan, 0.016468010960621813, 0.6767753958702087, 0.6736469268798828, 0.0, 52.400413513183594, 2.2250738585072014e-308, 0.0, 17.61898136138916, 657.84375)]
Completed job 17
