starting the work inside Run_jobs
parameter combinations: [[350, 1000, 1, 11], [350, 1000, 1, 55], [350, 1000, 1, 99], [350, 1000, 0.8, 11], [350, 1000, 0.8, 55], [350, 1000, 0.8, 99]]
test name: nountill_G2G
[(350, 1000, 1, 11, 0.06474824249744415, 0.043415844440460205, 0.5898745460589557, 0.2370394468307495, 0.21915927529335022, 0.19904859364032745, 14.798430442810059, 929.4058319157597, 5925.335903658159, 1.2455809116363525, 262.87109375), (350, 1000, 1, 55, 0.09512010216712952, 0.022969424724578857, 0.621487189629807, 0.32091018557548523, 0.2824486792087555, 0.34961581230163574, 17.08777618408203, 990.6950040598922, 2259.6857459111434, 1.3286151885986328, 286.84765625), (350, 1000, 1, 99, 0.08982904255390167, 0.021447718143463135, 0.7539151664224822, 0.28905826807022095, 0.4356904625892639, 0.4226090908050537, 17.349061965942383, 986.6587287584287, 1218.5555315117758, 1.4680204391479492, 291.58984375), (350, 1000, 0.8, 11, 0.2133360654115677, 0.04273313283920288, 0.46857305932992716, 0.31745481491088867, 0.49141207337379456, 0.31130754947662354, 14.525612831115723, 1034.2855477154176, 1632.478446865958, 1.0436573028564453, 289.390625), (350, 1000, 0.8, 55, 0.24763742089271545, 0.04929077625274658, 0.26575577275483786, 0.5339974761009216, 0.6908570528030396, 0.5325770974159241, 16.339923858642578, 1001.4349423039667, 1203.6571369686856, 1.35251784324646, 288.1953125), (350, 1000, 0.8, 99, 0.05046895146369934, 0.022055208683013916, 0.6692760709271282, 0.34272634983062744, 0.2415032833814621, 0.2378482222557068, 16.85205078125, 991.1190034670742, 1611.6717149990914, 1.4439783096313477, 290.4296875)]
Completed job 0
starting the work inside Run_jobs
parameter combinations: [[350, 1000, 0.6, 11], [350, 1000, 0.6, 55], [350, 1000, 0.6, 99], [350, 2000, 1, 11], [350, 2000, 1, 55], [350, 2000, 1, 99]]
test name: nountill_G2G
[(350, 1000, 0.6, 11, 0.27439072728157043, 0.0691794753074646, 0.693004432406758, 0.3499053120613098, 0.07209949195384979, 0.3402341604232788, 14.798480987548828, 1000.7593158817526, 2487.6401146824674, 1.9583756923675537, 262.296875), (350, 1000, 0.6, 55, 0.2081518918275833, 0.04416036605834961, 0.9777655790649195, 0.15595149993896484, 0.7072156071662903, 0.6646406650543213, 16.15528678894043, 1003.7876863972675, 12302.649423860898, 2.1076738834381104, 287.26171875), (350, 1000, 0.6, 99, 0.19213217496871948, 0.030524373054504395, 0.08751093515928743, 0.6476460695266724, 0.7665513753890991, 0.7032802104949951, 17.406646728515625, 943.2852130813243, 8438.774879766992, 7.326640844345093, 294.37109375), (350, 2000, 1, 11, 0.13363701105117798, 0.023302853107452393, 0.3470519200150574, 0.43230587244033813, 0.6219041347503662, 0.6008304953575134, 30.410057067871094, 2083.9239316413273, 30700.52399842319, 28.092204570770264, 376.40625), (350, 2000, 1, 55, 0.12127741426229477, 0.027888357639312744, 0.48851428556929816, 0.38522869348526, 0.5171306133270264, 0.502425491809845, 31.65057945251465, 2021.0870951077995, 5999.2031912700495, 96.12001061439514, 378.26953125), (350, 2000, 1, 99, 0.11557070165872574, 0.028525710105895996, 0.5393330468985309, 0.4323761761188507, 0.3677181601524353, 0.43307268619537354, 31.83953285217285, 1974.4691608872276, 3433.4659478300955, 127.50385808944702, 386.32421875)]
Completed job 1
starting the work inside Run_jobs
parameter combinations: [[350, 2000, 0.8, 11], [350, 2000, 0.8, 55], [350, 2000, 0.8, 99], [350, 2000, 0.6, 11], [350, 2000, 0.6, 55], [350, 2000, 0.6, 99]]
test name: nountill_G2G
[(350, 2000, 0.8, 11, 0.1742265373468399, 0.03690910339355469, 0.4247694930838927, 0.4843381643295288, 0.6413431763648987, 0.5941711664199829, 30.062761306762695, 2015.874538999103, 3462.267518970796, 10.227166414260864, 354.1640625), (350, 2000, 0.8, 55, 0.0893094465136528, 0.018862426280975342, 0.6390800828555907, 0.2269662618637085, 0.18150828778743744, 0.260212779045105, 31.189226150512695, 1889.7169646035081, 13454.43708941769, 115.18506932258606, 373.57421875), (350, 2000, 0.8, 99, 0.17812108993530273, 0.030528545379638672, 0.011495468540946593, 0.6664628982543945, 0.7217487096786499, 0.6795464158058167, 32.44575881958008, 1934.9057137685159, 2736.6185625863914, 71.8923454284668, 373.9765625), (350, 2000, 0.6, 11, 0.1780605912208557, 0.034810543060302734, 0.14163799665644686, 0.5700148344039917, 0.6758403182029724, 0.630890429019928, 30.096044540405273, 1833.9589953121033, 14429.849887069126, 12.691475629806519, 375.90625), (350, 2000, 0.6, 55, 0.18663960695266724, 0.03355807065963745, 0.0010260389589311224, 0.6753654479980469, 0.7251631021499634, 0.689302384853363, 32.260406494140625, 1981.1961395821106, 3498.4571228216814, 43.58689880371094, 381.53125), (350, 2000, 0.6, 99, 0.18324430286884308, 0.02919185161590576, 0.017627729713989692, 0.6703773736953735, 0.7600313425064087, 0.7192628979682922, 31.980472564697266, 1852.7070327402582, 8299.831565292618, 52.929380655288696, 382.796875)]
Completed job 2
starting the work inside Run_jobs
parameter combinations: [[350, 3000, 1, 11], [350, 3000, 1, 55], [350, 3000, 1, 99], [350, 3000, 0.8, 11], [350, 3000, 0.8, 55], [350, 3000, 0.8, 99]]
test name: nountill_G2G
Begin work on process
Begin work on process
Begin work on process
Begin work on process
Begin work on process
Begin work on process
[(350, 3000, 1, 11, 0.22512651979923248, 0.052412331104278564, 0.21691554649262848, 0.5066202878952026, 0.7039812207221985, 0.6574288606643677, 41.919193267822266, 3225.861037047731, 85475.23847768512, 5.688802242279053, 420.66015625), (350, 3000, 1, 55, 0.16226164996623993, 0.01650083065032959, 0.524478064693827, 0.4049110412597656, 0.5925028920173645, 0.4609109163284302, 42.53447341918945, 2902.029496992251, 168709.91021427792, 7.11190128326416, 430.2265625), (350, 3000, 1, 99, 0.2229381501674652, 0.045317769050598145, 0.12215512044521538, 0.617335319519043, 0.7187232971191406, 0.6233551502227783, 43.291099548339844, 3016.6435610350895, 3346.5967759641326, 8.487016201019287, 436.34765625), (350, 3000, 0.8, 11, 0.05666721612215042, 0.03247570991516113, 0.7948884626149402, 0.22616049647331238, 0.22297628223896027, 0.20987695455551147, 41.464149475097656, 2977.2906631628966, 4332.932142787131, 5.6990439891815186, 420.84375), (350, 3000, 0.8, 55, 0.19080428779125214, 0.03073948621749878, 0.31555966299374144, 0.45445019006729126, 0.6321934461593628, 0.5022485256195068, 43.15211486816406, 2982.9525581384364, 4479.916664570127, 7.094147443771362, 430.515625), (350, 3000, 0.8, 99, 0.17293864488601685, 0.02588820457458496, 0.014069590462047322, 0.6651706695556641, 0.7596187591552734, 0.7195058465003967, 43.41742706298828, 3041.396033319771, 24402.621242794852, 25.759512901306152, 436.47265625)]
Completed job 3
starting the work inside Run_jobs
parameter combinations: [[350, 3000, 0.6, 11], [350, 3000, 0.6, 55], [350, 3000, 0.6, 99], [350, 4000, 1, 11], [350, 4000, 1, 55], [350, 4000, 1, 99]]
test name: nountill_G2G
Begin work on process
Begin work on process
Begin work on process
Begin work on process
Begin work on process
Begin work on process
[(350, 3000, 0.6, 11, 0.15793368220329285, 0.035001277923583984, 0.9930092849972645, 0.13303430378437042, 0.602210283279419, 0.5804796814918518, 41.81197738647461, 3015.6856851277525, 16161.165432774313, 5.51572322845459, 422.10546875), (350, 3000, 0.6, 55, 0.012980273924767971, 0.01944601535797119, 0.6194193366485635, 0.03343728929758072, 0.0660950317978859, 0.06529814004898071, 42.7453727722168, 3013.4164669902343, 6449.530748803788, 6.757554769515991, 429.29296875), (350, 3000, 0.6, 99, 0.15038195252418518, 0.023605823516845703, 0.20915485165160455, 0.62245774269104, 0.6961133480072021, 0.6769779920578003, 43.463706970214844, 3002.1954793631994, 6319.656766287741, 7.552316904067993, 439.1484375), (350, 4000, 1, 11, 0.3966538906097412, 0.12807905673980713, 0.20210331503210477, 0.5487459301948547, 0.7414330840110779, 0.8062713146209717, 51.01539611816406, 7061.546076738743, 41842583.27668106, 10.959014177322388, 543.6171875), (350, 4000, 1, 55, 0.33449387550354004, 0.031169414520263672, 0.5987623600965478, 0.3719809651374817, 0.7534762620925903, 0.4524185061454773, 52.55117416381836, 4084.668388309954, 1331905.0620418866, 13.520124197006226, 559.09375), (350, 4000, 1, 99, 0.04158518835902214, 0.03199028968811035, 0.7140764922324532, 0.20174390077590942, 0.16546830534934998, 0.16253621876239777, 52.795833587646484, 3963.5834822027196, 4103.253751885373, 15.35921573638916, 568.08984375)]
Completed job 4
starting the work inside Run_jobs
parameter combinations: [[350, 4000, 0.8, 11], [350, 4000, 0.8, 55], [350, 4000, 0.8, 99], [350, 4000, 0.6, 11], [350, 4000, 0.6, 55], [350, 4000, 0.6, 99]]
test name: nountill_G2G
[(350, 4000, 0.8, 11, 0.1673504263162613, 0.02768784761428833, 0.16382235306992582, 0.5545793771743774, 0.6967607736587524, 0.6388070583343506, 51.36410140991211, 4124.199123529355, 131930.2873109473, 14.269659042358398, 548.02734375), (350, 4000, 0.8, 55, 0.16147109866142273, 0.02742898464202881, 0.526064739858936, 0.38269490003585815, 0.5298190116882324, 0.4109552800655365, 52.84381103515625, 4024.4775130795147, 21379.303302256114, 34.148032426834106, 565.09765625), (350, 4000, 0.8, 99, 0.23378179967403412, 0.01906144618988037, 0.6258880011097353, 0.45854198932647705, 0.25041159987449646, 0.47430023550987244, 52.58909225463867, 3987.232215367687, 7306.346656674161, 28.752439737319946, 571.4453125), (350, 4000, 0.6, 11, 0.11635712534189224, 0.03374677896499634, 1.0326103671829092, 0.1532791703939438, 0.44929152727127075, 0.42211177945137024, 51.093017578125, 3870.2556281248785, 15789.494852373813, 15.947812557220459, 549.78515625), (350, 4000, 0.6, 55, 0.2277665138244629, 0.04665732383728027, 0.4812707723292006, 0.5109408497810364, 0.36540108919143677, 0.5476236343383789, 52.40904998779297, 4050.955964978625, 17198.584334079613, 27.56352972984314, 565.0078125), (350, 4000, 0.6, 99, 0.2850325107574463, 0.044223904609680176, 0.5829392102420611, 0.31696662306785583, 0.6245202422142029, 0.37893539667129517, 52.63608932495117, 4084.022081305996, 30687.122487957702, 28.920615196228027, 566.9453125)]
Completed job 5
starting the work inside Run_jobs
parameter combinations: [[600, 1000, 1, 11], [600, 1000, 1, 55], [600, 1000, 1, 99], [600, 1000, 0.8, 11], [600, 1000, 0.8, 55], [600, 1000, 0.8, 99]]
test name: nountill_G2G
Begin work on process
Begin work on process
Begin work on process
Begin work on process
Begin work on process
Begin work on process
[(600, 1000, 1, 11, 0.1360662877559662, 0.050050556659698486, 1.1664362197051847, 0.28096744418144226, 0.42728090286254883, 0.37951284646987915, 12.72774887084961, 891.6258671327184, 13018.901864894095, 1.192674160003662, 273.609375), (600, 1000, 1, 55, 0.10236497968435287, 0.03343552350997925, 0.6754213319173903, 0.39305973052978516, 0.3991905748844147, 0.38505956530570984, 15.779541015625, 946.0815234157926, 2803.659431123923, 1.5098199844360352, 301.91015625), (600, 1000, 1, 99, 0.15475939214229584, 0.03648173809051514, 1.2727562012954168, 0.25622546672821045, 0.5776515007019043, 0.5496443510055542, 15.459432601928711, 945.1926234816731, 24262.600596613214, 1.69512939453125, 304.76171875), (600, 1000, 0.8, 11, 0.17150427401065826, 0.032238781452178955, 0.142868074648743, 0.5724458694458008, 0.6809234619140625, 0.659358561038971, 13.190696716308594, 1197.5390774949187, 65502.41649523827, 1.153792142868042, 301.86328125), (600, 1000, 0.8, 55, 0.12043650448322296, 0.013626635074615479, 0.029189320576895147, 0.6641911268234253, 0.7175199389457703, 0.6838756203651428, 14.999771118164062, 978.9803825708598, 1928.1023774719417, 1.5408504009246826, 304.96484375), (600, 1000, 0.8, 99, 0.05973910912871361, 0.029024243354797363, 0.7067399366471214, 0.18631264567375183, 0.13912604749202728, 0.18470129370689392, 16.124343872070312, 1142.7665975677085, 12680.93230282647, 1.7285561561584473, 302.0703125)]
Completed job 6
starting the work inside Run_jobs
parameter combinations: [[600, 1000, 0.6, 11], [600, 1000, 0.6, 55], [600, 1000, 0.6, 99], [600, 2000, 1, 11], [600, 2000, 1, 55], [600, 2000, 1, 99]]
test name: nountill_G2G
[(600, 1000, 0.6, 11, 0.313293993473053, 0.1128966212272644, 0.2218909528841273, 0.5319117903709412, 0.6732645034790039, 0.5574827194213867, 13.341451644897461, 990.8031474796225, 2680.067042950082, 1.5112502574920654, 273.66015625), (600, 1000, 0.6, 55, 0.05948316305875778, 0.05328035354614258, 0.7442629117136373, 0.22558289766311646, 0.17408107221126556, 0.14493036270141602, 14.317628860473633, 944.8751661929857, 4884.916582218974, 2.6286845207214355, 302.91015625), (600, 1000, 0.6, 99, 0.15669967234134674, 0.020805299282073975, 0.3029105207187818, 0.5549449324607849, 0.6574469208717346, 0.5615720152854919, 16.155290603637695, 984.6211315718009, 1775.257178925875, 1.7097959518432617, 303.90625), (600, 2000, 1, 11, 0.08122691512107849, 0.054476141929626465, 0.648744655532695, 0.19401836395263672, 0.237761989235878, 0.20018410682678223, 29.745254516601562, 1965.4022710089425, 31117.061298467735, 18.2839834690094, 404.234375), (600, 2000, 1, 55, 0.22669357061386108, 0.0379711389541626, 0.8129470691606523, 0.1152077466249466, 0.33860424160957336, 0.11874879151582718, 31.141183853149414, 1955.6334992570296, 6741.824123774346, 39.68169569969177, 388.95703125), (600, 2000, 1, 99, 0.22340938448905945, 0.03818643093109131, 0.0897836387734944, 0.6257173418998718, 0.7750123143196106, 0.675312340259552, 31.870811462402344, 2490.983386189415, 462171.81955543434, 117.36338186264038, 407.328125)]
Completed job 7
starting the work inside Run_jobs
parameter combinations: [[600, 2000, 0.8, 11], [600, 2000, 0.8, 55], [600, 2000, 0.8, 99], [600, 2000, 0.6, 11], [600, 2000, 0.6, 55], [600, 2000, 0.6, 99]]
test name: nountill_G2G
Begin work on process
Begin work on process
Begin work on process
Begin work on process
Begin work on process
Begin work on process
[(600, 2000, 0.8, 11, 0.11905041337013245, 0.02516019344329834, 0.502682571974125, 0.36011645197868347, 0.4696463942527771, 0.4011419713497162, 29.92943572998047, 2181.0517236425194, 20648.44528416975, 3.54532527923584, 375.6484375), (600, 2000, 0.8, 55, 0.1651792824268341, 0.027594804763793945, 0.020442138958500465, 0.6548593640327454, 0.702104926109314, 0.6614298820495605, 31.14096450805664, 2001.490760757742, 2442.342690099229, 5.253692865371704, 397.3359375), (600, 2000, 0.8, 99, 0.07669463008642197, 0.019087672233581543, 0.37966185599803465, 0.433454692363739, 0.3855785131454468, 0.39436522126197815, 31.697797775268555, 1997.0173443306064, 4091.767067668048, 5.639820098876953, 398.06640625), (600, 2000, 0.6, 11, 0.1603480726480484, 0.025970041751861572, 0.005679091052763534, 0.6279693245887756, 0.7069249153137207, 0.6789767146110535, 29.525846481323242, 1931.9812779669242, 8700.636490282563, 3.454847812652588, 397.8125), (600, 2000, 0.6, 55, 0.05523909628391266, 0.03279387950897217, 0.37084660769425065, 0.27567803859710693, 0.21558882296085358, 0.20124512910842896, 31.47629165649414, 1666.4952094646792, 59331.02168983421, 5.225552797317505, 400.5), (600, 2000, 0.6, 99, 0.2172938734292984, 0.04154437780380249, 0.0017363676636509924, 0.6732721328735352, 0.7613996863365173, 0.722819447517395, 31.682100296020508, 1958.9275601008255, 11588.339724529436, 5.540542840957642, 399.2109375)]
Completed job 8
starting the work inside Run_jobs
parameter combinations: [[600, 3000, 1, 11], [600, 3000, 1, 55], [600, 3000, 1, 99], [600, 3000, 0.8, 11], [600, 3000, 0.8, 55], [600, 3000, 0.8, 99]]
test name: nountill_G2G
[(600, 3000, 1, 11, 0.2219935953617096, 0.055271267890930176, 0.20819150092129202, 0.5186554789543152, 0.6766100525856018, 0.6306595206260681, 41.463905334472656, 2749.370078075884, 20774.377996983007, 5.975065231323242, 441.83203125), (600, 3000, 1, 55, 0.04902619495987892, 0.02093183994293213, 0.8153862009600105, 0.4130282998085022, 0.22762802243232727, 0.20682792365550995, 43.01316452026367, 3029.4196561961026, 4574.240737560937, 7.440899610519409, 451.9921875), (600, 3000, 1, 99, 0.43879082798957825, 0.27788877487182617, 0.9030146922860078, 0.02589244209229946, 0.4608810842037201, 0.031332939863204956, 42.943782806396484, 2980.191574689262, 4423.625789779786, 8.591996192932129, 460.28125), (600, 3000, 0.8, 11, 0.14245744049549103, 0.032180190086364746, 0.5616596976887741, 0.21924440562725067, 0.3721635937690735, 0.25284063816070557, 41.33126449584961, 2930.1245743157892, 9377.106178112146, 5.990097761154175, 447.30078125), (600, 3000, 0.8, 55, 0.17397050559520721, 0.03276622295379639, 0.26455169743606005, 0.6178927421569824, 0.6214391589164734, 0.6743739247322083, 42.81547546386719, 2802.0418654705636, 18540.41389588863, 7.4479756355285645, 455.41015625), (600, 3000, 0.8, 99, 0.1154169961810112, 0.02605140209197998, 0.6662832991604842, 0.3541879653930664, 0.504845142364502, 0.477039098739624, 43.198638916015625, 3046.169987130657, 5265.5776004339195, 8.488365173339844, 461.0703125)]
Completed job 9
starting the work inside Run_jobs
parameter combinations: [[600, 3000, 0.6, 11], [600, 3000, 0.6, 55], [600, 3000, 0.6, 99], [600, 4000, 1, 11], [600, 4000, 1, 55], [600, 4000, 1, 99]]
test name: nountill_G2G
[(600, 3000, 0.6, 11, 0.2345036417245865, 0.05143451690673828, 0.005743461604042223, 0.628751814365387, 0.7407331466674805, 0.7019017934799194, 41.51231384277344, 2920.033606880477, 27102.141300009018, 8.26235842704773, 441.7421875), (600, 3000, 0.6, 55, 0.19929946959018707, 0.03757202625274658, 0.4563630322019006, 0.4876553416252136, 0.7314393520355225, 0.6874336004257202, 42.6870231628418, 3026.4771591090453, 11562.418346704064, 12.530759572982788, 452.078125), (600, 3000, 0.6, 99, 0.09614056348800659, 0.04590362310409546, 0.5694359062931856, 0.33039894700050354, 0.3200635612010956, 0.31272250413894653, 43.16380310058594, 2940.559369962852, 8643.492962953758, 16.166539669036865, 460.73828125), (600, 4000, 1, 11, 0.1578027606010437, 0.031125307083129883, 0.3165259364806487, 0.5781652331352234, 0.5532013773918152, 0.6143885254859924, 51.20950698852539, 3977.559389964629, 27959.78259639524, 17.245527029037476, 572.42578125), (600, 4000, 1, 55, 0.18269866704940796, 0.0374302864074707, 0.12031303369758702, 0.6532440185546875, 0.6734027862548828, 0.6563847661018372, 52.44749450683594, 4061.529053070447, 5235.375981209236, 23.465723991394043, 589.5234375), (600, 4000, 1, 99, 0.23239940404891968, 0.03785109519958496, 0.22406911722457085, 0.5333440899848938, 0.6964520215988159, 0.535981297492981, 52.36265563964844, 4019.455434911724, 4741.47549990018, 28.373873710632324, 597.15234375)]
Completed job 10
starting the work inside Run_jobs
parameter combinations: [[600, 4000, 0.8, 11], [600, 4000, 0.8, 55], [600, 4000, 0.8, 99], [600, 4000, 0.6, 11], [600, 4000, 0.6, 55], [600, 4000, 0.6, 99]]
test name: nountill_G2G
[(600, 4000, 0.8, 11, 0.025966238230466843, 0.025656461715698242, 0.850365033140972, 0.2292938530445099, 0.09801942855119705, 0.10919999331235886, 51.267616271972656, 3530.1269282637654, 37427.214007431605, 30.609238386154175, 574.69140625), (600, 4000, 0.8, 55, 0.20305615663528442, 0.02684175968170166, 0.25400679492508227, 0.4976176917552948, 0.6748806834220886, 0.525963544845581, 52.63690185546875, 4089.25090493173, 25160.275074792622, 64.90628337860107, 592.95703125), (600, 4000, 0.8, 99, 0.13008645176887512, 0.013560473918914795, 0.007432506019539134, 0.6736765503883362, 0.7913969159126282, 0.7734629511833191, 52.84329605102539, 3985.5199615592264, 200439.83278175388, 56.706854581832886, 599.34765625), (600, 4000, 0.6, 11, 0.42049485445022583, 0.054940104484558105, 0.6625236725061551, 0.30115652084350586, 0.7040854692459106, 0.31349295377731323, 51.1219596862793, 3836.8614000896578, 10358.226091542158, 33.37397074699402, 579.19140625), (600, 4000, 0.6, 55, 0.1514415442943573, 0.019159018993377686, 0.43233637602253505, 0.4920519292354584, 0.7757603526115417, 0.7511159181594849, 51.914337158203125, 3512.8140752441327, 149793.51476105239, 53.668845415115356, 591.16796875), (600, 4000, 0.6, 99, 0.19232815504074097, 0.026352286338806152, 0.2099539862219489, 0.6121957898139954, 0.8397086262702942, 0.799767255783081, 52.68373107910156, 3166.2960471352517, 330362.35812212015, 58.24610924720764, 599.390625)]
Completed job 11
starting the work inside Run_jobs
parameter combinations: [[1000, 1000, 1, 11], [1000, 1000, 1, 55], [1000, 1000, 1, 99], [1000, 1000, 0.8, 11], [1000, 1000, 0.8, 55], [1000, 1000, 0.8, 99]]
test name: nountill_G2G
[(1000, 1000, 1, 11, 0.16067194938659668, 0.02569580078125, 0.11707835764316889, 0.5957437753677368, 0.7066959738731384, 0.6666462421417236, 10.908577919006348, 1028.6619674334102, 10829.463288698693, 1.383432388305664, 294.00390625), (1000, 1000, 1, 55, 0.19429253041744232, 0.04626321792602539, 0.6722294272051689, 0.37447288632392883, 0.23108509182929993, 0.4018412232398987, 12.4094820022583, 1031.0294028123958, 8254.700326376196, 1.760514259338379, 334.75), (1000, 1000, 1, 99, 0.16490694880485535, 1.8458800315856934, 0.8921269927723956, 0.13191941380500793, 0.08447995781898499, 0.08717159181833267, 13.999787330627441, 1036.4805907502891, 6262.906080218176, 2.0128023624420166, 331.10546875), (1000, 1000, 0.8, 11, 0.10991664975881577, 0.031667470932006836, 0.8236982133512514, 0.16240167617797852, 0.41946443915367126, 0.43956100940704346, 10.954325675964355, 1070.9999946713726, 4300.510566458838, 1.346109390258789, 333.69921875), (1000, 1000, 0.8, 55, 0.18487630784511566, 0.03504002094268799, 0.7363938291686646, 0.153508260846138, 0.3427608907222748, 0.16922615468502045, 12.727742195129395, 984.7717096459085, 1402.8714750608178, 1.8473751544952393, 336.29296875), (1000, 1000, 0.8, 99, 0.07351827621459961, 0.010466575622558594, 0.6874530997177288, 0.25871244072914124, 0.19973523914813995, 0.2652774453163147, 13.228547096252441, 993.8002047228752, 1906.5157557060297, 2.0717363357543945, 331.88671875)]
Completed job 12
starting the work inside Run_jobs
parameter combinations: [[1000, 1000, 0.6, 11], [1000, 1000, 0.6, 55], [1000, 1000, 0.6, 99], [1000, 2000, 1, 11], [1000, 2000, 1, 55], [1000, 2000, 1, 99]]
test name: nountill_G2G
[(1000, 1000, 0.6, 11, 0.02055811509490013, 0.04255259037017822, 0.7471321879620327, 0.16510778665542603, 0.07118058204650879, 0.0689324289560318, 10.535517692565918, 1106.9342262807804, 3065.0024145181824, 13.153389930725098, 293.96875), (1000, 1000, 0.6, 55, 0.1720477193593979, 0.026861965656280518, 0.47426658618673917, 0.4867960214614868, 0.7419388890266418, 0.7014153003692627, 12.999831199645996, 899.8959287132727, 3830.8787300515987, 2.3750550746917725, 333.70703125), (1000, 1000, 0.6, 99, 0.15903078019618988, 0.022075653076171875, 0.009943727307130508, 0.6618776321411133, 0.7583302855491638, 0.7281282544136047, 13.303930282592773, 1150.1256023910669, 10062.923955219549, 13.230904817581177, 332.046875), (1000, 2000, 1, 11, 0.1392778903245926, 0.04855614900588989, 0.5261567478191562, 0.30768901109695435, 0.4229434132575989, 0.3529243469238281, 28.927248001098633, 1520.404548330056, 34732.690019912, 35.10484600067139, 434.1015625), (1000, 2000, 1, 55, 0.02750491164624691, 0.014849841594696045, 0.8695762003803781, 0.21906797587871552, 0.1587684601545334, 0.16007603704929352, 30.344297409057617, 2056.111915439997, 6067.111222975073, 110.62900900840759, 422.4609375), (1000, 2000, 1, 99, 0.15856871008872986, 0.024209260940551758, 0.015666624584718656, 0.6623161435127258, 0.7174822688102722, 0.6772935390472412, 30.63926124572754, 1950.385088976061, 5155.730201799715, 126.1186535358429, 432.8828125)]
Completed job 13
starting the work inside Run_jobs
parameter combinations: [[1000, 2000, 0.8, 11], [1000, 2000, 0.8, 55], [1000, 2000, 0.8, 99], [1000, 2000, 0.6, 11], [1000, 2000, 0.6, 55], [1000, 2000, 0.6, 99]]
test name: nountill_G2G
[(1000, 2000, 0.8, 11, 0.1306772232055664, 0.056574463844299316, 1.115308422645576, 0.27551212906837463, 0.38666558265686035, 0.3395284116268158, 28.439218521118164, 2141.9467884277333, 23213.43239018408, 44.274266481399536, 403.25), (1000, 2000, 0.8, 55, 0.02913261391222477, 0.01809084415435791, 0.8549832091392792, 0.12543044984340668, 0.15117359161376953, 0.14302437007427216, 30.573936462402344, 1987.6330630963444, 2388.928504404033, 165.04321551322937, 436.16796875), (1000, 2000, 0.8, 99, 0.032660819590091705, 0.018299341201782227, 0.7654822306692988, 0.3477672040462494, 0.1660066694021225, 0.1711764931678772, 31.205230712890625, 2046.9856020808638, 9914.312134827096, 200.26671648025513, 439.57421875), (1000, 2000, 0.6, 11, 0.4205870032310486, 0.02410757541656494, 0.8221859134107964, 0.13570019602775574, 0.5635007619857788, 0.14771217107772827, 28.788650512695312, 2094.971378880684, 4680.003967646921, 41.08592867851257, 439.4296875), (1000, 2000, 0.6, 55, 0.02163412608206272, 0.03002190589904785, 0.7647576137614596, 0.44192516803741455, 0.08708798885345459, 0.0888868123292923, 30.524883270263672, 1949.3410729533925, 6250.396577917285, 231.8834342956543, 441.953125), (1000, 2000, 0.6, 99, 0.19507355988025665, 0.034449219703674316, 0.03717864771938417, 0.6579817533493042, 0.7399628162384033, 0.6831892728805542, 30.915489196777344, 2011.1360593959785, 4973.748655739669, 195.96628427505493, 452.55078125)]
Completed job 14
starting the work inside Run_jobs
parameter combinations: [[1000, 3000, 1, 11], [1000, 3000, 1, 55], [1000, 3000, 1, 99], [1000, 3000, 0.8, 11], [1000, 3000, 0.8, 55], [1000, 3000, 0.8, 99]]
test name: nountill_G2G
Begin work on process
Begin work on process
Begin work on process
Begin work on process
Begin work on process
Begin work on process
[(1000, 3000, 1, 11, 0.1730157434940338, 0.04089421033859253, 0.8123409763119346, 0.07090675085783005, 0.3277336359024048, 0.16828596591949463, 41.12569808959961, 2856.84458356268, 84885.45194693301, 6.782958984375, 481.43359375), (1000, 3000, 1, 55, 0.18843036890029907, 0.033845484256744385, 0.029156932119596957, 0.6533668637275696, 0.7240428924560547, 0.6746313571929932, 42.58159637451172, 2946.046989861772, 11621.52698978868, 8.572768688201904, 491.69921875), (1000, 3000, 1, 99, 0.1734207719564438, 0.029562771320343018, 0.09531783330241708, 0.6253941059112549, 0.713665783405304, 0.6724182963371277, 42.593196868896484, 2676.8704310893863, 25341.24305144108, 9.645980834960938, 498.23828125), (1000, 3000, 0.8, 11, 0.24693121016025543, 0.06106078624725342, 0.19115164288342876, 0.5447453260421753, 0.7175368070602417, 0.6693216562271118, 41.10084915161133, 2929.3416522679813, 14442.897265623895, 6.73159384727478, 483.5625), (1000, 3000, 0.8, 55, 0.16389767825603485, 0.024856865406036377, 0.05259862253639797, 0.6486303210258484, 0.7247806787490845, 0.6740229725837708, 42.13365936279297, 2924.6422321224845, 7358.168992876965, 8.481252908706665, 492.85546875), (1000, 3000, 0.8, 99, 0.052366722375154495, 0.027080535888671875, 0.6922746857311417, 0.08347538113594055, 0.16025927662849426, 0.11890473961830139, 42.7572021484375, 3076.692134400298, 17755.49694125763, 9.719797611236572, 500.73828125)]
Completed job 15
starting the work inside Run_jobs
parameter combinations: [[1000, 3000, 0.6, 11], [1000, 3000, 0.6, 55], [1000, 3000, 0.6, 99], [1000, 4000, 1, 11], [1000, 4000, 1, 55], [1000, 4000, 1, 99]]
test name: nountill_G2G
Begin work on process
Begin work on process
Begin work on process
Begin work on process
Begin work on process
Begin work on process
[(1000, 3000, 0.6, 11, 0.12797501683235168, 0.028117239475250244, 0.3040592457714871, 0.5207971334457397, 0.5431446433067322, 0.5324907898902893, 41.282989501953125, 3100.7628057925667, 6415.990475177334, 6.714457988739014, 481.60546875), (1000, 3000, 0.6, 55, 0.13678786158561707, 0.014939367771148682, 0.4134766523648554, 0.46214422583580017, 0.5896940231323242, 0.4892408847808838, 42.36996078491211, 2935.2725195671346, 18811.713396123345, 8.360357761383057, 492.0703125), (1000, 3000, 0.6, 99, 0.22394108772277832, 0.04407095909118652, 0.29937861625254414, 0.4201448857784271, 0.5966129899024963, 0.4307953119277954, 42.663612365722656, 3039.5083577389987, 5275.8507694592645, 9.67088508605957, 498.2265625), (1000, 4000, 1, 11, 0.023847369477152824, 0.2018912434577942, 0.7423400484818609, 0.044383205473423004, 0.03932253271341324, 0.03409826382994652, 50.93704605102539, 4217.503799089462, 87090.98215452541, 13.413772344589233, 620.625), (1000, 4000, 1, 55, 0.025191519409418106, 0.012915492057800293, 0.9366655234832296, 0.2348921298980713, 0.1561129093170166, 0.1571219563484192, 52.2478141784668, 3986.906468680078, 32571.13787113883, 16.07336139678955, 637.32421875), (1000, 4000, 1, 99, 0.18700356781482697, 0.03830420970916748, 0.2539890621211255, 0.5436777472496033, 0.6449156403541565, 0.559238076210022, 52.928619384765625, 4135.927979377051, 10634.011337419559, 18.75558614730835, 643.16015625)]
Completed job 16
starting the work inside Run_jobs
parameter combinations: [[1000, 4000, 0.8, 11], [1000, 4000, 0.8, 55], [1000, 4000, 0.8, 99], [1000, 4000, 0.6, 11], [1000, 4000, 0.6, 55], [1000, 4000, 0.6, 99]]
test name: nountill_G2G
[(1000, 4000, 0.8, 11, 0.3848664462566376, 1.8468572497367859, 0.9498124072004153, 0.28946512937545776, 0.08020315319299698, 0.31457483768463135, 50.71234893798828, 4025.6876515187982, 15319.686766440504, 13.435868978500366, 623.828125), (1000, 4000, 0.8, 55, 0.5383878350257874, 0.03139549493789673, 0.93065398231056, 0.056693702936172485, 0.6232894062995911, 0.08811364322900772, 52.36240005493164, 4324.071387926329, 60349.984247772765, 16.16190218925476, 637.28125), (1000, 4000, 0.8, 99, 0.16594433784484863, 0.024961471557617188, 0.24873018498714886, 0.5794554948806763, 0.7065109014511108, 0.6347530484199524, 52.740447998046875, 4366.222392062404, 44490.96125911742, 18.743380546569824, 645.1875), (1000, 4000, 0.6, 11, 0.037290845066308975, 0.3738660216331482, 0.7001920083125889, 0.05966431275010109, 0.041245948523283005, 0.04470233619213104, 51.025413513183594, 4778.495680304361, 443274.47661364847, 13.245291709899902, 627.25), (1000, 4000, 0.6, 55, 0.11640220135450363, 0.03153228759765625, 0.4796142630507341, 0.3713470995426178, 0.4237520098686218, 0.3613620102405548, 52.3906135559082, 3840.7924305270426, 11465.29650524023, 16.15436577796936, 640.625), (1000, 4000, 0.6, 99, 0.21826249361038208, 0.028676629066467285, 0.5499099930870973, 0.38132810592651367, 0.49627190828323364, 0.6656588912010193, 52.48483657836914, 3987.409926373135, 43078.248823691094, 18.43438148498535, 641.24609375)]
Completed job 17
