starting the work inside Run_jobs
parameter combinations: [[350, 1000, 1, 11], [350, 1000, 1, 55], [350, 1000, 1, 99], [350, 1000, 0.8, 11], [350, 1000, 0.8, 55], [350, 1000, 0.8, 99]]
test name: nountill_E2G
Begin work on process
Begin work on process
Begin work on process
Begin work on process
Begin work on process
Begin work on process
[(350, 1000, 1, 11, 0.201116144657135, 0.13617098331451416, 0.7604924081676372, 0.2428610473871231, 0.26588016748428345, 0.3796950876712799, 16.792505264282227, 167937.8153292705, 5929051246.812461, 1.4401016235351562, 263.7265625), (350, 1000, 1, 55, 0.21925628185272217, 0.8991346210241318, 0.8127782441064755, 0.23499837517738342, 0.16481232643127441, 0.16217993199825287, 19.94943618774414, 88048.30992737276, 484583338.5275351, 1.577979326248169, 288.69921875), (350, 1000, 1, 99, 0.2668270468711853, 0.8000084310770035, 0.9068564387692347, 0.21687553822994232, 0.13548460602760315, 0.2585580348968506, 20.80817985534668, 68694.36945349652, 274927095.30004734, 1.7630724906921387, 294.6875), (350, 1000, 0.8, 11, 0.17746266722679138, 0.08247733116149902, 0.5859741132920392, 0.1640220284461975, 0.34453630447387695, 0.428900808095932, 17.663122177124023, 160286.88682722044, 3976182676.607462, 1.3069837093353271, 290.85546875), (350, 1000, 0.8, 55, 0.23923662304878235, 0.07541173696517944, 1.0909245120478184, 0.24640017747879028, 0.3766500949859619, 0.15681913495063782, 19.92438316345215, 33057.48699509974, 29042861.612483144, 1.546079397201538, 289.65625), (350, 1000, 0.8, 99, 0.19875852763652802, 0.1274825930595398, 0.8881298136872932, 0.20211343467235565, 0.4044834077358246, 0.33171048760414124, 21.09453582763672, 78031.61720046843, 213428614.53588906, 1.7962822914123535, 293.47265625)]
Completed job 0
starting the work inside Run_jobs
parameter combinations: [[350, 1000, 0.6, 11], [350, 1000, 0.6, 55], [350, 1000, 0.6, 99], [350, 2000, 1, 11], [350, 2000, 1, 55], [350, 2000, 1, 99]]
test name: nountill_E2G
[(350, 1000, 0.6, 11, 0.6483352184295654, 0.32603633403778076, 0.1096811848198216, 0.4936761260032654, 0.7470554113388062, 0.8437044620513916, 17.204265594482422, 395770.11660468916, 115159076265.53384, 1.9619596004486084, 263.7421875), (350, 1000, 0.6, 55, 0.3569355905056, 0.18896698951721191, 0.5263604072228685, 0.36985883116722107, 0.6064456105232239, 0.4525966942310333, 19.260900497436523, 133251.28881650156, 2381609797.28555, 1.9888966083526611, 288.69921875), (350, 1000, 0.6, 99, 0.26589280366897583, 0.10196048021316528, 0.5772827473581452, 0.297478049993515, 0.602992594242096, 0.5232574939727783, 21.236257553100586, 59269.9743924013, 307165034.1635083, 2.2135510444641113, 295.76171875), (350, 2000, 1, 11, 0.22599069774150848, 0.06447100639343262, 0.7730962100015584, 0.24404777586460114, 0.546704113483429, 0.39408954977989197, 33.294761657714844, 115148.77203268408, 378457345.12951547, 17.605185985565186, 381.98046875), (350, 2000, 1, 55, 0.35802823305130005, 0.39037442207336426, 0.8561498466258615, 0.29690566658973694, 0.1596307009458542, 0.43223652243614197, 35.65555953979492, 1287214.6352260914, 704661065299.0928, 30.387803077697754, 385.4765625), (350, 2000, 1, 99, 0.34001585841178894, 0.12339884042739868, 0.03493430784963745, 0.5139855146408081, 0.7031121253967285, 0.5827324390411377, 36.581844329833984, 124565.12924614183, 345413848.6697893, 83.465656042099, 385.94140625)]
Completed job 1
starting the work inside Run_jobs
parameter combinations: [[350, 2000, 0.8, 11], [350, 2000, 0.8, 55], [350, 2000, 0.8, 99], [350, 2000, 0.6, 11], [350, 2000, 0.6, 55], [350, 2000, 0.6, 99]]
test name: nountill_E2G
[(350, 2000, 0.8, 11, 0.317594051361084, 0.5708969831466675, 0.6601942850703467, 0.3552716374397278, 0.23129059374332428, 0.33845600485801697, 32.84166717529297, 224414.38987965253, 5252627449.2114935, 8.859469413757324, 353.3359375), (350, 2000, 0.8, 55, 0.15817171335220337, 0.09115397930145264, 0.7207497822201836, 0.33104684948921204, 0.28001388907432556, 0.36114516854286194, 35.557395935058594, 118829.95346078288, 841529320.0458932, 12.92815375328064, 380.42578125), (350, 2000, 0.8, 99, 0.4445876479148865, 0.4625355005264282, 0.9120955604629377, 0.18197661638259888, 0.5134764909744263, 0.17516638338565826, 36.595680236816406, 442768.18662751734, 24181785919.580246, 201.5718812942505, 379.88671875), (350, 2000, 0.6, 11, 0.6001833081245422, 1.4128511548042297, 0.8007445886720188, 0.2582034170627594, 0.32205671072006226, 0.39065873622894287, 33.189537048339844, 161856.2014715927, 1909338958.7795873, 32.00583529472351, 381.9375), (350, 2000, 0.6, 55, 0.07204664498567581, 0.29148411750793457, 0.7512141441723976, 0.28891468048095703, 0.00903758592903614, 0.07816706597805023, 35.44487762451172, 475153.0124471127, 35485360509.59296, 204.9424765110016, 382.8046875), (350, 2000, 0.6, 99, 0.2611640393733978, 0.09562766551971436, 0.6566071968036765, 0.290865421295166, 0.6100481152534485, 0.5725069642066956, 36.66376495361328, 104966.57479300114, 2667144082.1023927, 202.34539604187012, 383.34375)]
Completed job 2
starting the work inside Run_jobs
parameter combinations: [[350, 3000, 1, 11], [350, 3000, 1, 55], [350, 3000, 1, 99], [350, 3000, 0.8, 11], [350, 3000, 0.8, 55], [350, 3000, 0.8, 99]]
test name: nountill_E2G
[(350, 3000, 1, 11, 0.3489115238189697, 0.1810591220855713, 0.5680542933584998, 0.3764631748199463, 0.5363053679466248, 0.6035636067390442, 44.85427474975586, 658222.9874055826, 156670474371.8592, 7.309063196182251, 423.12109375), (350, 3000, 1, 55, 0.5340619087219238, 0.17823630571365356, 0.3515391969715404, 0.4561254680156708, 0.7628662586212158, 0.31664490699768066, 47.28132629394531, 893900.4305667905, 188535385151.58734, 8.805113792419434, 432.4453125), (350, 3000, 1, 99, 0.5540305972099304, 0.1492534875869751, 0.9282704722622783, 0.18606872856616974, 0.6617715954780579, 0.13174928724765778, 48.54566955566406, 786555.7354215177, 242803379085.05536, 10.365790128707886, 439.87109375), (350, 3000, 0.8, 11, 0.4030590355396271, 0.4906322956085205, 0.8938726108615035, 0.2234904170036316, 0.10842494666576385, 0.4473388195037842, 44.93230056762695, 926225.3589751853, 109696865006.89903, 6.5259997844696045, 421.33984375), (350, 3000, 0.8, 55, 0.7671324014663696, 1.3085819482803345, 1.1951558158030653, 0.2883875072002411, 0.4088737666606903, 0.5350653529167175, 47.41746139526367, 1030376.9103551222, 434576099097.48, 9.01114296913147, 430.5546875), (350, 3000, 0.8, 99, 0.2330080270767212, 0.09075218439102173, 0.4671238033313326, 0.40304720401763916, 0.5575162768363953, 0.48602426052093506, 48.53507995605469, 394850.91383539274, 9048427228.927485, 9.553651571273804, 437.25390625)]
Completed job 3
starting the work inside Run_jobs
parameter combinations: [[350, 3000, 0.6, 11], [350, 3000, 0.6, 55], [350, 3000, 0.6, 99], [350, 4000, 1, 11], [350, 4000, 1, 55], [350, 4000, 1, 99]]
test name: nountill_E2G
[(350, 3000, 0.6, 11, 1.0113741159439087, 1.3155853748321533, 1.356511073529286, 0.22130227088928223, 0.7109570503234863, 0.5291299819946289, 44.865684509277344, 277522.65381182986, 13202344623.70647, 8.626408576965332, 421.84375), (350, 3000, 0.6, 55, 0.25666651129722595, 0.05461573600769043, 0.7335073784845735, 0.3090428411960602, 0.7761015295982361, 0.7770837545394897, 47.49060821533203, 362792.62856860366, 22643167385.72484, 11.291680335998535, 430.90234375), (350, 3000, 0.6, 99, 0.2915816605091095, 0.11308801174163818, 0.19611167684802897, 0.4704756736755371, 0.628511369228363, 0.5304823517799377, 48.514739990234375, 350811.1158474438, 9438790323.253933, 14.074052810668945, 438.65625), (350, 4000, 1, 11, 0.2133767306804657, 0.24482953548431396, 0.804772727539223, 0.25968635082244873, 0.28701016306877136, 0.1160852313041687, 55.08817672729492, 965918.7270086342, 212143541454.9437, 21.552676916122437, 545.21484375), (350, 4000, 1, 55, 0.37319859862327576, 0.11139094829559326, 0.8578759009828857, 0.26876747608184814, 0.7700373530387878, 0.5637028813362122, 57.45018005371094, 252396.70865745057, 4611608170.883288, 19.94411277770996, 562.55859375), (350, 4000, 1, 99, 0.3971756100654602, 0.1310354471206665, 0.2974636547523823, 0.4082638621330261, 0.71564781665802, 0.4420888125896454, 58.128662109375, 1111719.0049740658, 306928173715.624, 23.65259027481079, 569.8203125)]
Completed job 4
starting the work inside Run_jobs
parameter combinations: [[350, 4000, 0.8, 11], [350, 4000, 0.8, 55], [350, 4000, 0.8, 99], [350, 4000, 0.6, 11], [350, 4000, 0.6, 55], [350, 4000, 0.6, 99]]
test name: nountill_E2G
[(350, 4000, 0.8, 11, 0.3818131983280182, 0.2883108854293823, 1.3064383957824766, 0.2647944986820221, 0.5320655107498169, 0.45660725235939026, 55.33189392089844, 723617.4450811655, 51652877830.35397, 11.785900592803955, 548.75), (350, 4000, 0.8, 55, 0.122725710272789, 0.46119534969329834, 0.978619528175192, 0.288266122341156, 0.14562401175498962, 0.07504651695489883, 57.381038665771484, 709746.4107014899, 24783337377.93664, 13.743332386016846, 564.01171875), (350, 4000, 0.8, 99, 0.3270455300807953, 0.12161624431610107, 0.47325946545861525, 0.41954657435417175, 0.33629313111305237, 0.5802164673805237, 58.10320281982422, 875206.6220577674, 87978486447.29094, 16.584132194519043, 574.78515625), (350, 4000, 0.6, 11, 0.33455705642700195, 0.11659324169158936, 0.7464051429998045, 0.2956591844558716, 0.7058006525039673, 0.5731357336044312, 55.28596878051758, 265726.8590682962, 2185283593.217028, 11.118977546691895, 551.66015625), (350, 4000, 0.6, 55, 0.2826484143733978, 0.07224440574645996, 0.5213185609114683, 0.381599485874176, 0.7467543482780457, 0.6456092000007629, 57.3127326965332, 436021.7582753776, 23293607889.939533, 13.958815813064575, 566.1328125), (350, 4000, 0.6, 99, 0.3230245113372803, 0.06438171863555908, 1.2395719728949806, 0.19814328849315643, 0.7244579792022705, 0.4804833233356476, 58.29921340942383, 306067.44294522953, 4867157969.900007, 15.675554275512695, 573.22265625)]
Completed job 5
starting the work inside Run_jobs
parameter combinations: [[600, 1000, 1, 11], [600, 1000, 1, 55], [600, 1000, 1, 99], [600, 1000, 0.8, 11], [600, 1000, 0.8, 55], [600, 1000, 0.8, 99]]
test name: nountill_E2G
[(600, 1000, 1, 11, 0.297995924949646, 0.4016486406326294, 1.0009207005145995, 0.20982232689857483, 0.2978576123714447, 0.3566780984401703, 16.400863647460938, 91231.98371032439, 603973550.5490587, 1.8887887001037598, 275.203125), (600, 1000, 1, 55, 0.2707786560058594, 1.21871680021286, 0.9540267226604987, 0.35467851161956787, 0.04974042624235153, 0.25551411509513855, 19.416034698486328, 104491.48579471426, 348192597.39602274, 2.4561750888824463, 303.46875), (600, 1000, 1, 99, 0.14780321717262268, 0.25192731618881226, 0.9161013215123512, 0.1928040087223053, 0.1891791969537735, 0.21952533721923828, 20.80816078186035, 31061.744107286406, 42573723.48629987, 2.477478504180908, 309.47265625), (600, 1000, 0.8, 11, 0.4351697564125061, 0.376376211643219, 1.0161649406671227, 0.21928341686725616, 0.5363916158676147, 0.4509168863296509, 16.970169067382812, 149048.6138809615, 2096463576.6221955, 1.522564172744751, 303.29296875), (600, 1000, 0.8, 55, 0.7474590539932251, 1.7086621522903442, 0.8698565211037842, 0.2469414621591568, 0.5889827013015747, 0.20390617847442627, 18.867473602294922, 1616146.5534647722, 2369738787270.1416, 1.8515949249267578, 306.41015625), (600, 1000, 0.8, 99, 0.22640371322631836, 0.08031219244003296, 0.2843990415950506, 0.42881056666374207, 0.5539653897285461, 0.4466583728790283, 20.78409767150879, 121192.10686295961, 3363040716.055993, 2.17887020111084, 306.5234375)]
Completed job 6
starting the work inside Run_jobs
parameter combinations: [[600, 1000, 0.6, 11], [600, 1000, 0.6, 55], [600, 1000, 0.6, 99], [600, 2000, 1, 11], [600, 2000, 1, 55], [600, 2000, 1, 99]]
test name: nountill_E2G
Begin work on process
Begin work on process
Begin work on process
Begin work on process
Begin work on process
Begin work on process
[(600, 1000, 0.6, 11, 0.3714439272880554, 0.12269461154937744, 0.2943858069526857, 0.42744573950767517, 0.7674210071563721, 0.6251162886619568, 16.492029190063477, 68958.59577683588, 952424137.7538064, 1.7543396949768066, 274.96875), (600, 1000, 0.6, 55, 0.19714295864105225, 0.36223191022872925, 0.6242817950914727, 0.33163145184516907, 0.208753764629364, 0.24720898270606995, 18.920398712158203, 166595.58138667833, 8514661761.89112, 2.1293845176696777, 303.21875), (600, 1000, 0.6, 99, 0.4465925097465515, 0.23861432075500488, 0.834189700149398, 0.2290279120206833, 0.5507012605667114, 0.15100112557411194, 20.639270782470703, 44318.844169911805, 123879947.11259013, 2.639190435409546, 309.21875), (600, 2000, 1, 11, 0.21051302552223206, 0.380007266998291, 0.7471627722295215, 0.1595573127269745, 0.25686055421829224, 0.2200750708580017, 32.82648468017578, 208211.2270522684, 2701860361.126304, 4.096472263336182, 403.59765625), (600, 2000, 1, 55, 0.22238537669181824, 0.11089634895324707, 0.5978798752721168, 0.3493776023387909, 0.48581746220588684, 0.43519556522369385, 35.55734634399414, 209626.17345921666, 3647904159.2132444, 6.633598804473877, 388.81640625), (600, 2000, 1, 99, 0.47062116861343384, 0.24080288410186768, 0.9253217169387375, 0.2271476686000824, 0.6503962874412537, 0.6994162201881409, 37.137237548828125, 294191.83167957986, 35654765712.76836, 8.041237354278564, 402.9765625)]
Completed job 7
starting the work inside Run_jobs
parameter combinations: [[600, 2000, 0.8, 11], [600, 2000, 0.8, 55], [600, 2000, 0.8, 99], [600, 2000, 0.6, 11], [600, 2000, 0.6, 55], [600, 2000, 0.6, 99]]
test name: nountill_E2G
[(600, 2000, 0.8, 11, 0.4962256848812103, 0.19853490591049194, 0.6961153236807577, 0.2937872111797333, 0.75815749168396, 0.8092793226242065, 33.053951263427734, 1516890.3468890784, 2187291067180.764, 8.814906358718872, 374.67578125), (600, 2000, 0.8, 55, 0.42865797877311707, 0.27820420265197754, 0.7918262136064246, 0.1261357218027115, 0.12831853330135345, 0.511976957321167, 35.54334259033203, 1027036.5279604737, 568746414579.0352, 25.783591747283936, 401.4140625), (600, 2000, 0.8, 99, 0.24579556286334991, 0.12680184841156006, 0.6356712699670705, 0.30051329731941223, 0.490349680185318, 0.4856545627117157, 36.96195983886719, 484904.4536202928, 32046624810.5456, 36.69236159324646, 401.71484375), (600, 2000, 0.6, 11, 0.38110029697418213, 0.6321080923080444, 0.7740909695517905, 0.2204817533493042, 0.3328433036804199, 0.34481680393218994, 32.82632827758789, 240526.08302811097, 4064923670.133608, 10.663872957229614, 402.16015625), (600, 2000, 0.6, 55, 0.2062358409166336, 0.06556594371795654, 0.7968122091466161, 0.1946573257446289, 0.37638023495674133, 0.5084369778633118, 35.59941101074219, 390637.83212768147, 46672949834.75944, 21.148940563201904, 403.671875), (600, 2000, 0.6, 99, 0.22032564878463745, 1.4512382745742798, 0.8872787748322221, 0.3313024044036865, 0.05858105421066284, 0.18759962916374207, 36.69088363647461, 298346.5522803053, 7928809171.230888, 60.85108041763306, 404.7109375)]
Completed job 8
starting the work inside Run_jobs
parameter combinations: [[600, 3000, 1, 11], [600, 3000, 1, 55], [600, 3000, 1, 99], [600, 3000, 0.8, 11], [600, 3000, 0.8, 55], [600, 3000, 0.8, 99]]
test name: nountill_E2G
Begin work on process
Begin work on process
Begin work on process
Begin work on process
Begin work on process
Begin work on process
[(600, 3000, 1, 11, 0.5629112124443054, 0.6615766286849976, 0.5696150023315748, 0.4447408616542816, 0.47758179903030396, 0.5006046295166016, 45.075897216796875, 1153195.9896439381, 313332428840.0997, 8.37634801864624, 444.0078125), (600, 3000, 1, 55, 0.6054286360740662, 1.7221618294715881, 1.079017867804151, 0.3022516369819641, 0.24539154767990112, 0.40393394231796265, 47.512027740478516, 455431.570952795, 22935132702.17392, 8.668857097625732, 454.59765625), (600, 3000, 1, 99, 0.28154006600379944, 0.3030371069908142, 0.8330434754397636, 0.19017089903354645, 0.3740994334220886, 0.34615209698677063, 48.698516845703125, 318005.49693803047, 5884411909.313937, 10.753016233444214, 461.21875), (600, 3000, 0.8, 11, 0.608523428440094, 0.3031492829322815, 0.7805494968067993, 0.2610226571559906, 0.7231611609458923, 0.18567496538162231, 45.26334762573242, 294238.1622998278, 2716964832.9400463, 7.694894552230835, 447.5859375), (600, 3000, 0.8, 55, 0.34180977940559387, 0.560528427362442, 0.8347580335860066, 0.21870635449886322, 0.15564396977424622, 0.38031071424484253, 47.646968841552734, 1186590.9124599854, 845153794014.7614, 10.408597469329834, 455.9921875), (600, 3000, 0.8, 99, 0.25339895486831665, 0.154441237449646, 0.7788796517294444, 0.19044436514377594, 0.09985626488924026, 0.3321618139743805, 48.575889587402344, 493101.13044199644, 23297721528.89598, 10.27066159248352, 464.390625)]
Completed job 9
starting the work inside Run_jobs
parameter combinations: [[600, 3000, 0.6, 11], [600, 3000, 0.6, 55], [600, 3000, 0.6, 99], [600, 4000, 1, 11], [600, 4000, 1, 55], [600, 4000, 1, 99]]
test name: nountill_E2G
Begin work on process
Begin work on process
Begin work on process
Begin work on process
Begin work on process
Begin work on process
[(600, 3000, 0.6, 11, 0.20891451835632324, 0.5126453936100006, 0.8043998795601826, 0.1878076195716858, 0.1078822910785675, 0.2390468418598175, 45.131202697753906, 1025797.2455976249, 287392146305.99316, 45.27543044090271, 443.59765625), (600, 3000, 0.6, 55, 0.48725828528404236, 1.6632208824157715, 0.6003175235990148, 0.4728463590145111, 0.3336787521839142, 0.19709189236164093, 47.71977233886719, 134660.74352448265, 4042599161.292438, 25.479076862335205, 454.359375), (600, 3000, 0.6, 99, 0.1953607052564621, 0.12508165836334229, 0.4733809515844683, 0.40552106499671936, 0.39884135127067566, 0.3782797157764435, 48.68788146972656, 378615.9793302567, 27295900183.68029, 12.261698722839355, 458.15625), (600, 4000, 1, 11, 0.31893211603164673, 0.9793450906872749, 0.6957894476785288, 0.309293270111084, 0.31284600496292114, 0.06880639493465424, 55.43782424926758, 3437663.390743367, 8528681150271.434, 16.444329023361206, 571.5859375), (600, 4000, 1, 55, 0.10546261072158813, 0.4658605456352234, 0.5232928130853238, 0.0894576907157898, 0.06198103725910187, 0.1246311217546463, 57.44158172607422, 261274.98032657983, 1523769122.592335, 21.012834072113037, 588.29296875), (600, 4000, 1, 99, 0.383627325296402, 0.1612992286682129, 0.8871559570455032, 0.2425902634859085, 0.67339026927948, 0.4521499276161194, 58.37561798095703, 524323.1020408784, 12296933368.097904, 24.01552128791809, 593.46875)]
Completed job 10
starting the work inside Run_jobs
parameter combinations: [[600, 4000, 0.8, 11], [600, 4000, 0.8, 55], [600, 4000, 0.8, 99], [600, 4000, 0.6, 11], [600, 4000, 0.6, 55], [600, 4000, 0.6, 99]]
test name: nountill_E2G
[(600, 4000, 0.8, 11, 0.3178522288799286, 0.11718553304672241, 0.8296632511502792, 0.23766781389713287, 0.6695572137832642, 0.5450919270515442, 55.23233413696289, 240523.81590746535, 2885419310.605173, 11.931909799575806, 576.8046875), (600, 4000, 0.8, 55, 0.49369895458221436, 0.8386543691158295, 0.9756726859884007, 0.19566671550273895, 0.45776066184043884, 0.2729776203632355, 57.492835998535156, 579934.7380663519, 35346172762.209236, 14.426295518875122, 592.046875), (600, 4000, 0.8, 99, 0.25767287611961365, 0.08416467905044556, 0.23695009935589426, 0.469144344329834, 0.6409493088722229, 0.5746389627456665, 58.3503303527832, 670158.7383567458, 29078622046.778175, 16.5420401096344, 603.4140625), (600, 4000, 0.6, 11, 0.5274911522865295, 0.33983397483825684, 0.7573669109967642, 0.24378357827663422, 0.646063506603241, 0.6332917213439941, 55.41063690185547, 712797.4656081973, 200760243052.89706, 11.794874906539917, 581.10546875), (600, 4000, 0.6, 55, 0.39721906185150146, 0.15091466903686523, 0.7328613219260216, 0.28949394822120667, 0.7460648417472839, 0.6830469369888306, 57.5194091796875, 1792032.425173402, 1890540766018.9116, 14.600006341934204, 592.328125), (600, 4000, 0.6, 99, 0.21397119760513306, 0.07279562950134277, 0.14895301997928814, 0.4601316750049591, 0.5712608695030212, 0.5306103229522705, 58.417869567871094, 1631269.3441773476, 612712170897.4939, 16.85021162033081, 602.2890625)]
Completed job 11
starting the work inside Run_jobs
parameter combinations: [[1000, 1000, 1, 11], [1000, 1000, 1, 55], [1000, 1000, 1, 99], [1000, 1000, 0.8, 11], [1000, 1000, 0.8, 55], [1000, 1000, 0.8, 99]]
test name: nountill_E2G
[(1000, 1000, 1, 11, 0.5050468444824219, 0.293346107006073, 0.3304233581095223, 0.5003629922866821, 0.5849645137786865, 0.7027832865715027, 16.52233123779297, 245081.9031963569, 35883740563.122765, 1.9319183826446533, 295.296875), (1000, 1000, 1, 55, 0.20209898054599762, 1.5685283541679382, 0.6688127260291825, 0.04455536603927612, 0.1258665919303894, 0.10199891030788422, 19.104434967041016, 281234.9373875642, 23649258679.103767, 2.3403091430664062, 336.03125), (1000, 1000, 1, 99, 0.45998629927635193, 0.28734123706817627, 0.3011908307867618, 0.4705560803413391, 0.6142950057983398, 0.598663866519928, 21.306692123413086, 349634.0986453322, 82044518482.3172, 2.7255353927612305, 331.671875), (1000, 1000, 0.8, 11, 0.2818356454372406, 0.0864754319190979, 0.668769359069846, 0.2760217487812042, 0.6402214765548706, 0.4771234095096588, 15.8426513671875, 107890.80405949824, 1357507207.167923, 2.0837209224700928, 334.26953125), (1000, 1000, 0.8, 55, 0.7567712664604187, 1.1180905550718307, 1.408964763639151, 0.2339111566543579, 0.7450771927833557, 0.07108716666698456, 19.286792755126953, 96056.35970309914, 4411025510.415704, 2.4572031497955322, 336.8671875), (1000, 1000, 0.8, 99, 0.41430172324180603, 0.20285522937774658, 0.22264663270580612, 0.47736915946006775, 0.663252055644989, 0.6348903775215149, 20.687654495239258, 166632.095619104, 6619687391.089132, 2.7327370643615723, 332.46875)]
Completed job 12
starting the work inside Run_jobs
parameter combinations: [[1000, 1000, 0.6, 11], [1000, 1000, 0.6, 55], [1000, 1000, 0.6, 99], [1000, 2000, 1, 11], [1000, 2000, 1, 55], [1000, 2000, 1, 99]]
test name: nountill_E2G
[(1000, 1000, 0.6, 11, 0.6935885548591614, 0.6734424829483032, 1.0013562398934155, 0.24473190307617188, 0.7318381667137146, 0.2899075448513031, 16.431303024291992, 73747.40756741582, 359223870.3983359, 3.314598560333252, 295.19921875), (1000, 1000, 0.6, 55, 0.34228673577308655, 1.8073785305023193, 1.1813134390683304, 0.39813005924224854, 0.2831054627895355, 0.07018623501062393, 19.260833740234375, 165969.14093032866, 6642138007.908686, 19.759729385375977, 334.921875), (1000, 1000, 0.6, 99, 0.1522149294614792, 0.6018955111503601, 0.8286322755787373, 0.1993338167667389, 0.1648796647787094, 0.0485336035490036, 20.735944747924805, 183935.7189610215, 24356997644.311882, 2.345236301422119, 333.28515625), (1000, 2000, 1, 11, 0.47706329822540283, 0.2620862126350403, 0.6898932570856517, 0.33292528986930847, 0.7067367434501648, 0.5307790040969849, 33.35456085205078, 207849.99020213692, 5570694545.214575, 32.79914689064026, 435.43359375), (1000, 2000, 1, 55, 0.22609780728816986, 0.23234593868255615, 0.7472342529792295, 0.3142659068107605, 0.22757434844970703, 0.3474687933921814, 35.72529602050781, 140775.88294178084, 388588860.8004813, 223.5217068195343, 424.82421875), (1000, 2000, 1, 99, 0.34194695949554443, 0.10666346549987793, 0.11717443511229528, 0.5111420154571533, 0.7609156966209412, 0.6799869537353516, 37.11030197143555, 94758.89342234598, 536124408.45278907, 72.45973873138428, 445.6875)]
Completed job 13
starting the work inside Run_jobs
parameter combinations: [[1000, 2000, 0.8, 11], [1000, 2000, 0.8, 55], [1000, 2000, 0.8, 99], [1000, 2000, 0.6, 11], [1000, 2000, 0.6, 55], [1000, 2000, 0.6, 99]]
test name: nountill_E2G
[(1000, 2000, 0.8, 11, 0.4250414967536926, 0.1898546814918518, 0.5882997488267678, 0.365229070186615, 0.6609424948692322, 0.360725075006485, 33.0535774230957, 193140.91695498084, 2098978415.09971, 14.000946521759033, 405.4453125), (1000, 2000, 0.8, 55, 0.44821062684059143, 0.3254484534263611, 0.8252788632728624, 0.24134516716003418, 0.5543217062950134, 0.1910654604434967, 35.93446731567383, 361497.6666663948, 41983400602.60047, 30.12596559524536, 431.80859375), (1000, 2000, 0.8, 99, 0.4453640580177307, 0.10354733467102051, 1.3521861589639523, 0.21880608797073364, 0.7651337385177612, 0.3971382975578308, 37.01602554321289, 303754.9132855324, 11533096803.741604, 60.43600559234619, 443.08203125), (1000, 2000, 0.6, 11, 0.36843976378440857, 0.24885672330856323, 0.8471609291020232, 0.23443882167339325, 0.08907950669527054, 0.4306281507015228, 32.932804107666016, 953859.4805357292, 410867457004.5406, 24.70708179473877, 448.65625), (1000, 2000, 0.6, 55, 0.25900349020957947, 0.9566604904830456, 0.5836311090494505, 0.08896113187074661, 0.08742211759090424, 0.2476218342781067, 35.72540283203125, 1572253.2438910843, 1064169110007.4102, 65.38141870498657, 449.1640625), (1000, 2000, 0.6, 99, 0.12163842469453812, 0.4077233076095581, 0.6765255038980199, 0.23868940770626068, 0.057759981602430344, 0.14659318327903748, 37.042823791503906, 2350840.369551499, 2750505099073.3096, 84.46289825439453, 448.14453125)]
Completed job 14
starting the work inside Run_jobs
parameter combinations: [[1000, 3000, 1, 11], [1000, 3000, 1, 55], [1000, 3000, 1, 99], [1000, 3000, 0.8, 11], [1000, 3000, 0.8, 55], [1000, 3000, 0.8, 99]]
test name: nountill_E2G
Begin work on process
Begin work on process
Begin work on process
Begin work on process
Begin work on process
Begin work on process
[(1000, 3000, 1, 11, 0.4577763080596924, 0.8092888593673706, 1.0692613647383211, 0.23769472539424896, 0.3432610034942627, 0.37532907724380493, 45.48159408569336, 171900.33187591622, 3671226221.9141006, 7.370893239974976, 480.8828125), (1000, 3000, 1, 55, 0.4921709895133972, 0.2852194309234619, 0.3038168410421021, 0.4664451479911804, 0.6917003393173218, 0.5851230025291443, 47.89655303955078, 2203525.728169214, 2322889176247.995, 8.970874071121216, 490.94140625), (1000, 3000, 1, 99, 0.3867708444595337, 0.29352855682373047, 1.1839799165628735, 0.2612220346927643, 0.43338266015052795, 0.5417839884757996, 49.043418884277344, 1358857.3820896428, 244466002361.08926, 10.016818046569824, 499.5), (1000, 3000, 0.8, 11, 0.29839545488357544, 1.337676763534546, 0.8286689075738252, 0.2058955878019333, 0.12385629862546921, 0.23285578191280365, 45.49264907836914, 88674472.42888872, 7786991354442565.0, 7.234795093536377, 483.44140625), (1000, 3000, 0.8, 55, 0.39037662744522095, 0.17799115180969238, 0.9814376542034555, 0.1948966085910797, 0.4413715898990631, 0.661503791809082, 48.030582427978516, 2696106.5157964686, 5675191216174.124, 9.098109245300293, 492.421875), (1000, 3000, 0.8, 99, 0.20324808359146118, 0.11966478824615479, 0.3060349783855347, 0.43477728962898254, 0.4247951805591583, 0.3473818004131317, 48.76903533935547, 668228.7645359053, 92042088568.65646, 10.32437252998352, 498.765625)]
Completed job 15
starting the work inside Run_jobs
parameter combinations: [[1000, 3000, 0.6, 11], [1000, 3000, 0.6, 55], [1000, 3000, 0.6, 99], [1000, 4000, 1, 11], [1000, 4000, 1, 55], [1000, 4000, 1, 99]]
test name: nountill_E2G
[(1000, 3000, 0.6, 11, 0.23387104272842407, 0.09164416790008545, 0.19297807076004805, 0.4638454020023346, 0.5587769150733948, 0.5170345902442932, 45.656253814697266, 273637.67438072275, 3770992908.6184587, 8.99996566772461, 482.53125), (1000, 3000, 0.6, 55, 0.34364238381385803, 0.14937865734100342, 0.27421292405603503, 0.47395163774490356, 0.599631130695343, 0.6467803716659546, 47.79236602783203, 1967236.685753766, 2150979013344.1602, 10.281277894973755, 492.98046875), (1000, 3000, 0.6, 99, 0.1354544460773468, 0.14973336458206177, 0.8618943393769943, 0.2984519302845001, 0.05851026251912117, 0.18165631592273712, 49.01309585571289, 386413.5751020142, 11978489821.267506, 12.001970291137695, 501.3046875), (1000, 4000, 1, 11, 0.35479113459587097, 0.6233348548412323, 0.8777218640778546, 0.31283560395240784, 0.07123417407274246, 0.37543201446533203, 55.7053108215332, 767751.6058187346, 45457765021.92466, 17.576637029647827, 620.37890625), (1000, 4000, 1, 55, 0.5411806702613831, 0.7006910145282745, 1.1077972146970398, 0.20605871081352234, 0.5210785865783691, 0.3696882426738739, 57.691158294677734, 1458881.2312061423, 525429906335.392, 20.017695426940918, 635.96484375), (1000, 4000, 1, 99, 0.44627854228019714, 1.4191528856754303, 0.9563625068986976, 0.2130734920501709, 0.3269383907318115, 0.19621194899082184, 58.59577941894531, 460020.3928654128, 11151875565.073975, 22.585044145584106, 643.39453125)]
Completed job 16
starting the work inside Run_jobs
parameter combinations: [[1000, 4000, 0.8, 11], [1000, 4000, 0.8, 55], [1000, 4000, 0.8, 99], [1000, 4000, 0.6, 11], [1000, 4000, 0.6, 55], [1000, 4000, 0.6, 99]]
test name: nountill_E2G
[(1000, 4000, 0.8, 11, 0.5078973770141602, 0.7607560753822327, 0.8335843118728189, 0.25171080231666565, 0.48794347047805786, 0.29976364970207214, 55.53608322143555, 426758.4094270862, 5035348158.262126, 13.290454387664795, 622.63671875), (1000, 4000, 0.8, 55, 0.41837507486343384, 0.0742996335029602, 0.7711056722827524, 0.21388094127178192, 0.4565679132938385, 0.8037124872207642, 57.67350387573242, 727133.720988415, 151766874396.66824, 16.080848693847656, 639.33203125), (1000, 4000, 0.8, 99, 0.13169153034687042, 0.26384633779525757, 0.9217942150547362, 0.2677498757839203, 0.11244254559278488, 0.1902507096529007, 58.49470901489258, 1128383.9135638385, 225589534879.5574, 18.517749547958374, 647.01171875), (1000, 4000, 0.6, 11, 0.662160336971283, 0.9083158671855927, 0.7744458932022177, 0.27708664536476135, 0.6471786499023438, 0.21144409477710724, 55.64231872558594, 334329.05143381795, 9078364325.1856, 13.01959490776062, 627.9609375), (1000, 4000, 0.6, 55, 0.2688373923301697, 0.0822533369064331, 0.5112453028977991, 0.23795448243618011, 0.5451827645301819, 0.3410002887248993, 57.79362106323242, 306333.43068726116, 4244447728.5720844, 15.481317043304443, 642.5859375), (1000, 4000, 0.6, 99, 0.06136495620012283, 0.20721137523651123, 0.7718278919922033, 0.20066621899604797, 0.09468607604503632, 0.09592557698488235, 58.63819122314453, 714806.9200320911, 152832586544.56595, 18.11792755126953, 646.03125)]
Completed job 17
