starting the work inside Run_jobs
parameter combinations: [[350, 1000, 1, 11], [350, 1000, 1, 55], [350, 1000, 1, 99], [350, 1000, 0.8, 11], [350, 1000, 0.8, 55], [350, 1000, 0.8, 99]]
test name: nountill_G2M
[(350, 1000, 1, 11, 0.2700043320655823, 1.1880673319101334, 0.8329061829106211, 0.12037388980388641, 0.16033720970153809, 0.18917110562324524, 14.966423034667969, 1.3998855483414231e-28, 1.017222078876182e-56, 2.0056097507476807, 263.703125), (350, 1000, 1, 55, 0.5787383913993835, 0.3474118113517761, 0.21193328983230564, 0.5523914098739624, 0.7537380456924438, 0.5854946374893188, 15.905747413635254, 2.893693860344175e-194, 0.0, 2.3414719104766846, 288.73046875), (350, 1000, 1, 99, 0.5764463543891907, nan, 0.30014206209560335, 0.6283368468284607, 0.5764463543891907, 0.0, 16.70303726196289, 2.2250738585072014e-308, 0.0, 2.3062286376953125, 297.0546875), (350, 1000, 0.8, 11, 0.3017941117286682, 0.05998432636260986, 0.5722857758975745, 0.598455011844635, 0.3877560496330261, 0.6357583403587341, 14.798440933227539, 1.7415883646199113e-29, 8.082172596796553e-59, 1.6162047386169434, 291.03515625), (350, 1000, 0.8, 55, 0.3768536448478699, 0.22657108306884766, 0.9438243891350352, 0.15184202790260315, 0.4888584315776825, 0.1636359840631485, 15.842775344848633, 1.925834704150469e-204, 0.0, 2.1287484169006348, 290.04296875), (350, 1000, 0.8, 99, 0.26274794340133667, nan, 0.8285585698425632, 0.3792019784450531, 0.26274794340133667, 0.0, 16.732975006103516, 2.2250738585072014e-308, 0.0, 2.223994255065918, 295.86328125)]
Completed job 0
starting the work inside Run_jobs
parameter combinations: [[350, 1000, 0.6, 11], [350, 1000, 0.6, 55], [350, 1000, 0.6, 99], [350, 2000, 1, 11], [350, 2000, 1, 55], [350, 2000, 1, 99]]
test name: nountill_G2M
Begin work on process
Begin work on process
Begin work on process
Begin work on process
Begin work on process
Begin work on process
[(350, 1000, 0.6, 11, 0.45790618658065796, 0.24425560235977173, 0.16133840341363226, 0.583770751953125, 0.5686636567115784, 0.6962171792984009, 15.066325187683105, 6.63826131460873e-32, 4.4063289093504833e-63, 1.5260531902313232, 263.3125), (350, 1000, 0.6, 55, 0.1761711835861206, 0.6829466223716736, 0.8279101765006058, 0.05683090165257454, 0.1855824738740921, 0.06642308086156845, 16.64309310913086, 2.630407737574326e-262, 0.0, 2.1229443550109863, 289.29296875), (350, 1000, 0.6, 99, 0.6726975440979004, nan, 0.22456111206088206, 0.6476916074752808, 0.6726975440979004, 0.0, 17.71976089477539, 2.2250738585072014e-308, 0.0, 1.934697151184082, 295.03125), (350, 2000, 1, 11, 0.34603044390678406, 0.13165515661239624, 0.1143765885780437, 0.6266641020774841, 0.6226445436477661, 0.6967954039573669, 30.261594772338867, 3.200955953382829e-21, 8.951463184130474e-42, 4.263296604156494, 378.67578125), (350, 2000, 1, 55, 0.13989414274692535, 0.10225105285644531, 0.5515971560765008, 0.40062686800956726, 0.22828641533851624, 0.3021945655345917, 31.50802993774414, 8.896237372650401e-200, 0.0, 5.666701793670654, 380.17578125), (350, 2000, 1, 99, 0.6205770373344421, nan, 0.9537989481687593, 0.14974664151668549, 0.6205770373344421, 0.0, 32.32234191894531, 2.2250738585072014e-308, 0.0, 6.981179237365723, 384.65625)]
Completed job 1
starting the work inside Run_jobs
parameter combinations: [[350, 2000, 0.8, 11], [350, 2000, 0.8, 55], [350, 2000, 0.8, 99], [350, 2000, 0.6, 11], [350, 2000, 0.6, 55], [350, 2000, 0.6, 99]]
test name: nountill_G2M
[(350, 2000, 0.8, 11, 0.624864399433136, 1.562342643737793, 0.6452938327763571, 0.3168128430843353, 0.3806634545326233, 0.32572734355926514, 29.929533004760742, 2.3043983417813877e-29, 3.0788729752841152e-58, 42.504393577575684, 355.37109375), (350, 2000, 0.8, 55, 0.4880903661251068, 0.22586089372634888, 0.1890529351017631, 0.5472902059555054, 0.547982931137085, 0.7675883173942566, 31.380855560302734, 3.0947846858356893e-202, 0.0, 218.35871005058289, 383.359375), (350, 2000, 0.8, 99, 0.6357681155204773, nan, 0.6425353411715763, 0.32468828558921814, 0.6357681155204773, 0.0, 32.15190124511719, 2.2250738585072014e-308, 0.0, 203.39462280273438, 386.96484375), (350, 2000, 0.6, 11, 0.23230329155921936, 0.08822643756866455, 0.3588833488793117, 0.5180180668830872, 0.535066545009613, 0.5631961226463318, 29.694734573364258, 1.932599789696792e-35, 3.11487251031933e-70, 33.942450761795044, 391.9765625), (350, 2000, 0.6, 55, 0.2647523581981659, 1.365931659936905, 0.8360220446373859, 0.06848261505365372, 0.20650072395801544, 0.10653743147850037, 31.539823532104492, 1.6612676432911779e-248, 0.0, 208.7451937198639, 393.20703125), (350, 2000, 0.6, 99, 0.6812376379966736, nan, 0.10907568962766795, 0.6673999428749084, 0.6812376379966736, 0.0, 32.306785583496094, 2.2250738585072014e-308, 0.0, 207.15453624725342, 392.90234375)]
Completed job 2
starting the work inside Run_jobs
parameter combinations: [[350, 3000, 1, 11], [350, 3000, 1, 55], [350, 3000, 1, 99], [350, 3000, 0.8, 11], [350, 3000, 0.8, 55], [350, 3000, 0.8, 99]]
test name: nountill_G2M
Begin work on process
Begin work on process
Begin work on process
Begin work on process
Begin work on process
Begin work on process
[(350, 3000, 1, 11, 0.37871691584587097, 0.18373453617095947, 0.6743414717203375, 0.3068463206291199, 0.11698441952466965, 0.4681289494037628, 41.87161636352539, 1.4920272648205684e-25, 7.214485110807013e-51, 7.523782253265381, 423.6171875), (350, 3000, 1, 55, 0.266490638256073, 0.24056869745254517, 0.8551313135913525, 0.09571300446987152, 0.3652511537075043, 0.39800772070884705, 42.75702667236328, 7.734170251357311e-187, 0.0, 8.290337085723877, 436.36328125), (350, 3000, 1, 99, 0.26276955008506775, nan, 0.8807777409249338, 0.035948555916547775, 0.26276955008506775, 0.0, 43.64717102050781, 2.2250738585072014e-308, 0.0, 10.907666206359863, 438.80859375), (350, 3000, 0.8, 11, 0.41898593306541443, 0.1850109100341797, 0.04924790211333118, 0.6296419501304626, 0.6108095645904541, 0.7220103740692139, 41.715999603271484, 2.1126624128958523e-28, 3.23927205094524e-56, 7.62358546257019, 423.94921875), (350, 3000, 0.8, 55, 0.2300623655319214, 0.19594353437423706, 0.7361203071535393, 0.42290985584259033, 0.2470477819442749, 0.3757111132144928, 42.89687728881836, 1.4161621029278671e-210, 0.0, 8.156357288360596, 435.015625), (350, 3000, 0.8, 99, 0.5858674049377441, nan, 0.7053276284598132, 0.31068193912506104, 0.5858674049377441, 0.0, 43.117408752441406, 2.2250738585072014e-308, 0.0, 10.087868690490723, 443.76953125)]
Completed job 3
starting the work inside Run_jobs
parameter combinations: [[350, 3000, 0.6, 11], [350, 3000, 0.6, 55], [350, 3000, 0.6, 99], [350, 4000, 1, 11], [350, 4000, 1, 55], [350, 4000, 1, 99]]
test name: nountill_G2M
[(350, 3000, 0.6, 11, 0.42505067586898804, 0.25502216815948486, 0.5509027571182034, 0.3553195595741272, 0.4950542747974396, 0.1012113094329834, 41.33125305175781, 5.885606609863614e-39, 9.393115583870082e-78, 7.17454719543457, 421.7890625), (350, 3000, 0.6, 55, 0.2555164396762848, 0.06153512001037598, 0.33194923143003385, 0.49260884523391724, 0.570778489112854, 0.3730902373790741, 42.710140228271484, 1.66813016923448e-238, 0.0, 7.770232439041138, 432.64453125), (350, 3000, 0.6, 99, 0.6929514408111572, nan, 0.08398937334976522, 0.6704622507095337, 0.6929514408111572, 0.0, 43.39467239379883, 2.2250738585072014e-308, 0.0, 8.722368717193604, 433.90625), (350, 4000, 1, 11, 0.1938944160938263, 0.8607734739780426, 0.9270402298742783, 0.037094417959451675, 0.19417549669742584, 0.05196981132030487, 50.95601272583008, 1.7506621554215909e-25, 2.3709345797751494e-50, 11.657904148101807, 544.46484375), (350, 4000, 1, 55, 0.4871894419193268, 0.2857635021209717, 0.29900303101967846, 0.6272674202919006, 0.6109318733215332, 0.6698383688926697, 51.962032318115234, 9.43970443732049e-181, 0.0, 13.883326292037964, 565.7421875), (350, 4000, 1, 99, 0.16312628984451294, nan, 1.0043206339371844, 0.35852348804473877, 0.16312628984451294, 0.0, 52.758819580078125, 2.2250738585072014e-308, 0.0, 15.562142848968506, 568.39453125)]
Completed job 4
starting the work inside Run_jobs
parameter combinations: [[350, 4000, 0.8, 11], [350, 4000, 0.8, 55], [350, 4000, 0.8, 99], [350, 4000, 0.6, 11], [350, 4000, 0.6, 55], [350, 4000, 0.6, 99]]
test name: nountill_G2M
[(350, 4000, 0.8, 11, 0.2495465874671936, 0.052645206451416016, 0.09595084510782147, 0.6226405501365662, 0.6222248077392578, 0.7397401928901672, 50.93706512451172, 1.81468965501709e-23, 3.2874639778180894e-46, 13.849270582199097, 549.9765625), (350, 4000, 0.8, 55, 0.29324665665626526, 0.11948072910308838, 0.5633216625504404, 0.4903138279914856, 0.4787476658821106, 0.6072766184806824, 52.34312438964844, 4.1901837794960287e-206, 0.0, 17.933433532714844, 570.61328125), (350, 4000, 0.8, 99, 0.18578605353832245, nan, 0.785174601490031, 0.12269522249698639, 0.18578605353832245, 0.0, 52.834232330322266, 2.2250738585072014e-308, 0.0, 19.75251007080078, 573.59765625), (350, 4000, 0.6, 11, 0.25737205147743225, 0.20409023761749268, 0.7398225331609347, 0.30292370915412903, 0.23861843347549438, 0.40292277932167053, 51.10270690917969, 2.305620382421851e-25, 5.286220515860854e-50, 14.261696338653564, 552.23046875), (350, 4000, 0.6, 55, 0.39774948358535767, 1.3281695544719696, 0.8525993664395269, 0.12240534275770187, 0.24094189703464508, 0.24712592363357544, 52.43741226196289, 4.247341232926782e-244, 0.0, 17.728397607803345, 569.51171875), (350, 4000, 0.6, 99, 0.22784915566444397, nan, 0.9229610818076205, 0.15116652846336365, 0.22784915566444397, 0.0, 52.408390045166016, 2.2250738585072014e-308, 0.0, 17.183265686035156, 579.2421875)]
Completed job 5
starting the work inside Run_jobs
parameter combinations: [[600, 1000, 1, 11], [600, 1000, 1, 55], [600, 1000, 1, 99], [600, 1000, 0.8, 11], [600, 1000, 0.8, 55], [600, 1000, 0.8, 99]]
test name: nountill_G2M
[(600, 1000, 1, 11, 0.37961164116859436, 0.14845651388168335, 0.3713121580930534, 0.5855023860931396, 0.5755653381347656, 0.7204362154006958, 12.529776573181152, 1.5508987760370268e-28, 1.9398926223107385e-56, 1.8890483379364014, 276.08984375), (600, 1000, 1, 55, 0.7559805512428284, 1.6574867963790894, 0.7388635744870948, 0.3390918970108032, 0.7242809534072876, 0.046953678131103516, 15.16555404663086, 8.291725088793313e-205, 0.0, 2.0813851356506348, 306.71875), (600, 1000, 1, 99, 0.17280352115631104, nan, 0.7952436374075201, 0.11085492372512817, 0.17280352115631104, 0.0, 14.317625045776367, 2.2250738585072014e-308, 0.0, 2.169057846069336, 309.4453125), (600, 1000, 0.8, 11, 0.3009520471096039, 0.10809296369552612, 0.3585175178286148, 0.4767792224884033, 0.5948935747146606, 0.6654943227767944, 12.922661781311035, 2.2957563849369436e-26, 4.69347222288293e-52, 1.646740198135376, 304.265625), (600, 1000, 0.8, 55, 0.36604538559913635, 0.78642538189888, 0.8014907715470442, 0.26941370964050293, 0.1174362450838089, 0.37268322706222534, 14.89946460723877, 1.2651230372207018e-212, 0.0, 1.986497402191162, 309.3671875), (600, 1000, 0.8, 99, 0.667801022529602, nan, 0.13982691384906923, 0.6439270377159119, 0.667801022529602, 0.0, 15.811220169067383, 2.2250738585072014e-308, 0.0, 2.1744163036346436, 306.1953125)]
Completed job 6
starting the work inside Run_jobs
parameter combinations: [[600, 1000, 0.6, 11], [600, 1000, 0.6, 55], [600, 1000, 0.6, 99], [600, 2000, 1, 11], [600, 2000, 1, 55], [600, 2000, 1, 99]]
test name: nountill_G2M
[(600, 1000, 0.6, 11, 0.4075081944465637, 0.5285473763942719, 0.8641487295934492, 0.3371955156326294, 0.15275870263576508, 0.4566148817539215, 13.564443588256836, 4.345131652818144e-27, 1.8879288437311272e-53, 1.8672373294830322, 275.171875), (600, 1000, 0.6, 55, 0.42760971188545227, 0.5058774650096893, 0.8563327248290273, 0.2539431154727936, 0.17075428366661072, 0.48538723587989807, 14.730704307556152, 3.0381840359855533e-257, 0.0, 1.8837800025939941, 306.4296875), (600, 1000, 0.6, 99, 0.20391777157783508, nan, 0.8828682374275442, 0.5716500282287598, 0.20391777157783508, 0.0, 15.13254451751709, 2.2250738585072014e-308, 0.0, 2.1236937046051025, 309.1328125), (600, 2000, 1, 11, 0.3496409058570862, 0.14231032133102417, 0.299178007770229, 0.5029475688934326, 0.5345638394355774, 0.24238041043281555, 29.762001037597656, 6.579752670964813e-27, 4.172507575172806e-53, 4.534576892852783, 401.8984375), (600, 2000, 1, 55, 0.38260552287101746, 0.08439207077026367, 0.3564710441751155, 0.5266544818878174, 0.6209301948547363, 0.2786019444465637, 30.75328826904297, 2.637731480419905e-198, 0.0, 6.420424938201904, 402.81640625), (600, 2000, 1, 99, 0.6663079857826233, nan, 0.14798879044296454, 0.663699209690094, 0.6663079857826233, 0.0, 31.80816078186035, 2.2250738585072014e-308, 0.0, 8.890494346618652, 403.71484375)]
Completed job 7
starting the work inside Run_jobs
parameter combinations: [[600, 2000, 0.8, 11], [600, 2000, 0.8, 55], [600, 2000, 0.8, 99], [600, 2000, 0.6, 11], [600, 2000, 0.6, 55], [600, 2000, 0.6, 99]]
test name: nountill_G2M
Begin work on process
Begin work on process
Begin work on process
Begin work on process
Begin work on process
Begin work on process
[(600, 2000, 0.8, 11, 0.37056392431259155, 0.16564291715621948, 0.6106162009541242, 0.5069935917854309, 0.4456523358821869, 0.6492705345153809, 29.59351921081543, 1.7674880891638563e-25, 1.4414931085458016e-50, 5.303673267364502, 376.98046875), (600, 2000, 0.8, 55, 0.530502200126648, 0.28404903411865234, 0.3348395874660525, 0.4937252700328827, 0.6288622617721558, 0.7480196356773376, 30.96392059326172, 3.6830070469776024e-201, 0.0, 6.362685441970825, 398.671875), (600, 2000, 0.8, 99, 0.5731321573257446, nan, 0.1877610570295498, 0.5828554630279541, 0.5731321573257446, 0.0, 31.52391242980957, 2.2250738585072014e-308, 0.0, 7.586983919143677, 399.3984375), (600, 2000, 0.6, 11, 0.33605045080184937, 0.09789633750915527, 0.25741188248515895, 0.5646673440933228, 0.6158434748649597, 0.7612432241439819, 29.627254486083984, 1.5146249690245221e-25, 2.291022352180133e-50, 5.271569728851318, 403.109375), (600, 2000, 0.6, 55, 0.6990864872932434, 1.4526822566986084, 0.925170566713818, 0.17050869762897491, 0.2191082090139389, 0.5720449090003967, 31.253149032592773, 2.619273677602854e-262, 0.0, 8.245405912399292, 403.828125), (600, 2000, 0.6, 99, 0.43748584389686584, nan, 0.600647835090761, 0.3892868459224701, 0.43748584389686584, 0.0, 31.917770385742188, 2.2250738585072014e-308, 0.0, 6.287300109863281, 405.5390625)]
Completed job 8
starting the work inside Run_jobs
parameter combinations: [[600, 3000, 1, 11], [600, 3000, 1, 55], [600, 3000, 1, 99], [600, 3000, 0.8, 11], [600, 3000, 0.8, 55], [600, 3000, 0.8, 99]]
test name: nountill_G2M
[(600, 3000, 1, 11, 0.1934194415807724, 0.6987745761871338, 0.8718299036579512, 0.09843926131725311, 0.20270299911499023, 0.06818672269582748, 40.89402770996094, 4.768284438182583e-25, 2.250852461183503e-49, 9.088030815124512, 443.9296875), (600, 3000, 1, 55, 0.3198710083961487, 0.06277304887771606, 0.6369564012266018, 0.6270448565483093, 0.4266379475593567, 0.6830220222473145, 43.09444046020508, 2.4172181881612154e-188, 0.0, 11.020653247833252, 459.29296875), (600, 3000, 1, 99, 0.7180950045585632, nan, 0.006815367325443803, 0.6793880462646484, 0.7180950045585632, 0.0, 43.1409912109375, 2.2250738585072014e-308, 0.0, 32.58424663543701, 461.42578125), (600, 3000, 0.8, 11, 0.2711819112300873, 1.0957042872905731, 0.9204970843421191, 0.21515269577503204, 0.15596534311771393, 0.2074183076620102, 41.632530212402344, 1.722681771994732e-30, 7.132027087164219e-61, 10.230352640151978, 445.859375), (600, 3000, 0.8, 55, 0.40356412529945374, 0.09264063835144043, 0.5998654480068764, 0.33930444717407227, 0.7255100607872009, 0.3939957916736603, 42.55784606933594, 1.1449468760308946e-206, 0.0, 10.688245058059692, 458.82421875), (600, 3000, 0.8, 99, 0.5498112440109253, nan, 0.7472886845690582, 0.1957799345254898, 0.5498112440109253, 0.0, 42.93185806274414, 2.2250738585072014e-308, 0.0, 13.855899810791016, 466.60546875)]
Completed job 9
starting the work inside Run_jobs
parameter combinations: [[600, 3000, 0.6, 11], [600, 3000, 0.6, 55], [600, 3000, 0.6, 99], [600, 4000, 1, 11], [600, 4000, 1, 55], [600, 4000, 1, 99]]
test name: nountill_G2M
[(600, 3000, 0.6, 11, 0.3396846055984497, 0.18135201930999756, 0.5270000350014721, 0.41072434186935425, 0.3972930312156677, 0.5768914818763733, 41.82371520996094, 6.976240874149144e-28, 4.380951673797127e-55, 10.123472690582275, 444.11328125), (600, 3000, 0.6, 55, 0.5008711218833923, 0.10511744022369385, 0.3475489038058983, 0.5058203935623169, 0.6696412563323975, 0.1973133087158203, 42.80400848388672, 1.3661858407260254e-251, 0.0, 65.98993039131165, 457.046875), (600, 3000, 0.6, 99, 0.2241540551185608, nan, 0.7358379601422115, 0.32716041803359985, 0.2241540551185608, 0.0, 42.87345886230469, 2.2250738585072014e-308, 0.0, 12.863697528839111, 461.2578125), (600, 4000, 1, 11, 0.3313053548336029, 0.21157991886138916, 0.3961363947940807, 0.5721504092216492, 0.4718935191631317, 0.5317413210868835, 51.04396057128906, 6.230384422396524e-20, 3.8607004631119804e-39, 15.128958702087402, 573.3984375), (600, 4000, 1, 55, 0.6975148916244507, 0.9122549891471863, 0.8131605850734213, 0.08122570812702179, 0.16919264197349548, 0.6916924715042114, 52.27672576904297, 1.3844161301868254e-182, 0.0, 20.74360466003418, 591.3671875), (600, 4000, 1, 99, 0.6797369122505188, nan, 0.05769230549214231, 0.6579784154891968, 0.6797369122505188, 0.0, 52.513763427734375, 2.2250738585072014e-308, 0.0, 22.8890962600708, 596.74609375)]
Completed job 10
starting the work inside Run_jobs
parameter combinations: [[600, 4000, 0.8, 11], [600, 4000, 0.8, 55], [600, 4000, 0.8, 99], [600, 4000, 0.6, 11], [600, 4000, 0.6, 55], [600, 4000, 0.6, 99]]
test name: nountill_G2M
[(600, 4000, 0.8, 11, 0.28903260827064514, 0.10766839981079102, 0.256329611296442, 0.5230483412742615, 0.6364193558692932, 0.5997942090034485, 50.879398345947266, 4.041529164764717e-32, 4.521454882966404e-64, 14.768796682357788, 577.703125), (600, 4000, 0.8, 55, 0.5199037790298462, 0.541414201259613, 0.8534667659419164, 0.3698347508907318, 0.1731737107038498, 0.5760209560394287, 52.0672607421875, 1.544271778464031e-212, 0.0, 26.98880887031555, 596.27734375), (600, 4000, 0.8, 99, 0.7234038710594177, nan, 0.12414324395767799, 0.6620161533355713, 0.7234038710594177, 0.0, 52.815223693847656, 2.2250738585072014e-308, 0.0, 23.24344301223755, 602.44140625), (600, 4000, 0.6, 11, 0.5356511473655701, 1.5854215025901794, 0.8485041744073843, 0.17382405698299408, 0.3209995925426483, 0.28026285767555237, 50.75099563598633, 4.204580819225897e-28, 1.7589709619552478e-55, 16.88189387321472, 581.68359375), (600, 4000, 0.6, 55, 0.46809491515159607, 0.20319807529449463, 0.09423055201920429, 0.6644188165664673, 0.6625758409500122, 0.7704880833625793, 52.428192138671875, 1.8422218082666577e-232, 0.0, 19.50675129890442, 597.3046875), (600, 4000, 0.6, 99, 0.349113404750824, nan, 0.964917197547673, 0.13041375577449799, 0.349113404750824, 0.0, 52.49453353881836, 2.2250738585072014e-308, 0.0, 24.63011074066162, 606.4296875)]
Completed job 11
starting the work inside Run_jobs
parameter combinations: [[1000, 1000, 1, 11], [1000, 1000, 1, 55], [1000, 1000, 1, 99], [1000, 1000, 0.8, 11], [1000, 1000, 0.8, 55], [1000, 1000, 0.8, 99]]
test name: nountill_G2M
[(1000, 1000, 1, 11, 0.2933748662471771, 0.6618246138095856, 0.8073627422831288, 0.2030983567237854, 0.30676761269569397, 0.051542770117521286, 10.63000202178955, 1.0221902546408805e-24, 4.264352628131177e-49, 2.851351022720337, 296.00390625), (1000, 1000, 1, 55, 0.17088115215301514, 0.13241010904312134, 0.7502065374534658, 0.28394484519958496, 0.2729443311691284, 0.340619832277298, 12.999823570251465, 2.536074516695199e-192, 0.0, 2.5695061683654785, 335.53515625), (1000, 1000, 1, 99, 0.28854900598526, nan, 0.828768287391399, 0.10812634229660034, 0.28854900598526, 0.0, 13.856220245361328, 2.2250738585072014e-308, 0.0, 3.382108211517334, 337.08984375), (1000, 1000, 0.8, 11, 0.1582784652709961, 0.0841437578201294, 0.15819571627973994, 0.3941747546195984, 0.39283671975135803, 0.3729892373085022, 10.487959861755371, 7.16664318970373e-27, 1.1843998630370717e-53, 2.3571219444274902, 334.71875), (1000, 1000, 0.8, 55, 0.3532012403011322, 0.23782497644424438, 0.5101713825765387, 0.4936414957046509, 0.5390347242355347, 0.3562386929988861, 12.369131088256836, 1.722022571627995e-214, 0.0, 7.014524936676025, 335.50390625), (1000, 1000, 0.8, 99, 0.5517491698265076, nan, 0.45196649952920676, 0.43498799204826355, 0.5517491698265076, 0.0, 13.747509956359863, 2.2250738585072014e-308, 0.0, 3.560232639312744, 336.83984375)]
Completed job 12
starting the work inside Run_jobs
parameter combinations: [[1000, 1000, 0.6, 11], [1000, 1000, 0.6, 55], [1000, 1000, 0.6, 99], [1000, 2000, 1, 11], [1000, 2000, 1, 55], [1000, 2000, 1, 99]]
test name: nountill_G2M
[(1000, 1000, 0.6, 11, 0.48860427737236023, 0.2926155924797058, 0.3085414700786374, 0.5329030156135559, 0.6428630948066711, 0.6343618631362915, 10.954327583312988, 1.5253731830099576e-34, 1.6638573721484615e-68, 1.8402814865112305, 295.51953125), (1000, 1000, 0.6, 55, 0.25773292779922485, 0.9840258695185184, 0.8918831365601599, 0.12601321935653687, 0.17006316781044006, 0.19639715552330017, 12.845050811767578, 5.56646066314135e-256, 0.0, 2.2768123149871826, 336.28125), (1000, 1000, 0.6, 99, 0.6625562310218811, nan, 0.41970585466818633, 0.5248641967773438, 0.6625562310218811, 0.0, 12.999805450439453, 2.2250738585072014e-308, 0.0, 2.4889352321624756, 335.91796875), (1000, 2000, 1, 11, 0.24518686532974243, 0.05864822864532471, 0.4698856174425383, 0.5925183296203613, 0.5765418410301208, 0.6919621229171753, 28.439271926879883, 1.807593865105119e-26, 1.077313222157601e-52, 5.013697385787964, 432.26953125), (1000, 2000, 1, 55, 0.5801565051078796, 1.7403051853179932, 1.1314433679588363, 0.2451828420162201, 0.3995150923728943, 0.21847909688949585, 29.845970153808594, 2.3103791304997854e-192, 0.0, 8.064080476760864, 433.9921875), (1000, 2000, 1, 99, 0.2630361020565033, nan, 0.8057482411515773, 0.29532310366630554, 0.2630361020565033, 0.0, 30.980031967163086, 2.2250738585072014e-308, 0.0, 10.915171384811401, 440.08203125)]
Completed job 13
starting the work inside Run_jobs
parameter combinations: [[1000, 2000, 0.8, 11], [1000, 2000, 0.8, 55], [1000, 2000, 0.8, 99], [1000, 2000, 0.6, 11], [1000, 2000, 0.6, 55], [1000, 2000, 0.6, 99]]
test name: nountill_G2M
[(1000, 2000, 0.8, 11, 0.5422248840332031, 0.5156440734863281, 0.7563372155655493, 0.239315003156662, 0.19717204570770264, 0.6095554828643799, 28.509429931640625, 4.430044923303048e-24, 1.9268085861577915e-47, 21.630675792694092, 405.125), (1000, 2000, 0.8, 55, 0.42230337858200073, 0.1806829571723938, 0.4932029706642544, 0.5693638324737549, 0.49062401056289673, 0.7169581651687622, 30.410076141357422, 6.750731241537568e-201, 0.0, 73.06451892852783, 438.578125), (1000, 2000, 0.8, 99, 0.586850106716156, nan, 1.0236437440597337, 0.1348182111978531, 0.586850106716156, 0.0, 30.753408432006836, 2.2250738585072014e-308, 0.0, 76.26795172691345, 439.1796875), (1000, 2000, 0.6, 11, 0.40613624453544617, 0.3776935935020447, 0.5380362001465199, 0.4018327295780182, 0.5102449059486389, 0.24389982223510742, 28.927343368530273, 6.306428755410107e-28, 3.977104294473772e-55, 20.024528741836548, 439.8359375), (1000, 2000, 0.6, 55, 0.27187663316726685, 0.0806736946105957, 1.0509671326867722, 0.12588748335838318, 0.5102844834327698, 0.6524161100387573, 30.179088592529297, 2.0759219137502198e-247, 0.0, 69.127188205719, 440.59375), (1000, 2000, 0.6, 99, 0.550003170967102, nan, 0.37354820471662664, 0.5598658323287964, 0.550003170967102, 0.0, 30.89936065673828, 2.2250738585072014e-308, 0.0, 92.5297839641571, 442.33203125)]
Completed job 14
starting the work inside Run_jobs
parameter combinations: [[1000, 3000, 1, 11], [1000, 3000, 1, 55], [1000, 3000, 1, 99], [1000, 3000, 0.8, 11], [1000, 3000, 0.8, 55], [1000, 3000, 0.8, 99]]
test name: nountill_G2M
[(1000, 3000, 1, 11, 0.20001079142093658, 0.517989993095398, 0.7875477885530395, 0.1580788940191269, 0.2175646275281906, 0.04430999606847763, 40.86958312988281, 2.044877623875596e-24, 2.0173721853254165e-48, 9.331503629684448, 482.64453125), (1000, 3000, 1, 55, 0.4731813073158264, 1.7823152542114258, 0.7919016017546031, 0.18350332975387573, 0.4125887155532837, 0.07453463971614838, 42.95490264892578, 2.8940646889641934e-183, 0.0, 12.974646091461182, 496.58984375), (1000, 3000, 1, 99, 0.49015215039253235, nan, 0.2571683300544889, 0.5199329853057861, 0.49015215039253235, 0.0, 42.78047561645508, 2.2250738585072014e-308, 0.0, 13.136963605880737, 499.5078125), (1000, 3000, 0.8, 11, 0.3035692572593689, 0.25161445140838623, 0.7789632972056666, 0.42800357937812805, 0.2511511445045471, 0.4417404532432556, 40.722686767578125, 1.927953291760072e-26, 2.4369770200480425e-52, 8.795979022979736, 483.44921875), (1000, 3000, 0.8, 55, 0.7377080917358398, 1.400841623544693, 1.0311562188252172, 0.2749719023704529, 0.24896831810474396, 0.6017637252807617, 42.54652404785156, 6.743328798741058e-204, 0.0, 12.153085231781006, 495.08203125), (1000, 3000, 0.8, 99, 0.7266161441802979, nan, 0.032120043514995075, 0.677139401435852, 0.7266161441802979, 0.0, 42.59329605102539, 2.2250738585072014e-308, 0.0, 14.011728286743164, 503.3984375)]
Completed job 15
starting the work inside Run_jobs
parameter combinations: [[1000, 3000, 0.6, 11], [1000, 3000, 0.6, 55], [1000, 3000, 0.6, 99], [1000, 4000, 1, 11], [1000, 4000, 1, 55], [1000, 4000, 1, 99]]
test name: nountill_G2M
Begin work on process
Begin work on process
Begin work on process
Begin work on process
Begin work on process
Begin work on process
[(1000, 3000, 0.6, 11, 0.32851457595825195, 0.12056684494018555, 0.34424783264916115, 0.5965802669525146, 0.5249561071395874, 0.674915611743927, 40.84540557861328, 4.054761518464631e-26, 1.644054554150305e-51, 9.591365337371826, 481.7890625), (1000, 3000, 0.6, 55, 0.30449455976486206, 0.1665058135986328, 0.28524723191141427, 0.5024941563606262, 0.5403974652290344, 0.39071860909461975, 42.79217529296875, 1.2149936714468548e-228, 0.0, 13.978416442871094, 497.73828125), (1000, 3000, 0.6, 99, 0.5929720997810364, nan, 0.617342477280582, 0.37938806414604187, 0.5929720997810364, 0.0, 42.68716812133789, 2.2250738585072014e-308, 0.0, 21.105352878570557, 499.98046875), (1000, 4000, 1, 11, 0.3569868505001068, 0.538835883140564, 0.8309745739081855, 0.15781766176223755, 0.4016542136669159, 0.16465993225574493, 51.093265533447266, 4.060156997481455e-26, 6.299816915999128e-52, 20.359400510787964, 620.609375), (1000, 4000, 1, 55, 0.9369542002677917, 1.671425461769104, 0.9153978599730724, 0.14764592051506042, 0.44356346130371094, 0.579580545425415, 52.285736083984375, 1.0858695952306117e-183, 0.0, 23.581068992614746, 639.5859375), (1000, 4000, 1, 99, 0.4037554860115051, nan, 0.6179397241035542, 0.6195857524871826, 0.4037554860115051, 0.0, 52.80622482299805, 2.2250738585072014e-308, 0.0, 26.326701641082764, 641.82421875)]
Completed job 16
starting the work inside Run_jobs
parameter combinations: [[1000, 4000, 0.8, 11], [1000, 4000, 0.8, 55], [1000, 4000, 0.8, 99], [1000, 4000, 0.6, 11], [1000, 4000, 0.6, 55], [1000, 4000, 0.6, 99]]
test name: nountill_G2M
[(1000, 4000, 0.8, 11, 0.6128933429718018, 1.7269420623779297, 1.0875383909113086, 0.19655753672122955, 0.3604080379009247, 0.2987056076526642, 50.88839340209961, 9.431791055734585e-21, 8.884607117794853e-41, 16.741230010986328, 624.40234375), (1000, 4000, 0.8, 55, 0.43718451261520386, 0.22588932514190674, 0.4812293656288049, 0.4360935091972351, 0.6547308564186096, 0.6458976864814758, 52.22938537597656, 3.7195219224632725e-207, 0.0, 27.967331886291504, 643.41796875), (1000, 4000, 0.8, 99, 0.6746078133583069, nan, 0.017473887678264036, 0.6648194193840027, 0.6746078133583069, 0.0, 52.22905731201172, 2.2250738585072014e-308, 0.0, 29.068434238433838, 648.9375), (1000, 4000, 0.6, 11, 0.36457201838493347, 0.2315412163734436, 0.4048205831644684, 0.5049327611923218, 0.5549896955490112, 0.5088890790939331, 51.25782775878906, 1.0626186105589347e-34, 9.551916206020392e-69, 20.81575655937195, 626.859375), (1000, 4000, 0.6, 55, 0.28933560848236084, 0.08335399627685547, 0.09966155496709822, 0.6140295267105103, 0.6285232901573181, 0.719671905040741, 52.419395446777344, 3.7789046520295285e-230, 0.0, 25.188942670822144, 645.37109375), (1000, 4000, 0.6, 99, 0.21828699111938477, nan, 0.7768830077487411, 0.07641738653182983, 0.21828699111938477, 0.0, 52.76885986328125, 2.2250738585072014e-308, 0.0, 28.77190399169922, 654.8046875)]
Completed job 17
