starting the work inside Run_jobs
parameter combinations: [[350, 1000, 1, 11], [350, 1000, 1, 55], [350, 1000, 1, 99], [350, 1000, 0.8, 11], [350, 1000, 0.8, 55], [350, 1000, 0.8, 99]]
test name: nountill_B2E
[(350, 1000, 1, 11, 0.15838167071342468, 0.11868196725845337, 0.6407523129217015, 0.4093453586101532, 0.3195514678955078, 0.32942894101142883, 11.618793487548828, 50306076727.89729, 1.0571015725106868e+21, 1.398977518081665, 264.3671875), (350, 1000, 1, 55, 0.41287603974342346, 0.23382580280303955, 0.7031907219667368, 0.23785188794136047, 0.5697024464607239, 0.6273588538169861, 10.67695140838623, 1.7700260371116178e+48, 2.480121412424566e+96, 1.5829436779022217, 288.34375), (350, 1000, 1, 99, 0.6384609341621399, 0.27276331186294556, 0.2179702691344609, 0.5425591468811035, 0.7070590853691101, 0.09934908151626587, 10.487959861755371, 2.527156788967098e+81, 5.4418188547330885e+162, 1.763261318206787, 293.08203125), (350, 1000, 0.8, 11, 0.3519843816757202, 0.5641381740570068, 0.6961453100708589, 0.398922860622406, 0.27477210760116577, 0.37023502588272095, 12.124160766601562, 159213875.9893168, 1.1449270930963834e+16, 1.3262324333190918, 290.8828125), (350, 1000, 0.8, 55, 0.40312182903289795, 0.12187385559082031, 0.6860610142914614, 0.4687404930591583, 0.48032093048095703, 0.7529914975166321, 10.24681282043457, 8.72517068687899e+33, 3.616062721955217e+67, 2.0459542274475098, 290.68359375), (350, 1000, 0.8, 99, 0.6125714778900146, 0.3327302932739258, 0.6948806113179137, 0.326140820980072, 0.7206767797470093, 0.7760464549064636, 10.6300048828125, 1.1088746482096566e+57, 9.342646822679798e+113, 1.8552501201629639, 292.9296875)]
Completed job 0
starting the work inside Run_jobs
parameter combinations: [[350, 1000, 0.6, 11], [350, 1000, 0.6, 55], [350, 1000, 0.6, 99], [350, 2000, 1, 11], [350, 2000, 1, 55], [350, 2000, 1, 99]]
test name: nountill_B2E
[(350, 1000, 0.6, 11, 0.427557110786438, 0.1581432819366455, 0.3181082876554932, 0.47566550970077515, 0.7902714610099792, 0.6951946020126343, 11.747171401977539, 12537.594169284424, 52132305.91729893, 1.5899267196655273, 263.49609375), (350, 1000, 0.6, 55, 0.4769113063812256, 0.1631678342819214, 0.9280124579932558, 0.19081167876720428, 0.2191670686006546, 0.6449772715568542, 11.045217514038086, 286183.602023496, 38130844603.1691, 1.9535162448883057, 288.453125), (350, 1000, 0.6, 99, 0.75157231092453, nan, 1.327888815741576, 0.21609440445899963, 0.75157231092453, 0.0, 10.723645210266113, 2.2250738585072014e-308, 0.0, 2.2236530780792236, 293.18359375), (350, 2000, 1, 11, 0.22963687777519226, 0.14612287282943726, 0.646965697566663, 0.16653303802013397, 0.29770246148109436, 0.4236848056316376, 27.199190139770508, 30878426549.973488, 1.2633692914383752e+20, 4.930567264556885, 378.1328125), (350, 2000, 1, 55, 0.7665919661521912, 1.2645253837108612, 1.06568756096852, 0.2613002359867096, 0.23459850251674652, 0.6703893542289734, 25.687206268310547, 1.9368472068509104e+45, 1.2415786531328554e+90, 5.3781514167785645, 382.65625), (350, 2000, 1, 99, 0.42826196551322937, 0.19807779788970947, 0.6549902220640116, 0.46068185567855835, 0.4245501160621643, 0.6855300068855286, 26.49181365966797, 1.5618985098881775e+80, 7.90948262701032e+159, 6.30108904838562, 381.609375)]
Completed job 1
starting the work inside Run_jobs
parameter combinations: [[350, 2000, 0.8, 11], [350, 2000, 0.8, 55], [350, 2000, 0.8, 99], [350, 2000, 0.6, 11], [350, 2000, 0.6, 55], [350, 2000, 0.6, 99]]
test name: nountill_B2E
Begin work on process
Begin work on process
Begin work on process
Begin work on process
Begin work on process
Begin work on process
[(350, 2000, 0.8, 11, 0.37597835063934326, 0.780895546078682, 1.126989468977927, 0.26787397265434265, 0.19016307592391968, 0.36867278814315796, 27.014867782592773, 877928148.8711332, 4.884448762145146e+16, 3.906588077545166, 359.125), (350, 2000, 0.8, 55, 0.5690647959709167, 0.28604674339294434, 0.6555456479610563, 0.41533321142196655, 0.8124406337738037, 0.5951018333435059, 26.903623580932617, 2.7195239803107393e+32, 5.50824701877382e+64, 5.718864917755127, 379.26953125), (350, 2000, 0.8, 99, 0.23363742232322693, 0.187544584274292, 0.7545599209343854, 0.3911415934562683, 0.20927439630031586, 0.3692736327648163, 26.623397827148438, 2.5875769033392695e+56, 3.314632450270417e+112, 8.988723039627075, 384.24609375), (350, 2000, 0.6, 11, 0.3097781836986542, 0.11816298961639404, 1.0138182970461744, 0.20452582836151123, 0.2556813359260559, 0.5108216404914856, 27.180835723876953, 74944.32545431962, 2393781905.449191, 4.8200671672821045, 386.23046875), (350, 2000, 0.6, 55, 0.5885581374168396, 0.8369027674198151, 0.9004765266664315, 0.2866719961166382, 0.5183720588684082, 0.37581631541252136, 25.784212112426758, 4438582.467664523, 7801824470516.217, 5.115046739578247, 389.23046875), (350, 2000, 0.6, 99, 0.8033835887908936, nan, 1.0021429657618313, 0.3032422959804535, 0.8033835887908936, 0.0, 25.919591903686523, 2.2250738585072014e-308, 0.0, 6.545643329620361, 388.2109375)]
Completed job 2
starting the work inside Run_jobs
parameter combinations: [[350, 3000, 1, 11], [350, 3000, 1, 55], [350, 3000, 1, 99], [350, 3000, 0.8, 11], [350, 3000, 0.8, 55], [350, 3000, 0.8, 99]]
test name: nountill_B2E
Begin work on process
Begin work on process
Begin work on process
Begin work on process
Begin work on process
Begin work on process
[(350, 3000, 1, 11, 0.37788406014442444, 0.8047382533550262, 0.9706399355926447, 0.32923150062561035, 0.1506863832473755, 0.3772101104259491, 38.09837341308594, 466092824611.1299, 2.995817597850943e+22, 34.15959668159485, 420.88671875), (350, 3000, 1, 55, 0.29145118594169617, 0.3857588768005371, 0.9276435142464979, 0.38759809732437134, 0.34033477306365967, 0.32225948572158813, 37.809417724609375, 6.729172354399124e+48, 1.4980077181272763e+97, 27.335482358932495, 432.7109375), (350, 3000, 1, 99, 0.47663572430610657, 0.19297313690185547, 0.6536139694901241, 0.24874165654182434, 0.4838277995586395, 0.7719758749008179, 37.45106506347656, 3.3104687533617055e+85, 1.0928518283879427e+171, 10.29328441619873, 439.84765625), (350, 3000, 0.8, 11, 0.14176009595394135, 0.09560060501098633, 0.742033157811584, 0.13318519294261932, 0.2255673110485077, 0.3080822825431824, 38.25529098510742, 301942491.83720803, 9036235755906682.0, 8.336261987686157, 424.2109375), (350, 3000, 0.8, 55, 0.5468334555625916, 1.0521881729364395, 0.9401197837502571, 0.18589209020137787, 0.11580614745616913, 0.5284207463264465, 37.584434509277344, 8.893244362011557e+33, 3.6252777342021037e+67, 11.026242733001709, 432.734375), (350, 3000, 0.8, 99, 0.5340108275413513, 0.4999730587005615, 1.0380915501130852, 0.2582258880138397, 0.6065388321876526, 0.20705415308475494, 36.995079040527344, 3.3680688014221966e+55, 3.92204305043795e+110, 10.7829749584198, 443.9921875)]
Completed job 3
starting the work inside Run_jobs
parameter combinations: [[350, 3000, 0.6, 11], [350, 3000, 0.6, 55], [350, 3000, 0.6, 99], [350, 4000, 1, 11], [350, 4000, 1, 55], [350, 4000, 1, 99]]
test name: nountill_B2E
[(350, 3000, 0.6, 11, 0.14354805648326874, 0.40290147066116333, 0.8401347452965422, 0.28116652369499207, 0.161056250333786, 0.15873584151268005, 38.21615982055664, 138893.26573202162, 4100508891.5220566, 7.194829225540161, 422.60546875), (350, 3000, 0.6, 55, 0.6723737120628357, 0.3810293674468994, 1.0527682319197287, 0.4958226978778839, 0.17058323323726654, 0.7644760012626648, 36.94108200073242, 17750914.100514557, 313879237990299.3, 9.352301836013794, 435.09375), (350, 3000, 0.6, 99, 0.4834941029548645, nan, 0.6237183380351505, 0.4068618416786194, 0.4834941029548645, 0.0, 37.7696647644043, 2.2250738585072014e-308, 0.0, 9.08278775215149, 440.96875), (350, 4000, 1, 11, 0.3021482229232788, 0.0668567419052124, 0.3029508417373026, 0.48063763976097107, 0.7978677749633789, 0.8394865989685059, 47.46751403808594, 4949885613892.372, 2.322168694286317e+25, 14.90346360206604, 546.8828125), (350, 4000, 1, 55, 0.6690821647644043, 0.4561501145362854, 0.7532123683554602, 0.3389313220977783, 0.35154879093170166, 0.7917210459709167, 47.43784713745117, 5.476580969630638e+49, 2.282751406190891e+99, 15.54161524772644, 565.6796875), (350, 4000, 1, 99, 0.4070485830307007, 0.19195151329040527, 0.7056456296328767, 0.29952168464660645, 0.6515494585037231, 0.39099636673927307, 46.96464157104492, 7.002977405038564e+84, 1.707672706652598e+169, 19.39563250541687, 571.75)]
Completed job 4
starting the work inside Run_jobs
parameter combinations: [[350, 4000, 0.8, 11], [350, 4000, 0.8, 55], [350, 4000, 0.8, 99], [350, 4000, 0.6, 11], [350, 4000, 0.6, 55], [350, 4000, 0.6, 99]]
test name: nountill_B2E
Begin work on process
Begin work on process
Begin work on process
Begin work on process
Begin work on process
Begin work on process
[(350, 4000, 0.8, 11, 0.35129472613334656, 0.33951735496520996, 0.7515835439648039, 0.46923691034317017, 0.2995283603668213, 0.46770134568214417, 47.56169128417969, 537208202.2697318, 5.631171279465235e+16, 38.90059733390808, 548.875), (350, 4000, 0.8, 55, 0.2714611887931824, 0.13448548316955566, 0.6455131485744804, 0.5194015502929688, 0.37890222668647766, 0.5220393538475037, 47.459564208984375, 7.599106375246591e+31, 1.2591521362884841e+63, 14.538843870162964, 567.12890625), (350, 4000, 0.8, 99, 0.25981757044792175, 0.23872780799865723, 0.4909075862291579, 0.2747310698032379, 0.3933025598526001, 0.34905683994293213, 47.44826126098633, 2.9223925414620304e+59, 4.4112370678475785e+118, 17.696742296218872, 574.63671875), (350, 4000, 0.6, 11, 0.590908408164978, 1.3776752948760986, 1.1621451224102815, 0.2158406376838684, 0.5242336988449097, 0.13898462057113647, 47.89483642578125, 15037.021897404435, 118459229.10797544, 11.958150863647461, 552.7734375), (350, 4000, 0.6, 55, 0.7819781303405762, 0.5311671197414398, 1.029690365464692, 0.3083810806274414, 0.13696447014808655, 0.8367767333984375, 46.97544860839844, 28938279.45514104, 820350028636593.6, 15.670281648635864, 566.5703125), (350, 4000, 0.6, 99, 0.49728313088417053, nan, 0.899318308249129, 0.33571097254753113, 0.49728313088417053, 0.0, 47.26029968261719, 2.2250738585072014e-308, 0.0, 18.15216851234436, 581.14453125)]
Completed job 5
starting the work inside Run_jobs
parameter combinations: [[600, 1000, 1, 11], [600, 1000, 1, 55], [600, 1000, 1, 99], [600, 1000, 0.8, 11], [600, 1000, 0.8, 55], [600, 1000, 0.8, 99]]
test name: nountill_B2E
Begin work on process
Begin work on process
Begin work on process
Begin work on process
Begin work on process
Begin work on process
[(600, 1000, 1, 11, 0.30284273624420166, 0.07464110851287842, 1.2158101362242077, 0.1982889026403427, 0.72667396068573, 0.546630859375, 9.165013313293457, 30146348417.703415, 1.5964114028480047e+20, 2.665269374847412, 273.828125), (600, 1000, 1, 55, 0.7598503232002258, 0.6623110175132751, 1.382898748135871, 0.22919325530529022, 0.804952085018158, 0.2142678052186966, 7.681053638458252, 1.1362104329417153e+45, 1.2249002899781267e+89, 2.178898811340332, 306.08984375), (600, 1000, 1, 99, 0.5829676389694214, 0.34375905990600586, 0.9538676702658251, 0.1825185865163803, 0.1463196873664856, 0.6684384942054749, 8.366494178771973, 1.0794652277924348e+82, 5.1467749911251904e+163, 2.2982354164123535, 304.80859375), (600, 1000, 0.8, 11, 0.44933202862739563, 0.15309691429138184, 0.9418796313187814, 0.32735711336135864, 0.6895010471343994, 0.3241828978061676, 8.999866485595703, 27378969.83726695, 67365154297029.61, 1.5633571147918701, 302.91796875), (600, 1000, 0.8, 55, 0.31314340233802795, 0.12622195482254028, 0.8113246970229565, 0.07519315183162689, 0.3489280045032501, 0.04170641675591469, 7.81016731262207, 2.1011806882412217e+33, 3.0868867501769265e+66, 2.751936912536621, 307.03125), (600, 1000, 0.8, 99, 0.3607223927974701, 0.22221916913986206, 0.7910152683987226, 0.30363786220550537, 0.341046541929245, 0.5553810000419617, 7.279994487762451, 4.6148364710551887e+55, 2.1268747115179162e+111, 2.8296127319335938, 302.71484375)]
Completed job 6
starting the work inside Run_jobs
parameter combinations: [[600, 1000, 0.6, 11], [600, 1000, 0.6, 55], [600, 1000, 0.6, 99], [600, 2000, 1, 11], [600, 2000, 1, 55], [600, 2000, 1, 99]]
test name: nountill_B2E
[(600, 1000, 0.6, 11, 0.3338615596294403, 1.0007333476096392, 1.0531135900218138, 0.23895896971225739, 0.17801758646965027, 0.2823111116886139, 8.831626892089844, 55164.86163162042, 2946915055.6018047, 9.401983737945557, 274.62890625), (600, 1000, 0.6, 55, 0.7416603565216064, 0.48285138607025146, 0.8915947673910531, 0.3500397205352783, 0.7087279558181763, 0.7932495474815369, 7.348367691040039, 248.37582536159397, 57091.34939447707, 1.9270892143249512, 306.86328125), (600, 1000, 0.6, 99, 0.11036377400159836, nan, 0.6390262596875814, 0.07329986244440079, 0.11036377400159836, 0.0, 8.485173225402832, 2.2250738585072014e-308, 0.0, 2.142265796661377, 304.26171875), (600, 2000, 1, 11, 0.22965390980243683, 0.34587591886520386, 0.8621571297749475, 0.14248280227184296, 0.1969693899154663, 0.3036118149757385, 25.803634643554688, 36055045388.537926, 1.5699885218975515e+20, 94.67955946922302, 406.19921875), (600, 2000, 1, 55, 0.7712376117706299, 1.678137719631195, 1.3326350650289085, 0.5159277319908142, 0.2618725299835205, 0.5692523121833801, 25.215858459472656, 8.74509843201846e+47, 1.2506010268374418e+95, 54.165095806121826, 392.78515625), (600, 2000, 1, 99, 0.8630324006080627, 1.3370183408260345, 1.2757581395634765, 0.19526135921478271, 0.7937639951705933, 0.16414305567741394, 25.036781311035156, 1.003557051260169e+84, 4.970828618017553e+167, 16.210731983184814, 416.765625)]
Completed job 7
starting the work inside Run_jobs
parameter combinations: [[600, 2000, 0.8, 11], [600, 2000, 0.8, 55], [600, 2000, 0.8, 99], [600, 2000, 0.6, 11], [600, 2000, 0.6, 55], [600, 2000, 0.6, 99]]
test name: nountill_B2E
[(600, 2000, 0.8, 11, 0.3826389014720917, 0.2214248776435852, 1.0811280852992353, 0.26409053802490234, 0.20793062448501587, 0.5215916633605957, 26.28328514099121, 626532646.433186, 1.7608384681184323e+17, 4.566362619400024, 377.25390625), (600, 2000, 0.8, 55, 0.4424578845500946, 0.9911300484091043, 1.0500191171112896, 0.21847864985466003, 0.2089940756559372, 0.3918459713459015, 25.57011604309082, 9.925443047607912e+32, 1.0041764239242983e+65, 6.905796527862549, 398.75390625), (600, 2000, 0.8, 99, 0.21757754683494568, 0.2862476706504822, 1.0072478684202721, 0.28845345973968506, 0.17977674305438995, 0.3057571351528168, 24.8765869140625, 1.5523633401935363e+60, 1.3550353385890246e+120, 8.637945890426636, 400.2890625), (600, 2000, 0.6, 11, 0.23499038815498352, 0.07196438312530518, 0.6630561593346097, 0.2863066494464874, 0.4235914647579193, 0.5672474503517151, 26.05420684814453, 20611.4496412429, 131007365.94247834, 4.068511486053467, 402.0), (600, 2000, 0.6, 55, 0.3793332278728485, 0.15620958805084229, 0.3598330277896623, 0.497523695230484, 0.5985503196716309, 0.3032892048358917, 25.235733032226562, 0.45946532092588366, 0.0697360665479381, 5.721174716949463, 400.71484375), (600, 2000, 0.6, 99, 0.39411675930023193, nan, 0.8209941126531355, 0.1450422704219818, 0.39411675930023193, 0.0, 24.916732788085938, 2.2250738585072014e-308, 0.0, 7.76978325843811, 409.98828125)]
Completed job 8
starting the work inside Run_jobs
parameter combinations: [[600, 3000, 1, 11], [600, 3000, 1, 55], [600, 3000, 1, 99], [600, 3000, 0.8, 11], [600, 3000, 0.8, 55], [600, 3000, 0.8, 99]]
test name: nountill_B2E
Begin work on process
Begin work on process
Begin work on process
Begin work on process
Begin work on process
Begin work on process
[(600, 3000, 1, 11, 0.23460990190505981, 0.05745738744735718, 1.2226709290421565, 0.19660910964012146, 0.6740620136260986, 0.5695357918739319, 37.5039176940918, 192854460717.1369, 4.793013328853292e+21, 7.213845252990723, 443.4375), (600, 3000, 1, 55, 0.6346771717071533, 0.9314395785331726, 1.4368677015598337, 0.36742010712623596, 0.6303077340126038, 0.12920677661895752, 37.04911804199219, 1.0813781239230714e+47, 1.6425783846286487e+93, 9.860891580581665, 456.44921875), (600, 3000, 1, 99, 0.6010352969169617, 0.2893068790435791, 0.384473367008214, 0.5152986645698547, 0.820534348487854, 0.7505654692649841, 37.14299392700195, 6.837488361699618e+83, 2.3019449520645342e+167, 10.056277513504028, 465.328125), (600, 3000, 0.8, 11, 0.6231825947761536, 1.0981289893388748, 0.9684474629935819, 0.293385773897171, 0.4610059857368469, 0.3765159547328949, 37.67662811279297, 1441361306.7307808, 6.762151045239432e+17, 6.922603130340576, 447.7109375), (600, 3000, 0.8, 55, 0.5471115708351135, 0.45250117778778076, 1.1839240600500258, 0.19806838035583496, 0.6046215891838074, 0.5392228364944458, 37.035621643066406, 1.6972713754946523e+35, 1.6073673024028153e+70, 9.661365747451782, 456.4140625), (600, 3000, 0.8, 99, 1.0476645231246948, 1.4523115456104279, 1.2852369094980587, 0.20853836834430695, 0.7436299920082092, 0.47466444969177246, 37.397708892822266, 1.6287479780694551e+56, 1.3168100563922051e+112, 10.531358242034912, 465.5546875)]
Completed job 9
starting the work inside Run_jobs
parameter combinations: [[600, 3000, 0.6, 11], [600, 3000, 0.6, 55], [600, 3000, 0.6, 99], [600, 4000, 1, 11], [600, 4000, 1, 55], [600, 4000, 1, 99]]
test name: nountill_B2E
Begin work on process
Begin work on process
Begin work on process
Begin work on process
Begin work on process
Begin work on process
[(600, 3000, 0.6, 11, 0.21467958390712738, 0.06797271966934204, 0.6004158644919588, 0.49164608120918274, 0.44449564814567566, 0.5561995506286621, 37.583927154541016, 29850.422238922452, 39561149.37080548, 6.739893436431885, 443.3359375), (600, 3000, 0.6, 55, 0.5637023448944092, 0.23982781171798706, 0.7826985796209444, 0.38627082109451294, 0.7445940971374512, 0.8553605675697327, 36.76502227783203, 6629.559549619772, 43319692.749695435, 8.39106822013855, 456.578125), (600, 3000, 0.6, 99, 0.7501754760742188, nan, 0.49456993168766117, 0.35950011014938354, 0.7501754760742188, 0.0, 37.2506103515625, 2.2250738585072014e-308, 0.0, 9.023747682571411, 461.05859375), (600, 4000, 1, 11, 0.21367138624191284, 0.07832634449005127, 0.35864707586568684, 0.41268613934516907, 0.5359368324279785, 0.5431780219078064, 47.864097595214844, 536356881832.85095, 5.468411661056528e+22, 12.163810014724731, 573.62109375), (600, 4000, 1, 55, 0.39256465435028076, 0.7077506482601166, 1.0618526053268842, 0.2466195672750473, 0.17468315362930298, 0.4062960743904114, 46.91194534301758, 2.819087486687693e+45, 1.8965683463948048e+90, 14.978593826293945, 589.18359375), (600, 4000, 1, 99, 0.5045231580734253, 0.5416863262653351, 0.978699446424317, 0.2123754918575287, 0.56623774766922, 0.29509830474853516, 47.53254699707031, 1.0984452432164107e+87, 1.1911979389682542e+174, 16.843218326568604, 596.359375)]
Completed job 10
starting the work inside Run_jobs
parameter combinations: [[600, 4000, 0.8, 11], [600, 4000, 0.8, 55], [600, 4000, 0.8, 99], [600, 4000, 0.6, 11], [600, 4000, 0.6, 55], [600, 4000, 0.6, 99]]
test name: nountill_B2E
Begin work on process
Begin work on process
Begin work on process
Begin work on process
Begin work on process
Begin work on process
[(600, 4000, 0.8, 11, 0.3172377049922943, 0.2564937472343445, 1.26813348850339, 0.2693499028682709, 0.46228116750717163, 0.2724934220314026, 47.676368713378906, 940079659.6270523, 7.861434190197616e+16, 14.991630792617798, 576.703125), (600, 4000, 0.8, 55, 0.5034555196762085, 0.21619200706481934, 0.3640277152377171, 0.5241879224777222, 0.7275490164756775, 0.3481438159942627, 46.8697395324707, 3.449795372928509e+33, 3.144806186960584e+66, 19.350548267364502, 592.63671875), (600, 4000, 0.8, 99, 0.543021023273468, 0.29092937707901, 1.1086728774448107, 0.20753872394561768, 0.7303923964500427, 0.34579798579216003, 47.3648796081543, 1.701672786416757e+57, 8.131949048694075e+113, 23.27415943145752, 594.45703125), (600, 4000, 0.6, 11, 0.6150372624397278, 1.0974665060639381, 0.9949643481705708, 0.2356332540512085, 0.45857250690460205, 0.3675905466079712, 47.70758056640625, 98615.91959330885, 1498851132.4601912, 17.13235354423523, 579.890625), (600, 4000, 0.6, 55, 0.6613132357597351, 0.3607403039932251, 0.22915811530295468, 0.5321199893951416, 0.7067185044288635, 0.8285875916481018, 46.86949920654297, 920024840.5888288, 7.912917581897197e+17, 28.39288830757141, 594.12109375), (600, 4000, 0.6, 99, 0.8665885329246521, nan, 1.2782286411015364, 0.21810899674892426, 0.8665885329246521, 0.0, 47.2909049987793, 2.2250738585072014e-308, 0.0, 25.240363359451294, 607.4140625)]
Completed job 11
starting the work inside Run_jobs
parameter combinations: [[1000, 1000, 1, 11], [1000, 1000, 1, 55], [1000, 1000, 1, 99], [1000, 1000, 0.8, 11], [1000, 1000, 0.8, 55], [1000, 1000, 0.8, 99]]
test name: nountill_B2E
[(1000, 1000, 1, 11, 0.4596092700958252, 0.22936242818832397, 0.7338188330240283, 0.3815756142139435, 0.7183465361595154, 0.5945124626159668, 5.477154731750488, 124327756158.01181, 4.311102250645398e+21, 2.0496890544891357, 294.1640625), (1000, 1000, 1, 55, 0.7335992455482483, 0.4385451078414917, 0.4610798338184806, 0.4850437641143799, 0.725020170211792, 0.8292230367660522, 1.999970555305481, 1.7270015136410991e+47, 2.400850304230678e+94, 2.5432403087615967, 334.91796875), (1000, 1000, 1, 99, 0.5680780410766602, 0.3296673893928528, 0.2681762100214495, 0.5129949450492859, 0.5825561285018921, 0.7590661644935608, 4.123052597045898, 1.168890060045818e+81, 6.881842345485388e+161, 3.00323748588562, 335.734375), (1000, 1000, 0.8, 11, 0.5136570334434509, 0.13303261995315552, 1.2988795166754281, 0.171466663479805, 0.7308396697044373, 0.2714211046695709, 3.872925281524658, 3736940.475283595, 917751436901.1277, 1.7468338012695312, 333.359375), (1000, 1000, 0.8, 55, 0.5913900136947632, 0.3117133378982544, 0.43663609845677775, 0.46040868759155273, 0.7056851983070374, 0.781802237033844, 3.872929811477661, 2.6084411582168406e+34, 5.970701828197671e+68, 2.8829333782196045, 334.140625), (1000, 1000, 0.8, 99, 1.1604889631271362, 1.296720802783966, 0.5123608410242643, 0.49555549025535583, 0.8119712471961975, 0.6224853992462158, 4.690344333648682, 3.1654028970462264e+57, 9.898497252026306e+114, 3.479619026184082, 335.74609375)]
Completed job 12
starting the work inside Run_jobs
parameter combinations: [[1000, 1000, 0.6, 11], [1000, 1000, 0.6, 55], [1000, 1000, 0.6, 99], [1000, 2000, 1, 11], [1000, 2000, 1, 55], [1000, 2000, 1, 99]]
test name: nountill_B2E
[(1000, 1000, 0.6, 11, 0.46238869428634644, 0.2642247676849365, 0.6197822468765878, 0.2827516198158264, 0.4701819121837616, 0.6812277436256409, 5.830868721008301, 271159.79037446744, 60373641386.77057, 2.113316774368286, 295.3828125), (1000, 1000, 0.6, 55, 1.3297641277313232, 1.852099597454071, 1.3257312039621811, 0.280534565448761, 0.4996798038482666, 0.878017008304596, 1.732016682624817, 61376.39033235447, 3691149012.0928116, 2.127709150314331, 336.10546875), (1000, 1000, 0.6, 99, 0.693179726600647, nan, 0.8761122200669881, 0.18589472770690918, 0.693179726600647, 0.0, 3.741610050201416, 2.2250738585072014e-308, 0.0, 2.9791624546051025, 336.46484375), (1000, 2000, 1, 11, 0.8117391467094421, 0.5263908505439758, 0.3851971785407552, 0.4593864977359772, 0.8745031356811523, 0.6705003976821899, 24.369062423706055, 20804146638.9756, 1.5012265806720834e+20, 6.649747133255005, 437.03125), (1000, 2000, 1, 55, 0.41273272037506104, 0.28845590353012085, 0.9759276993537143, 0.24936728179454803, 0.17539623379707336, 0.5187057852745056, 23.449342727661133, 1.0645841054791492e+47, 5.988636773470231e+93, 92.88249683380127, 419.3828125), (1000, 2000, 1, 99, 0.6253927946090698, 0.4424251317977905, 0.4277934358737466, 0.4337708652019501, 0.7019538879394531, 0.1643136739730835, 23.6616153717041, 3.356734877684491e+86, 1.1266735596968975e+173, 38.25898551940918, 425.30078125)]
Completed job 13
starting the work inside Run_jobs
parameter combinations: [[1000, 2000, 0.8, 11], [1000, 2000, 0.8, 55], [1000, 2000, 0.8, 99], [1000, 2000, 0.6, 11], [1000, 2000, 0.6, 55], [1000, 2000, 0.6, 99]]
test name: nountill_B2E
[(1000, 2000, 0.8, 11, 0.43185508251190186, 0.16504991054534912, 0.12228143826412693, 0.5078277587890625, 0.7782556414604187, 0.5944607257843018, 24.34857749938965, 88462260.89342315, 486145629453369.25, 52.65903449058533, 406.02734375), (1000, 2000, 0.8, 55, 0.7523126602172852, 0.6635339558124542, 0.5711939703956063, 0.3768738806247711, 0.6191326379776001, 0.6837592720985413, 23.871889114379883, 1.1272023520166795e+33, 1.0559326233652313e+66, 106.77685880661011, 443.98046875), (1000, 2000, 0.8, 99, 0.40420010685920715, 0.19258582592010498, 1.220510088079457, 0.1820700764656067, 0.5760329365730286, 0.6839101910591125, 23.955467224121094, 1.8557723411303724e+57, 1.1742520476762601e+114, 112.28802728652954, 450.5078125), (1000, 2000, 0.6, 11, 0.3779791295528412, 0.9450287520885468, 0.822138657640703, 0.21152488887310028, 0.2110482007265091, 0.32538729906082153, 23.449440002441406, 19876.841565805797, 108632052.80649297, 16.965160131454468, 450.7421875), (1000, 2000, 0.6, 55, 1.2282012701034546, 1.5755996704101562, 1.1953682271060957, 0.17822769284248352, 0.7046903371810913, 0.6790080666542053, 23.53455352783203, 4683.918407071799, 17546297.45552945, 173.83109402656555, 457.5), (1000, 2000, 0.6, 99, 0.729546070098877, nan, 0.23166252043850372, 0.5474812388420105, 0.729546070098877, 0.0, 23.7037296295166, 2.2250738585072014e-308, 0.0, 121.75564646720886, 458.64453125)]
Completed job 14
starting the work inside Run_jobs
parameter combinations: [[1000, 3000, 1, 11], [1000, 3000, 1, 55], [1000, 3000, 1, 99], [1000, 3000, 0.8, 11], [1000, 3000, 0.8, 55], [1000, 3000, 0.8, 99]]
test name: nountill_B2E
Begin work on process
Begin work on process
Begin work on process
Begin work on process
Begin work on process
Begin work on process
[(1000, 3000, 1, 11, 0.454476922750473, 0.2649378776550293, 0.6938142918072181, 0.18864619731903076, 0.6626211404800415, 0.4183841645717621, 37.59680938720703, 18589513514.9569, 4.867391663643976e+19, 9.195698022842407, 481.80859375), (1000, 3000, 1, 55, 0.4187583029270172, 0.18251240253448486, 0.500752488512792, 0.4530985653400421, 0.5393190383911133, 0.16004051268100739, 36.615238189697266, 5.069989253970476e+47, 5.350140392881227e+94, 10.203825950622559, 495.50390625), (1000, 3000, 1, 99, 0.34605687856674194, 0.12589091062545776, 0.09024472820488869, 0.5519879460334778, 0.7110942602157593, 0.6428902745246887, 36.75120544433594, 1.1642406551107548e+82, 1.3352028697388897e+164, 10.649275064468384, 499.234375), (1000, 3000, 0.8, 11, 0.2907734215259552, 0.16969716548919678, 1.010757935717487, 0.2825782001018524, 0.48164787888526917, 0.5116968154907227, 37.10264587402344, 2779969003.7648106, 4.891594910698996e+18, 8.920947313308716, 485.51953125), (1000, 3000, 0.8, 55, 0.829455554485321, 0.7009160816669464, 0.20382993954385026, 0.5093101263046265, 0.7126952409744263, 0.6880211234092712, 36.10734176635742, 3.3911117814309286e+33, 6.563447394130149e+66, 10.63437557220459, 493.8828125), (1000, 3000, 0.8, 99, 0.6412143707275391, 0.44464361667633057, 0.7246181139449039, 0.4288962185382843, 0.7583378553390503, 0.537101149559021, 37.07598876953125, 6.447538311947032e+59, 3.6605008158467506e+119, 10.565361022949219, 503.68359375)]
Completed job 15
starting the work inside Run_jobs
parameter combinations: [[1000, 3000, 0.6, 11], [1000, 3000, 0.6, 55], [1000, 3000, 0.6, 99], [1000, 4000, 1, 11], [1000, 4000, 1, 55], [1000, 4000, 1, 99]]
test name: nountill_B2E
[(1000, 3000, 0.6, 11, 0.22028042376041412, 0.18738925457000732, 1.1936947710069044, 0.3091648519039154, 0.3279082775115967, 0.15691031515598297, 37.29035949707031, 24937.78066425497, 58066235.99826415, 7.731086015701294, 482.34765625), (1000, 3000, 0.6, 55, 0.7242391705513, 1.4199233055114746, 1.0997048357569614, 0.1885482370853424, 0.48463335633277893, 0.37187689542770386, 36.24550247192383, 428.6464859002064, 63991.26938882427, 10.055700778961182, 496.0703125), (1000, 3000, 0.6, 99, 0.42856818437576294, nan, 1.4388030391895275, 0.42491912841796875, 0.42856818437576294, 0.0, 36.669925689697266, 2.2250738585072014e-308, 0.0, 10.689424514770508, 502.0234375), (1000, 4000, 1, 11, 0.3416230380535126, 0.3974747061729431, 0.7762355191416795, 0.10181441158056259, 0.4280354678630829, 0.26025110483169556, 47.22648620605469, 268963062979.66156, 6.673037960610557e+21, 14.368991374969482, 622.609375), (1000, 4000, 1, 55, 0.6095260381698608, 0.18890708684921265, 1.1720929841673993, 0.2491246461868286, 0.7726505994796753, 0.2176973968744278, 46.53997039794922, 1.0542185442971077e+46, 5.31924596057765e+91, 18.097282648086548, 639.1484375), (1000, 4000, 1, 99, 0.7972089052200317, 1.183681607246399, 1.3706201686559707, 0.5598531365394592, 0.28518274426460266, 0.6939124464988708, 47.249263763427734, 1.7974927476306765e+83, 1.532523285846475e+166, 19.551555156707764, 648.73828125)]
Completed job 16
starting the work inside Run_jobs
parameter combinations: [[1000, 4000, 0.8, 11], [1000, 4000, 0.8, 55], [1000, 4000, 0.8, 99], [1000, 4000, 0.6, 11], [1000, 4000, 0.6, 55], [1000, 4000, 0.6, 99]]
test name: nountill_B2E
[(1000, 4000, 0.8, 11, 0.27878856658935547, 0.10214054584503174, 0.7855583900328101, 0.08684881031513214, 0.3963495194911957, 0.13844765722751617, 47.61407470703125, 422582693.77194095, 2.190115298910656e+16, 20.316538095474243, 623.4765625), (1000, 4000, 0.8, 55, 0.779161810874939, 0.4899272918701172, 0.5698106624854294, 0.39037227630615234, 0.6130765080451965, 0.8863162398338318, 46.625186920166016, 2.832376597927533e+38, 7.955986158381935e+76, 21.674468994140625, 639.25390625), (1000, 4000, 0.8, 99, 0.32345932722091675, 0.3478119373321533, 0.9105745372968268, 0.1555236428976059, 0.16949528455734253, 0.40738797187805176, 46.8062744140625, 1.2949557694915664e+57, 4.475506505344895e+113, 27.139233827590942, 644.58203125), (1000, 4000, 0.6, 11, 0.23173561692237854, 0.08108794689178467, 1.1504927401095626, 0.25183597207069397, 0.5864211320877075, 0.5527236461639404, 46.99481201171875, 175442.09312983212, 4168204527.822679, 18.038241863250732, 627.8046875), (1000, 4000, 0.6, 55, 0.49414435029029846, 0.31245648860931396, 0.6876818770150352, 0.3615553379058838, 0.41803622245788574, 0.677332878112793, 46.5825080871582, 3342655.127304891, 10282878373170.023, 24.36948800086975, 642.12890625), (1000, 4000, 0.6, 99, 0.18644478917121887, nan, 0.9544202220244922, 0.21757937967777252, 0.18644478917121887, 0.0, 47.33322525024414, 2.2250738585072014e-308, 0.0, 26.92804479598999, 654.20703125)]
Completed job 17
