starting the work inside Run_jobs
parameter combinations: [[350, 1000, 1, 11], [350, 1000, 1, 55], [350, 1000, 1, 99], [350, 1000, 0.8, 11], [350, 1000, 0.8, 55], [350, 1000, 0.8, 99]]
test name: nountill_B2G
Begin work on process
Begin work on process
Begin work on process
Begin work on process
Begin work on process
Begin work on process
[(350, 1000, 1, 11, 0.441332072019577, 0.20855337381362915, 0.1085576925657313, 0.4875239431858063, 0.7163593173027039, 0.6221610307693481, 12.16537094116211, 7.473904566121659e+17, 2.3137287877678485e+35, 1.1246511936187744, 262.08984375), (350, 1000, 1, 55, 0.8173204064369202, 0.5057511329650879, 0.6110542090215859, 0.45407673716545105, 0.7509735226631165, 0.862916886806488, 10.862628936767578, 3.6115717181602915e+79, 1.295437261956538e+159, 1.669037103652954, 288.0703125), (350, 1000, 1, 99, 0.9295273423194885, 0.6262127757072449, 0.740950194735003, 0.37946799397468567, 0.7917669415473938, 0.8657892942428589, 10.954323768615723, 1.3513203506060822e+135, 1.7235924699724844e+270, 1.7697641849517822, 293.82421875), (350, 1000, 0.8, 11, 0.4432179927825928, 0.29307395219802856, 0.6943355990167113, 0.24788020551204681, 0.5012335777282715, 0.6203434467315674, 11.445358276367188, 3.1646235159713202e+19, 8.825766681408634e+38, 1.2699217796325684, 288.984375), (350, 1000, 0.8, 55, 0.7341783046722412, 0.3671998977661133, 0.9770984275527902, 0.23922501504421234, 0.22654308378696442, 0.856270968914032, 10.8165283203125, 5.247357161949712e+79, 2.7242204898703368e+159, 1.6821165084838867, 287.796875), (350, 1000, 0.8, 99, 0.2655826210975647, 1.4823227524757385, 0.919269280907665, 0.19357481598854065, 0.21256326138973236, 0.08684901148080826, 9.539261817932129, 3.1270556431164642e+134, 7.336297177970373e+268, 2.0077695846557617, 293.609375)]
Completed job 0
starting the work inside Run_jobs
parameter combinations: [[350, 1000, 0.6, 11], [350, 1000, 0.6, 55], [350, 1000, 0.6, 99], [350, 2000, 1, 11], [350, 2000, 1, 55], [350, 2000, 1, 99]]
test name: nountill_B2G
Begin work on process
Begin work on process
Begin work on process
Begin work on process
Begin work on process
Begin work on process
[(350, 1000, 0.6, 11, 0.7176361680030823, 0.8923358172178268, 1.2295939533080045, 0.25728747248649597, 0.7127031683921814, 0.19050298631191254, 11.78966999053955, 6.942066005186433e+18, 2.2596981526177106e+37, 1.1038501262664795, 262.89453125), (350, 1000, 0.6, 55, 0.5478104948997498, 0.26221978664398193, 0.7123371092375356, 0.39154261350631714, 0.8004457950592041, 0.6807512044906616, 10.487957000732422, 2.3000559160978362e+77, 3.077083093006269e+154, 1.2922871112823486, 287.85546875), (350, 1000, 0.6, 99, 0.38808372616767883, 0.32748955488204956, 0.5457879002707211, 0.41946497559547424, 0.2601766288280487, 0.5119166970252991, 11.532400131225586, 8.610795589180598e+133, 3.079689808305113e+267, 1.4972715377807617, 293.484375), (350, 2000, 1, 11, 0.4947506785392761, 0.29454678297042847, 0.7717119741945643, 0.21289914846420288, 0.6549775004386902, 0.633165180683136, 27.40073585510254, 8.613134847805764e+18, 3.2121570066412935e+37, 3.646902322769165, 377.04296875), (350, 2000, 1, 55, 0.33103519678115845, 0.13224941492080688, 0.7457409194647455, 0.27258437871932983, 0.6460908651351929, 0.6411095261573792, 26.86637306213379, 5.543946364594188e+78, 1.5811073386609367e+157, 28.639598608016968, 379.109375), (350, 2000, 1, 99, 0.28851762413978577, 0.2857062816619873, 0.9523914256736146, 0.14629776775836945, 0.3352172374725342, 0.40738722681999207, 25.99668312072754, 6.5642603677171806e+137, 3.560137071218641e+275, 7.125384330749512, 380.59375)]
Completed job 1
starting the work inside Run_jobs
parameter combinations: [[350, 2000, 0.8, 11], [350, 2000, 0.8, 55], [350, 2000, 0.8, 99], [350, 2000, 0.6, 11], [350, 2000, 0.6, 55], [350, 2000, 0.6, 99]]
test name: nountill_B2G
[(350, 2000, 0.8, 11, 0.4814695417881012, 0.2349402904510498, 0.6858798432974536, 0.38881924748420715, 0.7038183808326721, 0.37599751353263855, 26.698383331298828, 5.534937054468701e+17, 2.5402491506560663e+34, 88.70273995399475, 356.125), (350, 2000, 0.8, 55, 0.6553380489349365, 0.39596569538116455, 0.27956421890554856, 0.5294477343559265, 0.7700556516647339, 0.6950037479400635, 26.01584815979004, 7.638369866659168e+79, 3.3675137942855228e+159, 36.10112547874451, 380.921875), (350, 2000, 0.8, 99, 0.6451143622398376, 0.4313540458679199, 0.35940793910688223, 0.4809434711933136, 0.5712913274765015, 0.7668288946151733, 26.28334617614746, 1.0396015798676397e+135, 4.16595627285812e+269, 28.552685260772705, 389.90234375), (350, 2000, 0.6, 11, 1.1409105062484741, 1.25002920627594, 1.3444053343495581, 0.26222869753837585, 0.7598769068717957, 0.6819950938224792, 26.97781753540039, 1.1376674803123382e+19, 5.719410731055304e+37, 4.040542364120483, 390.8828125), (350, 2000, 0.6, 55, 0.826279878616333, 1.4567490816116333, 1.1208109049870585, 0.1947505623102188, 0.553962230682373, 0.41021615266799927, 26.529495239257812, 2.433595105693977e+78, 3.3115950979737758e+156, 13.940436363220215, 391.0625), (350, 2000, 0.6, 99, 0.6890956163406372, 0.4400864839553833, 1.0215125429482135, 0.14982424676418304, 0.6971582174301147, 0.7661072611808777, 26.245298385620117, 6.010000212027854e+135, 1.8130608282162117e+271, 51.952141761779785, 392.87109375)]
Completed job 2
starting the work inside Run_jobs
parameter combinations: [[350, 3000, 1, 11], [350, 3000, 1, 55], [350, 3000, 1, 99], [350, 3000, 0.8, 11], [350, 3000, 0.8, 55], [350, 3000, 0.8, 99]]
test name: nountill_B2G
[(350, 3000, 1, 11, 0.9706387519836426, 1.3394522964954376, 1.5984961129561157, 0.3796829879283905, 0.6431680917739868, 0.5407141447067261, 37.74289321899414, 5.060131975545547e+18, 3.308257433574973e+36, 21.022047758102417, 420.5), (350, 3000, 1, 55, 0.777683436870575, 1.465854823589325, 1.0938729143606738, 0.21605230867862701, 0.3058544099330902, 0.5865885019302368, 36.77851104736328, 1.864268595266052e+79, 2.4683887433767997e+158, 8.202049255371094, 431.64453125), (350, 3000, 1, 99, 0.7267176508903503, 0.6522330641746521, 0.6421192284596366, 0.36447152495384216, 0.4814935326576233, 0.7369394898414612, 37.12958526611328, 1.2497631106869107e+136, 1.3788774925189804e+272, 13.33768892288208, 437.4453125), (350, 3000, 0.8, 11, 0.42005273699760437, 0.7645451724529266, 0.9223420207826901, 0.3174893260002136, 0.05087791755795479, 0.4291115701198578, 38.22939682006836, 9.29747953511302e+18, 1.8644364722268575e+37, 6.016185998916626, 424.37890625), (350, 3000, 0.8, 55, 0.7188708186149597, 0.6092472076416016, 0.752150151289509, 0.3984649181365967, 0.24728229641914368, 0.7785084247589111, 37.076290130615234, 1.3795547894996612e+79, 1.8467341401738794e+158, 7.958027601242065, 431.97265625), (350, 3000, 0.8, 99, 0.5000369548797607, 0.18307971954345703, 0.5244141291841085, 0.4856318235397339, 0.7458403706550598, 0.8642354607582092, 37.84912109375, 3.429698985408508e+137, 1.1202644431964254e+275, 11.85783863067627, 437.2265625)]
Completed job 3
starting the work inside Run_jobs
parameter combinations: [[350, 3000, 0.6, 11], [350, 3000, 0.6, 55], [350, 3000, 0.6, 99], [350, 4000, 1, 11], [350, 4000, 1, 55], [350, 4000, 1, 99]]
test name: nountill_B2G
[(350, 3000, 0.6, 11, 0.5543978214263916, 0.3643532991409302, 1.0071301875364198, 0.1480932980775833, 0.5854918360710144, 0.6932012438774109, 38.268402099609375, 1.4053057993493494e+19, 1.7946255386005963e+38, 5.71657657623291, 422.21875), (350, 3000, 0.6, 55, 0.7327156662940979, 0.4162745475769043, 0.38340969045900214, 0.5041985511779785, 0.7517957091331482, 0.8441300392150879, 37.384849548339844, 1.1589794532504772e+80, 1.3240309106711969e+160, 7.361365795135498, 430.12109375), (350, 3000, 0.6, 99, 0.5350355505943298, 0.27970921993255615, 0.13068198799917502, 0.5567445158958435, 0.7407534122467041, 0.6826595664024353, 37.716636657714844, 8.214051264248667e+136, 2.925125233564531e+273, 8.88900089263916, 435.76953125), (350, 4000, 1, 11, 0.4101126790046692, 0.20182132720947266, 1.002453984900264, 0.2418544441461563, 0.643032431602478, 0.3785989582538605, 47.863197326660156, 7.40949044516382e+18, 8.811033640673611e+36, 14.233878135681152, 548.38671875), (350, 4000, 1, 55, 0.5756680369377136, 0.2268688678741455, 0.9312473074551957, 0.3202161490917206, 0.7780280113220215, 0.30505606532096863, 47.018070220947266, 7.073662111944529e+78, 1.0481740205235517e+157, 13.829470157623291, 561.85546875), (350, 4000, 1, 99, 0.6636618375778198, 0.4273301959037781, 0.49629220643472954, 0.47457846999168396, 0.5368675589561462, 0.8041818141937256, 47.259761810302734, 2.314547690760621e+138, 4.932675851136175e+276, 17.476770639419556, 562.4296875)]
Completed job 4
starting the work inside Run_jobs
parameter combinations: [[350, 4000, 0.8, 11], [350, 4000, 0.8, 55], [350, 4000, 0.8, 99], [350, 4000, 0.6, 11], [350, 4000, 0.6, 55], [350, 4000, 0.6, 99]]
test name: nountill_B2G
[(350, 4000, 0.8, 11, 0.5839303731918335, 0.3668239712715149, 0.8795658947423811, 0.15843434631824493, 0.32724910974502563, 0.7333405017852783, 47.67681884765625, 8.446454518973407e+19, 6.191294951446546e+39, 13.658297300338745, 547.3984375), (350, 4000, 0.8, 55, 0.40330222249031067, 0.31669533252716064, 0.7149475709900854, 0.27957257628440857, 0.5193126201629639, 0.21742722392082214, 47.007476806640625, 3.40282336783012e+78, 1.6033407081739148e+156, 13.279452562332153, 560.1640625), (350, 4000, 0.8, 99, 0.41958925127983093, 0.14245665073394775, 0.2250511014015077, 0.5535445809364319, 0.8043802380561829, 0.6202264428138733, 47.52155303955078, 1.4713944070213714e+136, 6.6330665090080556e+271, 17.600544929504395, 560.4765625), (350, 4000, 0.6, 11, 1.0828980207443237, 1.6301114559173584, 0.7326710863352743, 0.34689024090766907, 0.43259891867637634, 0.7568944692611694, 47.863609313964844, 4.033380685129466e+19, 1.2060282588500624e+39, 10.788779735565186, 550.87890625), (350, 4000, 0.6, 55, 0.628706157207489, 0.3339505195617676, 1.1590386246722193, 0.22061704099178314, 0.7920203804969788, 0.7426003813743591, 46.98604202270508, 8.962854289347628e+79, 7.741410910638542e+159, 13.962388038635254, 561.7734375), (350, 4000, 0.6, 99, 0.6337122321128845, 0.30222606658935547, 1.1060304483926109, 0.25585561990737915, 0.8277460336685181, 0.8012435436248779, 47.04930114746094, 8.586426815193898e+135, 5.0393367492154915e+271, 17.564420700073242, 566.33984375)]
Completed job 5
starting the work inside Run_jobs
parameter combinations: [[600, 1000, 1, 11], [600, 1000, 1, 55], [600, 1000, 1, 99], [600, 1000, 0.8, 11], [600, 1000, 0.8, 55], [600, 1000, 0.8, 99]]
test name: nountill_B2G
Begin work on process
Begin work on process
Begin work on process
Begin work on process
Begin work on process
Begin work on process
[(600, 1000, 1, 11, 0.6498681306838989, 0.30778956413269043, 0.4002832471887708, 0.39844420552253723, 0.7807356119155884, 0.21662969887256622, 8.717683792114258, 2.6769792675144144e+17, 3.3250396336035282e+34, 1.2185697555541992, 273.62109375), (600, 1000, 1, 55, 0.6530513763427734, 0.5161689519882202, 0.16081999031836502, 0.491920530796051, 0.6663767099380493, 0.6162996292114258, 7.681060314178467, 6.383740186103054e+77, 1.3055428944438074e+155, 1.4883439540863037, 301.90625), (600, 1000, 1, 99, 0.4774840772151947, 0.20255982875823975, 0.04023505362677396, 0.5672231912612915, 0.7393406629562378, 0.759788990020752, 8.246110916137695, 2.2433420675971094e+135, 3.4495842914423833e+270, 1.6836652755737305, 304.625), (600, 1000, 0.8, 11, 0.42517587542533875, 0.17089873552322388, 0.3396713169512844, 0.4292163550853729, 0.7414261102676392, 0.7092654705047607, 9.165021896362305, 1.3291249701366702e+19, 1.0867710661769446e+38, 1.1892993450164795, 301.734375), (600, 1000, 0.8, 55, 0.7568539977073669, 1.014218713156879, 0.648521512734183, 0.4159998595714569, 0.7423577904701233, 0.13724306225776672, 7.5497307777404785, 3.70694828060394e+76, 6.796580322682281e+152, 1.4531428813934326, 304.859375), (600, 1000, 0.8, 99, 0.4141116142272949, 0.6688437461853027, 0.8587289453582626, 0.2671147882938385, 0.09986267238855362, 0.43631884455680847, 7.937158584594727, 3.2025803668978977e+136, 9.855727487775451e+272, 1.704916000366211, 301.9765625)]
Completed job 6
starting the work inside Run_jobs
parameter combinations: [[600, 1000, 0.6, 11], [600, 1000, 0.6, 55], [600, 1000, 0.6, 99], [600, 2000, 1, 11], [600, 2000, 1, 55], [600, 2000, 1, 99]]
test name: nountill_B2G
[(600, 1000, 0.6, 11, 1.1542030572891235, 1.2330088913440704, 0.8432914538320061, 0.26272648572921753, 0.7399703860282898, 0.7299977540969849, 9.16501235961914, 4.993498226184089e+18, 1.8968984830095334e+37, 1.4155700206756592, 273.73828125), (600, 1000, 0.6, 55, 0.7690644264221191, 0.4320930242538452, 0.3764431509495152, 0.4655335247516632, 0.8102984428405762, 0.8431061506271362, 5.477156162261963, 1.3787119513936536e+76, 1.3058174744181592e+152, 1.8319334983825684, 301.99609375), (600, 1000, 0.6, 99, 1.092903971672058, 1.3909404277801514, 1.2344924292962574, 0.22334977984428406, 0.769536554813385, 0.5314785838127136, 7.681056499481201, 4.959939044821384e+133, 1.1315266078288661e+267, 2.149284601211548, 305.00390625), (600, 2000, 1, 11, 0.506952166557312, 0.25501877069473267, 0.29062693116315813, 0.46453744173049927, 0.7469081878662109, 0.6499518156051636, 25.957983016967773, 1.9219056808510423e+18, 7.007594952391293e+35, 4.609659671783447, 403.90234375), (600, 2000, 1, 55, 0.41612106561660767, 0.14896667003631592, 0.7214995623991014, 0.37523603439331055, 0.7437536120414734, 0.7765721082687378, 24.876527786254883, 2.5365622981824153e+81, 6.319904243420134e+162, 6.136189937591553, 409.81640625), (600, 2000, 1, 99, 0.6823273301124573, 0.39970266819000244, 0.612982614675811, 0.41801005601882935, 0.8027766346931458, 0.7128862142562866, 24.73565101623535, 5.230734535709228e+136, 2.7234932779514173e+273, 6.03751015663147, 409.8515625)]
Completed job 7
starting the work inside Run_jobs
parameter combinations: [[600, 2000, 0.8, 11], [600, 2000, 0.8, 55], [600, 2000, 0.8, 99], [600, 2000, 0.6, 11], [600, 2000, 0.6, 55], [600, 2000, 0.6, 99]]
test name: nountill_B2G
Begin work on process
Begin work on process
Begin work on process
Begin work on process
Begin work on process
Begin work on process
[(600, 2000, 0.8, 11, 0.4338509738445282, 0.2612110376358032, 0.3782117265405042, 0.36596181988716125, 0.6116209626197815, 0.31649717688560486, 25.958084106445312, 7.493512003331963e+18, 3.130073699697149e+37, 3.5834949016571045, 375.8203125), (600, 2000, 0.8, 55, 0.791168749332428, 0.4492908716201782, 0.4378795146662231, 0.4682449996471405, 0.8302863836288452, 0.8388835191726685, 25.41334342956543, 3.960364892511775e+79, 1.5484426287108623e+159, 5.963597774505615, 397.39453125), (600, 2000, 0.8, 99, 0.27269235253334045, 0.6527637839317322, 1.040219601061825, 0.2806215286254883, 0.25407588481903076, 0.2208520621061325, 25.294906616210938, 3.1171038102659517e+136, 6.281173036370159e+272, 7.526313781738281, 400.1171875), (600, 2000, 0.6, 11, 0.55251544713974, 0.2639150619506836, 0.9263082024642421, 0.3071177303791046, 0.6851035952568054, 0.8046599626541138, 26.20720672607422, 3.9358056514782814e+19, 1.477294809114528e+39, 4.365534543991089, 399.8359375), (600, 2000, 0.6, 55, 0.6961331963539124, 0.5146060883998871, 0.543134833311997, 0.3690883219242096, 0.5411547422409058, 0.7733104228973389, 25.491832733154297, 7.239590376420926e+79, 5.035172818950147e+159, 5.653449296951294, 405.55859375), (600, 2000, 0.6, 99, 0.4868609607219696, 0.2240391969680786, 0.13156018122629487, 0.519465982913971, 0.666175127029419, 0.7628045678138733, 25.275245666503906, 5.068024700858964e+138, 2.558784884805614e+277, 6.5840208530426025, 408.26953125)]
Completed job 8
starting the work inside Run_jobs
parameter combinations: [[600, 3000, 1, 11], [600, 3000, 1, 55], [600, 3000, 1, 99], [600, 3000, 0.8, 11], [600, 3000, 0.8, 55], [600, 3000, 0.8, 99]]
test name: nountill_B2G
Begin work on process
Begin work on process
Begin work on process
Begin work on process
Begin work on process
Begin work on process
[(600, 3000, 1, 11, 0.4593333899974823, 1.0993759781122208, 0.908575758347551, 0.29270344972610474, 0.19141380488872528, 0.39896103739738464, 37.72981262207031, 3.980877338455375e+18, 3.4879920111487115e+36, 5.863199472427368, 441.734375), (600, 3000, 1, 55, 0.8355573415756226, 1.0770390555262566, 1.1745928186643062, 0.1800592541694641, 0.6155823469161987, 0.5195536017417908, 37.08949661254883, 6.649498068026594e+78, 3.179541526107681e+157, 7.5603861808776855, 454.7109375), (600, 3000, 1, 99, 0.38974064588546753, 0.2113286852836609, 0.5152375727298538, 0.25125202536582947, 0.4899599552154541, 0.1391211599111557, 36.94099426269531, 4.273761421769702e+137, 1.183134488059751e+275, 8.494478940963745, 456.71484375), (600, 3000, 0.8, 11, 0.21745631098747253, 0.22799789905548096, 0.8051051899163042, 0.18545150756835938, 0.3117045760154724, 0.33026617765426636, 37.250335693359375, 3.560241375576128e+19, 4.310518168184186e+38, 6.076329946517944, 447.5859375), (600, 3000, 0.8, 55, 0.3538477420806885, 0.4820912480354309, 0.7592371030617532, 0.28498703241348267, 0.27162832021713257, 0.4075433909893036, 36.84648132324219, 3.0720929051642726e+78, 2.4912914898919075e+156, 7.3737473487854, 454.25390625), (600, 3000, 0.8, 99, 0.8285788893699646, 0.5958400964736938, 0.1444860336739899, 0.5695526003837585, 0.7621849179267883, 0.7558265924453735, 36.99497985839844, 4.3488966876054606e+137, 1.1998269808698466e+275, 8.735238790512085, 459.3671875)]
Completed job 9
starting the work inside Run_jobs
parameter combinations: [[600, 3000, 0.6, 11], [600, 3000, 0.6, 55], [600, 3000, 0.6, 99], [600, 4000, 1, 11], [600, 4000, 1, 55], [600, 4000, 1, 99]]
test name: nountill_B2G
[(600, 3000, 0.6, 11, 0.7294027805328369, 0.7170889973640442, 0.701150787077634, 0.25095805525779724, 0.6184056997299194, 0.5994670987129211, 37.78251647949219, 3.2477974344180195e+19, 8.29477955326076e+38, 5.688608884811401, 441.6953125), (600, 3000, 0.6, 55, 0.6419655680656433, 0.2963494062423706, 0.5102215255477252, 0.4719112515449524, 0.8467444777488708, 0.8197235465049744, 36.995155334472656, 1.015004004307935e+79, 9.944226463972513e+157, 7.385895490646362, 450.08984375), (600, 3000, 0.6, 99, 0.23604169487953186, 1.6531615257263184, 0.7434395997323424, 0.14100505411624908, 0.081890769302845, 0.174263134598732, 37.25069808959961, 8.141418480269166e+136, 2.6354545005007546e+273, 8.387091875076294, 453.42578125), (600, 4000, 1, 11, 0.9130692481994629, 1.1379019916057587, 1.353743243910569, 0.27523624897003174, 0.5807177424430847, 0.6290552020072937, 47.60376739501953, 3.140326638785196e+19, 5.178610526909166e+38, 10.83166241645813, 573.5703125), (600, 4000, 1, 55, 0.6901242136955261, 0.39867740869522095, 0.900898819796352, 0.26501795649528503, 0.7522207498550415, 0.7914958596229553, 46.49747085571289, 8.13943198416971e+81, 6.601077240144745e+163, 13.705471277236938, 589.390625), (600, 4000, 1, 99, 0.6129374504089355, 0.31442809104919434, 0.11225998085102008, 0.569803774356842, 0.738778829574585, 0.8004701137542725, 47.58401107788086, 1.5168521490233758e+139, 2.1507826882437026e+278, 16.677157878875732, 585.64453125)]
Completed job 10
starting the work inside Run_jobs
parameter combinations: [[600, 4000, 0.8, 11], [600, 4000, 0.8, 55], [600, 4000, 0.8, 99], [600, 4000, 0.6, 11], [600, 4000, 0.6, 55], [600, 4000, 0.6, 99]]
test name: nountill_B2G
Begin work on process
Begin work on process
Begin work on process
Begin work on process
Begin work on process
Begin work on process
[(600, 4000, 0.8, 11, 0.22847521305084229, 0.24748891592025757, 0.8044672890384162, 0.18265332281589508, 0.3435705602169037, 0.29021838307380676, 47.78118133544922, 4.541228701850016e+18, 3.1226163125710966e+36, 14.81209659576416, 574.98828125), (600, 4000, 0.8, 55, 0.34475547075271606, 0.21036702394485474, 0.9659678360242827, 0.1450645923614502, 0.5586470365524292, 0.4042196273803711, 47.32295227050781, 4.15118978016867e+77, 4.0662036676788767e+154, 15.218164920806885, 589.234375), (600, 4000, 0.8, 99, 0.5054185390472412, 0.24261653423309326, 0.11938726371550638, 0.5685393810272217, 0.7535189986228943, 0.6862837076187134, 47.44843292236328, 1.0028932637629862e+136, 2.6029235857474517e+271, 21.335076332092285, 594.9609375), (600, 4000, 0.6, 11, 0.42515304684638977, 0.28698909282684326, 0.15260656567206815, 0.4619370102882385, 0.6058729290962219, 0.44907861948013306, 47.42586135864258, 4.5287266016059366e+18, 2.1018458043607622e+36, 12.642680644989014, 580.70703125), (600, 4000, 0.6, 55, 0.4648706912994385, 0.3947163224220276, 1.022933081475282, 0.15751902759075165, 0.49797844886779785, 0.5442661046981812, 46.964881896972656, 1.1044072105526308e+81, 1.1660622633810238e+162, 17.323346853256226, 588.70703125), (600, 4000, 0.6, 99, 0.3354233205318451, 0.09319591522216797, 0.27914874436366865, 0.5369788408279419, 0.7936928868293762, 0.6959853768348694, 47.239192962646484, 9.296184439573641e+136, 2.974496323750629e+273, 20.159836053848267, 594.24609375)]
Completed job 11
starting the work inside Run_jobs
parameter combinations: [[1000, 1000, 1, 11], [1000, 1000, 1, 55], [1000, 1000, 1, 99], [1000, 1000, 0.8, 11], [1000, 1000, 0.8, 55], [1000, 1000, 0.8, 99]]
test name: nountill_B2G
[(1000, 1000, 1, 11, 0.40734371542930603, 0.6755285859107971, 1.145052750128371, 0.24220061302185059, 0.33653125166893005, 0.3633583188056946, 4.582494735717773, 6.454803025454913e+17, 1.1262617581807282e+35, 1.4402287006378174, 294.1796875), (1000, 1000, 1, 55, 0.5644924640655518, 0.7581802159547806, 0.9551823103850159, 0.3561321496963501, 0.13646499812602997, 0.5817422270774841, 3.316572666168213, 1.8742250264640807e+77, 2.2023477830041213e+154, 1.904676914215088, 334.9375), (1000, 1000, 1, 99, 0.34255555272102356, 0.19951504468917847, 0.899562285092684, 0.16500264406204224, 0.5076609253883362, 0.5637447237968445, 4.898906707763672, 2.0075077891897107e+134, 1.7073300332355502e+268, 2.1431093215942383, 330.4765625), (1000, 1000, 0.8, 11, 0.2331731766462326, 0.16966688632965088, 0.6329483712892231, 0.26471543312072754, 0.3958163261413574, 0.4042644798755646, 5.477144718170166, 1.669805263628523e+18, 6.899936149140418e+35, 1.3917930126190186, 333.0859375), (1000, 1000, 0.8, 55, 0.4780515730381012, 1.0315550863742828, 0.9641461221538514, 0.2515553832054138, 0.09997284412384033, 0.4643372595310211, 2.828386068344116, 5.3163269291938016e+79, 2.8024367196580004e+159, 1.9334957599639893, 335.6875), (1000, 1000, 0.8, 99, 0.5799872875213623, 0.2692822217941284, 0.448871431608661, 0.43079012632369995, 0.7305949926376343, 0.8298681974411011, 4.242575168609619, 2.1186071888434493e+138, 4.488435974549796e+276, 2.145068883895874, 331.30859375)]
Completed job 12
starting the work inside Run_jobs
parameter combinations: [[1000, 1000, 0.6, 11], [1000, 1000, 0.6, 55], [1000, 1000, 0.6, 99], [1000, 2000, 1, 11], [1000, 2000, 1, 55], [1000, 2000, 1, 99]]
test name: nountill_B2G
[(1000, 1000, 0.6, 11, 1.2697862386703491, 1.6689916849136353, 1.3441840562646674, 0.2701280415058136, 0.5920727252960205, 0.7949984073638916, 5.915989398956299, 3.4659712593988435e+17, 1.0639934209542152e+35, 1.855241060256958, 294.078125), (1000, 1000, 0.6, 55, 0.5209552049636841, 0.210912823677063, 1.1873244977157222, 0.23057615756988525, 0.5269891619682312, 0.824006974697113, 4.123050212860107, 4.508082310576844e+79, 2.0307126046725397e+159, 2.662848949432373, 334.80859375), (1000, 1000, 0.6, 99, 0.542951226234436, 0.4074578881263733, 0.6351190715667767, 0.274526447057724, 0.6450148224830627, 0.5397663116455078, 4.472064018249512, 5.979319266446938e+133, 1.1301689991818134e+267, 3.07173228263855, 330.62890625), (1000, 2000, 1, 11, 0.5212668180465698, 0.15957558155059814, 0.9516986253763255, 0.27187594771385193, 0.393088698387146, 0.8061121702194214, 24.552982330322266, 2.2665202253864587e+19, 4.50180289013743e+38, 29.225719451904297, 441.34765625), (1000, 2000, 1, 55, 1.2996255159378052, 1.4846613109111786, 1.4303332136256035, 0.23646241426467896, 0.6918184757232666, 0.8148491978645325, 23.23533821105957, 1.1698587280400062e+79, 1.2310028149457018e+158, 74.55768728256226, 429.6640625), (1000, 2000, 1, 99, 0.4644921123981476, 0.4877339005470276, 0.9191486120982049, 0.14965422451496124, 0.4893605411052704, 0.4484730064868927, 24.593730926513672, 1.446733867605826e+136, 2.0888981650125358e+272, 65.39367294311523, 445.3515625)]
Completed job 13
starting the work inside Run_jobs
parameter combinations: [[1000, 2000, 0.8, 11], [1000, 2000, 0.8, 55], [1000, 2000, 0.8, 99], [1000, 2000, 0.6, 11], [1000, 2000, 0.6, 55], [1000, 2000, 0.6, 99]]
test name: nountill_B2G
[(1000, 2000, 0.8, 11, 0.7669856548309326, 1.5595224499702454, 0.9989642048804261, 0.245329812169075, 0.07516511529684067, 0.7223947048187256, 24.286935806274414, 1.6450606728827089e+19, 2.1334824809619055e+38, 20.853689908981323, 403.9140625), (1000, 2000, 0.8, 55, 0.9296838641166687, 0.7080139815807343, 0.230359979963291, 0.5431584715843201, 0.7633439302444458, 0.7984688878059387, 23.598243713378906, 5.753138769592875e+77, 2.8613955904834897e+155, 145.35031151771545, 446.8125), (1000, 2000, 0.8, 99, 0.46424344182014465, 0.8542572110891342, 0.9136215635802118, 0.14908716082572937, 0.46734607219696045, 0.10993212461471558, 23.997121810913086, 1.1344424285919116e+136, 6.1207962040327906e+271, 206.24512696266174, 455.48828125), (1000, 2000, 0.6, 11, 0.7195841670036316, 0.6028381586074829, 0.09815538442451838, 0.48652222752571106, 0.7428362965583801, 0.5253221392631531, 24.327959060668945, 2.1103754495596918e+18, 8.561548126227628e+35, 40.483410120010376, 456.10546875), (1000, 2000, 0.6, 55, 0.7107253670692444, 1.3055418133735657, 1.009934793976121, 0.2509481608867645, 0.13705192506313324, 0.6567670702934265, 23.682710647583008, 1.0345053270060986e+78, 7.898273870648744e+155, 218.78833675384521, 461.84375), (1000, 2000, 0.6, 99, 0.6148700714111328, 0.34733980894088745, 0.2521416699306155, 0.5545951128005981, 0.7987546920776367, 0.41256964206695557, 23.997190475463867, 2.97182316527162e+136, 3.792417131450397e+272, 107.3526201248169, 464.1640625)]
Completed job 14
starting the work inside Run_jobs
parameter combinations: [[1000, 3000, 1, 11], [1000, 3000, 1, 55], [1000, 3000, 1, 99], [1000, 3000, 0.8, 11], [1000, 3000, 0.8, 55], [1000, 3000, 0.8, 99]]
test name: nountill_B2G
Begin work on process
Begin work on process
Begin work on process
Begin work on process
Begin work on process
Begin work on process
[(1000, 3000, 1, 11, 0.4903483986854553, 0.28631073236465454, 0.5304705909761832, 0.42793357372283936, 0.6934571266174316, 0.5619757771492004, 37.02164840698242, 6.971162250526025e+18, 4.8695392142738605e+36, 10.586029767990112, 479.84375), (1000, 3000, 1, 55, 0.461685448884964, 0.2204829454421997, 0.470777285903294, 0.48830294609069824, 0.735337495803833, 0.5415915250778198, 36.465030670166016, 5.159158827327432e+78, 1.2463928684383478e+157, 9.094119787216187, 491.39453125), (1000, 3000, 1, 99, 0.47400805354118347, 0.3106647729873657, 0.6088973486292296, 0.48104527592658997, 0.4450138211250305, 0.6542552709579468, 36.737510681152344, 8.305402632448078e+140, 6.234514716789968e+281, 9.713338375091553, 496.76171875), (1000, 3000, 0.8, 11, 0.5619770288467407, 0.41110503673553467, 0.1915727780069479, 0.4387749433517456, 0.6475513577461243, 0.5860719680786133, 36.994876861572266, 5.35378245241738e+18, 8.970103035095897e+36, 7.63625955581665, 483.3125), (1000, 3000, 0.8, 55, 0.44285354018211365, 0.1610255241394043, 0.0068904462791220065, 0.5690661668777466, 0.7852838039398193, 0.7750638723373413, 35.89932632446289, 3.555859182426978e+79, 7.507260760272066e+158, 9.209919452667236, 490.20703125), (1000, 3000, 0.8, 99, 0.21031272411346436, 0.18675267696380615, 0.6113484187746814, 0.33413204550743103, 0.34796690940856934, 0.33981582522392273, 36.76504898071289, 3.250581927667663e+135, 3.976847003833176e+270, 10.694586277008057, 496.7734375)]
Completed job 15
starting the work inside Run_jobs
parameter combinations: [[1000, 3000, 0.6, 11], [1000, 3000, 0.6, 55], [1000, 3000, 0.6, 99], [1000, 4000, 1, 11], [1000, 4000, 1, 55], [1000, 4000, 1, 99]]
test name: nountill_B2G
[(1000, 3000, 0.6, 11, 0.36312687397003174, 0.2783186435699463, 0.6649018603421103, 0.37696000933647156, 0.44609931111335754, 0.5129988193511963, 37.30369186401367, 2.4271189702884426e+19, 1.5687693433953297e+38, 6.913368463516235, 480.140625), (1000, 3000, 0.6, 55, 0.6785019040107727, 0.4531697630882263, 0.7867139107122333, 0.267932653427124, 0.7390340566635132, 0.6825348138809204, 36.21756362915039, 5.310237815258688e+77, 1.1232410501561765e+155, 8.796980381011963, 491.6484375), (1000, 3000, 0.6, 99, 0.6567712426185608, 1.2825809717178345, 1.286213910947222, 0.282540500164032, 0.5530416965484619, 0.23091118037700653, 37.00868225097656, 1.241901274987932e+135, 2.620234643581541e+269, 9.782899379730225, 494.2578125), (1000, 4000, 1, 11, 0.8442747592926025, 1.135701447725296, 1.4410677735235011, 0.25806522369384766, 0.7194037437438965, 0.3549116253852844, 47.645103454589844, 6.696510413132581e+19, 1.5529311615348198e+39, 12.433801174163818, 621.12890625), (1000, 4000, 1, 55, 0.6162034869194031, 0.5192474722862244, 0.37632230852527226, 0.44378021359443665, 0.6140928268432617, 0.5948188304901123, 46.604339599609375, 3.993509995164629e+79, 1.1099980640554685e+159, 16.11590075492859, 636.38671875), (1000, 4000, 1, 99, 0.42845118045806885, 0.9841317739337683, 0.9950992743013576, 0.2091822326183319, 0.022770335897803307, 0.4282072186470032, 47.9682731628418, 7.217637703075848e+139, 5.205866919582242e+279, 17.51654314994812, 638.44921875)]
Completed job 16
starting the work inside Run_jobs
parameter combinations: [[1000, 4000, 0.8, 11], [1000, 4000, 0.8, 55], [1000, 4000, 0.8, 99], [1000, 4000, 0.6, 11], [1000, 4000, 0.6, 55], [1000, 4000, 0.6, 99]]
test name: nountill_B2G
[(1000, 4000, 0.8, 11, 0.6267910599708557, 1.4708140194416046, 0.9615524884703626, 0.2513793408870697, 0.16491498053073883, 0.5320266485214233, 47.310447692871094, 7.823913042619367e+18, 1.1928875746447835e+37, 17.119484901428223, 622.74609375), (1000, 4000, 0.8, 55, 1.289318323135376, 1.3239797949790955, 0.6057346090971891, 0.4498894512653351, 0.8228851556777954, 0.7611548900604248, 46.45479965209961, 2.483746714662338e+79, 5.163334947957165e+158, 19.339512825012207, 636.96484375), (1000, 4000, 0.8, 99, 0.521271824836731, 1.2978574335575104, 0.9973389756936273, 0.23916324973106384, 0.24174833297729492, 0.39539802074432373, 47.23881912231445, 1.5040893166522266e+135, 5.705773548293054e+269, 26.563864707946777, 639.04296875), (1000, 4000, 0.6, 11, 0.5188382863998413, 0.604949414730072, 1.38083619383619, 0.3238663971424103, 0.5617009401321411, 0.2759822607040405, 47.488037109375, 3.172205749006616e+18, 1.236825111935492e+36, 19.648916959762573, 629.37109375), (1000, 4000, 0.6, 55, 0.6367849111557007, 1.5272162556648254, 1.149009095511845, 0.23833487927913666, 0.508009672164917, 0.2003083974123001, 46.294376373291016, 1.9617208402530286e+79, 3.830521402887005e+158, 19.7269287109375, 637.6328125), (1000, 4000, 0.6, 99, 0.4453679323196411, 0.1359168291091919, 0.6297728121207851, 0.40900060534477234, 0.5034017562866211, 0.8012427687644958, 47.43796920776367, 1.2707390054089572e+141, 1.6146245473767845e+282, 25.15467405319214, 642.43359375)]
Completed job 17
