starting the work inside Run_jobs
parameter combinations: [[350, 1000, 1, 11], [350, 1000, 1, 55], [350, 1000, 1, 99], [350, 1000, 0.8, 11], [350, 1000, 0.8, 55], [350, 1000, 0.8, 99]]
test name: nountill_M2E
[(350, 1000, 1, 11, 0.5201276540756226, 0.3794463872909546, 0.44403517122340613, 0.39519059658050537, 0.44767600297927856, 0.6615980267524719, 17.262304306030273, 12329.03617636931, 77962960.9249955, 2.2749907970428467, 263.80859375), (350, 1000, 1, 55, 0.8455120921134949, 1.0636835768818855, 1.1339834996257956, 0.2085856944322586, 0.5672230124473572, 0.5919325351715088, 19.33864402770996, 3.9673417432514265e-54, 1.5739800507739188e-107, 2.4406096935272217, 288.796875), (350, 1000, 1, 99, 0.5910047888755798, 0.29452115297317505, 0.44354359859671294, 0.3923197090625763, 0.6393351554870605, 0.8304738402366638, 20.832178115844727, 5.74139669092128e-152, 3.2963635962520676e-303, 2.7790074348449707, 297.4375), (350, 1000, 0.8, 11, 0.4292214810848236, 0.5325165688991547, 0.6367515148970161, 0.2808157503604889, 0.2324105203151703, 0.4855045676231384, 17.804033279418945, 8809.7132071884, 34434025.49643281, 2.1549339294433594, 291.41015625), (350, 1000, 0.8, 55, 0.6646028161048889, 0.5302090644836426, 0.9450238263441666, 0.20642903447151184, 0.21750779449939728, 0.7384445667266846, 19.823755264282227, 2.0412320021044306e-41, 4.1666280864152624e-82, 2.5043082237243652, 289.3984375), (350, 1000, 0.8, 99, 0.38806748390197754, 0.1709950566291809, 0.48854544404766276, 0.41586923599243164, 0.5242087244987488, 0.6888433694839478, 21.141878128051758, 2.626943598419548e-145, 6.900832668795517e-290, 2.6439781188964844, 295.19921875)]
Completed job 0
starting the work inside Run_jobs
parameter combinations: [[350, 1000, 0.6, 11], [350, 1000, 0.6, 55], [350, 1000, 0.6, 99], [350, 2000, 1, 11], [350, 2000, 1, 55], [350, 2000, 1, 99]]
test name: nountill_M2E
[(350, 1000, 0.6, 11, 0.9167753458023071, 1.2025983035564423, 0.9035803937117082, 0.2380889356136322, 0.25339820981025696, 0.8312160968780518, 17.175203323364258, 21.24573315175894, 446.6717193654093, 2.1302242279052734, 262.09765625), (350, 1000, 0.6, 55, 0.5493285655975342, 0.3595595955848694, 1.3154890017856447, 0.2273101657629013, 0.6662911176681519, 0.6264891624450684, 19.518714904785156, 5.877318037070962e-49, 3.454270822722637e-97, 2.0046298503875732, 287.49609375), (350, 1000, 0.6, 99, 0.6206649541854858, 0.41033053398132324, 0.30337443861549473, 0.4700075387954712, 0.5413364171981812, 0.7597485780715942, 20.663480758666992, 9.53245348211586e-118, 9.086766938870278e-235, 2.2629506587982178, 293.23046875), (350, 2000, 1, 11, 0.45131179690361023, 0.1387079954147339, 0.8860292264999163, 0.199509397149086, 0.42300179600715637, 0.7611741423606873, 33.14441680908203, 1282583.0142222056, 1225857728331.777, 31.101824045181274, 376.69140625), (350, 2000, 1, 55, 0.8438472151756287, 1.3387667536735535, 0.9748298983408961, 0.3129175901412964, 0.2272028774023056, 0.7393530011177063, 35.58552551269531, 7.542807972447184e-42, 5.678752967402511e-83, 8.122342824935913, 377.1875), (350, 2000, 1, 99, 0.3833927810192108, 0.16106665134429932, 0.13749886247448276, 0.5168025493621826, 0.6210498213768005, 0.7019845843315125, 36.70466232299805, 3.7110448270365874e-132, 1.377185370827019e-263, 16.47300410270691, 382.68359375)]
Completed job 1
starting the work inside Run_jobs
parameter combinations: [[350, 2000, 0.8, 11], [350, 2000, 0.8, 55], [350, 2000, 0.8, 99], [350, 2000, 0.6, 11], [350, 2000, 0.6, 55], [350, 2000, 0.6, 99]]
test name: nountill_M2E
[(350, 2000, 0.8, 11, 0.6669791340827942, 0.3076711893081665, 0.9278144161615494, 0.30814307928085327, 0.229747474193573, 0.805108368396759, 32.76551818847656, 4191.973816920432, 15162660.218980482, 82.85549998283386, 356.703125), (350, 2000, 0.8, 55, 0.6421365737915039, 0.31934237480163574, 0.7739262567502557, 0.26793307065963745, 0.36016204953193665, 0.8305696845054626, 35.360191345214844, 2.526347271798455e-45, 6.382430537723497e-90, 334.7912368774414, 376.40625), (350, 2000, 0.8, 99, 0.31769976019859314, 0.885917492210865, 0.9031198643188187, 0.2008516639471054, 0.1965537965297699, 0.2730276882648468, 36.59556198120117, 1.4461129237200665e-130, 2.0912425881501988e-260, 299.2503836154938, 376.2578125), (350, 2000, 0.6, 11, 0.706134021282196, 0.4740797281265259, 0.8389518170839491, 0.22460375726222992, 0.7040073275566101, 0.7445313930511475, 32.719818115234375, 10.736893584296029, 49.880794560400766, 92.32697463035583, 376.55078125), (350, 2000, 0.6, 55, 0.4919007122516632, 0.2772172689437866, 0.2125366004854638, 0.49881595373153687, 0.5325978994369507, 0.7112869024276733, 35.45878219604492, 3.65451306079015e-57, 1.3355014539409945e-113, 313.9062707424164, 382.75), (350, 2000, 0.6, 99, 0.8699772357940674, 0.7270392775535583, 0.31685663446493634, 0.49030542373657227, 0.48097214102745056, 0.8680106401443481, 36.81315231323242, 1.9711597942383595e-139, 3.88518188613377e-278, 436.680810213089, 383.265625)]
Completed job 2
starting the work inside Run_jobs
parameter combinations: [[350, 3000, 1, 11], [350, 3000, 1, 55], [350, 3000, 1, 99], [350, 3000, 0.8, 11], [350, 3000, 0.8, 55], [350, 3000, 0.8, 99]]
test name: nountill_M2E
Begin work on process
Begin work on process
Begin work on process
Begin work on process
Begin work on process
Begin work on process
[(350, 3000, 1, 11, 0.5905382633209229, 0.7083880007266998, 1.0321080082324217, 0.21142536401748657, 0.2664583921432495, 0.6104060411453247, 44.676029205322266, 79618233.30930637, 2269924324853104.5, 10.250750303268433, 421.8125), (350, 3000, 1, 55, 0.8203246593475342, 1.148731768131256, 1.094078093022581, 0.3310159146785736, 0.22414597868919373, 0.756473958492279, 47.364471435546875, 7.858257660672702e-41, 6.17522002755205e-81, 12.02186894416809, 432.04296875), (350, 3000, 1, 99, 0.6413180232048035, 0.489448606967926, 0.7508635710378416, 0.3105470538139343, 0.3176027536392212, 0.7424203753471375, 48.40215301513672, 4.0674976175248087e-113, 1.6544536868569996e-225, 13.825565576553345, 439.46484375), (350, 3000, 0.8, 11, 0.45379331707954407, 0.2322632074356079, 1.2683002676098718, 0.20149734616279602, 0.6965287327766418, 0.45268693566322327, 45.00929260253906, 8746.066237574212, 64026510.26534662, 9.489096403121948, 423.5625), (350, 3000, 0.8, 55, 0.8083739280700684, 0.8412766307592392, 1.0336247702483807, 0.334503710269928, 0.18955041468143463, 0.8164985179901123, 47.53218078613281, 1.4451760505947369e-27, 2.0885338171851894e-54, 12.706181526184082, 432.7109375), (350, 3000, 0.8, 99, 0.5404438972473145, 0.7766808569431305, 0.7018265673072626, 0.14041568338871002, 0.12250933796167374, 0.5544446110725403, 48.47367858886719, 6.329055974270683e-135, 4.0056917011619e-269, 13.09475326538086, 441.12890625)]
Completed job 3
starting the work inside Run_jobs
parameter combinations: [[350, 3000, 0.6, 11], [350, 3000, 0.6, 55], [350, 3000, 0.6, 99], [350, 4000, 1, 11], [350, 4000, 1, 55], [350, 4000, 1, 99]]
test name: nountill_M2E
[(350, 3000, 0.6, 11, 0.544548511505127, 0.46906208992004395, 0.8015186724778879, 0.33620667457580566, 0.23418062925338745, 0.6314367651939392, 44.898441314697266, 9.036369063000734, 44.871220761936634, 10.072159051895142, 421.80078125), (350, 3000, 0.6, 55, 0.3658792972564697, 0.2489302158355713, 0.7764531668072286, 0.3748372495174408, 0.228645458817482, 0.5050148963928223, 47.4173583984375, 7.64808547836011e-45, 5.849320431815948e-89, 43.267313718795776, 431.29296875), (350, 3000, 0.6, 99, 0.5648771524429321, 0.26779961585998535, 0.13664515827135001, 0.48084524273872375, 0.7437357902526855, 0.7945495247840881, 48.52411651611328, 6.045501059121035e-101, 3.654808305583355e-201, 13.91809606552124, 440.70703125), (350, 4000, 1, 11, 0.2112981230020523, 0.6271812319755554, 0.9013469048323893, 0.18546956777572632, 0.1529494822025299, 0.21356287598609924, 54.835479736328125, 37143.48240097116, 282412688.4468034, 19.715165853500366, 544.04296875), (350, 4000, 1, 55, 0.7252638936042786, 0.6486667990684509, 0.428429037112581, 0.46072015166282654, 0.5440680384635925, 0.7074204683303833, 57.31193923950195, 2.9449502463141044e-43, 8.672706567441962e-86, 38.19119906425476, 562.77734375), (350, 4000, 1, 99, 0.5247936844825745, 0.2330760955810547, 0.4625725860808156, 0.2727220058441162, 0.34938758611679077, 0.742438554763794, 58.290916442871094, 7.658002721652158e-148, 5.782871749347011e-295, 26.39103388786316, 573.22265625)]
Completed job 4
starting the work inside Run_jobs
parameter combinations: [[350, 4000, 0.8, 11], [350, 4000, 0.8, 55], [350, 4000, 0.8, 99], [350, 4000, 0.6, 11], [350, 4000, 0.6, 55], [350, 4000, 0.6, 99]]
test name: nountill_M2E
[(350, 4000, 0.8, 11, 0.4152880311012268, 0.11372679471969604, 1.07595838740225, 0.34618982672691345, 0.16870206594467163, 0.5573872923851013, 55.0076789855957, 705608.9110979629, 308335179011.6651, 47.09704256057739, 548.08203125), (350, 4000, 0.8, 55, 0.639018177986145, 0.3987296223640442, 0.0951048425857165, 0.5013971328735352, 0.5448901653289795, 0.7953636050224304, 57.32849884033203, 6.237711494917102e-54, 2.0764138123486792e-107, 28.170045137405396, 562.8359375), (350, 4000, 0.8, 99, 0.5647391080856323, 0.3692817687988281, 0.6226750462322728, 0.3522546589374542, 0.709972083568573, 0.5718404650688171, 58.29900360107422, 9.922363986330927e-135, 9.845330677967105e-269, 118.40876245498657, 575.82421875), (350, 4000, 0.6, 11, 0.27981337904930115, 0.10008740425109863, 0.7328539634155361, 0.2893373370170593, 0.4438956081867218, 0.6015224456787109, 55.17810821533203, 21.264909051371696, 137.6590983188459, 13.262509822845459, 550.71875), (350, 4000, 0.6, 55, 0.3334929347038269, 1.1068118661642075, 0.7119461431312503, 0.36812782287597656, 0.30734527111053467, 0.10071615129709244, 57.2597770690918, 1.635580791801867e-48, 1.7974176483908584e-96, 16.048030614852905, 565.3125), (350, 4000, 0.6, 99, 0.6347535848617554, 0.8657648861408234, 0.7819732272192342, 0.27705344557762146, 0.6200970411300659, 0.2423628866672516, 58.01798629760742, 1.1295349500319288e-135, 1.270304712539627e-270, 18.067859172821045, 577.25390625)]
Completed job 5
starting the work inside Run_jobs
parameter combinations: [[600, 1000, 1, 11], [600, 1000, 1, 55], [600, 1000, 1, 99], [600, 1000, 0.8, 11], [600, 1000, 0.8, 55], [600, 1000, 0.8, 99]]
test name: nountill_M2E
[(600, 1000, 1, 11, 0.6734817028045654, 1.1997904777526855, 0.9046335051303663, 0.3975195288658142, 0.15438751876354218, 0.62542724609375, 16.732812881469727, 664854.3473215466, 308251527987.4097, 2.2205355167388916, 274.83203125), (600, 1000, 1, 55, 0.25082892179489136, 0.10378670692443848, 0.771851173836854, 0.22917594015598297, 0.5425354838371277, 0.556850790977478, 19.364398956298828, 1.4908486682623607e-63, 1.4220249086500215e-126, 2.4117722511291504, 304.1015625), (600, 1000, 1, 99, 1.1109349727630615, 0.9514263533055782, 1.3276225824195853, 0.20778900384902954, 0.7601458430290222, 0.8479214310646057, 20.832149505615234, 6.97094105613305e-136, 4.859401920796966e-271, 3.5316054821014404, 308.1171875), (600, 1000, 0.8, 11, 0.3242899477481842, 0.5079267024993896, 0.7274056498733035, 0.21424975991249084, 0.3597756624221802, 0.0929693728685379, 16.3703670501709, 56.05060113342838, 2757.8624287475973, 6.919684410095215, 305.9375), (600, 1000, 0.8, 55, 0.4914301335811615, 0.638825386762619, 1.049872347099944, 0.18818852305412292, 0.5081607103347778, 0.05329923704266548, 19.052082061767578, 6.540117476584326e-59, 4.2772145014043695e-117, 2.954436779022217, 305.046875), (600, 1000, 0.8, 99, 0.31222859025001526, 0.2704985737800598, 1.1894839189649087, 0.26066854596138, 0.39552831649780273, 0.4444182813167572, 20.856122970581055, 2.8729422901626285e-165, 0.0, 3.476022243499756, 308.15625)]
Completed job 6
starting the work inside Run_jobs
parameter combinations: [[600, 1000, 0.6, 11], [600, 1000, 0.6, 55], [600, 1000, 0.6, 99], [600, 2000, 1, 11], [600, 2000, 1, 55], [600, 2000, 1, 99]]
test name: nountill_M2E
[(600, 1000, 0.6, 11, 0.6108201742172241, 0.9968629325740039, 0.817013006575203, 0.28208160400390625, 0.45432642102241516, 0.4097030460834503, 17.02898406982422, 0.7849563052242692, 0.2750052316258055, 40.74973917007446, 273.359375), (600, 1000, 0.6, 55, 0.655590832233429, 0.38826024532318115, 0.008180124747540003, 0.5280458331108093, 0.5381136536598206, 0.8277796506881714, 19.722618103027344, 1.2145701218717955e-62, 1.474813506987057e-124, 33.081416606903076, 303.62890625), (600, 1000, 0.6, 99, 0.790380597114563, 0.8896486610174179, 0.5895814119527313, 0.32250237464904785, 0.791422963142395, 0.16465555131435394, 20.46897315979004, 2.3185522474253395e-146, 5.375684524041093e-292, 52.12605357170105, 308.6796875), (600, 2000, 1, 11, 0.4277735948562622, 1.305921345949173, 0.9589723461040682, 0.18124474585056305, 0.2995917797088623, 0.22715096175670624, 32.704444885253906, 64834.66932192432, 2771084849.006062, 17.097987413406372, 410.0234375), (600, 2000, 1, 55, 0.6569820046424866, 0.711096853017807, 0.5031702276377056, 0.42901816964149475, 0.45223304629325867, 0.6247976422309875, 35.66947555541992, 2.47583673668903e-39, 6.129742117719063e-78, 153.26545763015747, 417.79296875), (600, 2000, 1, 99, 0.18194784224033356, 0.28615832328796387, 0.9663555057361969, 0.23397232592105865, 0.23982128500938416, 0.2411821335554123, 36.81338882446289, 3.368397173939194e-134, 1.1346099511159447e-267, 98.08493661880493, 422.61328125)]
Completed job 7
starting the work inside Run_jobs
parameter combinations: [[600, 2000, 0.8, 11], [600, 2000, 0.8, 55], [600, 2000, 0.8, 99], [600, 2000, 0.6, 11], [600, 2000, 0.6, 55], [600, 2000, 0.6, 99]]
test name: nountill_M2E
[(600, 2000, 0.8, 11, 0.7241590619087219, 1.2579274773597717, 0.7400814012518879, 0.41107335686683655, 0.4162467122077942, 0.4948607385158539, 32.8566780090332, 6588.4374511052465, 18706162.690418646, 46.75874614715576, 373.95703125), (600, 2000, 0.8, 55, 0.49458277225494385, 0.19804143905639648, 0.5905869622189751, 0.32979950308799744, 0.4447530210018158, 0.7738339900970459, 35.655704498291016, 1.7627855434809857e-52, 3.104473723343792e-104, 90.72304964065552, 406.9765625), (600, 2000, 0.8, 99, 0.5394705533981323, 1.554344117641449, 1.0523833557027646, 0.21322810649871826, 0.35929957032203674, 0.24982693791389465, 36.69089889526367, 1.6467298290211123e-151, 1.917951323140106e-302, 102.39257264137268, 409.82421875), (600, 2000, 0.6, 11, 0.5642338395118713, 0.3281676769256592, 0.04216231085891953, 0.49664294719696045, 0.624683678150177, 0.7425817847251892, 32.78097915649414, 581.248958203231, 333749.6646505127, 18.40380859375, 409.76953125), (600, 2000, 0.6, 55, 0.5461845397949219, 0.5190612375736237, 0.7662174246809135, 0.20552921295166016, 0.4460970461368561, 0.5957862138748169, 35.57127380371094, 1.4364120071650843e-43, 2.0632558336276874e-86, 114.21769952774048, 421.62109375), (600, 2000, 0.6, 99, 0.4081304967403412, 0.20591837167739868, 1.1121957686627673, 0.19336286187171936, 0.5325419306755066, 0.17428864538669586, 36.772403717041016, 1.0711102042149746e-153, 1.1472425482710111e-306, 76.61565279960632, 428.8125)]
Completed job 8
starting the work inside Run_jobs
parameter combinations: [[600, 3000, 1, 11], [600, 3000, 1, 55], [600, 3000, 1, 99], [600, 3000, 0.8, 11], [600, 3000, 0.8, 55], [600, 3000, 0.8, 99]]
test name: nountill_M2E
[(600, 3000, 1, 11, 0.2902292013168335, 0.14822077751159668, 0.47699567586540753, 0.40196922421455383, 0.5240159034729004, 0.540499746799469, 45.108848571777344, 10972.129051272601, 31487285.33903474, 11.450521469116211, 443.68359375), (600, 3000, 1, 55, 0.7496320009231567, 0.6142256855964661, 0.9079672566608288, 0.24163812398910522, 0.21307046711444855, 0.8055957555770874, 47.93772506713867, 1.3751058970655836e-51, 1.8465462365425903e-102, 13.58310866355896, 457.61328125), (600, 3000, 1, 99, 0.44116559624671936, 0.2649567127227783, 0.4712935755912499, 0.4082030653953552, 0.5390388369560242, 0.6433044075965881, 48.545040130615234, 8.622923597101575e-139, 7.434762702833537e-277, 15.007898569107056, 462.38671875), (600, 3000, 0.8, 11, 0.38828957080841064, 0.5195121765136719, 0.7443035648718398, 0.3005557358264923, 0.35474032163619995, 0.402785986661911, 45.1749153137207, 1184.2560890854645, 468440.6741530175, 10.332393169403076, 444.87890625), (600, 3000, 0.8, 55, 0.44542834162712097, 0.8746983855962753, 0.847593330924841, 0.3645702302455902, 0.1993132084608078, 0.4241037964820862, 47.60573196411133, 5.379323350046463e-49, 2.89366837708503e-97, 12.550268411636353, 457.73046875), (600, 3000, 0.8, 99, 0.8411352634429932, 1.4176371097564697, 0.8795119849841659, 0.16974441707134247, 0.29691174626350403, 0.6726969480514526, 48.432647705078125, 4.529553006838638e-130, 1.4577427319592597e-259, 14.525390625, 461.94921875)]
Completed job 9
starting the work inside Run_jobs
parameter combinations: [[600, 3000, 0.6, 11], [600, 3000, 0.6, 55], [600, 3000, 0.6, 99], [600, 4000, 1, 11], [600, 4000, 1, 55], [600, 4000, 1, 99]]
test name: nountill_M2E
Begin work on process
Begin work on process
Begin work on process
Begin work on process
Begin work on process
Begin work on process
[(600, 3000, 0.6, 11, 0.47880813479423523, 0.3450804352760315, 0.9215364194309315, 0.18924584984779358, 0.5040401220321655, 0.03998422622680664, 45.1532096862793, 0.18993326516795467, 0.027632225752985934, 18.296412467956543, 441.6328125), (600, 3000, 0.6, 55, 0.8240532279014587, 0.8029179871082306, 1.107101087745611, 0.2774260938167572, 0.3203369975090027, 0.8249945044517517, 47.6472053527832, 2.2802021700881654e-47, 5.114015942865272e-94, 10.127232074737549, 455.65625), (600, 3000, 0.6, 99, 0.8302464485168457, 0.6595320105552673, 0.9551490859116989, 0.18573512136936188, 0.3713591694831848, 0.8796873688697815, 48.78009033203125, 4.616637912507179e-140, 2.131334561519863e-279, 20.025784730911255, 463.44921875), (600, 4000, 1, 11, 0.2949558198451996, 0.2523343563079834, 0.6423165392408011, 0.4102056324481964, 0.2719312012195587, 0.4365275800228119, 55.48313903808594, 1053247.150180963, 695243958670.6938, 16.22986364364624, 574.62109375), (600, 4000, 1, 55, 0.802558183670044, 0.6348375082015991, 0.45794954155266016, 0.474550724029541, 0.4189780652523041, 0.8543969392776489, 57.50218963623047, 1.85500808452894e-45, 3.4410048389861357e-90, 19.287882804870605, 593.0078125), (600, 4000, 1, 99, 0.7796788215637207, 0.9228404015302658, 0.48347582237496295, 0.378652423620224, 0.6664546132087708, 0.4593225121498108, 58.47762680053711, 2.3925025310969003e-143, 5.674992321781505e-286, 19.50634217262268, 604.1796875)]
Completed job 10
starting the work inside Run_jobs
parameter combinations: [[600, 4000, 0.8, 11], [600, 4000, 0.8, 55], [600, 4000, 0.8, 99], [600, 4000, 0.6, 11], [600, 4000, 0.6, 55], [600, 4000, 0.6, 99]]
test name: nountill_M2E
Begin work on process
Begin work on process
Begin work on process
Begin work on process
Begin work on process
Begin work on process
[(600, 4000, 0.8, 11, 0.5297186970710754, 0.39192163944244385, 0.702643236723486, 0.428749144077301, 0.23243841528892517, 0.637880265712738, 55.249698638916016, 224756.30861859975, 36637028805.049576, 20.67633843421936, 577.359375), (600, 4000, 0.8, 55, 0.4620516300201416, 0.7443362474441528, 0.7146806741958379, 0.12020645290613174, 0.12583166360855103, 0.47792065143585205, 57.40757751464844, 6.244838289386925e-42, 3.8998005260583655e-83, 43.315083026885986, 595.8828125), (600, 4000, 0.8, 99, 0.6297545433044434, 1.1578017622232437, 1.0365826359005486, 0.32572421431541443, 0.20403055846691132, 0.5644600987434387, 58.315643310546875, 7.945504477595478e-149, 5.487486451455013e-297, 26.669915199279785, 607.9765625), (600, 4000, 0.6, 11, 0.5755784511566162, 0.8225813210010529, 1.2378064129037458, 0.22165998816490173, 0.5458225011825562, 0.3035903871059418, 55.392704010009766, 4.514777257375155, 3.2005091826082994, 18.60214138031006, 579.921875), (600, 4000, 0.6, 55, 0.6023345589637756, 0.6757141053676605, 0.7075629438239593, 0.2818661630153656, 0.603733479976654, 0.004357465542852879, 57.61417770385742, 1.6003593220682656e-47, 2.560060656679446e-94, 22.32435703277588, 596.98046875), (600, 4000, 0.6, 99, 0.5884184241294861, 0.20878088474273682, 0.7602369713487359, 0.368821382522583, 0.2611902058124542, 0.7729834318161011, 58.256813049316406, 2.021399152659145e-150, 4.0860545343710664e-300, 26.334336519241333, 609.62890625)]
Completed job 11
starting the work inside Run_jobs
parameter combinations: [[1000, 1000, 1, 11], [1000, 1000, 1, 55], [1000, 1000, 1, 99], [1000, 1000, 0.8, 11], [1000, 1000, 0.8, 55], [1000, 1000, 0.8, 99]]
test name: nountill_M2E
Begin work on process
Begin work on process
Begin work on process
Begin work on process
Begin work on process
Begin work on process
[(1000, 1000, 1, 11, 0.5669496655464172, 0.3816307783126831, 0.12364842182481754, 0.5018569827079773, 0.5472601652145386, 0.7078120708465576, 16.247713088989258, 174.3285269371017, 15319.960444145785, 3.251680850982666, 295.1015625), (1000, 1000, 1, 55, 0.6556500196456909, 0.7370087802410126, 0.9204074977221837, 0.21129213273525238, 0.2639785408973694, 0.6735862493515015, 18.893972396850586, 1.2317163070745733e-53, 1.517125061113383e-106, 3.517441987991333, 335.85546875), (1000, 1000, 1, 99, 0.5173189043998718, 0.7749282419681549, 0.9689956218264142, 0.42276981472969055, 0.13543209433555603, 0.5306880474090576, 20.566450119018555, 2.5060315497020473e-142, 6.280194128102045e-284, 4.0093607902526855, 336.796875), (1000, 1000, 0.8, 11, 0.7694289684295654, 1.10621976852417, 0.8574304095202162, 0.21281208097934723, 0.23258644342422485, 0.709144115447998, 15.999621391296387, 8081.67876885098, 58558821.776740946, 2.5419178009033203, 334.4296875), (1000, 1000, 0.8, 55, 0.8509305715560913, 1.1128553003072739, 1.0277731719049288, 0.14991313219070435, 0.6416399478912354, 0.49116945266723633, 19.234907150268555, 2.9051470643889365e-53, 8.242460649027895e-106, 3.3195648193359375, 335.2109375), (1000, 1000, 0.8, 99, 0.6290552020072937, 0.8663348704576492, 0.6464997318204707, 0.29461976885795593, 0.45346957445144653, 0.5007831454277039, 20.784095764160156, 5.749939791189516e-134, 3.306180760230416e-267, 3.397505521774292, 337.83984375)]
Completed job 12
starting the work inside Run_jobs
parameter combinations: [[1000, 1000, 0.6, 11], [1000, 1000, 0.6, 55], [1000, 1000, 0.6, 99], [1000, 2000, 1, 11], [1000, 2000, 1, 55], [1000, 2000, 1, 99]]
test name: nountill_M2E
[(1000, 1000, 0.6, 11, 0.48908737301826477, 0.497830867767334, 0.479050854473318, 0.34835201501846313, 0.5551890134811401, 0.3720744848251343, 16.30915069580078, 29.108187862414308, 561.1375002979505, 2.68241286277771, 294.85546875), (1000, 1000, 0.6, 55, 0.3294788599014282, 0.0890849232673645, 0.6457316722096349, 0.3508574962615967, 0.39758196473121643, 0.6479032039642334, 19.39021873474121, 5.3253158976909365e-52, 2.8358893219765555e-103, 8.670389652252197, 334.609375), (1000, 1000, 0.6, 99, 0.30500444769859314, 0.29336225986480713, 0.4404532956132848, 0.28918027877807617, 0.4195328652858734, 0.22640728950500488, 20.687646865844727, 1.090863422202591e-115, 1.1899830058995482e-230, 3.6388309001922607, 335.93359375), (1000, 2000, 1, 11, 0.3767724931240082, 0.18660861253738403, 0.22801785519563678, 0.44546419382095337, 0.6114699840545654, 0.6215956807136536, 33.459171295166016, 23425.048430349114, 407924752.63490206, 20.101051807403564, 437.84765625), (1000, 2000, 1, 55, 0.44939324259757996, 0.1294308304786682, 0.802110655744302, 0.25275492668151855, 0.4660794138908386, 0.7922266721725464, 36.11461639404297, 1.7851475206199859e-44, 3.1867516703743035e-88, 80.61418080329895, 434.41796875), (1000, 2000, 1, 99, 0.5833978056907654, 0.3695545196533203, 0.3997412080272809, 0.46706002950668335, 0.6575567722320557, 0.6970906257629395, 36.853515625, 2.7504505159739318e-143, 7.564978040821268e-286, 89.40319061279297, 460.4609375)]
Completed job 13
starting the work inside Run_jobs
parameter combinations: [[1000, 2000, 0.8, 11], [1000, 2000, 0.8, 55], [1000, 2000, 0.8, 99], [1000, 2000, 0.6, 11], [1000, 2000, 0.6, 55], [1000, 2000, 0.6, 99]]
test name: nountill_M2E
[(1000, 2000, 0.8, 11, 0.4728596806526184, 0.21984612941741943, 1.211838910165001, 0.27864551544189453, 0.37613481283187866, 0.70359867811203, 33.189247131347656, 5460.000873047654, 8150145.166571714, 6.438169240951538, 406.9609375), (1000, 2000, 0.8, 55, 0.6011002063751221, 0.46152424812316895, 0.5791108899218849, 0.3318239152431488, 0.5175759792327881, 0.6923584938049316, 35.83692169189453, 3.3221360990003933e-57, 1.1036564606033657e-113, 286.4813268184662, 434.7265625), (1000, 2000, 0.8, 99, 0.8327871561050415, 1.2684624791145325, 1.2432388340059943, 0.3171129524707794, 0.40106114745140076, 0.6300815939903259, 36.89435577392578, 4.382387834376825e-132, 1.920532265563896e-263, 93.45039129257202, 442.17578125), (1000, 2000, 0.6, 11, 0.25622856616973877, 0.3903696537017822, 0.8299469486052238, 0.35832539200782776, 0.1853514015674591, 0.32291486859321594, 33.023399353027344, 12.386019339600944, 39.371615219632886, 57.36920166015625, 442.5859375), (1000, 2000, 0.6, 55, 0.6896131038665771, 1.3058570325374603, 0.9278062274360458, 0.23306898772716522, 0.6803278923034668, 0.028599897399544716, 35.906707763671875, 2.2140850675602102e-49, 4.902172586122108e-98, 302.0429759025574, 443.41015625), (1000, 2000, 0.6, 99, 0.8963779807090759, 0.676116943359375, 0.9838534473496764, 0.1943284273147583, 0.7206364870071411, 0.8153408765792847, 36.97528076171875, 6.1627707080249e-128, 3.7979742799689727e-255, 300.5586483478546, 445.48046875)]
Completed job 14
starting the work inside Run_jobs
parameter combinations: [[1000, 3000, 1, 11], [1000, 3000, 1, 55], [1000, 3000, 1, 99], [1000, 3000, 0.8, 11], [1000, 3000, 0.8, 55], [1000, 3000, 0.8, 99]]
test name: nountill_M2E
Begin work on process
Begin work on process
Begin work on process
Begin work on process
Begin work on process
Begin work on process
[(1000, 3000, 1, 11, 0.44017356634140015, 0.2963467836380005, 0.9854924052277517, 0.21987876296043396, 0.2296062409877777, 0.5703864097595215, 45.51474380493164, 75987.91272429848, 1843811298.6273303, 22.708171844482422, 483.9765625), (1000, 3000, 1, 55, 0.15805427730083466, 1.0218688230961561, 0.8516402815383655, 0.22213223576545715, 0.1498858481645584, 0.04698288068175316, 47.77184295654297, 7.371749838338257e-45, 5.427355346629645e-89, 24.323212385177612, 496.48046875), (1000, 3000, 1, 99, 0.6253795623779297, 1.1085066497325897, 1.0589075034297286, 0.3402470648288727, 0.19568201899528503, 0.5731231570243835, 48.962677001953125, 2.3711858757673166e-127, 5.622522457438416e-254, 13.26225733757019, 499.93359375), (1000, 3000, 0.8, 11, 0.5361205339431763, 0.5299954414367676, 0.955625537787499, 0.23524010181427002, 0.2221088707447052, 0.6033817529678345, 45.437896728515625, 1341.1652321761685, 899313.2400064878, 8.829305171966553, 485.56640625), (1000, 3000, 0.8, 55, 0.7003044486045837, 1.2156490087509155, 0.7749858538238404, 0.35042619705200195, 0.3099076449871063, 0.5647143721580505, 48.020484924316406, 2.817331741239908e-36, 7.937358140197566e-72, 11.753535032272339, 494.08203125), (1000, 3000, 0.8, 99, 0.772642970085144, 0.7260125875473022, 0.2662067252152749, 0.418230801820755, 0.6298227310180664, 0.6522286534309387, 48.881465911865234, 8.245778502179726e-120, 6.79928631070068e-239, 13.010658264160156, 502.5390625)]
Completed job 15
starting the work inside Run_jobs
parameter combinations: [[1000, 3000, 0.6, 11], [1000, 3000, 0.6, 55], [1000, 3000, 0.6, 99], [1000, 4000, 1, 11], [1000, 4000, 1, 55], [1000, 4000, 1, 99]]
test name: nountill_M2E
Begin work on process
Begin work on process
Begin work on process
Begin work on process
Begin work on process
Begin work on process
[(1000, 3000, 0.6, 11, 0.22832433879375458, 0.33333730697631836, 0.787130814809374, 0.09630846977233887, 0.15337222814559937, 0.299892395734787, 45.41584396362305, 11.32010848359654, 39.079543967854434, 12.986594676971436, 483.12890625), (1000, 3000, 0.6, 55, 0.9564027190208435, 0.8457577526569366, 1.0286212246174442, 0.18717221915721893, 0.42905592918395996, 0.9234980344772339, 47.823951721191406, 1.304761448096275e-47, 1.7024024364340778e-94, 15.176582336425781, 495.7734375), (1000, 3000, 0.6, 99, 0.4697119891643524, 0.21441829204559326, 0.5294772225937043, 0.287174254655838, 0.27747926115989685, 0.6551908254623413, 48.9122428894043, 8.125424928406954e-150, 4.566501592528135e-299, 15.843658208847046, 501.12109375), (1000, 4000, 1, 11, 0.30168187618255615, 0.09693366289138794, 0.3441285537308779, 0.44008710980415344, 0.5756065845489502, 0.6927047371864319, 55.74925994873047, 468931.06338005146, 66929986358.55648, 20.771446704864502, 620.4609375), (1000, 4000, 1, 55, 0.5422977805137634, 0.30140918493270874, 0.1975831539405115, 0.44040384888648987, 0.4429965913295746, 0.7494902014732361, 57.7939338684082, 4.465584134420071e-40, 1.9941441661580626e-79, 26.022876262664795, 643.66015625), (1000, 4000, 1, 99, 0.5497265458106995, 0.66089928150177, 0.7715433830253183, 0.1946207880973816, 0.5139322876930237, 0.43589386343955994, 58.61378860473633, 4.7029609026742085e-111, 2.2117841252082205e-221, 30.533872842788696, 656.32421875)]
Completed job 16
starting the work inside Run_jobs
parameter combinations: [[1000, 4000, 0.8, 11], [1000, 4000, 0.8, 55], [1000, 4000, 0.8, 99], [1000, 4000, 0.6, 11], [1000, 4000, 0.6, 55], [1000, 4000, 0.6, 99]]
test name: nountill_M2E
[(1000, 4000, 0.8, 11, 0.26694685220718384, 0.3477102518081665, 1.0046541795354194, 0.2440105825662613, 0.2082476019859314, 0.35111773014068604, 55.79381561279297, 15340.854941822943, 86601678.02835476, 22.544801235198975, 623.84765625), (1000, 4000, 0.8, 55, 0.5299341082572937, 0.556037962436676, 0.8482177353393886, 0.23298652470111847, 0.25112417340278625, 0.5912777185440063, 57.725975036621094, 1.3034855921248577e-35, 1.699074688877087e-70, 27.387492895126343, 638.06640625), (1000, 4000, 0.8, 99, 0.4133228063583374, 1.480789303779602, 0.8463394453801428, 0.2304614931344986, 0.306255042552948, 0.16696025431156158, 58.66319274902344, 5.980105353301387e-131, 3.57616599705868e-261, 30.57979726791382, 659.07421875), (1000, 4000, 0.6, 11, 0.6546609401702881, 1.0197642128914595, 1.2569308197615205, 0.2936418056488037, 0.43336403369903564, 0.4821995496749878, 55.51836395263672, 299.57959834708385, 37522.15671779419, 37.06294083595276, 626.625), (1000, 4000, 0.6, 55, 0.6379324793815613, 0.5309700071811676, 0.37517812046044163, 0.41323697566986084, 0.6247786283493042, 0.6131680011749268, 57.82859420776367, 2.3879965086253802e-49, 5.7025209567017384e-98, 25.951178312301636, 642.1953125), (1000, 4000, 0.6, 99, 0.5906368494033813, 0.459022581577301, 0.32124029891761563, 0.4898604452610016, 0.5317150354385376, 0.6734839677810669, 58.520103454589844, 9.408575690195667e-148, 8.852128756971838e-295, 31.127440214157104, 652.0)]
Completed job 17
