__name__ : __main__
starting the work inside Run_jobs
parameter combinations: [[350, 1000, 1, 11], [350, 1000, 1, 50], [350, 1000, 1, 100]]
[(350, 1000, 1, 11, 0.14406812191009521, 0.02426367998123169, 1.0066930900964912, 0.18609534204006195, 0.6194343566894531, 0.5558082461357117, 14.764490127563477, 7.272519023776584e-05, 7.407961614779115e-11, 9.004397630691528, 260.609375), (350, 1000, 1, 50, 0.2711525857448578, 0.21333098411560059, 0.813293822365736, 0.35561060905456543, 0.3725135028362274, 0.43668559193611145, 18.11031150817871, 4.0266151556636645e-35, 1.7532139751720863e-70, 54.030921459198, 289.23046875), (350, 1000, 1, 100, 0.08597313612699509, 0.1590653657913208, 0.8730567493770466, 0.25492221117019653, 0.12894916534423828, 0.15865983068943024, 19.36448860168457, 2.8197109441127867e-75, 2.0553497907145253e-151, 252.05841779708862, 292.69140625)]
Completed job 0
__name__ : __main__
starting the work inside Run_jobs
parameter combinations: [[350, 1000, 0.75, 11], [350, 1000, 0.75, 50], [350, 1000, 0.75, 100]]
[(350, 1000, 0.75, 11, 0.1224047914147377, 0.07120680809020996, 1.0812360076274836, 0.20657125115394592, 0.3093012869358063, 0.24433928728103638, 15.426926612854004, 0.015341054404150326, 1.2918454429022904e-06, 13.090587377548218, 262.06640625), (350, 1000, 0.75, 50, 0.1949072927236557, 0.07760399580001831, 0.5711468352951392, 0.37304389476776123, 0.4567730128765106, 0.3384853005409241, 18.027252197265625, 2.708554668431782e-23, 4.199204685705794e-47, 51.11736583709717, 289.234375), (350, 1000, 0.75, 100, 0.2579248547554016, 0.12793952226638794, 1.121995400363092, 0.18258970975875854, 0.4972570836544037, 0.3481821119785309, 19.518749237060547, 2.360027359801217e-50, 1.82545576088917e-101, 180.53569793701172, 290.546875)]
Completed job 1
__name__ : __main__
starting the work inside Run_jobs
parameter combinations: [[350, 2500, 1, 11], [350, 2500, 1, 50], [350, 2500, 1, 100]]
[(350, 2500, 1, 11, 0.24587181210517883, 0.47249388694763184, 0.9948909759521485, 0.22828465700149536, 0.21694694459438324, 0.27717888355255127, 37.45284652709961, 0.00025027854894656316, 4.368194282810408e-10, 18.74390482902527, 430.51171875), (350, 2500, 1, 50, 0.10672016441822052, 0.10446822643280029, 1.0082313537597656, 0.23381420969963074, 0.2392684668302536, 0.22151923179626465, 40.377166748046875, 5.915032984006251e-35, 6.770950054727553e-71, 262.8329026699066, 459.39453125), (350, 2500, 1, 100, 0.2128007560968399, 0.12075614929199219, 0.5828665924072266, 0.2809077799320221, 0.4431222677230835, 0.36269041895866394, 41.75082015991211, 1.724072205038163e-74, 2.9112488312268746e-149, 1226.693736076355, 459.62890625)]
Completed job 2
__name__ : __main__
starting the work inside Run_jobs
parameter combinations: [[350, 2500, 0.75, 11], [350, 2500, 0.75, 50], [350, 2500, 0.75, 100]]
[(350, 2500, 0.75, 11, 0.18704943358898163, 0.049112141132354736, 0.17226358413696288, 0.48730719089508057, 0.5906787514686584, 0.5221906304359436, 37.6126708984375, 0.0021013540548639855, 6.146804653708606e-08, 105.6489565372467, 427.375), (350, 2500, 0.75, 50, 0.2106446921825409, 0.05640852451324463, 0.1351534366607666, 0.5143353343009949, 0.6272335052490234, 0.6270419955253601, 40.31515121459961, 8.148043065891776e-23, 1.4245554538475594e-46, 312.92607069015503, 456.1328125), (350, 2500, 0.75, 100, 0.14716051518917084, 0.04966270923614502, 1.1680252075195312, 0.2506168782711029, 0.45349663496017456, 0.3893064856529236, 41.79838180541992, 5.937163706375387e-50, 6.393348280034477e-100, 966.2418603897095, 457.25390625)]
Completed job 3
__name__ : __main__
starting the work inside Run_jobs
parameter combinations: [[350, 4000, 1, 11], [350, 4000, 1, 50], [350, 4000, 1, 100]]
[(350, 4000, 1, 11, 0.14661474525928497, 0.025880038738250732, 0.7342379062277418, 0.34051913022994995, 0.6265677809715271, 0.6482810974121094, 53.849876403808594, 0.00029644945343109167, 1.0703693184621593e-09, 33.436561822891235, 546.74609375), (350, 4000, 1, 50, 0.22139513492584229, 0.09140896797180176, 0.20398229862143724, 0.5014891624450684, 0.5267149209976196, 0.5033673048019409, 56.40428161621094, 1.0466440220370952e-34, 5.381393737979442e-71, 640.9711513519287, 561.8984375), (350, 4000, 1, 100, 0.1929996907711029, 0.08745861053466797, 0.5101338662361947, 0.3838769495487213, 0.47148066759109497, 0.43838199973106384, 57.48515319824219, 3.2429174324783065e-74, 4.0174750242978315e-149, 2741.0216116905212, 578.01953125)]
Completed job 4
__name__ : __main__
starting the work inside Run_jobs
parameter combinations: [[350, 4000, 0.75, 11], [350, 4000, 0.75, 50], [350, 4000, 0.75, 100]]
[(350, 4000, 0.75, 11, 0.06330522149801254, 0.11737847328186035, 1.012595701187712, 0.21389707922935486, 0.13273277878761292, 0.106459841132164, 54.0142707824707, 0.010321959486975774, 2.882749676134627e-06, 31.91688895225525, 561.7734375), (350, 4000, 0.75, 50, 0.2676966190338135, 0.03870195150375366, 0.8371337678158423, 0.28076472878456116, 0.4210222661495209, 0.6459875106811523, 56.43003463745117, 9.188718508138398e-23, 1.485772637680776e-46, 753.2876868247986, 560.50390625), (350, 4000, 0.75, 100, 0.106406070291996, 0.07357227802276611, 0.987392320249704, 0.22052863240242004, 0.27370110154151917, 0.2801121175289154, 57.441829681396484, 9.218455325099778e-50, 1.2287452627012138e-100, 3181.3194196224213, 587.890625)]
Completed job 5
__name__ : __main__
starting the work inside Run_jobs
parameter combinations: [[600, 1000, 1, 11], [600, 1000, 1, 50], [600, 1000, 1, 100]]
[(600, 1000, 1, 11, 0.12846913933753967, 0.038865745067596436, 0.5169376535992466, 0.35861626267433167, 0.46213197708129883, 0.42913195490837097, 14.764418601989746, 7.99344366223949e-05, 2.8856913919632198e-11, 4.497525691986084, 276.34375), (600, 1000, 1, 50, 0.1433447152376175, 0.11039984226226807, 0.7940107250072458, 0.24758939445018768, 0.29370734095573425, 0.3117997646331787, 17.719572067260742, 1.9192892210596796e-35, 4.2533707841194147e-72, 44.22412061691284, 308.0234375), (600, 1000, 1, 100, 0.14762257039546967, 0.17850440740585327, 1.0586467073816086, 0.19201865792274475, 0.21259663999080658, 0.25888925790786743, 19.44173240661621, 5.232127240763713e-75, 2.4061809006570876e-150, 184.02930164337158, 310.94140625)]
Completed job 6
__name__ : __main__
starting the work inside Run_jobs
parameter combinations: [[600, 1000, 0.75, 11], [600, 1000, 0.75, 50], [600, 1000, 0.75, 100]]
[(600, 1000, 0.75, 11, 0.12102250754833221, 0.07888674736022949, 0.840408727191494, 0.25533583760261536, 0.22782444953918457, 0.2921951711177826, 14.177047729492188, 0.016475911073336513, 9.628127852622971e-07, 4.937546014785767, 274.12890625), (600, 1000, 0.75, 50, 0.09341434389352798, 0.13629382848739624, 0.8956338055439992, 0.2351822704076767, 0.16156479716300964, 0.1853235363960266, 17.43515396118164, 1.4470654042950336e-23, 3.1230634452500426e-48, 76.0351152420044, 305.71484375), (600, 1000, 0.75, 100, 0.2792700529098511, 0.10731315612792969, 0.9897514466482134, 0.19706133008003235, 0.5865811705589294, 0.6136667728424072, 19.493061065673828, 1.582128228802141e-50, 3.189258471767418e-101, 263.36213660240173, 305.47265625)]
Completed job 7
__name__ : __main__
starting the work inside Run_jobs
parameter combinations: [[600, 2500, 1, 11], [600, 2500, 1, 50], [600, 2500, 1, 100]]
[(600, 2500, 1, 11, 0.09197114408016205, 0.02653050422668457, 0.842253189086914, 0.40776342153549194, 0.39283132553100586, 0.40187951922416687, 37.385719299316406, 0.00023883218937312197, 5.176734915313357e-10, 14.346529960632324, 456.78125), (600, 2500, 1, 50, 0.20846770703792572, 0.08054721355438232, 0.1459492588043213, 0.5077500939369202, 0.52970290184021, 0.4958968758583069, 40.58672332763672, 8.476049036108401e-35, 1.4697585453979638e-70, 310.3471350669861, 487.9140625), (600, 2500, 1, 100, 0.08929482102394104, 0.1205911636352539, 0.9510184478759766, 0.2591765522956848, 0.1501755565404892, 0.18556547164916992, 42.084022521972656, 1.2864933705791917e-74, 5.264615905477811e-150, 1170.331463098526, 487.25)]
Completed job 8
__name__ : __main__
starting the work inside Run_jobs
parameter combinations: [[600, 2500, 0.75, 11], [600, 2500, 0.75, 50], [600, 2500, 0.75, 100]]
[(600, 2500, 0.75, 11, 0.13484399020671844, 0.07408130168914795, 0.9447383880615234, 0.1664322018623352, 0.2972494065761566, 0.20055241882801056, 38.008056640625, 0.03650576038050065, 2.860516151934287e-06, 20.4157075881958, 451.046875), (600, 2500, 0.75, 50, 0.16479791700839996, 0.06778669357299805, 1.0020699310302734, 0.1885395497083664, 0.4479833245277405, 0.38807985186576843, 40.25318908691406, 3.230023172898998e-23, 7.523525414354617e-48, 397.5906093120575, 482.66796875), (600, 2500, 0.75, 100, 0.2852635979652405, 0.06523555517196655, 0.5693815994262695, 0.4398754835128784, 0.6025448441505432, 0.751788854598999, 41.95338439941406, 1.8753492239627215e-50, 2.300210562064656e-101, 1343.1624732017517, 480.875)]
Completed job 9
__name__ : __main__
starting the work inside Run_jobs
parameter combinations: [[600, 4000, 1, 11], [600, 4000, 1, 50], [600, 4000, 1, 100]]
[(600, 4000, 1, 11, 0.113274946808815, 0.02463918924331665, 0.9629026545131266, 0.28533193469047546, 0.4663834869861603, 0.5022685527801514, 54.261016845703125, 0.00032701559216538546, 4.383967152189303e-10, 34.11872577667236, 588.98046875), (600, 4000, 1, 50, 0.06669402867555618, 0.09223663806915283, 0.8584803845245691, 0.2986058294773102, 0.15801693499088287, 0.13606993854045868, 56.73711395263672, 7.26249099203149e-35, 1.836351239278691e-70, 734.5312142372131, 592.109375), (600, 4000, 1, 100, 0.1655474305152893, 0.08956354856491089, 1.157577296868597, 0.22647039592266083, 0.37668484449386597, 0.3988717198371887, 57.699920654296875, 1.6001460116696106e-74, 5.577860896352414e-150, 2761.298466205597, 614.0234375)]
Completed job 10
__name__ : __main__
starting the work inside Run_jobs
parameter combinations: [[600, 4000, 0.75, 11], [600, 4000, 0.75, 50], [600, 4000, 0.75, 100]]
[(600, 4000, 0.75, 11, 0.09911847859621048, 0.017968833446502686, 0.6991212847212935, 0.27179503440856934, 0.4866180121898651, 0.5151692628860474, 54.33538055419922, 0.06574139264369039, 1.7896533831715597e-05, 31.69873833656311, 582.33203125), (600, 4000, 0.75, 50, 0.3392849862575531, 0.9833533801138401, 1.2623443914837564, 0.25075942277908325, 0.30261752009391785, 0.1585378646850586, 56.64936065673828, 1.2684984175921412e-22, 6.601323756681647e-47, 589.2446057796478, 590.484375), (600, 4000, 0.75, 100, 0.2562426030635834, 0.7809572815895081, 0.9964103557966251, 0.18709206581115723, 0.24095043540000916, 0.15470348298549652, 57.76006317138672, 7.813759207030859e-50, 4.30172858563613e-101, 2524.2667326927185, 608.48828125)]
Completed job 11
__name__ : __main__
starting the work inside Run_jobs
parameter combinations: [[1000, 1000, 1, 11], [1000, 1000, 1, 50], [1000, 1000, 1, 100]]
[(1000, 1000, 1, 11, 0.10967518389225006, 0.11823731660842896, 1.07696421134369, 0.3495689332485199, 0.23237134516239166, 0.20105896890163422, 13.601017951965332, 7.157764778724719e-05, 4.186217281887719e-11, 5.544978618621826, 295.61328125), (1000, 1000, 1, 50, 0.15831704437732697, 0.1584659218788147, 0.8009107158475463, 0.27454182505607605, 0.2698981463909149, 0.2888263761997223, 17.492341995239258, 3.636574076358778e-35, 1.1671284685845564e-70, 68.0451192855835, 333.32421875), (1000, 1000, 1, 100, 0.3980456590652466, 1.0264459997415543, 1.244414475951016, 0.5235861539840698, 0.15957261621952057, 0.3604643940925598, 18.94680404663086, 2.4948575885237585e-75, 2.0454306357414106e-150, 320.3196008205414, 337.80078125)]
Completed job 12
__name__ : __main__
starting the work inside Run_jobs
parameter combinations: [[1000, 1000, 0.75, 11], [1000, 1000, 0.75, 50], [1000, 1000, 0.75, 100]]
[(1000, 1000, 0.75, 11, 0.11690092086791992, 0.02019941806793213, 1.1173970550975907, 0.21099449694156647, 0.573158860206604, 0.5845688581466675, 14.035259246826172, 0.011287481062311935, 2.399417458279572e-06, 9.245258808135986, 297.26171875), (1000, 1000, 0.75, 50, 0.14451315999031067, 0.07400631904602051, 0.9613422280805892, 0.19585227966308594, 0.3325856029987335, 0.2364339679479599, 17.116748809814453, 2.150711036761746e-23, 1.2414732131220822e-47, 83.68165707588196, 334.6796875), (1000, 1000, 0.75, 100, 0.4685850143432617, 0.561616837978363, 0.9237571882002246, 0.19294266402721405, 0.5130550265312195, 0.1416497379541397, 19.441770553588867, 2.088455098319747e-50, 4.1686312989800387e-101, 262.4081552028656, 339.23828125)]
Completed job 13
__name__ : __main__
starting the work inside Run_jobs
parameter combinations: [[1000, 2500, 1, 11], [1000, 2500, 1, 50], [1000, 2500, 1, 100]]
[(1000, 2500, 1, 11, 0.15346455574035645, 0.042124271392822266, 0.31392009735107423, 0.47283869981765747, 0.5296288132667542, 0.48690199851989746, 38.23064422607422, 0.00017589982270013092, 8.089392280033071e-11, 15.424818515777588, 431.55859375), (1000, 2500, 1, 50, 0.2150411307811737, 0.4003673791885376, 1.0490530395507813, 0.19589944183826447, 0.2070339173078537, 0.26122617721557617, 40.72159957885742, 9.525068266810172e-35, 2.1392107999769113e-70, 354.54143047332764, 414.62890625), (1000, 2500, 1, 100, 0.17735356092453003, 0.08536702394485474, 0.8286962890625, 0.17959773540496826, 0.39843618869781494, 0.2902143597602844, 42.32018280029297, 3.543435482069518e-74, 2.111935736809226e-148, 1396.7597336769104, 424.96875)]
Completed job 14
__name__ : __main__
starting the work inside Run_jobs
parameter combinations: [[1000, 2500, 0.75, 11], [1000, 2500, 0.75, 50], [1000, 2500, 0.75, 100]]
[(1000, 2500, 0.75, 11, 0.05239756777882576, 0.07707536220550537, 0.8208069610595703, 0.1899624913930893, 0.13475461304187775, 0.11700711399316788, 38.1264533996582, 0.0423074766046406, 2.651815799633633e-06, 63.194026470184326, 426.91015625), (1000, 2500, 0.75, 50, 0.21561865508556366, 0.07660210132598877, 0.7367245483398438, 0.38884231448173523, 0.41014277935028076, 0.52605801820755, 41.075618743896484, 6.75170973460425e-23, 2.4100376782739514e-47, 300.43842911720276, 411.74609375), (1000, 2500, 0.75, 100, 0.17036983370780945, 0.39715027809143066, 1.0621531677246094, 0.2514704167842865, 0.18848596513271332, 0.19369377195835114, 42.21407699584961, 4.538662993341098e-50, 6.645523312666622e-101, 1203.8211703300476, 414.87109375)]
Completed job 15
__name__ : __main__
starting the work inside Run_jobs
parameter combinations: [[1000, 4000, 1, 11], [1000, 4000, 1, 50], [1000, 4000, 1, 100]]
[(1000, 4000, 1, 11, 0.14217957854270935, 0.026848554611206055, 0.24175133142176852, 0.4251081347465515, 0.5790649652481079, 0.514008104801178, 54.60614776611328, 0.0003495541404126548, 2.9667283564131363e-10, 37.74380278587341, 632.6953125), (1000, 4000, 1, 50, 0.19698749482631683, 0.07938319444656372, 0.6544168859462378, 0.3276585042476654, 0.49640703201293945, 0.49212488532066345, 56.84099578857422, 1.2529595740053274e-34, 1.8561340658190176e-70, 796.2873947620392, 636.4453125), (1000, 4000, 1, 100, 0.208730548620224, 0.15596437454223633, 0.7813230244074854, 0.26378577947616577, 0.3889068067073822, 0.3365466892719269, 57.95804214477539, 2.48355293727e-74, 1.6269365708410264e-149, 3474.2612478733063, 662.1484375)]
Completed job 16
__name__ : __main__
starting the work inside Run_jobs
parameter combinations: [[1000, 4000, 0.75, 11], [1000, 4000, 0.75, 50], [1000, 4000, 0.75, 100]]
[(1000, 4000, 0.75, 11, 0.0981714129447937, 0.04846644401550293, 0.7182546786123662, 0.3229130208492279, 0.24802905321121216, 0.1742100566625595, 54.624786376953125, 0.06243510755669062, 4.300434754714271e-06, 37.566683530807495, 625.46875), (1000, 4000, 0.75, 50, 0.2122555524110794, 0.10499757528305054, 0.7789560569732129, 0.33340850472450256, 0.4384285807609558, 0.3098944425582886, 56.84148406982422, 5.569518815278384e-23, 3.4170029072635814e-47, 795.8860507011414, 635.66796875), (1000, 4000, 0.75, 100, 0.2749853730201721, 0.08635085821151733, 0.8917621433467677, 0.24537022411823273, 0.6352152824401855, 0.4858081042766571, 58.02564239501953, 6.590638078411774e-50, 5.96605839244371e-101, 3007.8011763095856, 658.26953125)]
Completed job 17
