starting the work inside Run_jobs
parameter combinations: [[350, 1000, 1, 11], [350, 1000, 1, 55], [350, 1000, 1, 99], [350, 1000, 0.8, 11], [350, 1000, 0.8, 55], [350, 1000, 0.8, 99]]
test name: nountill_B2B
[(350, 1000, 1, 11, 0.227873295545578, 0.191908061504364, 1.1427684754635703, 0.34909573197364807, 0.2165132462978363, 0.3638015687465668, 11.916218757629395, 371.22655061683236, 72810.87738436053, 1.1466314792633057, 261.4375), (350, 1000, 1, 55, 0.31408724188804626, 0.5480656325817108, 1.257510815145359, 0.21914635598659515, 0.3368857800960541, 0.2435680329799652, 10.246830940246582, 1.5007062033275997e-09, 1.908866442272981e-18, 1.378504991531372, 289.421875), (350, 1000, 1, 99, 0.40072232484817505, 0.21612757444381714, 0.08157688453043915, 0.538604199886322, 0.6121457815170288, 0.6067548394203186, 9.899343490600586, 3.5841831660095314e-25, 6.456808438971289e-50, 1.6246938705444336, 290.140625), (350, 1000, 0.8, 11, 0.4640345275402069, 1.0017384341917932, 1.2926986091302732, 0.26384812593460083, 0.45339351892471313, 0.09801959246397018, 11.357681274414062, 7.796214103209868, 29.540902065518583, 1.1067428588867188, 289.97265625), (350, 1000, 0.8, 55, 0.545965313911438, 0.320048987865448, 0.5374718786872457, 0.41983190178871155, 0.6939440369606018, 0.27395832538604736, 10.630005836486816, 2.427342279248455e-19, 5.591127128765302e-38, 1.3840305805206299, 290.7734375), (350, 1000, 0.8, 99, 0.3076747953891754, 1.5372191667556763, 0.7707742980482674, 0.09955960512161255, 0.1246100515127182, 0.2222239375114441, 11.135385513305664, 9.325374847775754e-54, 8.489699626043788e-107, 1.5886213779449463, 289.58203125)]
Completed job 0
starting the work inside Run_jobs
parameter combinations: [[350, 1000, 0.6, 11], [350, 1000, 0.6, 55], [350, 1000, 0.6, 99], [350, 2000, 1, 11], [350, 2000, 1, 55], [350, 2000, 1, 99]]
test name: nountill_B2B
[(350, 1000, 0.6, 11, 0.2741774916648865, 0.32656192779541016, 0.7400545675038659, 0.14998233318328857, 0.18900974094867706, 0.36318984627723694, 10.90858268737793, 0.7560034163668452, 0.2920727123731054, 3.974881172180176, 261.98046875), (350, 1000, 0.6, 55, 0.24232472479343414, 0.14218688011169434, 0.3614110409722164, 0.3508165776729584, 0.36021944880485535, 0.46534937620162964, 10.770220756530762, 1.572398993993627e-42, 2.4724385925676343e-84, 1.8710346221923828, 286.0625), (350, 1000, 0.6, 99, 0.6733245253562927, 0.34752362966537476, 0.31282177087045127, 0.5340394377708435, 0.7155067920684814, 0.8660582304000854, 11.313570976257324, 7.385132649051868e-88, 5.453573113972342e-175, 20.253013372421265, 289.41015625), (350, 2000, 1, 11, 0.1765487790107727, 0.036846697330474854, 0.8006055509369067, 0.3507266938686371, 0.6490078568458557, 0.6515675783157349, 27.6729736328125, 148.72518796510786, 4427.127625191434, 25.926782608032227, 374.26171875), (350, 2000, 1, 55, 0.3436933159828186, 0.46352994441986084, 1.1929525530825515, 0.2514011263847351, 0.198967844247818, 0.40662428736686707, 26.073497772216797, 1.3746809551733992e-13, 4.678890291838102e-27, 158.58220529556274, 383.00390625), (350, 2000, 1, 99, 0.39798489212989807, 0.14024221897125244, 0.658161988409049, 0.44295305013656616, 0.6524814367294312, 0.7785857915878296, 26.416213989257812, 9.339933300263164e-22, 4.363107405669938e-43, 133.45407891273499, 384.5078125)]
Completed job 1
starting the work inside Run_jobs
parameter combinations: [[350, 2000, 0.8, 11], [350, 2000, 0.8, 55], [350, 2000, 0.8, 99], [350, 2000, 0.6, 11], [350, 2000, 0.6, 55], [350, 2000, 0.6, 99]]
test name: nountill_B2B
[(350, 2000, 0.8, 11, 0.26138901710510254, 0.050136685371398926, 0.01260297500609503, 0.510992705821991, 0.6387385725975037, 0.7753546237945557, 26.94072723388672, 3088.279681348291, 6231741.778455404, 27.35575032234192, 354.84765625), (350, 2000, 0.8, 55, 0.3458312153816223, 0.10164648294448853, 0.21169358825471923, 0.553476095199585, 0.7284596562385559, 0.785577654838562, 26.092695236206055, 2.063549946574296e-18, 1.5008291148071147e-36, 44.40190935134888, 375.765625), (350, 2000, 0.8, 99, 0.40624621510505676, 0.34060513973236084, 0.991731768977097, 0.24552521109580994, 0.477055162191391, 0.505374550819397, 25.900279998779297, 2.8916055205211254e-46, 8.35491908202061e-92, 70.41125893592834, 382.3515625), (350, 2000, 0.6, 11, 0.2095002382993698, 0.05093991756439209, 0.3664927220534756, 0.37732210755348206, 0.6543910503387451, 0.5839920043945312, 26.92221450805664, 1.1494185792346079, 0.3262872196895125, 31.765888690948486, 385.5625), (350, 2000, 0.6, 55, 0.5013231039047241, 0.2617487907409668, 0.23900810576246243, 0.44133421778678894, 0.6752439737319946, 0.70795738697052, 25.195993423461914, 1.9917555059616527e-40, 3.919331493097425e-80, 65.71050477027893, 384.96484375), (350, 2000, 0.6, 99, 0.314353883266449, 0.07230424880981445, 1.373077474306409, 0.25425398349761963, 0.5709086060523987, 0.7606902122497559, 26.092615127563477, 2.2126225548422314e-87, 4.361510956632848e-174, 78.38738131523132, 385.94921875)]
Completed job 2
starting the work inside Run_jobs
parameter combinations: [[350, 3000, 1, 11], [350, 3000, 1, 55], [350, 3000, 1, 99], [350, 3000, 0.8, 11], [350, 3000, 0.8, 55], [350, 3000, 0.8, 99]]
test name: nountill_B2B
Begin work on process
Begin work on process
Begin work on process
Begin work on process
Begin work on process
Begin work on process
[(350, 3000, 1, 11, 0.1683737188577652, 0.030714452266693115, 0.07667071629550043, 0.487021267414093, 0.6743539571762085, 0.682690441608429, 37.941070556640625, 350.0377737078489, 34530.78096452459, 5.962075710296631, 422.0078125), (350, 3000, 1, 55, 0.4425849914550781, 0.24114233255386353, 0.6806975528618776, 0.33528199791908264, 0.6549869775772095, 0.37904101610183716, 37.51783752441406, 3.8737424441135594e-08, 4.650992213835613e-16, 8.77373480796814, 431.75), (350, 3000, 1, 99, 0.6390607953071594, 1.4721112251281738, 0.8744718749277369, 0.17085500061511993, 0.39228716492652893, 0.3522069454193115, 37.80934143066406, 2.5856095827388773e-21, 5.493845621009741e-42, 9.483033657073975, 432.64453125), (350, 3000, 0.8, 11, 0.17155736684799194, 0.026370346546173096, 0.4590255143732246, 0.4169671833515167, 0.7504242062568665, 0.7417274117469788, 38.17707061767578, 23.179862871094908, 176.191845379733, 5.784671068191528, 423.2265625), (350, 3000, 0.8, 55, 0.3619638681411743, 0.27523183822631836, 1.076389268667117, 0.25048235058784485, 0.48054683208465576, 0.4945554733276367, 37.87554931640625, 1.0040989582342817e-22, 7.165428278170254e-45, 8.28251838684082, 430.21484375), (350, 3000, 0.8, 99, 0.4797806441783905, 0.2063535451889038, 0.9632450068879654, 0.30595776438713074, 0.6657597422599792, 0.7855488061904907, 37.6375732421875, 2.7951952198630153e-34, 7.108732371862083e-68, 10.048062324523926, 434.48828125)]
Completed job 3
starting the work inside Run_jobs
parameter combinations: [[350, 3000, 0.6, 11], [350, 3000, 0.6, 55], [350, 3000, 0.6, 99], [350, 4000, 1, 11], [350, 4000, 1, 55], [350, 4000, 1, 99]]
test name: nountill_B2B
[(350, 3000, 0.6, 11, 0.15989680588245392, 0.08696973323822021, 0.6375118322614661, 0.20778173208236694, 0.11019967496395111, 0.2540644407272339, 37.54399490356445, 0.00128895393713853, 5.521034564652889e-07, 7.864668607711792, 420.625), (350, 3000, 0.6, 55, 0.855027437210083, 1.2934347987174988, 0.8891594912387656, 0.23645052313804626, 0.14546704292297363, 0.8009577989578247, 37.02226638793945, 2.361116076030831e-40, 5.574862671787626e-80, 10.351720809936523, 429.9296875), (350, 3000, 0.6, 99, 0.8077012896537781, 0.48646026849746704, 0.20381818669279905, 0.5678396224975586, 0.753345251083374, 0.8711484670639038, 37.597511291503906, 3.9081062943293644e-94, 1.5272190778287114e-187, 10.203585863113403, 431.8984375), (350, 4000, 1, 11, 0.4559319019317627, 0.55211141705513, 1.0436692433920132, 0.17215459048748016, 0.509583055973053, 0.2111821472644806, 47.81177520751953, 194.773362265974, 6346.875060331055, 15.551130294799805, 545.03515625), (350, 4000, 1, 55, 0.534048855304718, 0.28013765811920166, 1.0289186869142732, 0.40448427200317383, 0.13700959086418152, 0.6241410970687866, 46.806758880615234, 2.4666176634392473e-08, 1.337848760176301e-16, 31.875754594802856, 556.95703125), (350, 4000, 1, 99, 0.33251652121543884, 0.655603677034378, 1.1111312231035544, 0.19463540613651276, 0.3315393030643463, 0.23116885125637054, 47.47987365722656, 1.9135747509710961e-28, 1.1141437174962122e-56, 32.910146951675415, 556.5625)]
Completed job 4
starting the work inside Run_jobs
parameter combinations: [[350, 4000, 0.8, 11], [350, 4000, 0.8, 55], [350, 4000, 0.8, 99], [350, 4000, 0.6, 11], [350, 4000, 0.6, 55], [350, 4000, 0.6, 99]]
test name: nountill_B2B
[(350, 4000, 0.8, 11, 0.24850957095623016, 0.0733746886253357, 0.9090486114216475, 0.25940659642219543, 0.6213735342025757, 0.6604852676391602, 47.57196807861328, 179.69265562173297, 14767.853879446384, 17.015512228012085, 545.9296875), (350, 4000, 0.8, 55, 0.5535311698913574, 0.33680903911590576, 0.37760814791694824, 0.4786737263202667, 0.7329732775688171, 0.5598676800727844, 47.364776611328125, 1.1421221095224952e-18, 1.0769232339661005e-36, 13.468217849731445, 561.47265625), (350, 4000, 0.8, 99, 0.3122560977935791, 0.28712451457977295, 1.4516296486965374, 0.3386014401912689, 0.29976412653923035, 0.44458556175231934, 47.781944274902344, 5.654876293683696e-33, 1.688709625402633e-65, 16.262702226638794, 567.40234375), (350, 4000, 0.6, 11, 0.14109490811824799, 0.25677603483200073, 1.2121874570702877, 0.36236801743507385, 0.203426793217659, 0.18839678168296814, 47.863616943359375, 44.5039192784719, 1838.8554482590541, 10.63493013381958, 550.55078125), (350, 4000, 0.6, 55, 0.41905635595321655, 0.15491974353790283, 0.38340550818196295, 0.43256157636642456, 0.6787092685699463, 0.783176064491272, 47.354549407958984, 1.4135573740755837e-32, 1.9981152003076877e-64, 13.43889570236206, 561.33203125), (350, 4000, 0.6, 99, 0.508823573589325, 0.15259385108947754, 0.6676487544279647, 0.26571372151374817, 0.2159433215856552, 0.6787295341491699, 47.636390686035156, 1.9438897608335136e-78, 3.778703900249399e-156, 16.286957263946533, 566.26171875)]
Completed job 5
starting the work inside Run_jobs
parameter combinations: [[600, 1000, 1, 11], [600, 1000, 1, 55], [600, 1000, 1, 99], [600, 1000, 0.8, 11], [600, 1000, 0.8, 55], [600, 1000, 0.8, 99]]
test name: nountill_B2B
[(600, 1000, 1, 11, 0.2861073613166809, 0.0547337532043457, 0.9750734499091127, 0.3042754530906677, 0.5589553713798523, 0.7487981915473938, 7.549735069274902, 245.88016158457222, 42776.61194763323, 1.2784276008605957, 273.74609375), (600, 1000, 1, 55, 0.5123183727264404, 0.4058530330657959, 1.0194373064694064, 0.2089821845293045, 0.17770269513130188, 0.597556471824646, 7.8101606369018555, 1.0444512283759601e-07, 5.4592904075187906e-15, 1.788341999053955, 302.01171875), (600, 1000, 1, 99, 0.6556466817855835, 0.28856194019317627, 0.4183396446599375, 0.4518069326877594, 0.6990113258361816, 0.931545615196228, 8.246110916137695, 1.0667691516037734e-20, 1.1316071590951777e-40, 2.0557174682617188, 304.734375), (600, 1000, 0.8, 11, 0.613396942615509, 0.774118572473526, 1.1931196263013275, 0.28702017664909363, 0.21280857920646667, 0.6253727078437805, 9.848719596862793, 87.90192651431138, 3633.2657828799784, 1.4581854343414307, 301.83984375), (600, 1000, 0.8, 55, 0.29521116614341736, 1.0721044838428497, 1.2556754096201719, 0.24538235366344452, 0.27844539284706116, 0.08002728968858719, 7.810152530670166, 4.418595845436576e-16, 1.2052015503690433e-31, 1.9096531867980957, 304.9453125), (600, 1000, 0.8, 99, 0.4718286693096161, 0.26488953828811646, 0.412172941452646, 0.5308643579483032, 0.6853917241096497, 0.5857764482498169, 8.123945236206055, 1.492469265605294e-49, 6.60690045905819e-99, 2.199251413345337, 302.05078125)]
Completed job 6
starting the work inside Run_jobs
parameter combinations: [[600, 1000, 0.6, 11], [600, 1000, 0.6, 55], [600, 1000, 0.6, 99], [600, 2000, 1, 11], [600, 2000, 1, 55], [600, 2000, 1, 99]]
test name: nountill_B2B
[(600, 1000, 0.6, 11, 0.5269477963447571, 0.27565473318099976, 0.4377869212441773, 0.35654357075691223, 0.7440733909606934, 0.6594364047050476, 8.30649471282959, 23.487119571055008, 408.8989552312298, 1.2509422302246094, 273.62890625), (600, 1000, 0.6, 55, 0.7953768372535706, 1.549669086933136, 1.4045898275772413, 0.43787428736686707, 0.3109886646270752, 0.5808112025260925, 7.549742698669434, 9.321999031858625e-45, 5.591925658991192e-89, 1.6492385864257812, 301.88671875), (600, 1000, 0.6, 99, 0.5809293985366821, 1.7406703233718872, 1.3320612118181563, 0.358616441488266, 0.4639725685119629, 0.14655764400959015, 7.483208656311035, 3.639016373352524e-101, 1.2702389496564457e-201, 1.8288745880126953, 304.4296875), (600, 2000, 1, 11, 0.24629637598991394, 0.12045836448669434, 0.4870827939922107, 0.4025898277759552, 0.5145556330680847, 0.4257991313934326, 26.321372985839844, 103.88410942314106, 1555.7384338932015, 4.099332571029663, 400.9375), (600, 2000, 1, 55, 0.6199697256088257, 0.2987878918647766, 0.6182988888113119, 0.41569873690605164, 0.5578879117965698, 0.8667595982551575, 24.491830825805664, 0.11272202948759387, 0.012706074513423007, 7.805973052978516, 387.09375), (600, 2000, 1, 99, 0.7131040692329407, 0.4710639715194702, 0.31850233371828174, 0.5417462587356567, 0.7087005972862244, 0.7579742670059204, 25.116470336914062, 2.2553997386568413e-22, 3.731140356312092e-44, 7.596431493759155, 403.578125)]
Completed job 7
starting the work inside Run_jobs
parameter combinations: [[600, 2000, 0.8, 11], [600, 2000, 0.8, 55], [600, 2000, 0.8, 99], [600, 2000, 0.6, 11], [600, 2000, 0.6, 55], [600, 2000, 0.6, 99]]
test name: nountill_B2B
[(600, 2000, 0.8, 11, 0.2900039851665497, 0.11197167634963989, 0.8234962800898107, 0.2043432742357254, 0.6045586466789246, 0.6195417046546936, 25.47201919555664, 257.4020850342477, 11251.167788176195, 15.515156984329224, 375.60546875), (600, 2000, 0.8, 55, 0.3933311700820923, 0.1703926920890808, 0.5583785296833433, 0.3956379294395447, 0.4584645628929138, 0.6789796948432922, 25.096660614013672, 1.3975496567864493e-10, 1.434329347561421e-20, 110.16280245780945, 398.34765625), (600, 2000, 0.8, 99, 0.4835855960845947, 0.205094575881958, 0.4400761402825475, 0.49331921339035034, 0.7436221241950989, 0.7651534676551819, 25.056724548339844, 1.4626944745591418e-33, 2.1393030161100552e-66, 26.540989637374878, 415.77734375), (600, 2000, 0.6, 11, 0.2645493745803833, 0.045029520988464355, 1.3999003270870438, 0.27269846200942993, 0.5885168313980103, 0.7607532143592834, 25.725914001464844, 22212.789172126926, 440393764.2106317, 8.661737203598022, 416.828125), (600, 2000, 0.6, 55, 0.3617994785308838, 0.20703434944152832, 0.6717700295106754, 0.2697155773639679, 0.33474352955818176, 0.5642780661582947, 24.573318481445312, 3.2006242460354744e-39, 1.0230509574899703e-77, 57.89578676223755, 419.00390625), (600, 2000, 0.6, 99, 0.6905252933502197, 0.4657812714576721, 0.525183057177251, 0.3803671896457672, 0.4119286835193634, 0.8163540363311768, 24.796010971069336, 1.2759709886973336e-100, 1.628016540756638e-200, 56.872119188308716, 417.83984375)]
Completed job 8
starting the work inside Run_jobs
parameter combinations: [[600, 3000, 1, 11], [600, 3000, 1, 55], [600, 3000, 1, 99], [600, 3000, 0.8, 11], [600, 3000, 0.8, 55], [600, 3000, 0.8, 99]]
test name: nountill_B2B
[(600, 3000, 1, 11, 0.35656705498695374, 0.1511859893798828, 0.7881767663180375, 0.24621833860874176, 0.6718763709068298, 0.5392805933952332, 38.00649642944336, 237.91910561150098, 13966.460815647768, 5.851799249649048, 439.54296875), (600, 3000, 1, 55, 0.38713014125823975, 0.1520388126373291, 1.0825426784216408, 0.26826393604278564, 0.6038568615913391, 0.2942882478237152, 36.65617752075195, 1.6325434611931951e-13, 1.9827578564587678e-26, 7.714629411697388, 453.171875), (600, 3000, 1, 99, 0.3916824460029602, 0.13982844352722168, 0.7232481668031133, 0.14839453995227814, 0.19985581934452057, 0.550098180770874, 37.37116241455078, 8.554253176338182e-20, 3.9980333423655344e-39, 8.749547719955444, 459.421875), (600, 3000, 0.8, 11, 0.2624351680278778, 0.08230829238891602, 0.5010629727201179, 0.4481673240661621, 0.4954552948474884, 0.6282435655593872, 37.08900451660156, 282.01125330795793, 34973.572073404, 5.841181993484497, 444.75390625), (600, 3000, 0.8, 55, 0.4480990171432495, 0.3658738136291504, 1.4617745524471173, 0.17150801420211792, 0.4988318383693695, 0.5443997383117676, 36.832698822021484, 1.6328423686694974e-16, 9.91882716964246e-33, 7.66413426399231, 454.0078125), (600, 3000, 0.8, 99, 0.5609063506126404, 0.41565263271331787, 0.637515175294654, 0.34176480770111084, 0.6701257228851318, 0.5290170311927795, 37.223812103271484, 7.65636458977291e-38, 5.855611211965573e-75, 9.145340204238892, 459.55859375)]
Completed job 9
starting the work inside Run_jobs
parameter combinations: [[600, 3000, 0.6, 11], [600, 3000, 0.6, 55], [600, 3000, 0.6, 99], [600, 4000, 1, 11], [600, 4000, 1, 55], [600, 4000, 1, 99]]
test name: nountill_B2B
Begin work on process
Begin work on process
Begin work on process
Begin work on process
Begin work on process
Begin work on process
[(600, 3000, 0.6, 11, 0.45669254660606384, 0.2744240164756775, 0.9309012304415796, 0.3716071844100952, 0.10025899112224579, 0.5241965651512146, 37.782569885253906, 5.273490435367837, 11.445580209586044, 6.236785173416138, 441.859375), (600, 3000, 0.6, 55, 0.5115693211555481, 0.4554011821746826, 1.2801392017656632, 0.27416446805000305, 0.3354177176952362, 0.6099451780319214, 37.10301971435547, 9.270203131149803e-43, 4.727413593045198e-85, 9.471142292022705, 453.44921875), (600, 3000, 0.6, 99, 0.3887321650981903, 0.1684352159500122, 0.5632614981114504, 0.3311507999897003, 0.6921117901802063, 0.6332894563674927, 36.76469802856445, 4.0284956065171515e-97, 7.526766569530782e-194, 10.256489515304565, 460.55859375), (600, 4000, 1, 11, 0.2960478365421295, 0.20881783962249756, 0.7623537494265025, 0.3437764346599579, 0.4677184522151947, 0.29375389218330383, 48.07042694091797, 2186.360483729412, 1488849.5956676772, 14.409944534301758, 573.7109375), (600, 4000, 1, 55, 0.15030546486377716, 0.041329383850097656, 0.663453016191074, 0.3284263610839844, 0.4875856637954712, 0.4095842242240906, 47.038665771484375, 2.808148729304043e-05, 1.0166026660919162e-10, 15.442209720611572, 589.45703125), (600, 4000, 1, 99, 0.6255825757980347, 0.3366641402244568, 0.6880353267809766, 0.47202160954475403, 0.6219666600227356, 0.8305768966674805, 47.04938507080078, 4.372671213651706e-25, 1.7352508518083023e-49, 20.27546763420105, 595.21484375)]
Completed job 10
starting the work inside Run_jobs
parameter combinations: [[600, 4000, 0.8, 11], [600, 4000, 0.8, 55], [600, 4000, 0.8, 99], [600, 4000, 0.6, 11], [600, 4000, 0.6, 55], [600, 4000, 0.6, 99]]
test name: nountill_B2B
Begin work on process
Begin work on process
Begin work on process
Begin work on process
Begin work on process
Begin work on process
[(600, 4000, 0.8, 11, 0.1283334493637085, 0.013651609420776367, 0.5570934072124077, 0.3097441494464874, 0.5273436903953552, 0.4256533682346344, 47.19533157348633, 674.819662090297, 41443.5139835658, 14.881061553955078, 575.578125), (600, 4000, 0.8, 55, 0.4434828460216522, 0.3630734086036682, 0.38419015459922085, 0.4814966917037964, 0.5637086629867554, 0.44747141003608704, 47.46983337402344, 2.3309883074963997e-17, 5.1768492002369225e-34, 15.317832469940186, 589.3125), (600, 4000, 0.8, 99, 0.716933012008667, 0.6850706934928894, 0.810207952583297, 0.3401702642440796, 0.6793406009674072, 0.5274109840393066, 47.080806732177734, 1.5951398068408988e-36, 1.7101823337473656e-72, 20.267059803009033, 596.1171875), (600, 4000, 0.6, 11, 0.32702046632766724, 0.1754007339477539, 0.9916195432609669, 0.19100476801395416, 0.30341196060180664, 0.5285460948944092, 47.174800872802734, 5.902054890095071, 33.64015109693123, 12.84142017364502, 578.66015625), (600, 4000, 0.6, 55, 0.40435436367988586, 0.10536229610443115, 1.5751395933061023, 0.29938986897468567, 0.8243640065193176, 0.5706448554992676, 47.09166717529297, 3.826706149053745e-36, 7.854723345211679e-72, 17.419742822647095, 590.22265625), (600, 4000, 0.6, 99, 0.48480263352394104, 0.2581552267074585, 1.4160250735029791, 0.24010784924030304, 0.719400942325592, 0.5817909240722656, 47.45901870727539, 2.326358783322403e-93, 2.34687088035409e-186, 18.10266637802124, 596.015625)]
Completed job 11
starting the work inside Run_jobs
parameter combinations: [[1000, 1000, 1, 11], [1000, 1000, 1, 55], [1000, 1000, 1, 99], [1000, 1000, 0.8, 11], [1000, 1000, 0.8, 55], [1000, 1000, 0.8, 99]]
test name: nountill_B2B
Begin work on process
Begin work on process
Begin work on process
Begin work on process
Begin work on process
Begin work on process
[(1000, 1000, 1, 11, 0.45915815234184265, 0.3922020196914673, 1.127259751143188, 0.2260621190071106, 0.24665489792823792, 0.5652022957801819, 5.656773090362549, 115.29132748282042, 5735.847733836229, 1.4614834785461426, 294.0546875), (1000, 1000, 1, 55, 0.5367868542671204, 0.29677510261535645, 0.46555866360425285, 0.49629661440849304, 0.4675922691822052, 0.750274658203125, 3.605503559112549, 2.2074925780065918e-07, 4.8717662643336355e-14, 1.7700135707855225, 334.8046875), (1000, 1000, 1, 99, 0.6300917267799377, 0.4751587510108948, 1.183370082433359, 0.3165920078754425, 0.23012837767601013, 0.7196502685546875, 4.898904323577881, 9.947910816619006e-23, 8.71270189393367e-45, 1.983292579650879, 331.14453125), (1000, 1000, 0.8, 11, 0.5751451253890991, 1.5877506136894226, 1.354654010372295, 0.3226221203804016, 0.3180253803730011, 0.32746419310569763, 5.291426658630371, 25.75287113435779, 120.49829441756174, 1.4247100353240967, 333.73828125), (1000, 1000, 0.8, 55, 0.3821474313735962, 0.1502671241760254, 0.32634695440538164, 0.5341897010803223, 0.6985618472099304, 0.6955626606941223, 3.7416083812713623, 5.825269419571766e-17, 1.5201869154495911e-33, 1.7721099853515625, 336.3359375), (1000, 1000, 0.8, 99, 0.8173186182975769, 1.5521079301834106, 1.3683198500256852, 0.23841507732868195, 0.5676867365837097, 0.3528911769390106, 4.242581367492676, 3.263996788178723e-42, 3.99604025647808e-84, 2.2454020977020264, 331.98046875)]
Completed job 12
starting the work inside Run_jobs
parameter combinations: [[1000, 1000, 0.6, 11], [1000, 1000, 0.6, 55], [1000, 1000, 0.6, 99], [1000, 2000, 1, 11], [1000, 2000, 1, 55], [1000, 2000, 1, 99]]
test name: nountill_B2B
[(1000, 1000, 0.6, 11, 0.7624019384384155, 0.9599777385592461, 1.3057085762999012, 0.2534201443195343, 0.7003743052482605, 0.3305503726005554, 5.5676727294921875, 0.48607850213623954, 0.06147894364570898, 2.1165499687194824, 293.953125), (1000, 1000, 0.6, 55, 0.5226898789405823, 0.2662810683250427, 1.2530039084199884, 0.20414161682128906, 0.728316068649292, 0.7026697397232056, 5.385087966918945, 1.3405242947385689e-42, 1.7148459043424718e-84, 1.8813209533691406, 334.72265625), (1000, 1000, 0.6, 99, 0.5837659239768982, 0.31051111221313477, 0.3393573136267979, 0.5244188904762268, 0.6948533654212952, 0.7748846411705017, 4.4720587730407715, 4.088835966685382e-91, 1.671593117127827e-181, 2.1421401500701904, 331.42578125), (1000, 2000, 1, 11, 0.6538155674934387, 1.4247539639472961, 0.834972352386901, 0.18932349979877472, 0.2937241196632385, 0.47253862023353577, 24.69505500793457, 339.27471045700656, 54841.660389192475, 10.288062810897827, 433.90234375), (1000, 2000, 1, 55, 0.7773929238319397, 0.6535801887512207, 0.6121632303301132, 0.3704206347465515, 0.7166380882263184, 0.6386435031890869, 23.787994384765625, 7.795171460067407e-10, 5.262544222231507e-19, 38.922053813934326, 418.71484375), (1000, 2000, 1, 99, 0.528618335723877, 0.7371222972869873, 0.9572792418069875, 0.2276267111301422, 0.35754096508026123, 0.49453404545783997, 24.369102478027344, 3.893608486622764e-24, 1.363732189971785e-47, 37.61733341217041, 420.08203125)]
Completed job 13
starting the work inside Run_jobs
parameter combinations: [[1000, 2000, 0.8, 11], [1000, 2000, 0.8, 55], [1000, 2000, 0.8, 99], [1000, 2000, 0.6, 11], [1000, 2000, 0.6, 55], [1000, 2000, 0.6, 99]]
test name: nountill_B2B
Begin work on process
Begin work on process
Begin work on process
Begin work on process
Begin work on process
Begin work on process
[(1000, 2000, 0.8, 11, 0.2832762897014618, 0.09079486131668091, 1.1597554598912034, 0.25485605001449585, 0.6681481599807739, 0.5540035963058472, 25.09654998779297, 142.9499273819748, 4048.960387336084, 4.368889331817627, 405.6171875), (1000, 2000, 0.8, 55, 0.4456530213356018, 0.18422162532806396, 0.7380930763405599, 0.4279847741127014, 0.501335859298706, 0.7474057078361511, 23.61931037902832, 6.48275832363327e-08, 4.202594542209983e-15, 10.34011459350586, 435.44140625), (1000, 2000, 0.8, 99, 0.47028273344039917, 0.629359245300293, 0.8086180482436718, 0.19016143679618835, 0.2385048270225525, 0.5032438635826111, 23.934528350830078, 4.833256186048789e-41, 2.336036523934587e-81, 8.07532548904419, 439.1796875), (1000, 2000, 0.6, 11, 0.3772621750831604, 0.10596930980682373, 0.2865993363789707, 0.4693749248981476, 0.8255402445793152, 0.8124893307685852, 24.573266983032227, 0.07334650257824815, 0.004450827535920485, 4.022406101226807, 437.91796875), (1000, 2000, 0.6, 55, 0.8153724670410156, 1.1689946502447128, 1.1997944891384307, 0.34865111112594604, 0.1710810512304306, 0.7688345909118652, 23.724857330322266, 5.048292762292878e-40, 2.4718663662672342e-79, 8.729902744293213, 438.640625), (1000, 2000, 0.6, 99, 0.625920832157135, 0.38537299633026123, 1.0682355340884806, 0.1527002900838852, 0.5199256539344788, 0.7923954725265503, 24.266324996948242, 5.399072783261771e-97, 2.9132404005556317e-193, 9.310799360275269, 440.37890625)]
Completed job 14
starting the work inside Run_jobs
parameter combinations: [[1000, 3000, 1, 11], [1000, 3000, 1, 55], [1000, 3000, 1, 99], [1000, 3000, 0.8, 11], [1000, 3000, 0.8, 55], [1000, 3000, 0.8, 99]]
test name: nountill_B2B
[(1000, 3000, 1, 11, 0.25350072979927063, 0.15359139442443848, 0.8918992462292973, 0.1659625768661499, 0.3984612226486206, 0.19856634736061096, 37.2904167175293, 228.393763797499, 3824.862443473738, 13.63308835029602, 481.203125), (1000, 3000, 1, 55, 0.18952439725399017, 0.1994495987892151, 0.4791978293314104, 0.26353156566619873, 0.29052165150642395, 0.15768489241600037, 36.369056701660156, 5.8838236691409105e-12, 2.080136318107117e-23, 12.110633134841919, 490.62109375), (1000, 3000, 1, 99, 0.09070085734128952, 0.448449969291687, 0.8321084708450235, 0.23339934647083282, 0.10800237208604813, 0.04905364289879799, 36.85982894897461, 2.153604508711318e-25, 3.53107642669702e-50, 12.398374557495117, 495.84765625), (1000, 3000, 0.8, 11, 0.33962497115135193, 0.14064031839370728, 0.9311862240208478, 0.318659245967865, 0.5104341506958008, 0.6559316515922546, 37.250057220458984, 685.5759318486491, 172069.5005345102, 9.778945922851562, 484.28125), (1000, 3000, 0.8, 55, 0.3267152011394501, 0.19311100244522095, 0.705840366175007, 0.32771387696266174, 0.32996782660484314, 0.5284529328346252, 36.065616607666016, 1.7573238781877288e-20, 1.4182650117992406e-40, 11.484999656677246, 492.578125), (1000, 3000, 0.8, 99, 0.44831064343452454, 0.24074071645736694, 0.38853410763363855, 0.47328630089759827, 0.543371856212616, 0.6881235837936401, 36.967987060546875, 1.5484636219220598e-50, 2.395989683439273e-100, 13.941842794418335, 500.25)]
Completed job 15
starting the work inside Run_jobs
parameter combinations: [[1000, 3000, 0.6, 11], [1000, 3000, 0.6, 55], [1000, 3000, 0.6, 99], [1000, 4000, 1, 11], [1000, 4000, 1, 55], [1000, 4000, 1, 99]]
test name: nountill_B2B
[(1000, 3000, 0.6, 11, 0.35480478405952454, 0.11979496479034424, 0.8201040565464311, 0.3369976282119751, 0.6082373857498169, 0.7416712641716003, 36.80486297607422, 93.54290486400868, 8634.610661983987, 6.441440582275391, 480.88671875), (1000, 3000, 0.6, 55, 0.49377456307411194, 0.21053588390350342, 0.0005854367165341511, 0.5697108507156372, 0.7902242541313171, 0.7163320779800415, 36.519901275634766, 1.2101718528428956e-64, 7.856041398007337e-129, 7.989392518997192, 490.7578125), (1000, 3000, 0.6, 99, 0.6036959886550903, 0.4034665822982788, 0.6967159749677886, 0.3431518077850342, 0.7474707961082458, 0.5133850574493408, 36.68321228027344, 2.122070164517995e-101, 4.41978564599017e-202, 10.029751300811768, 493.6796875), (1000, 4000, 1, 11, 0.24033556878566742, 0.06578916311264038, 0.3790597347415264, 0.4184376001358032, 0.6163759231567383, 0.6728629469871521, 47.87359619140625, 6350.926439997728, 13350780.83833101, 11.898987293243408, 622.07421875), (1000, 4000, 1, 55, 0.24152548611164093, 0.07824563980102539, 0.7560862889096538, 0.37280920147895813, 0.6181117296218872, 0.5994846820831299, 46.64695358276367, 2.165047692672297e-06, 1.2914319942497956e-12, 15.346694707870483, 635.62890625), (1000, 4000, 1, 99, 0.4741172790527344, 0.3299606442451477, 0.7121411436591152, 0.16036832332611084, 0.12253758311271667, 0.5474145412445068, 47.302127838134766, 2.097830905771571e-22, 3.383676365895345e-44, 21.058352947235107, 631.109375)]
Completed job 16
starting the work inside Run_jobs
parameter combinations: [[1000, 4000, 0.8, 11], [1000, 4000, 0.8, 55], [1000, 4000, 0.8, 99], [1000, 4000, 0.6, 11], [1000, 4000, 0.6, 55], [1000, 4000, 0.6, 99]]
test name: nountill_B2B
[(1000, 4000, 0.8, 11, 0.36603376269340515, 0.26277315616607666, 1.0212102249711268, 0.14132177829742432, 0.5372093915939331, 0.44336041808128357, 47.44635772705078, 1570.0280506423949, 837390.2953097409, 18.76253581047058, 623.26953125), (1000, 4000, 0.8, 55, 0.3382854163646698, 0.08752965927124023, 0.3406409213390643, 0.49494439363479614, 0.6765779852867126, 0.81180340051651, 46.43347930908203, 3.2947548222618315e-14, 8.909777761839778e-28, 22.207744359970093, 639.1796875), (1000, 4000, 0.8, 99, 0.6025654077529907, 0.39792466163635254, 0.3228579347533945, 0.4921319782733917, 0.713313639163971, 0.6262221336364746, 47.2493782043457, 1.1174435965824943e-41, 3.2150864346652817e-83, 24.16892147064209, 641.703125), (1000, 4000, 0.6, 11, 0.3845953345298767, 0.12243485450744629, 1.3921129302081916, 0.2583231031894684, 0.7743535041809082, 0.7799062728881836, 47.331321716308594, 21.8447813542534, 398.43148501904847, 15.83975887298584, 626.5703125), (1000, 4000, 0.6, 55, 0.2598258852958679, 0.0846107006072998, 0.9383822277900936, 0.23205417394638062, 0.6240623593330383, 0.6375449895858765, 46.75239181518555, 4.380890784482165e-37, 1.7573441217786096e-73, 22.802114486694336, 638.65625), (1000, 4000, 0.6, 99, 0.22106483578681946, 0.10692787170410156, 1.273508820097365, 0.27131223678588867, 0.41861245036125183, 0.4896005690097809, 47.05997848510742, 2.2353711441901045e-71, 4.143335827074883e-142, 23.844733715057373, 643.171875)]
Completed job 17
