starting the work inside Run_jobs
parameter combinations: [[350, 1000, 1, 11], [350, 1000, 1, 55], [350, 1000, 1, 99], [350, 1000, 0.8, 11], [350, 1000, 0.8, 55], [350, 1000, 0.8, 99]]
test name: nountill_E2S
[(350, 1000, 1, 11, 0.38898998498916626, 1.2312136888504028, 1.0949140310441368, 0.16773580014705658, 0.2518918216228485, 0.24384477734565735, 17.262310028076172, 1.4894813801524917e-06, 1.287383608606712e-12, 5.540487051010132, 264.21875), (350, 1000, 1, 55, 0.47677356004714966, 1.4567347168922424, 1.4342635639508312, 0.310861200094223, 0.4560490548610687, 0.04214311018586159, 19.49311065673828, 1.2237410335029336e-44, 3.1379337189840874e-89, 3.014055013656616, 288.1953125), (350, 1000, 1, 99, 0.632999837398529, 0.5057807266712189, 1.0106263948979535, 0.21754010021686554, 0.6134958267211914, 0.6441455483436584, 20.90406608581543, 3.7087255887981676e-82, 8.070925807146274e-164, 14.034807443618774, 294.89453125), (350, 1000, 0.8, 11, 0.5241946578025818, 0.2917078733444214, 0.86053443431623, 0.35559338331222534, 0.32860010862350464, 0.7028217315673828, 17.02901268005371, 2.1329940524170388e-05, 3.526524002392531e-11, 1.6743347644805908, 290.91015625), (350, 1000, 0.8, 55, 0.4314543306827545, 0.705725908279419, 1.0070920178698592, 0.38708072900772095, 0.3222140967845917, 0.39701393246650696, 19.56990623474121, 1.2879301537848623e-38, 6.139534449216248e-77, 14.078165531158447, 289.06640625), (350, 1000, 0.8, 99, 0.5232189893722534, 0.499439001083374, 0.7443180402266186, 0.45513883233070374, 0.4319809377193451, 0.5821662545204163, 20.85618782043457, 1.4066346747760746e-62, 3.8274678993847084e-125, 2.443941593170166, 292.203125)]
Completed job 0
starting the work inside Run_jobs
parameter combinations: [[350, 1000, 0.6, 11], [350, 1000, 0.6, 55], [350, 1000, 0.6, 99], [350, 2000, 1, 11], [350, 2000, 1, 55], [350, 2000, 1, 99]]
test name: nountill_E2S
[(350, 1000, 0.6, 11, 0.25895559787750244, 0.8333462178707123, 1.0093742418022293, 0.22679272294044495, 0.2219495177268982, 0.17542493343353271, 17.492408752441406, 0.001173340689618883, 1.8873032569172102e-07, 1.820392370223999, 263.35546875), (350, 1000, 0.6, 55, 0.5085355639457703, 0.45253461599349976, 0.9108422785103104, 0.35921114683151245, 0.3380401134490967, 0.607660174369812, 19.747900009155273, 2.3582865803815492e-20, 9.035019785520225e-41, 2.128103256225586, 287.30859375), (350, 1000, 0.6, 99, 0.5139861106872559, 0.4383452534675598, 0.8872112061898039, 0.4032004475593567, 0.3401138484477997, 0.6211376190185547, 21.118202209472656, 5.4500451375921137e-36, 7.045156339305055e-72, 2.30336594581604, 291.02734375), (350, 2000, 1, 11, 0.5058106780052185, 0.2942986488342285, 0.8141747808916152, 0.31301894783973694, 0.5516953468322754, 0.7103557586669922, 33.41443634033203, 5.263208408058213e-07, 1.0260952771812044e-14, 5.180670738220215, 378.51171875), (350, 2000, 1, 55, 0.5495094060897827, 0.5214406251907349, 0.9270266778279537, 0.4853367507457733, 0.35180261731147766, 0.6228253245353699, 35.515296936035156, 5.73892613534657e-44, 3.208090239588919e-88, 6.547189950942993, 380.54296875), (350, 2000, 1, 99, 0.3038845658302307, 0.9587072506546974, 1.023351679516774, 0.2821016311645508, 0.29587674140930176, 0.08258835971355438, 36.60892105102539, 5.087621915794478e-81, 2.4973599587997045e-161, 8.664952754974365, 383.0390625)]
Completed job 1
starting the work inside Run_jobs
parameter combinations: [[350, 2000, 0.8, 11], [350, 2000, 0.8, 55], [350, 2000, 0.8, 99], [350, 2000, 0.6, 11], [350, 2000, 0.6, 55], [350, 2000, 0.6, 99]]
test name: nountill_E2S
[(350, 2000, 0.8, 11, 0.46905675530433655, 0.4710482954978943, 1.0029405135061864, 0.2357761412858963, 0.1798156499862671, 0.5386530756950378, 33.084083557128906, 3.459017161924864e-05, 1.2663122264150394e-11, 4.803069829940796, 354.08984375), (350, 2000, 0.8, 55, 0.587165355682373, 0.4076908826828003, 0.9171851092610593, 0.2593650221824646, 0.34569528698921204, 0.7216569185256958, 35.62778091430664, 1.2823078254527448e-34, 1.0803176674816864e-68, 252.94961047172546, 374.25), (350, 2000, 0.8, 99, 0.6830760836601257, 0.5197624564170837, 0.6823063176073987, 0.47866153717041016, 0.49385198950767517, 0.7653243541717529, 36.73183822631836, 8.876624590979503e-60, 5.522423295287434e-119, 248.97805333137512, 377.04296875), (350, 2000, 0.6, 11, 0.5639863014221191, 1.6127032041549683, 1.1634109581355176, 0.23604261875152588, 0.33559176325798035, 0.2921142280101776, 32.76564407348633, 0.003181066590500944, 1.7019943334306042e-07, 35.97620701789856, 377.33203125), (350, 2000, 0.6, 55, 0.7455452084541321, 0.47383755445480347, 0.15823159589712923, 0.46191126108169556, 0.6291215419769287, 0.850267767906189, 35.59951400756836, 7.83572064927089e-22, 4.36152855851342e-43, 232.91646647453308, 377.296875), (350, 2000, 0.6, 99, 0.6603471636772156, 0.4637364149093628, 0.8872763864539501, 0.25836455821990967, 0.45708340406417847, 0.781042218208313, 36.51352310180664, 6.414074191829353e-40, 3.344431564855277e-79, 242.1671690940857, 376.69921875)]
Completed job 2
starting the work inside Run_jobs
parameter combinations: [[350, 3000, 1, 11], [350, 3000, 1, 55], [350, 3000, 1, 99], [350, 3000, 0.8, 11], [350, 3000, 0.8, 55], [350, 3000, 0.8, 99]]
test name: nountill_E2S
[(350, 3000, 1, 11, 0.26495087146759033, 0.42198050022125244, 1.1651201948333485, 0.29339537024497986, 0.20816293358802795, 0.3236559331417084, 44.77644348144531, 1.7728234361566518e-06, 6.971917525501013e-14, 7.33856463432312, 422.21875), (350, 3000, 1, 55, 0.6896130442619324, 0.5048995018005371, 0.9733691043114148, 0.38969582319259644, 0.3288973867893219, 0.7904587388038635, 47.50138854980469, 9.611300026341627e-44, 2.3440032119960045e-87, 9.578783988952637, 429.62890625), (350, 3000, 1, 99, 0.6837864518165588, 0.5595650374889374, 0.1821335322729756, 0.4743556082248688, 0.6449403166770935, 0.6477888226509094, 48.45355987548828, 4.563830871756448e-79, 1.2479082772055504e-158, 10.185773372650146, 433.62890625), (350, 3000, 0.8, 11, 0.24535629153251648, 0.32242846488952637, 1.0277929184986179, 0.1622694432735443, 0.30738136172294617, 0.3036353588104248, 44.63166046142578, 2.927328703717377e-05, 1.5422292233767452e-10, 7.9594104290008545, 422.96484375), (350, 3000, 0.8, 55, 0.4962887465953827, 0.7629449367523193, 1.075331895128395, 0.23247459530830383, 0.2895936965942383, 0.4774904251098633, 47.37602233886719, 7.186934109811697e-34, 4.138425891091331e-68, 8.98687481880188, 431.8671875), (350, 3000, 0.8, 99, 0.8407365083694458, 1.463003396987915, 1.0364666270441927, 0.20341108739376068, 0.6606437563896179, 0.2974027097225189, 48.31032943725586, 5.064783640665696e-60, 3.188863853829053e-120, 10.827226638793945, 434.98046875)]
Completed job 3
starting the work inside Run_jobs
parameter combinations: [[350, 3000, 0.6, 11], [350, 3000, 0.6, 55], [350, 3000, 0.6, 99], [350, 4000, 1, 11], [350, 4000, 1, 55], [350, 4000, 1, 99]]
test name: nountill_E2S
Begin work on process
Begin work on process
Begin work on process
Begin work on process
Begin work on process
Begin work on process
[(350, 3000, 0.6, 11, 0.5253417491912842, 0.25734663009643555, 0.7656340667133203, 0.39927345514297485, 0.4218951463699341, 0.7562204003334045, 44.787803649902344, 0.0036017193977498263, 1.9466098279727317e-06, 6.85213565826416, 422.921875), (350, 3000, 0.6, 55, 0.4722377061843872, 1.3701529502868652, 1.0045286808975127, 0.1987343430519104, 0.17907243967056274, 0.3756831884384155, 47.60562515258789, 1.4881323301753264e-19, 1.1823486542915876e-38, 8.561748504638672, 432.80078125), (350, 3000, 0.6, 99, 0.6703396439552307, 0.4865109920501709, 0.3269433874637807, 0.45750418305397034, 0.6612619757652283, 0.6964578032493591, 48.46406173706055, 1.60096088021156e-35, 1.5032897085193546e-70, 14.231401920318604, 437.21875), (350, 4000, 1, 11, 0.4174824059009552, 0.5514748990535736, 1.1233367000038779, 0.23461517691612244, 0.2422768771648407, 0.4656015634536743, 55.22277069091797, 1.6832876616803081e-06, 3.102842069250235e-14, 12.8265860080719, 546.0234375), (350, 4000, 1, 55, 0.5767950415611267, 0.5403606295585632, 0.8944159117429944, 0.25411391258239746, 0.6484227180480957, 0.3307317793369293, 57.27733612060547, 1.6896731039934216e-43, 1.21345906369906e-87, 15.338988065719604, 560.81640625), (350, 4000, 1, 99, 0.3943404257297516, 0.6292229890823364, 0.9421690258541033, 0.213867649435997, 0.3632546365261078, 0.3388698697090149, 58.189056396484375, 5.864219146816378e-80, 5.097793149350486e-160, 17.86621356010437, 562.203125)]
Completed job 4
starting the work inside Run_jobs
parameter combinations: [[350, 4000, 0.8, 11], [350, 4000, 0.8, 55], [350, 4000, 0.8, 99], [350, 4000, 0.6, 11], [350, 4000, 0.6, 55], [350, 4000, 0.6, 99]]
test name: nountill_E2S
[(350, 4000, 0.8, 11, 0.29462048411369324, 0.29148757457733154, 1.1729627359805177, 0.2143527716398239, 0.4071725904941559, 0.35357430577278137, 55.025245666503906, 7.147391602285177e-05, 5.099279368689056e-11, 13.293675184249878, 548.76953125), (350, 4000, 0.8, 55, 0.5839830636978149, 0.5136953592300415, 1.24055234362802, 0.20230038464069366, 0.5587059855461121, 0.5921781659126282, 57.47667694091797, 2.7912085339247577e-33, 7.926096985769875e-67, 21.631489276885986, 561.1953125), (350, 4000, 0.8, 99, 0.3667762279510498, 0.5740503370761871, 1.079752121767127, 0.17998342216014862, 0.28038063645362854, 0.38433295488357544, 58.02634048461914, 8.778649014327917e-61, 5.861099192787962e-121, 20.519388914108276, 565.4296875), (350, 4000, 0.6, 11, 0.4861452877521515, 0.3375012278556824, 0.8390914934989353, 0.3031962215900421, 0.5147631764411926, 0.637100338935852, 55.26773452758789, 0.0005340017565750666, 8.222417591594885e-08, 12.977643251419067, 552.21875), (350, 4000, 0.6, 55, 0.6361509561538696, 0.478413462638855, 1.5174803558743999, 0.26510125398635864, 0.655819296836853, 0.039413753896951675, 57.47580337524414, 9.200720727934902e-21, 4.957479904281361e-42, 16.423312187194824, 565.359375), (350, 4000, 0.6, 99, 0.2738702893257141, 0.6399587690830231, 0.9525506175202456, 0.1627870500087738, 0.2932029664516449, 0.11901827156543732, 58.137474060058594, 1.0108193979770036e-35, 1.6869201315715453e-71, 21.749764680862427, 567.69140625)]
Completed job 5
starting the work inside Run_jobs
parameter combinations: [[600, 1000, 1, 11], [600, 1000, 1, 55], [600, 1000, 1, 99], [600, 1000, 0.8, 11], [600, 1000, 0.8, 55], [600, 1000, 0.8, 99]]
test name: nountill_E2S
Begin work on process
Begin work on process
Begin work on process
Begin work on process
Begin work on process
Begin work on process
[(600, 1000, 1, 11, 0.2973657548427582, 0.4031361937522888, 0.992542855379914, 0.322896271944046, 0.2959624230861664, 0.3556396961212158, 16.762685775756836, 3.621871746742615e-07, 3.638596139021631e-15, 1.6536080837249756, 274.91015625), (600, 1000, 1, 55, 0.5961394309997559, 0.5453290343284607, 0.46343880942784066, 0.4067019820213318, 0.6419752836227417, 0.46055328845977783, 19.2608585357666, 6.090221109909147e-44, 1.3991647495036038e-87, 2.0194191932678223, 306.16796875), (600, 1000, 1, 99, 0.6053242087364197, 0.5639429986476898, 0.5370630591456842, 0.391848623752594, 0.6441100835800171, 0.45530185103416443, 20.904050827026367, 1.3188201827556477e-79, 1.6493837486314706e-159, 2.198728561401367, 309.84765625), (600, 1000, 0.8, 11, 0.38084566593170166, 1.0570930652320385, 1.2349427460117042, 0.3423658013343811, 0.1630343794822693, 0.3350025713443756, 16.431289672851562, 1.3064938350509443e-05, 2.491974566782129e-12, 1.8060023784637451, 305.48046875), (600, 1000, 0.8, 55, 0.6967137455940247, 0.50640007853508, 0.9479949757418239, 0.2347131222486496, 0.6470959782600403, 0.7301343083381653, 19.364416122436523, 4.952062148224946e-34, 4.653545407977259e-68, 2.3389689922332764, 306.7734375), (600, 1000, 0.8, 99, 0.6343798637390137, 0.62649005651474, 1.0090820727465606, 0.3302059769630432, 0.29944995045661926, 0.6821785569190979, 20.927968978881836, 5.521703510606396e-61, 1.0964888351302607e-121, 2.5388545989990234, 309.8828125)]
Completed job 6
starting the work inside Run_jobs
parameter combinations: [[600, 1000, 0.6, 11], [600, 1000, 0.6, 55], [600, 1000, 0.6, 99], [600, 2000, 1, 11], [600, 2000, 1, 55], [600, 2000, 1, 99]]
test name: nountill_E2S
[(600, 1000, 0.6, 11, 0.8246978521347046, 0.776947095990181, 1.1434752543641336, 0.3039122521877289, 0.14982205629348755, 0.845081090927124, 16.9996280670166, 0.0004177572323207965, 6.692998521063363e-08, 1.7188379764556885, 274.9375), (600, 1000, 0.6, 55, 0.3666660189628601, 0.5957394540309906, 0.6065245029768425, 0.2743208110332489, 0.3855372965335846, 0.05537603050470352, 19.31267738342285, 3.759543125718447e-52, 1.4119186310557575e-103, 2.0237133502960205, 306.19140625), (600, 1000, 0.6, 99, 0.5037859082221985, 0.4400208592414856, 0.7242382333189272, 0.45794495940208435, 0.4328986704349518, 0.5961990356445312, 20.975637435913086, 1.5397780512679437e-36, 2.1704440665987043e-72, 2.3848488330841064, 309.203125), (600, 2000, 1, 11, 0.4041331708431244, 0.5057471096515656, 1.0887813875737566, 0.27897223830223083, 0.30516892671585083, 0.455700159072876, 32.82646942138672, 9.18970292562421e-07, 1.1790374711871831e-14, 9.172370195388794, 402.80078125), (600, 2000, 1, 55, 0.5500777959823608, 0.4849361181259155, 0.9166817585402637, 0.24600644409656525, 0.6383225321769714, 0.38555827736854553, 35.26137924194336, 6.131196073231786e-44, 8.579759211620429e-88, 12.938657760620117, 406.58984375), (600, 2000, 1, 99, 0.7298404574394226, 1.5492435693740845, 1.2283044752704666, 0.22735072672367096, 0.37777236104011536, 0.4505435526371002, 36.75884246826172, 4.6897151690272357e-82, 1.7811148114874098e-163, 12.624035358428955, 408.08203125)]
Completed job 7
starting the work inside Run_jobs
parameter combinations: [[600, 2000, 0.8, 11], [600, 2000, 0.8, 55], [600, 2000, 0.8, 99], [600, 2000, 0.6, 11], [600, 2000, 0.6, 55], [600, 2000, 0.6, 99]]
test name: nountill_E2S
Begin work on process
Begin work on process
Begin work on process
Begin work on process
Begin work on process
Begin work on process
[(600, 2000, 0.8, 11, 0.2526125907897949, 0.2731320261955261, 1.0576945971840497, 0.2955561876296997, 0.3028508424758911, 0.07676994055509567, 33.309715270996094, 2.4081410897975918e-05, 2.2993344480126008e-11, 21.681864738464355, 375.66796875), (600, 2000, 0.8, 55, 0.7055343389511108, 0.6610311269760132, 1.0551784406746394, 0.4532058537006378, 0.24913367629051208, 0.7499129176139832, 35.669673919677734, 1.7648416221563495e-33, 5.223374374229115e-67, 47.784571170806885, 399.37109375), (600, 2000, 0.8, 99, 0.2479109764099121, 0.5249289572238922, 0.8449689949430186, 0.22606618702411652, 0.2766481041908264, 0.08453543484210968, 36.718109130859375, 3.220864620143964e-60, 1.743004125263555e-120, 160.45774841308594, 406.921875), (600, 2000, 0.6, 11, 0.2588636875152588, 0.23912882804870605, 0.8021122764295578, 0.3040813207626343, 0.37764430046081543, 0.3707573413848877, 32.978363037109375, 0.0012114507463900901, 1.008639717450277e-07, 24.919796466827393, 422.6796875), (600, 2000, 0.6, 55, 0.5937654376029968, 0.46321403980255127, 0.760288616817903, 0.35098108649253845, 0.49495258927345276, 0.6877820491790771, 35.62751770019531, 1.826890427078708e-21, 1.7519912885104907e-42, 49.004772424697876, 427.12109375), (600, 2000, 0.6, 99, 0.2925298810005188, 0.602965384721756, 0.9643128452191838, 0.1595918983221054, 0.29563412070274353, 0.008053886704146862, 36.826717376708984, 1.543739386750485e-36, 3.8404030242606586e-73, 105.5834608078003, 429.83203125)]
Completed job 8
starting the work inside Run_jobs
parameter combinations: [[600, 3000, 1, 11], [600, 3000, 1, 55], [600, 3000, 1, 99], [600, 3000, 0.8, 11], [600, 3000, 0.8, 55], [600, 3000, 0.8, 99]]
test name: nountill_E2S
Begin work on process
Begin work on process
Begin work on process
Begin work on process
Begin work on process
Begin work on process
[(600, 3000, 1, 11, 0.3291076421737671, 0.40283071994781494, 0.9854146100596083, 0.319156289100647, 0.3289129436016083, 0.3931591808795929, 45.186126708984375, 7.617096628659946e-07, 3.251612237768568e-14, 8.159509897232056, 443.07421875), (600, 3000, 1, 55, 0.6360273957252502, 0.4966374635696411, 0.501511565986019, 0.39695143699645996, 0.6323808431625366, 0.643817663192749, 47.73032760620117, 3.555878234781713e-44, 1.7659815311240785e-88, 10.087061882019043, 453.5), (600, 3000, 1, 99, 0.7874582409858704, 0.5366588234901428, 0.9392152146868318, 0.22723598778247833, 0.6550390720367432, 0.8356066942214966, 48.64762496948242, 6.526468861707832e-96, 1.7056530754529184e-191, 10.915428876876831, 458.16015625), (600, 3000, 0.8, 11, 0.2420538365840912, 0.4557931423187256, 1.062928754475621, 0.22723914682865143, 0.28154367208480835, 0.10031268000602722, 44.998409271240234, 3.4462645607854276e-05, 3.9656233635894674e-11, 8.630647897720337, 446.7890625), (600, 3000, 0.8, 55, 0.24454940855503082, 0.4940938949584961, 1.0392444786837616, 0.2078372687101364, 0.2532837986946106, 0.018269600346684456, 47.65723419189453, 4.86015188899985e-33, 1.2260055770257074e-66, 9.763994216918945, 453.3828125), (600, 3000, 0.8, 99, 0.9160761833190918, 1.4643826484680176, 1.3856821025407828, 0.21453970670700073, 0.6650426983833313, 0.39280104637145996, 48.606903076171875, 3.516512912822031e-60, 2.5981780249203136e-120, 11.686932802200317, 460.28125)]
Completed job 9
starting the work inside Run_jobs
parameter combinations: [[600, 3000, 0.6, 11], [600, 3000, 0.6, 55], [600, 3000, 0.6, 99], [600, 4000, 1, 11], [600, 4000, 1, 55], [600, 4000, 1, 99]]
test name: nountill_E2S
[(600, 3000, 0.6, 11, 0.4071640074253082, 0.3607785701751709, 0.6186578215469704, 0.26600831747055054, 0.3945219814777374, 0.5237253904342651, 45.21925735473633, 0.0046288271405707584, 5.411269412365388e-07, 8.825316190719604, 442.99609375), (600, 3000, 0.6, 55, 0.4660157263278961, 0.6905919313430786, 0.9781348070603373, 0.2560812532901764, 0.25158339738845825, 0.4777616858482361, 47.76115036010742, 5.575088041180903e-20, 3.555715590236983e-40, 9.741971015930176, 453.16796875), (600, 3000, 0.6, 99, 0.6610844135284424, 0.5122004747390747, 0.33169606631257537, 0.3992045521736145, 0.6585166454315186, 0.6476801037788391, 48.64775848388672, 2.9472382544188396e-36, 1.371134121785099e-72, 11.782437324523926, 458.3046875), (600, 4000, 1, 11, 0.2600043714046478, 0.36531972885131836, 1.008279452262707, 0.2974567115306854, 0.31135857105255127, 0.29614776372909546, 55.17761993408203, 1.993430842149438e-06, 1.1409034710438886e-13, 15.399244785308838, 572.859375), (600, 4000, 1, 55, 0.6486338376998901, 1.3859740495681763, 1.159454682092947, 0.22468820214271545, 0.289555162191391, 0.4793180525302887, 57.587684631347656, 5.521406456985412e-44, 2.053823312965365e-87, 19.2612521648407, 588.02734375), (600, 4000, 1, 99, 0.6700829863548279, 0.5356988608837128, 0.24159069574102732, 0.42458468675613403, 0.6068893074989319, 0.6818991899490356, 58.358699798583984, 1.20382782310687e-78, 9.486151477063341e-157, 22.792810201644897, 588.47265625)]
Completed job 10
starting the work inside Run_jobs
parameter combinations: [[600, 4000, 0.8, 11], [600, 4000, 0.8, 55], [600, 4000, 0.8, 99], [600, 4000, 0.6, 11], [600, 4000, 0.6, 55], [600, 4000, 0.6, 99]]
test name: nountill_E2S
Begin work on process
Begin work on process
Begin work on process
Begin work on process
Begin work on process
Begin work on process
[(600, 4000, 0.8, 11, 0.4417670965194702, 1.0282489769160748, 0.94884820106418, 0.27751484513282776, 0.2928219735622406, 0.3226085901260376, 55.29471206665039, 6.097601289684919e-05, 3.3662392201957964e-11, 17.391528129577637, 577.45703125), (600, 4000, 0.8, 55, 0.45178988575935364, 1.3495912551879883, 0.945378542738962, 0.19260051846504211, 0.35266196727752686, 0.18484139442443848, 57.666099548339844, 2.1602120451175626e-33, 9.248022804305097e-67, 32.958842277526855, 589.1484375), (600, 4000, 0.8, 99, 0.7208897471427917, 0.5763239860534668, 1.0676349469926294, 0.21328870952129364, 0.2768569588661194, 0.7931607365608215, 58.36759948730469, 1.952850712934505e-60, 6.588823369053298e-121, 35.098320960998535, 595.19921875), (600, 4000, 0.6, 11, 0.44815269112586975, 1.06640212982893, 1.107631829158096, 0.264148086309433, 0.11369266360998154, 0.42600762844085693, 55.5274658203125, 0.003694429914714142, 4.457072820344579e-07, 27.573638200759888, 581.68359375), (600, 4000, 0.6, 55, 0.5336951017379761, 0.44301456212997437, 0.7511749656858812, 0.3307078182697296, 0.4186449348926544, 0.6380735039710999, 57.605167388916016, 1.1170683150276634e-19, 1.588806858765718e-39, 20.632253646850586, 592.5), (600, 4000, 0.6, 99, 0.4219715893268585, 0.7629490494728088, 1.0370148579180802, 0.19665195047855377, 0.2483322024345398, 0.40507036447525024, 58.26506423950195, 1.2103908553699863e-35, 3.646080177026102e-71, 24.655783653259277, 594.91796875)]
Completed job 11
starting the work inside Run_jobs
parameter combinations: [[1000, 1000, 1, 11], [1000, 1000, 1, 55], [1000, 1000, 1, 99], [1000, 1000, 0.8, 11], [1000, 1000, 0.8, 55], [1000, 1000, 0.8, 99]]
test name: nountill_E2S
Begin work on process
Begin work on process
Begin work on process
Begin work on process
Begin work on process
Begin work on process
[(1000, 1000, 1, 11, 0.40536531805992126, 0.2598310708999634, 0.01689243152454201, 0.5052827000617981, 0.5737752914428711, 0.5490497350692749, 15.715858459472656, 5.497865322320801e-07, 8.47275100863739e-15, 10.112849235534668, 294.453125), (1000, 1000, 1, 55, 0.6030998229980469, 0.6134352684020996, 0.9591916732333812, 0.5148721933364868, 0.3552344739437103, 0.643675684928894, 19.26082992553711, 4.294631063078846e-44, 1.1112940766062393e-88, 6.162467002868652, 333.2109375), (1000, 1000, 1, 99, 0.6086456179618835, 0.5383358001708984, 0.41533785490714403, 0.43242764472961426, 0.6299207806587219, 0.5321014523506165, 20.711822509765625, 2.367854301636649e-79, 7.178387167888765e-159, 41.404656648635864, 333.6484375), (1000, 1000, 0.8, 11, 0.3782138228416443, 0.7750501930713654, 1.0860045636847062, 0.17960798740386963, 0.2957233488559723, 0.31151002645492554, 16.155136108398438, 1.766625156897878e-05, 1.2298270573625991e-11, 7.858820915222168, 334.79296875), (1000, 1000, 0.8, 55, 1.2149466276168823, 1.5139697790145874, 1.4536287509221963, 0.23389384150505066, 0.6475384831428528, 0.747719407081604, 19.208845138549805, 3.169529564266037e-33, 8.412868666256627e-66, 11.786586284637451, 334.77734375), (1000, 1000, 0.8, 99, 0.5300788283348083, 0.4856101870536804, 0.8687367608811389, 0.2859024703502655, 0.38988828659057617, 0.6118850708007812, 20.76003074645996, 2.3548059073415418e-60, 1.3200028957892127e-120, 3.4623639583587646, 334.37109375)]
Completed job 12
starting the work inside Run_jobs
parameter combinations: [[1000, 1000, 0.6, 11], [1000, 1000, 0.6, 55], [1000, 1000, 0.6, 99], [1000, 2000, 1, 11], [1000, 2000, 1, 55], [1000, 2000, 1, 99]]
test name: nountill_E2S
[(1000, 1000, 0.6, 11, 0.5609028935432434, 0.860326811671257, 1.168010096529839, 0.30210891366004944, 0.16084936261177063, 0.5602807402610779, 16.400798797607422, 0.0012008043250097936, 7.945992423108227e-08, 2.3230974674224854, 295.703125), (1000, 1000, 0.6, 55, 0.6446031928062439, 0.4765017628669739, 0.5070577072749702, 0.4101898968219757, 0.6678739190101624, 0.6524500250816345, 19.646333694458008, 2.882854900688259e-23, 1.6638606004907244e-46, 22.869063138961792, 335.42578125), (1000, 1000, 0.6, 99, 0.29611024260520935, 1.1453991532325745, 0.9656307318021246, 0.2942793071269989, 0.2853766083717346, 0.04774321988224983, 20.999460220336914, 1.2802396732238706e-41, 1.3492053121017206e-82, 21.303452253341675, 333.9765625), (1000, 2000, 1, 11, 0.24590392410755157, 0.23727118968963623, 0.9321416457948258, 0.2170373499393463, 0.36147910356521606, 0.3519856035709381, 32.97822570800781, 6.611625334789834e-07, 9.461684796605662e-15, 38.527740478515625, 434.09375), (1000, 2000, 1, 55, 0.7377187013626099, 1.4752111434936523, 1.124766656499836, 0.10607349872589111, 0.6434212327003479, 0.1672377586364746, 35.97608947753906, 1.8175924532633462e-43, 2.7582579789633368e-87, 55.37564158439636, 425.02734375), (1000, 2000, 1, 99, 0.7310444116592407, 0.6457614004611969, 1.0881693656415912, 0.1979091763496399, 0.305751770734787, 0.7811187505722046, 37.02928924560547, 5.980625830419423e-80, 1.1866430551119946e-159, 61.03300762176514, 439.9765625)]
Completed job 13
starting the work inside Run_jobs
parameter combinations: [[1000, 2000, 0.8, 11], [1000, 2000, 0.8, 55], [1000, 2000, 0.8, 99], [1000, 2000, 0.6, 11], [1000, 2000, 0.6, 55], [1000, 2000, 0.6, 99]]
test name: nountill_E2S
[(1000, 2000, 0.8, 11, 0.34739887714385986, 0.235853374004364, 1.2718917816374462, 0.24147020280361176, 0.3675420582294464, 0.5347830057144165, 33.15932846069336, 2.827665692768536e-05, 2.493844755367429e-11, 7.769991636276245, 404.62890625), (1000, 2000, 0.8, 55, 0.3650365173816681, 0.6423262655735016, 0.8387256888411379, 0.2935319244861603, 0.38499799370765686, 0.07453326880931854, 35.45888137817383, 3.859287329384105e-34, 1.7168792389468229e-68, 19.737855672836304, 431.828125), (1000, 2000, 0.8, 99, 0.32611075043678284, 0.6254177093505859, 0.9507777349540734, 0.23378174006938934, 0.3467763066291809, 0.07542162388563156, 37.20437240600586, 1.0080965380699743e-60, 8.556447676954678e-121, 11.725969076156616, 434.140625), (1000, 2000, 0.6, 11, 0.46164336800575256, 0.2205243706703186, 0.6246201584039243, 0.4304597079753876, 0.4481566548347473, 0.7157964706420898, 33.12922286987305, 0.0005855229787849511, 8.453755938671684e-08, 5.202291965484619, 439.6484375), (1000, 2000, 0.6, 55, 0.5272514224052429, 0.4011880159378052, 0.8967665222179843, 0.23068374395370483, 0.32750144600868225, 0.6534919738769531, 35.809139251708984, 1.7391620606678346e-20, 3.1150355247120325e-41, 12.249589204788208, 441.9609375), (1000, 2000, 0.6, 99, 0.6199162006378174, 0.4682773947715759, 0.9549226801456722, 0.22603747248649597, 0.492992103099823, 0.7203596830368042, 36.8674201965332, 5.620793738295519e-40, 1.817218279947974e-79, 12.754534244537354, 442.69921875)]
Completed job 14
starting the work inside Run_jobs
parameter combinations: [[1000, 3000, 1, 11], [1000, 3000, 1, 55], [1000, 3000, 1, 99], [1000, 3000, 0.8, 11], [1000, 3000, 0.8, 55], [1000, 3000, 0.8, 99]]
test name: nountill_E2S
[(1000, 3000, 1, 11, 0.3888213634490967, 0.24581849575042725, 0.4440997417708205, 0.47266191244125366, 0.5012108087539673, 0.5850225687026978, 45.35077667236328, 1.5687827516814479e-06, 3.3565624412458936e-14, 10.377225160598755, 480.9765625), (1000, 3000, 1, 55, 0.37248751521110535, 0.5600896775722504, 1.354416941823167, 0.32104724645614624, 0.33530256152153015, 0.3667660653591156, 47.979209899902344, 1.604998757358225e-44, 2.16797715361105e-88, 13.766183137893677, 490.01171875), (1000, 3000, 1, 99, 0.6289030909538269, 0.5464588403701782, 0.6056716001890072, 0.26027482748031616, 0.5271804928779602, 0.6571502685546875, 49.003570556640625, 1.9238949113474247e-79, 2.4849627555334694e-158, 11.06532597541809, 494.51171875), (1000, 3000, 0.8, 11, 0.3509018123149872, 0.3532301187515259, 1.3038858808436968, 0.3446071445941925, 0.2687124013900757, 0.45862919092178345, 45.32884216308594, 2.624654727702535e-06, 2.91296032641401e-13, 8.013739824295044, 483.77734375), (1000, 3000, 0.8, 55, 0.7795582413673401, 1.5051580667495728, 1.236044315431193, 0.18596811592578888, 0.6561476588249207, 0.204308420419693, 48.06195068359375, 9.811070891105672e-34, 1.4198015374268583e-67, 9.847342729568481, 492.01171875), (1000, 3000, 0.8, 99, 0.5348843336105347, 0.658097892999649, 1.0412593526447174, 0.22932273149490356, 0.2822566032409668, 0.5609881281852722, 49.073917388916016, 3.911065422667491e-60, 2.234325002298305e-120, 10.917771100997925, 496.4375)]
Completed job 15
starting the work inside Run_jobs
parameter combinations: [[1000, 3000, 0.6, 11], [1000, 3000, 0.6, 55], [1000, 3000, 0.6, 99], [1000, 4000, 1, 11], [1000, 4000, 1, 55], [1000, 4000, 1, 99]]
test name: nountill_E2S
[(1000, 3000, 0.6, 11, 0.40466079115867615, 0.14931869506835938, 0.7243989363315223, 0.3837108016014099, 0.5792505741119385, 0.7592706084251404, 45.394142150878906, 3.826194400559969e-05, 1.2681650681544322e-09, 24.70074462890625, 481.56640625), (1000, 3000, 0.6, 55, 0.613926112651825, 0.4458334445953369, 0.9983922648950274, 0.272118479013443, 0.26947492361068726, 0.7208138704299927, 47.84423828125, 1.2631487793599957e-20, 6.082212412599392e-41, 10.868673086166382, 489.8984375), (1000, 3000, 0.6, 99, 0.7695602774620056, 1.4429547786712646, 0.8865292205851376, 0.21333584189414978, 0.4028138518333435, 0.501130998134613, 48.97275161743164, 2.874583306473865e-36, 3.134813070537022e-72, 11.915226936340332, 494.71875), (1000, 4000, 1, 11, 0.30673861503601074, 0.6248683631420135, 1.064074392968218, 0.2201230376958847, 0.2565310001373291, 0.2899883985519409, 55.588924407958984, 2.0186826321938587e-06, 2.1466250720477383e-14, 14.883963584899902, 620.5546875), (1000, 4000, 1, 55, 0.4943690598011017, 0.49137449264526367, 0.9654209539376291, 0.20743638277053833, 0.5717262625694275, 0.33652663230895996, 57.768272399902344, 8.172013697693597e-44, 8.78541057099895e-88, 18.973587036132812, 634.25390625), (1000, 4000, 1, 99, 0.436445951461792, 1.021626528352499, 1.064681530398929, 0.40248316526412964, 0.3255285620689392, 0.2837620675563812, 58.65597915649414, 1.2009728731324546e-79, 1.0235341901621066e-158, 22.71871304512024, 639.3203125)]
Completed job 16
starting the work inside Run_jobs
parameter combinations: [[1000, 4000, 0.8, 11], [1000, 4000, 0.8, 55], [1000, 4000, 0.8, 99], [1000, 4000, 0.6, 11], [1000, 4000, 0.6, 55], [1000, 4000, 0.6, 99]]
test name: nountill_E2S
[(1000, 4000, 0.8, 11, 0.3609800338745117, 0.24790316820144653, 1.0164618143442496, 0.27505090832710266, 0.3487440049648285, 0.5406414270401001, 55.7054557800293, 2.6359136888265517e-05, 1.831267478829827e-11, 14.123816728591919, 624.90234375), (1000, 4000, 0.8, 55, 0.638253390789032, 0.4111899733543396, 1.4105428625599854, 0.2178678959608078, 0.6532565355300903, 0.02607131004333496, 57.76819610595703, 3.266817303819571e-33, 7.317103225604308e-67, 17.595824241638184, 637.0546875), (1000, 4000, 0.8, 99, 1.2990715503692627, 1.4978962540626526, 1.3114403734428037, 0.18660804629325867, 0.677939772605896, 0.8208690881729126, 58.663719177246094, 4.9757263638070676e-61, 6.778919419281969e-122, 20.82734441757202, 644.21875), (1000, 4000, 0.6, 11, 0.35827502608299255, 0.5196132063865662, 0.7871928237798201, 0.44834718108177185, 0.3739987313747406, 0.32376495003700256, 55.42906951904297, 0.007739691503941316, 1.0676807682261574e-06, 13.98598599433899, 629.86328125), (1000, 4000, 0.6, 55, 0.556622326374054, 0.43683886528015137, 0.8947308198023767, 0.3439836800098419, 0.3572055697441101, 0.6730749011039734, 57.682315826416016, 1.2138950600253865e-20, 6.648482073782776e-41, 16.621236324310303, 641.890625), (1000, 4000, 0.6, 99, 0.5252206921577454, 1.3984115719795227, 0.957059454346727, 0.2616937458515167, 0.21892455220222473, 0.39809897541999817, 58.579593658447266, 7.097438101418138e-36, 8.704407949647692e-72, 19.10972309112549, 645.328125)]
Completed job 17
