starting the work inside Run_jobs
parameter combinations: [[350, 1000, 1, 11], [350, 1000, 1, 55], [350, 1000, 1, 99], [350, 1000, 0.8, 11], [350, 1000, 0.8, 55], [350, 1000, 0.8, 99]]
test name: nountill_M2M
Begin work on process
Begin work on process
Begin work on process
Begin work on process
Begin work on process
Begin work on process
[(350, 1000, 1, 11, 0.29981112480163574, 0.06624698638916016, 0.2987971435152346, 0.45745396614074707, 0.5899040102958679, 0.7636810541152954, 16.97015953063965, 8.236535850755333, 67.73850404945127, 2.6328890323638916, 262.98828125), (350, 1000, 1, 55, 0.23647113144397736, 0.04645872116088867, 0.7285938683697275, 0.28242841362953186, 0.5109206438064575, 0.6667023301124573, 19.646324157714844, 15.730966299362205, 185.69429050808472, 2.9698445796966553, 289.94921875), (350, 1000, 1, 99, 0.31023553013801575, 0.10802173614501953, 1.1108290416483724, 0.20566882193088531, 0.5480911135673523, 0.6755697131156921, 20.80817222595215, 4.4448853582711875e-32, 1.8052974641472238e-63, 2.4556572437286377, 296.296875), (350, 1000, 0.8, 11, 0.4343104958534241, 0.1414930820465088, 0.8370406404372394, 0.2228584736585617, 0.5368067622184753, 0.796782374382019, 17.233224868774414, 296.302951738942, 62339.23058398539, 1.9774236679077148, 290.2734375), (350, 1000, 0.8, 55, 0.5426899194717407, 0.3812072277069092, 0.8569481255051195, 0.2531207799911499, 0.5643974542617798, 0.6621986031532288, 19.620925903320312, 8.19844722183413e-55, 6.303597527815973e-109, 2.165949583053589, 290.28515625), (350, 1000, 0.8, 99, 0.5706617832183838, 0.40895748138427734, 0.39902913383410593, 0.4130461513996124, 0.5249154567718506, 0.692833423614502, 20.63929557800293, 1.8271374413100193e-31, 3.3384312279925946e-62, 2.39031720161438, 295.0859375)]
Completed job 0
starting the work inside Run_jobs
parameter combinations: [[350, 1000, 0.6, 11], [350, 1000, 0.6, 55], [350, 1000, 0.6, 99], [350, 2000, 1, 11], [350, 2000, 1, 55], [350, 2000, 1, 99]]
test name: nountill_M2M
Begin work on process
Begin work on process
Begin work on process
Begin work on process
Begin work on process
Begin work on process
[(350, 1000, 0.6, 11, 0.12740923464298248, 0.014096379280090332, 0.8326743898303288, 0.29355180263519287, 0.6726348996162415, 0.722882091999054, 17.577959060668945, 0.7405667277746265, 0.16162862307049475, 2.2119429111480713, 263.67578125), (350, 1000, 0.6, 55, 0.4383900761604309, 1.5423225164413452, 1.0540890148707565, 0.20048172771930695, 0.3092639744281769, 0.18536829948425293, 19.260883331298828, 4.716042298775324e-19, 2.224105474043304e-37, 2.464765787124634, 288.6875), (350, 1000, 0.6, 99, 0.647956371307373, 1.44462189078331, 0.9170462869531368, 0.19587498903274536, 0.22904852032661438, 0.5127782821655273, 20.904043197631836, 7.094929007506671e-36, 5.033776613960494e-71, 2.7607970237731934, 296.4375), (350, 2000, 1, 11, 0.6039901375770569, 0.41494619846343994, 1.0919420650196747, 0.20578165352344513, 0.4204801917076111, 0.7445197701454163, 33.21986389160156, 0.16157205034735206, 0.018608188439701932, 6.194186210632324, 380.92578125), (350, 2000, 1, 55, 0.7243757843971252, 0.6345659494400024, 0.743545999832901, 0.2987903356552124, 0.670299232006073, 0.6129443049430847, 35.44513702392578, 1.167464306278195e-19, 1.361485701896294e-38, 7.439540386199951, 381.41796875), (350, 2000, 1, 99, 0.27963489294052124, 0.2584407329559326, 0.9077026504271849, 0.19538603723049164, 0.38099563121795654, 0.39594003558158875, 36.56809997558594, 4.720445429810395e-17, 2.14721023909157e-33, 8.91727900505066, 384.74609375)]
Completed job 1
starting the work inside Run_jobs
parameter combinations: [[350, 2000, 0.8, 11], [350, 2000, 0.8, 55], [350, 2000, 0.8, 99], [350, 2000, 0.6, 11], [350, 2000, 0.6, 55], [350, 2000, 0.6, 99]]
test name: nountill_M2M
Begin work on process
Begin work on process
Begin work on process
Begin work on process
Begin work on process
Begin work on process
[(350, 2000, 0.8, 11, 0.33335402607917786, 0.21167373657226562, 0.8754586907647591, 0.16438403725624084, 0.12461956590414047, 0.4226575195789337, 33.09922790527344, 7.002226403372724, 11.485006811854301, 36.763803243637085, 355.5625), (350, 2000, 0.8, 55, 0.46793290972709656, 0.4482806324958801, 1.0818488637419947, 0.1982138752937317, 0.5534101128578186, 0.2283656895160675, 35.31754684448242, 0.010795384941768698, 5.643934397536779e-05, 19.09550929069519, 376.76171875), (350, 2000, 0.8, 99, 0.550753653049469, 0.33446621894836426, 0.8847788251753707, 0.26042091846466064, 0.17855335772037506, 0.6532204747200012, 36.595558166503906, 4.2711177357171394e-11, 1.6736706661370424e-21, 24.001434326171875, 379.2421875), (350, 2000, 0.6, 11, 0.2534237802028656, 0.15000522136688232, 0.5821928361840554, 0.41997650265693665, 0.4028175175189972, 0.4809369444847107, 32.94807052612305, 0.0059682961358774045, 7.53683321168929e-06, 15.263279676437378, 381.546875), (350, 2000, 0.6, 55, 0.41092830896377563, 0.15855103731155396, 1.348587128805923, 0.27448058128356934, 0.6079079508781433, 0.2646097242832184, 35.6275634765625, 5.650995065953924e-17, 3.099590389201711e-33, 64.47626495361328, 382.21875), (350, 2000, 0.6, 99, 0.35544562339782715, 0.19411683082580566, 1.2435869401391186, 0.2316604107618332, 0.5680561661720276, 0.34279724955558777, 36.55473327636719, 3.065115345548858e-10, 9.346868943307288e-20, 21.30391836166382, 382.59375)]
Completed job 2
starting the work inside Run_jobs
parameter combinations: [[350, 3000, 1, 11], [350, 3000, 1, 55], [350, 3000, 1, 99], [350, 3000, 0.8, 11], [350, 3000, 0.8, 55], [350, 3000, 0.8, 99]]
test name: nountill_M2M
Begin work on process
Begin work on process
Begin work on process
Begin work on process
Begin work on process
Begin work on process
[(350, 3000, 1, 11, 0.3560159206390381, 0.10914874076843262, 0.5966410228506243, 0.31777483224868774, 0.7836408019065857, 0.695215106010437, 44.97637176513672, 2.464988593226975, 4.5694950415120426, 11.50496792793274, 421.83203125), (350, 3000, 1, 55, 0.07052017748355865, 0.3035639524459839, 0.6921319800019333, 0.08563290536403656, 0.08988363295793533, 0.09110373258590698, 47.32308578491211, 0.00014735543415741342, 1.5182932956235604e-08, 10.439274549484253, 432.12109375), (350, 3000, 1, 99, 0.2752065360546112, 0.6860806047916412, 0.9161255809232696, 0.19323588907718658, 0.25028756260871887, 0.21737951040267944, 48.51511764526367, 8.680518302676069e-06, 6.914002809155628e-11, 11.018327713012695, 441.3671875), (350, 3000, 0.8, 11, 0.16004444658756256, 0.034114718437194824, 1.1222414761140256, 0.18093357980251312, 0.6179965138435364, 0.5961482524871826, 44.942649841308594, 1153.7578218075769, 49884.117048620916, 13.493412494659424, 421.4140625), (350, 3000, 0.8, 55, 0.6490381956100464, 0.8573325276374817, 0.8883097339903169, 0.19609913229942322, 0.19517555832862854, 0.6474681496620178, 47.53251647949219, 6.78472441002013e-09, 4.6030802666200146e-17, 10.134777069091797, 432.55859375), (350, 3000, 0.8, 99, 0.3129976689815521, 0.12892258167266846, 0.8628474520681689, 0.21512363851070404, 0.28164905309677124, 0.5261087417602539, 48.5455207824707, 4.574412913592233e-19, 1.7956641795167786e-37, 11.152122497558594, 438.94921875)]
Completed job 3
starting the work inside Run_jobs
parameter combinations: [[350, 3000, 0.6, 11], [350, 3000, 0.6, 55], [350, 3000, 0.6, 99], [350, 4000, 1, 11], [350, 4000, 1, 55], [350, 4000, 1, 99]]
test name: nountill_M2M
Begin work on process
Begin work on process
Begin work on process
Begin work on process
Begin work on process
Begin work on process
[(350, 3000, 0.6, 11, 0.16195395588874817, 0.05756187438964844, 0.8547282691526366, 0.25537753105163574, 0.4841686487197876, 0.46061041951179504, 44.965145111083984, 80.51713273930743, 1115.3678156530182, 8.062472581863403, 423.26171875), (350, 3000, 0.6, 55, 0.3136354088783264, 0.17096638679504395, 0.8617969038888721, 0.23179814219474792, 0.4146990478038788, 0.554962694644928, 47.37565994262695, 48.337234762748785, 569.5237895773648, 9.806177139282227, 435.49609375), (350, 3000, 0.6, 99, 0.3526231050491333, 0.37711966037750244, 0.6276637440155926, 0.4041792154312134, 0.27779683470726013, 0.4507260322570801, 48.40205001831055, 1.222645810030901e-47, 1.4933060992668274e-94, 10.517377853393555, 441.5078125), (350, 4000, 1, 11, 0.3991168439388275, 0.13960886001586914, 0.5946187949053123, 0.392820805311203, 0.7336228489875793, 0.49153050780296326, 55.25055694580078, 10.96815469792306, 51.03998730311638, 14.791791439056396, 544.94140625), (350, 4000, 1, 55, 0.6363276839256287, 0.41894108057022095, 0.22184621374353225, 0.42865467071533203, 0.6534515619277954, 0.7290951013565063, 57.45885467529297, 5.793376918910684e-14, 3.0396760961923137e-27, 16.020464658737183, 563.6015625), (350, 4000, 1, 99, 0.933333158493042, 1.027631001546979, 0.5843162167533993, 0.38430196046829224, 0.5280312895774841, 0.7551543712615967, 58.17086410522461, 8.53694207671081e-43, 5.753099432862235e-85, 18.816704511642456, 577.8515625)]
Completed job 4
starting the work inside Run_jobs
parameter combinations: [[350, 4000, 0.8, 11], [350, 4000, 0.8, 55], [350, 4000, 0.8, 99], [350, 4000, 0.6, 11], [350, 4000, 0.6, 55], [350, 4000, 0.6, 99]]
test name: nountill_M2M
Begin work on process
Begin work on process
Begin work on process
Begin work on process
Begin work on process
Begin work on process
[(350, 4000, 0.8, 11, 0.5775161385536194, 0.37208282947540283, 0.3630425795675601, 0.3304540812969208, 0.5633399486541748, 0.7296277284622192, 55.07925033569336, 19.169022944831422, 215.56216928483357, 19.24740195274353, 548.328125), (350, 4000, 0.8, 55, 0.6779507994651794, 0.3432579040527344, 0.8733848665659067, 0.4392886161804199, 0.1713777780532837, 0.7780693769454956, 57.328941345214844, 0.004577059322296468, 2.0949195353760748e-05, 16.92316436767578, 565.05078125), (350, 4000, 0.8, 99, 0.3031734526157379, 0.16731113195419312, 0.44772431823433406, 0.435295969247818, 0.3892156183719635, 0.537316620349884, 58.231353759765625, 0.10806023609151877, 0.00626482869384991, 19.10629439353943, 578.7265625), (350, 4000, 0.6, 11, 0.540173351764679, 0.6086314916610718, 0.7114161494293174, 0.3739658296108246, 0.4172183871269226, 0.5432575345039368, 55.15958023071289, 1.8710030433151908e-05, 1.1230961509167462e-10, 14.169748544692993, 553.109375), (350, 4000, 0.6, 55, 0.3503590524196625, 1.4519704580307007, 0.9178735765418146, 0.20314480364322662, 0.23127947747707367, 0.17864356935024261, 57.47658157348633, 0.0036397477852460978, 8.479049692766181e-06, 20.165844917297363, 565.02734375), (350, 4000, 0.6, 99, 0.6333433985710144, 1.545265018939972, 0.6428768717195716, 0.4008634686470032, 0.3623570203781128, 0.3581705391407013, 58.09467697143555, 0.015438121177224354, 0.00017897274985983542, 18.60852575302124, 578.828125)]
Completed job 5
starting the work inside Run_jobs
parameter combinations: [[600, 1000, 1, 11], [600, 1000, 1, 55], [600, 1000, 1, 99], [600, 1000, 0.8, 11], [600, 1000, 0.8, 55], [600, 1000, 0.8, 99]]
test name: nountill_M2M
[(600, 1000, 1, 11, 0.37470898032188416, 0.4798486828804016, 0.9301588510599434, 0.315959095954895, 0.1616196483373642, 0.4324243664741516, 16.339784622192383, 54.0665309250668, 756.903836153225, 3.4306204319000244, 275.30859375), (600, 1000, 1, 55, 0.4676772356033325, 0.3346247673034668, 0.9225839883030701, 0.20410293340682983, 0.20182748138904572, 0.5770343542098999, 19.286806106567383, 1.5945967349110058e-32, 2.5294444022886633e-64, 2.5141143798828125, 304.58984375), (600, 1000, 1, 99, 0.2816738188266754, 0.6663715839385986, 0.8994731385476223, 0.2014268934726715, 0.19044408202171326, 0.28058183193206787, 20.832168579101562, 7.008510201282948e-35, 4.911913292334664e-69, 2.7178359031677246, 310.4296875), (600, 1000, 0.8, 11, 0.7134547829627991, 0.5511254072189331, 0.1956089017666561, 0.4422733187675476, 0.6401765942573547, 0.7137002944946289, 16.79246711730957, 0.0005645787787716132, 2.835700347334348e-07, 2.1178576946258545, 303.0625), (600, 1000, 0.8, 55, 0.553187370300293, 0.4014875888824463, 0.8555891533760367, 0.18622231483459473, 0.6859197020530701, 0.34676265716552734, 19.467445373535156, 1.214357663561133e-07, 4.820106325925947e-15, 2.4743270874023438, 306.36328125), (600, 1000, 0.8, 99, 0.24916911125183105, 0.17376816272735596, 0.867810191716567, 0.14647819101810455, 0.2269841432571411, 0.4013995826244354, 20.493427276611328, 0.0002510359236078594, 5.846543342744518e-08, 2.736802339553833, 308.47265625)]
Completed job 6
starting the work inside Run_jobs
parameter combinations: [[600, 1000, 0.6, 11], [600, 1000, 0.6, 55], [600, 1000, 0.6, 99], [600, 2000, 1, 11], [600, 2000, 1, 55], [600, 2000, 1, 99]]
test name: nountill_M2M
[(600, 1000, 0.6, 11, 0.5090897083282471, 0.39759016036987305, 0.3963301890087513, 0.3478078842163086, 0.6264342665672302, 0.47308143973350525, 16.21692657470703, 4.611837299183104e-05, 6.478560375444557e-10, 2.194861888885498, 275.25), (600, 1000, 0.6, 55, 0.2539154887199402, 0.15379655361175537, 0.37180496719077083, 0.3147439956665039, 0.4155084192752838, 0.47590944170951843, 19.025815963745117, 1.087020700420526e-13, 1.1816138892225437e-26, 2.311661720275879, 303.5234375), (600, 1000, 0.6, 99, 0.7911320924758911, 0.9537455439567566, 1.0481566078436355, 0.25338542461395264, 0.3657548725605011, 0.7186296582221985, 20.85614585876465, 2.1299842643227675e-17, 4.536692920128832e-34, 2.49363374710083, 310.296875), (600, 2000, 1, 11, 0.5159611701965332, 0.2891133427619934, 1.0510399782240643, 0.18738067150115967, 0.6354596018791199, 0.7095688581466675, 32.65866470336914, 9.732246549885723, 62.80912659890493, 5.941947937011719, 403.421875), (600, 2000, 1, 55, 0.32478901743888855, 0.047335922718048096, 0.37994347138605483, 0.37521126866340637, 0.6650501489639282, 0.8877472281455994, 35.57145690917969, 2844.9447384555187, 7985363.178611469, 15.961991548538208, 409.1015625), (600, 2000, 1, 99, 0.28372839093208313, 0.4067199230194092, 0.744543147761405, 0.296735942363739, 0.2644706964492798, 0.34445855021476746, 36.77246856689453, 8.684712097675213e-32, 7.540078400337779e-63, 13.255001544952393, 408.99609375)]
Completed job 7
starting the work inside Run_jobs
parameter combinations: [[600, 2000, 0.8, 11], [600, 2000, 0.8, 55], [600, 2000, 0.8, 99], [600, 2000, 0.6, 11], [600, 2000, 0.6, 55], [600, 2000, 0.6, 99]]
test name: nountill_M2M
[(600, 2000, 0.8, 11, 0.9885309338569641, 1.5425318479537964, 0.8972911124455547, 0.2675159275531769, 0.43918365240097046, 0.6788353323936462, 32.82643127441406, 0.11712550857671503, 0.0060255344558918554, 43.734893560409546, 375.5078125), (600, 2000, 0.8, 55, 0.7146065831184387, 0.23892223834991455, 0.6427525129958681, 0.050124865025281906, 0.09965002536773682, 0.7875185608863831, 35.69751739501953, 0.00027640027293102185, 6.367851209361178e-08, 284.8884816169739, 399.21484375), (600, 2000, 0.8, 99, 0.5560464859008789, 0.36202681064605713, 0.5298145917921304, 0.441417932510376, 0.4131638705730438, 0.7196157574653625, 36.69085693359375, 7.202439901694051e-37, 5.1875140265616256e-73, 327.88713908195496, 399.16796875), (600, 2000, 0.6, 11, 0.30360880494117737, 0.25036871433258057, 0.838544939785492, 0.37076860666275024, 0.18931874632835388, 0.41846540570259094, 33.12937927246094, 8.654493627017864, 34.03679243619684, 35.90029430389404, 405.23828125), (600, 2000, 0.6, 55, 0.745265007019043, 0.6343662440776825, 0.09664315713191945, 0.4810279905796051, 0.5441781878471375, 0.7456681132316589, 35.52924728393555, 2.713561974370206e-23, 7.363418489533739e-46, 263.2077667713165, 405.63671875), (600, 2000, 0.6, 99, 0.9091575145721436, 1.7310044169425964, 0.9820023688897564, 0.20083579421043396, 0.4253351390361786, 0.5506638288497925, 36.948604583740234, 3.3075358923013192e-37, 1.0932770499516933e-73, 270.8464789390564, 404.8203125)]
Completed job 8
starting the work inside Run_jobs
parameter combinations: [[600, 3000, 1, 11], [600, 3000, 1, 55], [600, 3000, 1, 99], [600, 3000, 0.8, 11], [600, 3000, 0.8, 55], [600, 3000, 0.8, 99]]
test name: nountill_M2M
[(600, 3000, 1, 11, 0.3507511615753174, 1.045384008437395, 0.8381091457707751, 0.16235516965389252, 0.16432121396064758, 0.3025110960006714, 45.119930267333984, 14.77551100335791, 151.025697639144, 14.876726865768433, 444.546875), (600, 3000, 1, 55, 0.4848542809486389, 0.21454238891601562, 0.09757168190141408, 0.4895629584789276, 0.6763167977333069, 0.7759057283401489, 47.803306579589844, 8.035217699441406e-18, 5.704815612714612e-35, 10.946011066436768, 454.5625), (600, 3000, 1, 99, 0.8169551491737366, 0.6650150418281555, 0.016459118108841812, 0.5258402824401855, 0.6236172914505005, 0.7764915823936462, 48.790523529052734, 4.107546754569201e-28, 1.6871229945435725e-55, 11.726549863815308, 462.8671875), (600, 3000, 0.8, 11, 0.08272703737020493, 0.026535451412200928, 1.0110865280212473, 0.21638083457946777, 0.30141690373420715, 0.33909282088279724, 45.175228118896484, 472.37835989987275, 14175.253094862937, 8.66115951538086, 445.2109375), (600, 3000, 0.8, 55, 0.5054417848587036, 0.2106151580810547, 0.8724312317526243, 0.35770079493522644, 0.16900110244750977, 0.6280860304832458, 47.60512161254883, 2.487781123320603e-07, 5.880638817498607e-14, 10.276819467544556, 455.25390625), (600, 3000, 0.8, 99, 0.2208240032196045, 0.04361391067504883, 0.9600858405254021, 0.22872205078601837, 0.7520561218261719, 0.6968024373054504, 48.53508377075195, 2.507897399878655, 4.1205975359602895, 11.597586870193481, 464.5703125)]
Completed job 9
starting the work inside Run_jobs
parameter combinations: [[600, 3000, 0.6, 11], [600, 3000, 0.6, 55], [600, 3000, 0.6, 99], [600, 4000, 1, 11], [600, 4000, 1, 55], [600, 4000, 1, 99]]
test name: nountill_M2M
Begin work on process
Begin work on process
Begin work on process
Begin work on process
Begin work on process
Begin work on process
[(600, 3000, 0.6, 11, 0.4305351972579956, 0.2034059762954712, 0.3217068393843003, 0.3932913839817047, 0.4874216914176941, 0.7021878361701965, 44.831539154052734, 2488.6852061605346, 5094734.355402379, 9.751720190048218, 442.265625), (600, 3000, 0.6, 55, 0.39801910519599915, 0.9900406803935766, 0.9273520435404281, 0.24203196167945862, 0.17935530841350555, 0.3571087419986725, 47.54256057739258, 5.846122681454992e-12, 3.417506331032183e-23, 11.401003122329712, 454.29296875), (600, 3000, 0.6, 99, 0.26436397433280945, 0.15392422676086426, 1.0117102126503645, 0.18917061388492584, 0.4209897816181183, 0.49592721462249756, 48.576499938964844, 3.5955573808115557e-07, 6.564390328765313e-14, 12.177159786224365, 464.86328125), (600, 4000, 1, 11, 0.4246082007884979, 0.5355541110038757, 0.8411675585063929, 0.21375919878482819, 0.36794570088386536, 0.4431256651878357, 55.13330078125, 0.00020258298789217028, 1.2159053631466164e-08, 15.653543710708618, 572.9765625), (600, 4000, 1, 55, 0.4322645962238312, 0.1786823868751526, 0.01523879760666608, 0.5262879729270935, 0.5885951519012451, 0.7556489109992981, 57.38968276977539, 2.655956087700978e-07, 3.973067265549813e-14, 19.769341945648193, 595.40234375), (600, 4000, 1, 99, 0.25652268528938293, 0.6712863147258759, 0.799670324305467, 0.21490950882434845, 0.2609000504016876, 0.014416615478694439, 58.40105438232422, 3.040871891505349e-06, 9.246901817067604e-12, 22.212753534317017, 600.390625)]
Completed job 10
starting the work inside Run_jobs
parameter combinations: [[600, 4000, 0.8, 11], [600, 4000, 0.8, 55], [600, 4000, 0.8, 99], [600, 4000, 0.6, 11], [600, 4000, 0.6, 55], [600, 4000, 0.6, 99]]
test name: nountill_M2M
[(600, 4000, 0.8, 11, 0.4912714958190918, 0.5419908761978149, 0.26908145760031144, 0.38109222054481506, 0.5313884019851685, 0.37831899523735046, 55.510597229003906, 7.50759169966879e-06, 1.796856048357892e-11, 17.310699224472046, 577.8984375), (600, 4000, 0.8, 55, 0.2435041069984436, 1.5675603151321411, 0.9375000509510735, 0.22362007200717926, 0.2069249004125595, 0.05653771013021469, 57.484249114990234, 6.596030893622183e-12, 4.349161676129616e-23, 17.590293645858765, 599.17578125), (600, 4000, 0.8, 99, 0.3368586301803589, 0.3733135461807251, 0.700781412939343, 0.3158174157142639, 0.4003349840641022, 0.37796199321746826, 58.341670989990234, 4.698007807497082e-06, 8.11848490796419e-12, 19.72248864173889, 609.20703125), (600, 4000, 0.6, 11, 0.22962956130504608, 0.0616837739944458, 1.6069308918610352, 0.3391851782798767, 0.6578761339187622, 0.6486459374427795, 55.392372131347656, 0.38732253270635075, 0.05050954680267057, 14.993589162826538, 579.8046875), (600, 4000, 0.6, 55, 0.1820172816514969, 0.3823164105415344, 0.6981032770165907, 0.07089775800704956, 0.08667109906673431, 0.2223086655139923, 57.51919937133789, 0.04981022952497419, 0.0010817696938472396, 17.8254177570343, 593.45703125), (600, 4000, 0.6, 99, 0.6262245774269104, 0.5001839995384216, 0.7723350863747631, 0.3461463451385498, 0.2959635555744171, 0.7192811369895935, 58.34172439575195, 6.73062383461167e-60, 4.529947043518253e-119, 20.206469297409058, 611.6953125)]
Completed job 11
starting the work inside Run_jobs
parameter combinations: [[1000, 1000, 1, 11], [1000, 1000, 1, 55], [1000, 1000, 1, 99], [1000, 1000, 0.8, 11], [1000, 1000, 0.8, 55], [1000, 1000, 0.8, 99]]
test name: nountill_M2M
Begin work on process
Begin work on process
Begin work on process
Begin work on process
Begin work on process
Begin work on process
[(1000, 1000, 1, 11, 0.3334927260875702, 0.48218071460723877, 1.0171231152373863, 0.24446365237236023, 0.20299002528190613, 0.38982436060905457, 15.620139122009277, 0.030782617159118023, 0.0005341112783643283, 2.2994115352630615, 294.99609375), (1000, 1000, 1, 55, 0.3645549416542053, 0.27762436866760254, 0.9342600143423979, 0.19902943074703217, 0.36170026659965515, 0.526504635810852, 19.51866340637207, 3.975770438956995, 13.042724047862388, 2.579179525375366, 334.7421875), (1000, 1000, 1, 99, 0.6002808809280396, 0.5034144222736359, 0.9231870242689202, 0.21509718894958496, 0.6053727865219116, 0.010390054434537888, 20.51776123046875, 8.170340967471766e-27, 6.52495561992631e-53, 2.9335975646972656, 335.94140625), (1000, 1000, 0.8, 11, 0.4308811128139496, 0.3632412552833557, 0.9192891247597118, 0.23275354504585266, 0.5113909244537354, 0.15192455053329468, 16.278419494628906, 0.010732360218085895, 6.0682954024286775e-05, 2.2429308891296387, 332.578125), (1000, 1000, 0.8, 55, 0.5683735013008118, 0.3263108730316162, 0.17884357607064574, 0.4866214096546173, 0.6931718587875366, 0.713221549987793, 19.286766052246094, 7.036549499875333e-57, 4.9503766914260445e-113, 2.547292947769165, 335.93359375), (1000, 1000, 0.8, 99, 0.6422548890113831, 1.8587374687194824, 0.8355273205349408, 0.2556927800178528, 0.31403490900993347, 0.3520958721637726, 20.80813980102539, 3.1427164726762404e-16, 9.767350333082087e-32, 2.8834595680236816, 336.52734375)]
Completed job 12
starting the work inside Run_jobs
parameter combinations: [[1000, 1000, 0.6, 11], [1000, 1000, 0.6, 55], [1000, 1000, 0.6, 99], [1000, 2000, 1, 11], [1000, 2000, 1, 55], [1000, 2000, 1, 99]]
test name: nountill_M2M
[(1000, 1000, 0.6, 11, 0.55660080909729, 0.9250324964523315, 0.7853766589500829, 0.3054918050765991, 0.4039640724658966, 0.4143865406513214, 16.522314071655273, 0.6627122667505272, 0.15989133188327773, 2.59309720993042, 295.73046875), (1000, 1000, 0.6, 55, 0.1438111662864685, 0.55735644698143, 1.066605961837858, 0.4414365291595459, 0.13106173276901245, 0.1408993899822235, 19.2608642578125, 9.275466577856614, 25.25620808135154, 4.421022891998291, 333.9765625), (1000, 1000, 0.6, 99, 0.3146683871746063, 0.8780047371983528, 0.7962256969790317, 0.29630395770072937, 0.2755577266216278, 0.189225971698761, 20.247920989990234, 3.2509304969773525e-05, 3.8169046210164036e-10, 4.134981870651245, 336.5), (1000, 2000, 1, 11, 0.37353405356407166, 0.20039820671081543, 0.6636155942951822, 0.3746081590652466, 0.3217834532260895, 0.5769635438919067, 33.053497314453125, 8.391934727985765, 41.75812017550316, 55.176501512527466, 436.3515625), (1000, 2000, 1, 55, 0.30794787406921387, 0.1456547975540161, 0.6043071718001551, 0.34800681471824646, 0.4381991922855377, 0.5816624760627747, 35.850975036621094, 7.204044960307045e-08, 3.609101043931107e-15, 159.74588298797607, 428.00390625), (1000, 2000, 1, 99, 0.14043982326984406, 0.04039609432220459, 0.9262305801704065, 0.20054063200950623, 0.49880704283714294, 0.48390311002731323, 37.24457931518555, 2.543770040077752, 1.9262091826499461, 201.99185276031494, 450.6953125)]
Completed job 13
starting the work inside Run_jobs
parameter combinations: [[1000, 2000, 0.8, 11], [1000, 2000, 0.8, 55], [1000, 2000, 0.8, 99], [1000, 2000, 0.6, 11], [1000, 2000, 0.6, 55], [1000, 2000, 0.6, 99]]
test name: nountill_M2M
Begin work on process
Begin work on process
Begin work on process
Begin work on process
Begin work on process
Begin work on process
[(1000, 2000, 0.8, 11, 0.3685847818851471, 0.565008819103241, 0.6546865141769767, 0.20111674070358276, 0.24054788053035736, 0.40286463499069214, 33.3843994140625, 1.2220753160623062e-05, 9.334441134515705e-11, 6.291382312774658, 407.4765625), (1000, 2000, 0.8, 55, 0.5037155151367188, 0.1333027482032776, 0.860460101713563, 0.2724289298057556, 0.3835873007774353, 0.7984108924865723, 35.976036071777344, 5.755258262158166e-20, 3.240761922519172e-39, 9.02994990348816, 432.23046875), (1000, 2000, 0.8, 99, 0.23455436527729034, 0.12453365325927734, 0.8192186093056754, 0.2321174591779709, 0.448912650346756, 0.4821619391441345, 36.97541427612305, 1.4786748924027098e-23, 1.4689924583030167e-46, 10.054021120071411, 438.96875), (1000, 2000, 0.6, 11, 0.6919326782226562, 1.1177085563540459, 0.891171746116139, 0.2599862217903137, 0.5007395148277283, 0.42220816016197205, 33.21932601928711, 0.07945340551842785, 0.0029344139051142816, 6.640421152114868, 443.70703125), (1000, 2000, 0.6, 55, 0.32423922419548035, 0.13360846042633057, 0.21684783651424125, 0.4588235914707184, 0.46961653232574463, 0.6307826638221741, 35.87876892089844, 29.675179446151418, 338.2432685899836, 9.147252082824707, 443.44921875), (1000, 2000, 0.6, 99, 0.6519075036048889, 1.1083246022462845, 1.2561740348287465, 0.47393184900283813, 0.22174271941184998, 0.5894864797592163, 36.92140579223633, 3.6384474670904304e-25, 6.619478241738094e-50, 9.512516498565674, 442.1796875)]
Completed job 14
starting the work inside Run_jobs
parameter combinations: [[1000, 3000, 1, 11], [1000, 3000, 1, 55], [1000, 3000, 1, 99], [1000, 3000, 0.8, 11], [1000, 3000, 0.8, 55], [1000, 3000, 0.8, 99]]
test name: nountill_M2M
[(1000, 3000, 1, 11, 0.1428246796131134, 0.13263654708862305, 0.8790078137915162, 0.15087783336639404, 0.2774626314640045, 0.20417724549770355, 45.30640411376953, 21.71702680588146, 205.31800261484136, 9.99368405342102, 482.97265625), (1000, 3000, 1, 55, 1.0455893278121948, 1.7144699096679688, 1.0395652705767502, 0.17836350202560425, 0.500667154788971, 0.6274518370628357, 48.07257843017578, 42.58205170300082, 696.4590462878595, 11.359527587890625, 493.5390625), (1000, 3000, 1, 99, 0.3393089175224304, 0.17288023233413696, 0.7299665491663918, 0.2864493429660797, 0.4144372045993805, 0.09605712443590164, 48.901885986328125, 2.1831512040987847e-30, 4.7571281477350386e-60, 13.587278604507446, 502.70703125), (1000, 3000, 0.8, 11, 0.4111669659614563, 0.21249985694885254, 0.7831934181792779, 0.16309401392936707, 0.17849238216876984, 0.5367403030395508, 45.50337600708008, 304.99690429898743, 77587.1268711309, 9.108233213424683, 484.1171875), (1000, 3000, 0.8, 55, 0.7686982154846191, 1.3974685072898865, 0.5195424244245197, 0.45296022295951843, 0.4408890902996063, 0.4783830940723419, 47.97929763793945, 2.5888212827402753e-13, 6.685246151487286e-26, 11.743503093719482, 491.82421875), (1000, 3000, 0.8, 99, 0.5001539587974548, 0.2998412251472473, 0.3065649884388659, 0.4875573217868805, 0.5437490344047546, 0.6960384845733643, 49.01324462890625, 4.936122414645567e-77, 2.436530367130074e-153, 12.13539981842041, 500.80859375)]
Completed job 15
starting the work inside Run_jobs
parameter combinations: [[1000, 3000, 0.6, 11], [1000, 3000, 0.6, 55], [1000, 3000, 0.6, 99], [1000, 4000, 1, 11], [1000, 4000, 1, 55], [1000, 4000, 1, 99]]
test name: nountill_M2M
Begin work on process
Begin work on process
Begin work on process
Begin work on process
Begin work on process
Begin work on process
[(1000, 3000, 0.6, 11, 0.28986814618110657, 0.7771855294704437, 0.935529381304125, 0.27902767062187195, 0.16098935902118683, 0.2795768678188324, 45.52583312988281, 1.9570263545098654, 3.6468911891896116, 8.9081130027771, 481.2265625), (1000, 3000, 0.6, 55, 0.5620686411857605, 0.5131849348545074, 0.4731807178258182, 0.32949453592300415, 0.5714149475097656, 0.01974233239889145, 47.740482330322266, 1.2812903778390322e-23, 1.6180270519982994e-46, 10.75791883468628, 493.7109375), (1000, 3000, 0.6, 99, 0.6176865100860596, 0.5811181962490082, 0.913256492336281, 0.20264337956905365, 0.2711133658885956, 0.680072009563446, 48.85015106201172, 3.3836781494605084e-10, 1.0147272363750887e-19, 11.802645683288574, 500.67578125), (1000, 4000, 1, 11, 0.46207794547080994, 1.267588198184967, 1.2024362243638473, 0.3208616375923157, 0.3430936932563782, 0.23104111850261688, 55.669551849365234, 19.962598291370035, 77.04553982290844, 15.23215126991272, 620.578125), (1000, 4000, 1, 55, 0.579745352268219, 0.49005019664764404, 0.1231859665828527, 0.4822959899902344, 0.5370461344718933, 0.6241363883018494, 57.66584777832031, 7.899967786187082e-20, 3.252962020094637e-39, 18.421117782592773, 642.953125), (1000, 4000, 1, 99, 0.5473015308380127, 0.8852519690990448, 0.7242821431192011, 0.29388827085494995, 0.5473670363426208, 0.0005733601283282042, 58.57135772705078, 1.0611135003475615e-28, 1.1255995633661407e-56, 21.557570457458496, 653.578125)]
Completed job 16
starting the work inside Run_jobs
parameter combinations: [[1000, 4000, 0.8, 11], [1000, 4000, 0.8, 55], [1000, 4000, 0.8, 99], [1000, 4000, 0.6, 11], [1000, 4000, 0.6, 55], [1000, 4000, 0.6, 99]]
test name: nountill_M2M
Begin work on process
Begin work on process
Begin work on process
Begin work on process
Begin work on process
Begin work on process
[(1000, 4000, 0.8, 11, 0.19562965631484985, 0.3759644627571106, 0.9350771709002433, 0.22820931673049927, 0.19338609278202057, 0.24492312967777252, 55.661373138427734, 12.940664795907356, 20.807399471932865, 21.44493341445923, 625.51171875), (1000, 4000, 0.8, 55, 0.726157009601593, 0.7750016748905182, 0.9263605327049279, 0.24219927191734314, 0.7446438074111938, 0.19721505045890808, 57.92314529418945, 1.4529192163199837e-11, 1.9686598052430606e-22, 18.92806839942932, 640.796875), (1000, 4000, 0.8, 99, 0.5934903621673584, 0.44034910202026367, 0.5861127186780688, 0.35587194561958313, 0.6464310884475708, 0.6171958446502686, 58.630043029785156, 4.363700825106231e-25, 1.9040082985485404e-49, 21.481800079345703, 655.3984375), (1000, 4000, 0.6, 11, 0.2378365397453308, 0.08568984270095825, 0.008138915015470576, 0.5176946520805359, 0.5808441638946533, 0.5660491585731506, 55.66984176635742, 414.67442432907296, 22911.233023803237, 26.799816608428955, 628.47265625), (1000, 4000, 0.6, 55, 0.21627330780029297, 0.23467415571212769, 0.7653250194554793, 0.2789001166820526, 0.3042013943195343, 0.14095662534236908, 57.75138473510742, 0.013808136316561864, 6.283518034050616e-05, 18.883960008621216, 642.08984375), (1000, 4000, 0.6, 99, 0.3873746395111084, 0.3292117714881897, 0.8619584267264876, 0.2110828459262848, 0.5097593069076538, 0.25751370191574097, 58.7408332824707, 8.864591801684085e-49, 7.741361561858924e-97, 21.804341554641724, 655.40234375)]
Completed job 17
