starting the work inside Run_jobs
parameter combinations: [[350, 1000, 1, 11], [350, 1000, 1, 55], [350, 1000, 1, 99], [350, 1000, 0.8, 11], [350, 1000, 0.8, 55], [350, 1000, 0.8, 99]]
test name: nountill_E2B
[(350, 1000, 1, 11, 0.36545059084892273, 0.6117989122867584, 1.2995025774403042, 0.30865538120269775, 0.38737714290618896, 0.22852960228919983, 17.463790893554688, 3.7717807553098575e-05, 3.4875193266407014e-11, 1.8958463668823242, 264.1953125), (350, 1000, 1, 55, 0.22532068192958832, 0.1007954478263855, 0.5899139925004105, 0.36140957474708557, 0.5135403871536255, 0.4786471724510193, 19.416040420532227, 2.586865202431985e-39, 1.4593752861825787e-79, 1.7998266220092773, 288.19921875), (350, 1000, 1, 99, 0.2693367898464203, 0.11135876178741455, 0.012387265471413717, 0.5289540886878967, 0.5769160389900208, 0.5630911588668823, 21.330223083496094, 3.8038773733596944e-74, 8.123756448837273e-149, 1.9235033988952637, 295.94921875), (350, 1000, 0.8, 11, 0.05520891025662422, 0.0714983344078064, 0.80396359296412, 0.16031861305236816, 0.14862889051437378, 0.13656121492385864, 17.377758026123047, 0.00415824624315795, 8.775109205912077e-08, 1.3653757572174072, 291.10546875), (350, 1000, 0.8, 55, 0.2695542573928833, 0.07626760005950928, 0.18311819211153124, 0.4485889971256256, 0.6931761503219604, 0.6868093609809875, 19.390209197998047, 2.860889148329814e-29, 4.973610836500223e-59, 1.809922456741333, 288.90625), (350, 1000, 0.8, 99, 0.32340922951698303, 0.1409541368484497, 0.1437258085666629, 0.501009464263916, 0.6092613339424133, 0.6089657545089722, 20.880090713500977, 2.4649769546151832e-55, 2.2335995457664268e-111, 1.9995532035827637, 294.70703125)]
Completed job 0
starting the work inside Run_jobs
parameter combinations: [[350, 1000, 0.6, 11], [350, 1000, 0.6, 55], [350, 1000, 0.6, 99], [350, 2000, 1, 11], [350, 2000, 1, 55], [350, 2000, 1, 99]]
test name: nountill_E2B
[(350, 1000, 0.6, 11, 0.06693865358829498, 0.03376573324203491, 0.6127883445541081, 0.14124558866024017, 0.2533794939517975, 0.2596014440059662, 17.521038055419922, 0.94619184452047, 0.0038684856637117024, 4.627068281173706, 262.05859375), (350, 1000, 0.6, 55, 0.06548624485731125, 0.0718919038772583, 0.7282495262684034, 0.2807499170303345, 0.17443132400512695, 0.15347132086753845, 19.364444732666016, 8.382415342469504e-16, 9.399133776146254e-33, 1.6422555446624756, 290.01953125), (350, 1000, 0.6, 99, 0.1443825513124466, 0.10541999340057373, 0.7692724984369749, 0.25019383430480957, 0.3204300105571747, 0.2682305574417114, 20.856201171875, 4.041928574319598e-31, 3.9172638573099835e-63, 2.080904960632324, 294.0078125), (350, 2000, 1, 11, 0.10844171047210693, 0.0819786787033081, 0.8817124886711912, 0.16324514150619507, 0.1516893357038498, 0.22948503494262695, 33.099308013916016, 0.00019326182680828323, 6.770505204798806e-10, 15.759310722351074, 379.01171875), (350, 2000, 1, 55, 0.2353459894657135, 0.09810757637023926, 0.29803994552368507, 0.5115290880203247, 0.525035560131073, 0.5363898873329163, 35.20467758178711, 7.386476090637612e-39, 2.1310318785372701e-78, 99.76497507095337, 382.5625), (350, 2000, 1, 99, 0.11060269176959991, 0.0904773473739624, 0.8719129726217266, 0.1954360157251358, 0.26600998640060425, 0.23917821049690247, 37.01609802246094, 7.112301520632608e-74, 2.976789483057637e-148, 189.89350843429565, 393.5078125)]
Completed job 1
starting the work inside Run_jobs
parameter combinations: [[350, 2000, 0.8, 11], [350, 2000, 0.8, 55], [350, 2000, 0.8, 99], [350, 2000, 0.6, 11], [350, 2000, 0.6, 55], [350, 2000, 0.6, 99]]
test name: nountill_E2B
[(350, 2000, 0.8, 11, 0.18235956132411957, 0.11759185791015625, 0.9480247024996282, 0.32262665033340454, 0.2728396952152252, 0.3702816665172577, 33.03881072998047, 0.009450748852280155, 1.6890584354232034e-07, 46.922568559646606, 354.609375), (350, 2000, 0.8, 55, 0.17988575994968414, 0.11992591619491577, 0.946127306561079, 0.18693962693214417, 0.19260454177856445, 0.3244086503982544, 35.30371856689453, 6.836823313326555e-29, 1.82782819444068e-58, 234.24212431907654, 374.24609375), (350, 2000, 0.8, 99, 0.2722877860069275, 0.10963916778564453, 0.03573622451362158, 0.5133999586105347, 0.5915529131889343, 0.5668696761131287, 36.677120208740234, 6.746831107598249e-55, 1.7479383761314613e-110, 235.7589147090912, 375.58203125), (350, 2000, 0.6, 11, 0.01910657249391079, 0.02028024196624756, 0.8247783274264585, 0.2846875488758087, 0.0842236801981926, 0.09147432446479797, 32.856937408447266, 1.7969830524696013, 0.013650334641467098, 32.05224108695984, 376.55859375), (350, 2000, 0.6, 55, 0.09768335521221161, 0.14578163623809814, 1.0064969793514422, 0.2634882926940918, 0.18003268539905548, 0.125844806432724, 35.5574836730957, 1.9560198494027134e-15, 1.8283943036009919e-32, 250.34214401245117, 376.32421875), (350, 2000, 0.6, 99, 0.10726160556077957, 0.12003767490386963, 0.9367282703682718, 0.09804534167051315, 0.1985606551170349, 0.12365876138210297, 36.43155288696289, 1.1840542958457572e-30, 7.624728277821388e-62, 259.88444423675537, 378.21875)]
Completed job 2
starting the work inside Run_jobs
parameter combinations: [[350, 3000, 1, 11], [350, 3000, 1, 55], [350, 3000, 1, 99], [350, 3000, 0.8, 11], [350, 3000, 0.8, 55], [350, 3000, 0.8, 99]]
test name: nountill_E2B
[(350, 3000, 1, 11, 0.13548783957958221, 0.05609452724456787, 0.6801293765129844, 0.42475566267967224, 0.4084821343421936, 0.37282466888427734, 44.85429000854492, 0.00028277059096788043, 3.313934117341613e-10, 6.831272840499878, 420.85546875), (350, 3000, 1, 55, 0.26865363121032715, 0.12443554401397705, 0.42272215887861037, 0.5205246806144714, 0.4898475110530853, 0.5560675859451294, 47.375545501708984, 1.0166892504872486e-38, 7.707621043145356e-78, 7.734644412994385, 430.55859375), (350, 3000, 1, 99, 0.09778733551502228, 0.17591094970703125, 0.8892175764404053, 0.229523167014122, 0.15397705137729645, 0.1711028814315796, 48.83148193359375, 7.498993229262992e-74, 2.42169267155236e-148, 9.419567584991455, 431.88671875), (350, 3000, 0.8, 11, 0.1388576328754425, 0.02848803997039795, 0.14351964461403527, 0.45710358023643494, 0.577448844909668, 0.5374699831008911, 45.13166809082031, 0.012965861678547744, 3.724886108837243e-07, 6.440971374511719, 421.73046875), (350, 3000, 0.8, 55, 0.5061903595924377, 1.2646148800849915, 1.205133376938445, 0.2086029201745987, 0.3061849772930145, 0.3301282525062561, 47.480403900146484, 1.9761898481062789e-28, 1.4302669238420044e-57, 9.08031153678894, 428.9375), (350, 3000, 0.8, 99, 0.264077752828598, 0.12720036506652832, 1.1888229966007908, 0.21856176853179932, 0.5409376621246338, 0.47765398025512695, 48.473636627197266, 3.818389107164142e-55, 2.118666248889582e-111, 9.360782146453857, 435.6875)]
Completed job 3
starting the work inside Run_jobs
parameter combinations: [[350, 3000, 0.6, 11], [350, 3000, 0.6, 55], [350, 3000, 0.6, 99], [350, 4000, 1, 11], [350, 4000, 1, 55], [350, 4000, 1, 99]]
test name: nountill_E2B
[(350, 3000, 0.6, 11, 0.1590089052915573, 0.04546523094177246, 0.5005500608886123, 0.37090474367141724, 0.5249391198158264, 0.5292975306510925, 45.207984924316406, 1.8371554249401172, 0.011966028466154128, 7.706831455230713, 421.65234375), (350, 3000, 0.6, 55, 0.19288787245750427, 0.05409342050552368, 0.7514396174440312, 0.3235875070095062, 0.5870041847229004, 0.5858409404754639, 47.4377555847168, 3.961263777319126e-15, 3.5854674924755247e-31, 8.417437314987183, 431.7421875), (350, 3000, 0.6, 99, 0.06602353602647781, 0.08884924650192261, 0.7445262248114587, 0.2465285211801529, 0.12419966608285904, 0.15487535297870636, 48.57638931274414, 1.6054164577177392e-30, 4.07692912874109e-62, 10.731473445892334, 434.7265625), (350, 4000, 1, 11, 0.14261427521705627, 0.04592639207839966, 1.0099922360516893, 0.1856481283903122, 0.4393359422683716, 0.47408488392829895, 55.31280517578125, 0.00024023151402508995, 5.926182690898161e-10, 13.811091661453247, 543.6796875), (350, 4000, 1, 55, 0.15269997715950012, 0.1358492374420166, 0.7121231092768598, 0.3550313115119934, 0.27137404680252075, 0.3028266727924347, 57.398372650146484, 9.796256345442263e-39, 3.5203096551546344e-78, 17.650765895843506, 557.3203125), (350, 4000, 1, 99, 0.14188534021377563, 0.11525189876556396, 0.6886282297159942, 0.26220983266830444, 0.29145675897598267, 0.29884400963783264, 58.23094940185547, 2.0229296501269306e-73, 1.6687218206798438e-147, 21.004966974258423, 561.4609375)]
Completed job 4
starting the work inside Run_jobs
parameter combinations: [[350, 4000, 0.8, 11], [350, 4000, 0.8, 55], [350, 4000, 0.8, 99], [350, 4000, 0.6, 11], [350, 4000, 0.6, 55], [350, 4000, 0.6, 99]]
test name: nountill_E2B
[(350, 4000, 0.8, 11, 0.2954978048801422, 0.2972846031188965, 1.0667867881856896, 0.3660041391849518, 0.18045689165592194, 0.3929583728313446, 55.16070556640625, 0.014410480472860383, 1.1782170934095427e-05, 15.02658987045288, 548.64453125), (350, 4000, 0.8, 55, 0.24325405061244965, 0.09070444107055664, 0.22719787144106854, 0.44190096855163574, 0.5718944668769836, 0.46971067786216736, 57.432899475097656, 2.448407186948529e-28, 2.543496134302098e-58, 17.56295418739319, 561.67578125), (350, 4000, 0.8, 99, 0.0585596077144146, 0.10925471782684326, 0.9334170426821938, 0.3738001585006714, 0.09346110373735428, 0.12355906516313553, 58.230743408203125, 9.273487955757228e-55, 1.2120408091780615e-110, 20.515949010849, 567.265625), (350, 4000, 0.6, 11, 0.14153441786766052, 0.024128615856170654, 0.05812629928217821, 0.5003947019577026, 0.6199187636375427, 0.6463193893432617, 55.08927917480469, 3.5436103201928786, 0.06348202207927967, 14.648510456085205, 552.609375), (350, 4000, 0.6, 55, 0.19992364943027496, 0.04663658142089844, 0.8003638940765523, 0.28806912899017334, 0.6537379026412964, 0.6554469466209412, 57.37203598022461, 4.5009164402291724e-15, 4.713186225299665e-31, 17.057854890823364, 564.12109375), (350, 4000, 0.6, 99, 0.15174327790737152, 0.07125484943389893, 0.8817475121543434, 0.15057675540447235, 0.4007736146450043, 0.40306708216667175, 58.290740966796875, 2.1238475555136164e-30, 5.466508555131372e-62, 20.782875299453735, 567.6171875)]
Completed job 5
starting the work inside Run_jobs
parameter combinations: [[600, 1000, 1, 11], [600, 1000, 1, 55], [600, 1000, 1, 99], [600, 1000, 0.8, 11], [600, 1000, 0.8, 55], [600, 1000, 0.8, 99]]
test name: nountill_E2B
Begin work on process
Begin work on process
Begin work on process
Begin work on process
Begin work on process
Begin work on process
[(600, 1000, 1, 11, 0.17817915976047516, 0.05336785316467285, 0.9880949976854065, 0.14934568107128143, 0.35332757234573364, 0.19743673503398895, 16.881534576416016, 5.4804951221956324e-05, 3.444057537500897e-11, 1.4707815647125244, 274.91015625), (600, 1000, 1, 55, 0.3888535499572754, 0.6586620807647705, 1.3058957961076627, 0.22135062515735626, 0.4114600419998169, 0.1808580905199051, 19.07830810546875, 3.1276039291372526e-39, 2.5185970034024388e-79, 2.0310628414154053, 303.1875), (600, 1000, 1, 99, 0.3038753569126129, 0.1819683313369751, 0.6041630845832638, 0.3319855034351349, 0.47859469056129456, 0.5202069282531738, 20.444561004638672, 3.6936816020702345e-74, 1.2086121449609142e-148, 2.4234087467193604, 309.07421875), (600, 1000, 0.8, 11, 0.18497201800346375, 0.038094520568847656, 0.45531818042401834, 0.39703917503356934, 0.674903929233551, 0.6623032689094543, 16.522363662719727, 0.0008229559664996258, 5.190539382940647e-08, 1.6961817741394043, 303.4296875), (600, 1000, 0.8, 55, 0.1598079800605774, 0.13425219058990479, 1.2272334396493216, 0.4393066465854645, 0.22029080986976624, 0.3064022362232208, 19.36439323425293, 5.501649157491334e-29, 3.4378002657819505e-58, 2.071854829788208, 305.73046875), (600, 1000, 0.8, 99, 0.2335365265607834, 0.14279019832611084, 0.7421181471697621, 0.10377822071313858, 0.44421321153640747, 0.33376988768577576, 20.297304153442383, 2.4455246228592055e-55, 5.4647841664828294e-111, 2.4968481063842773, 307.953125)]
Completed job 6
starting the work inside Run_jobs
parameter combinations: [[600, 1000, 0.6, 11], [600, 1000, 0.6, 55], [600, 1000, 0.6, 99], [600, 2000, 1, 11], [600, 2000, 1, 55], [600, 2000, 1, 99]]
test name: nountill_E2B
[(600, 1000, 0.6, 11, 0.2008931040763855, 0.059716880321502686, 0.5458207119896071, 0.3606753945350647, 0.44089391827583313, 0.5481119751930237, 16.97016716003418, 0.02719612817132676, 0.00021111394457355538, 1.6781189441680908, 275.02734375), (600, 1000, 0.6, 55, 0.28622934222221375, 0.06397843360900879, 1.1783462705042145, 0.21620959043502808, 0.635284960269928, 0.7733509540557861, 19.208864212036133, 4.806950092993659e-19, 1.0497604131016952e-37, 2.102138042449951, 303.28515625), (600, 1000, 0.6, 99, 0.25574401021003723, 0.08286988735198975, 0.6783013443532152, 0.2780131697654724, 0.5077469348907471, 0.6220242977142334, 20.711795806884766, 5.979152686761833e-31, 1.1564628009757705e-61, 2.382714033126831, 309.28515625), (600, 2000, 1, 11, 0.16051726043224335, 0.03655761480331421, 0.15581010020154748, 0.498660683631897, 0.5964128971099854, 0.5593290328979492, 32.88718795776367, 3.80586073880821e-05, 2.8870018382688758e-11, 4.969010353088379, 405.05078125), (600, 2000, 1, 55, 0.25924360752105713, 0.12600237131118774, 0.7772425199807411, 0.340300589799881, 0.5272235870361328, 0.5004395842552185, 35.472896575927734, 3.027201719753888e-39, 2.458573476101612e-79, 6.139246940612793, 405.54296875), (600, 2000, 1, 99, 0.1926943063735962, 0.42745649814605713, 1.0444682701098018, 0.22801679372787476, 0.2152426689863205, 0.2006228119134903, 36.81309509277344, 5.8334766979308e-74, 8.418616571503292e-149, 8.591299533843994, 409.15234375)]
Completed job 7
starting the work inside Run_jobs
parameter combinations: [[600, 2000, 0.8, 11], [600, 2000, 0.8, 55], [600, 2000, 0.8, 99], [600, 2000, 0.6, 11], [600, 2000, 0.6, 55], [600, 2000, 0.6, 99]]
test name: nountill_E2B
[(600, 2000, 0.8, 11, 0.17730796337127686, 0.3721752166748047, 1.0193852656009972, 0.26780256628990173, 0.2084663212299347, 0.2023615688085556, 32.94804000854492, 0.00675708081352783, 5.216834199070049e-07, 28.84151864051819, 373.6328125), (600, 2000, 0.8, 55, 0.16136984527111053, 0.3525698184967041, 1.0329125283375, 0.2847300171852112, 0.2056620568037033, 0.17152820527553558, 35.34611129760742, 1.4115423800288413e-28, 8.359995762519964e-58, 142.6144678592682, 411.48828125), (600, 2000, 0.8, 99, 0.23104721307754517, 0.08806228637695312, 0.44524045385050093, 0.38596782088279724, 0.49314647912979126, 0.5612375736236572, 36.98906326293945, 3.424303531687373e-55, 4.550199501302591e-111, 85.65653610229492, 420.00390625), (600, 2000, 0.6, 11, 0.20048226416110992, 0.1016545295715332, 0.7507122435384098, 0.222818523645401, 0.4309782087802887, 0.3212171792984009, 32.91773223876953, 0.03922296895974134, 0.00018509729318306214, 22.799726486206055, 422.046875), (600, 2000, 0.6, 55, 0.2680227756500244, 0.05203932523727417, 0.748344422379527, 0.3468141555786133, 0.4213927388191223, 0.6314886808395386, 35.571449279785156, 2.4010241735497086e-15, 8.656604915456245e-32, 64.54783487319946, 421.72265625), (600, 2000, 0.6, 99, 0.20578929781913757, 0.2938504219055176, 1.033747010645845, 0.15004144608974457, 0.09562849253416061, 0.26185885071754456, 36.867183685302734, 1.1527853450611765e-30, 2.36562700914753e-62, 24.58501172065735, 423.53515625)]
Completed job 8
starting the work inside Run_jobs
parameter combinations: [[600, 3000, 1, 11], [600, 3000, 1, 55], [600, 3000, 1, 99], [600, 3000, 0.8, 11], [600, 3000, 0.8, 55], [600, 3000, 0.8, 99]]
test name: nountill_E2B
[(600, 3000, 1, 11, 0.16221411526203156, 0.054092347621917725, 0.8786411944852434, 0.4215991497039795, 0.3647485077381134, 0.4559674859046936, 44.95453643798828, 0.00028676668129853027, 1.3805139592576207e-10, 9.009761095046997, 444.53125), (600, 3000, 1, 55, 0.21654729545116425, 0.07713264226913452, 0.5817346816286249, 0.32611316442489624, 0.5424258708953857, 0.5576344728469849, 47.66792678833008, 8.270871507636195e-39, 4.61949043627355e-78, 11.547394037246704, 453.27734375), (600, 3000, 1, 99, 0.2393069863319397, 0.14077168703079224, 0.9792556285831048, 0.28839388489723206, 0.30568259954452515, 0.443791002035141, 48.7799186706543, 1.3521956645498256e-73, 1.4124806819926786e-147, 13.311660289764404, 457.52734375), (600, 3000, 0.8, 11, 0.11073914915323257, 0.013712525367736816, 0.036018653560168264, 0.5089932084083557, 0.6596850156784058, 0.6303887963294983, 45.2963981628418, 0.005235086378919213, 2.9401977583368594e-07, 8.837629556655884, 445.54296875), (600, 3000, 0.8, 55, 0.18988534808158875, 0.055167198181152344, 0.8165437262013201, 0.21776394546031952, 0.5698893070220947, 0.5036482214927673, 47.67826843261719, 2.704182170752406e-28, 1.290812317140708e-56, 11.390971899032593, 454.609375), (600, 3000, 0.8, 99, 0.06264788657426834, 0.15729713439941406, 0.773133325912072, 0.166909858584404, 0.09933431446552277, 0.11633903533220291, 48.80070877075195, 9.20958867562991e-55, 3.609554369919021e-110, 13.070503234863281, 455.6015625)]
Completed job 9
starting the work inside Run_jobs
parameter combinations: [[600, 3000, 0.6, 11], [600, 3000, 0.6, 55], [600, 3000, 0.6, 99], [600, 4000, 1, 11], [600, 4000, 1, 55], [600, 4000, 1, 99]]
test name: nountill_E2B
Begin work on process
Begin work on process
Begin work on process
Begin work on process
Begin work on process
Begin work on process
[(600, 3000, 0.6, 11, 0.08595622330904007, 0.005747377872467041, 0.4400512589337516, 0.3696053922176361, 0.7992079854011536, 0.8028295636177063, 44.842708587646484, 0.9653786704300837, 0.07875539617401722, 6.534948110580444, 442.2890625), (600, 3000, 0.6, 55, 0.40061014890670776, 0.9380902610719204, 0.8749125981363414, 0.20928125083446503, 0.3971937596797943, 0.08229859918355942, 47.60517883300781, 2.5478902474477794e-15, 1.0369532344469826e-31, 8.72883677482605, 453.1328125), (600, 3000, 0.6, 99, 0.13666538894176483, 0.12335145473480225, 0.9609002869858037, 0.19827324151992798, 0.2840368151664734, 0.250324010848999, 48.56609344482422, 2.922963338886219e-31, 5.7720761768436316e-64, 9.655706882476807, 458.5546875), (600, 4000, 1, 11, 0.12811295688152313, 0.04667866230010986, 0.44731197022667907, 0.40707239508628845, 0.42412620782852173, 0.40093550086021423, 55.25889205932617, 0.0002156356319449698, 1.8667186099757992e-10, 12.03521728515625, 571.75390625), (600, 4000, 1, 55, 0.20288127660751343, 0.09550952911376953, 0.5512192047969136, 0.38770341873168945, 0.4647386372089386, 0.46364516019821167, 57.73445510864258, 1.0456043932346262e-38, 4.219502445116776e-78, 14.881909608840942, 585.58203125), (600, 4000, 1, 99, 0.22495748102664948, 0.10529565811157227, 0.9933392030351571, 0.20929564535617828, 0.4900098741054535, 0.38642433285713196, 58.48647689819336, 1.4154381833072734e-73, 6.827419490028801e-148, 17.99324870109558, 590.41796875)]
Completed job 10
starting the work inside Run_jobs
parameter combinations: [[600, 4000, 0.8, 11], [600, 4000, 0.8, 55], [600, 4000, 0.8, 99], [600, 4000, 0.6, 11], [600, 4000, 0.6, 55], [600, 4000, 0.6, 99]]
test name: nountill_E2B
[(600, 4000, 0.8, 11, 0.26049062609672546, 0.07141947746276855, 0.1553292748673513, 0.4949692189693451, 0.6963320374488831, 0.6792968511581421, 55.54492950439453, 0.004977742395717917, 4.122778421623635e-07, 18.30689024925232, 576.05078125), (600, 4000, 0.8, 55, 0.21013019979000092, 0.08427679538726807, 0.18212492890622733, 0.4643288850784302, 0.518008291721344, 0.503197968006134, 57.51115417480469, 1.6681875726501806e-28, 4.243721271833908e-58, 23.197678089141846, 588.43359375), (600, 4000, 0.8, 99, 0.08840734511613846, 0.09586310386657715, 0.8244992053122925, 0.21990160644054413, 0.12927767634391785, 0.18591497838497162, 58.35025405883789, 9.360884241660913e-55, 1.696624500931404e-110, 37.03440475463867, 595.0859375), (600, 4000, 0.6, 11, 0.11929571628570557, 0.015031695365905762, 0.35616418173343833, 0.3540545105934143, 0.6834812760353088, 0.6903226375579834, 55.41108703613281, 2.270189086471659, 0.059110340602094365, 18.283051013946533, 579.1328125), (600, 4000, 0.6, 55, 0.21447789669036865, 0.16828668117523193, 0.876443835564112, 0.40872034430503845, 0.29748478531837463, 0.3842475712299347, 57.56244659423828, 4.046523714228637e-15, 1.0784162690166237e-31, 55.64687395095825, 592.02734375), (600, 4000, 0.6, 99, 0.10721602290868759, 1.249199092388153, 0.8198439220640183, 0.29349789023399353, 0.06382381170988083, 0.07170086354017258, 58.31615447998047, 1.2838543692970882e-30, 1.4723264685411635e-61, 29.73868465423584, 596.66015625)]
Completed job 11
starting the work inside Run_jobs
parameter combinations: [[1000, 1000, 1, 11], [1000, 1000, 1, 55], [1000, 1000, 1, 99], [1000, 1000, 0.8, 11], [1000, 1000, 0.8, 55], [1000, 1000, 0.8, 99]]
test name: nountill_E2B
Begin work on process
Begin work on process
Begin work on process
Begin work on process
Begin work on process
Begin work on process
[(1000, 1000, 1, 11, 0.16092325747013092, 0.0752263069152832, 1.2788130998441938, 0.26091867685317993, 0.38606834411621094, 0.29133737087249756, 15.905634880065918, 9.339001008243537e-05, 5.4547496373770785e-11, 1.9185903072357178, 295.33203125), (1000, 1000, 1, 55, 0.39521920680999756, 0.4088923931121826, 0.9174146346870283, 0.20796296000480652, 0.1478000432252884, 0.4641762375831604, 19.025775909423828, 8.921120948581288e-39, 3.0983618572429335e-77, 2.264986991882324, 336.1015625), (1000, 1000, 1, 99, 0.2270309031009674, 0.13579070568084717, 0.561179491579933, 0.33271825313568115, 0.4355173707008362, 0.43577656149864197, 20.92786979675293, 3.283809657060573e-74, 4.946167369194314e-149, 2.387091636657715, 332.453125), (1000, 1000, 0.8, 11, 0.14554692804813385, 0.0695110559463501, 1.1223013213891766, 0.21385863423347473, 0.32655075192451477, 0.22093942761421204, 15.747639656066895, 0.004030021949949618, 1.4678192586470956e-07, 1.7218294143676758, 335.046875), (1000, 1000, 0.8, 55, 0.21929702162742615, 0.11484068632125854, 0.5885092407856026, 0.3814026713371277, 0.41108399629592896, 0.2566085755825043, 19.56985855102539, 4.85159683665262e-29, 2.9512694127171637e-59, 2.177537679672241, 337.65234375), (1000, 1000, 0.8, 99, 0.39170441031455994, 0.14851462841033936, 0.788566271667235, 0.26073113083839417, 0.686356782913208, 0.7390088438987732, 20.37105941772461, 2.367170935194998e-55, 1.6839900438888074e-110, 2.7916629314422607, 333.26953125)]
Completed job 12
starting the work inside Run_jobs
parameter combinations: [[1000, 1000, 0.6, 11], [1000, 1000, 0.6, 55], [1000, 1000, 0.6, 99], [1000, 2000, 1, 11], [1000, 2000, 1, 55], [1000, 2000, 1, 99]]
test name: nountill_E2B
Begin work on process
Begin work on process
Begin work on process
Begin work on process
Begin work on process
Begin work on process
[(1000, 1000, 0.6, 11, 0.06989411264657974, 0.018763303756713867, 1.203936274821008, 0.3304371237754822, 0.3572438359260559, 0.36241021752357483, 15.81104850769043, 0.7140158592350214, 0.024893808392793, 1.8121428489685059, 295.4140625), (1000, 1000, 0.6, 55, 0.23442919552326202, 0.08590048551559448, 0.1002377730827467, 0.49499255418777466, 0.5696242451667786, 0.5607770085334778, 19.518695831298828, 7.985564859906426e-16, 8.329775195438469e-33, 2.216841697692871, 336.140625), (1000, 1000, 0.6, 99, 0.5002306699752808, 1.3912141919136047, 1.1298275094086583, 0.18918170034885406, 0.4100390076637268, 0.16796331107616425, 21.09451675415039, 6.462099096862855e-31, 2.045545640283151e-62, 2.4428718090057373, 332.19140625), (1000, 2000, 1, 11, 0.055397793650627136, 0.03832840919494629, 0.8675642475840033, 0.1822735220193863, 0.18302211165428162, 0.19946660101413727, 32.67384338378906, 0.00018889289741271258, 1.1756931937019296e-10, 5.8814404010772705, 434.90625), (1000, 2000, 1, 55, 0.19233480095863342, 0.10989701747894287, 0.9287856331259587, 0.1972847580909729, 0.4161151349544525, 0.33835116028785706, 35.7672119140625, 3.801694728517957e-39, 2.5747723241689656e-79, 8.323840379714966, 420.42578125), (1000, 2000, 1, 99, 0.22619938850402832, 0.4436885714530945, 1.138699346447988, 0.2786700427532196, 0.21918252110481262, 0.2560718357563019, 37.150543212890625, 4.613081021395739e-74, 7.303943603316458e-149, 8.024015188217163, 438.02734375)]
Completed job 13
starting the work inside Run_jobs
parameter combinations: [[1000, 2000, 0.8, 11], [1000, 2000, 0.8, 55], [1000, 2000, 0.8, 99], [1000, 2000, 0.6, 11], [1000, 2000, 0.6, 55], [1000, 2000, 0.6, 99]]
test name: nountill_E2B
[(1000, 2000, 0.8, 11, 0.18251197040081024, 0.04541903734207153, 0.6600691511087458, 0.37838542461395264, 0.612255871295929, 0.5901538729667664, 33.05376052856445, 0.0022326022077176397, 1.0541501900238177e-07, 27.952507495880127, 403.734375), (1000, 2000, 0.8, 55, 0.30371102690696716, 0.07682150602340698, 1.0924085664757046, 0.22565652430057526, 0.2806948125362396, 0.543032705783844, 35.89259338378906, 5.326191042039052e-29, 8.61090842520624e-59, 104.24242329597473, 435.01171875), (1000, 2000, 0.8, 99, 0.1634611040353775, 0.08549845218658447, 0.8051025260259336, 0.13731466233730316, 0.20282047986984253, 0.32685184478759766, 36.98882293701172, 2.5494982121803056e-55, 1.4722587865098174e-110, 97.6619086265564, 441.85546875), (1000, 2000, 0.6, 11, 0.11291305720806122, 0.01155388355255127, 0.3443594926592609, 0.4177979826927185, 0.7298774123191833, 0.7440420389175415, 32.87186813354492, 1.862576325381815, 0.09635907841925065, 38.80627250671387, 445.12890625), (1000, 2000, 0.6, 55, 0.21910148859024048, 0.08784246444702148, 0.1515300943511553, 0.46364831924438477, 0.5207812786102295, 0.5245333909988403, 35.76749038696289, 1.2440753197602168e-15, 8.892668331170559e-33, 106.79691123962402, 445.81640625), (1000, 2000, 0.6, 99, 0.18715278804302216, 0.06652247905731201, 1.3697406539629406, 0.33894118666648865, 0.48184704780578613, 0.37793469429016113, 36.93503952026367, 9.121226153754598e-31, 3.2974893845807697e-62, 60.25249528884888, 446.90625)]
Completed job 14
starting the work inside Run_jobs
parameter combinations: [[1000, 3000, 1, 11], [1000, 3000, 1, 55], [1000, 3000, 1, 99], [1000, 3000, 0.8, 11], [1000, 3000, 0.8, 55], [1000, 3000, 0.8, 99]]
test name: nountill_E2B
Begin work on process
Begin work on process
Begin work on process
Begin work on process
Begin work on process
Begin work on process
[(1000, 3000, 1, 11, 0.04206321761012077, 0.04228413105010986, 0.6093093078231132, 0.09715648740530014, 0.14269980788230896, 0.1458115130662918, 45.678226470947266, 8.818385086739077e-05, 3.1479604394160436e-11, 8.531533241271973, 481.625), (1000, 3000, 1, 55, 0.23993127048015594, 0.11486458778381348, 0.7466087255479448, 0.4126023054122925, 0.5135916471481323, 0.4758133292198181, 48.02090072631836, 3.7029976392326105e-39, 7.837039181167424e-79, 11.131398439407349, 492.01171875), (1000, 3000, 1, 99, 0.08049779385328293, 0.13578468561172485, 0.8670612061084646, 0.3166149854660034, 0.1551619917154312, 0.15373224020004272, 48.97235107421875, 1.178348852389128e-73, 6.209801713240385e-148, 12.097808361053467, 497.34375), (1000, 3000, 0.8, 11, 0.2001861333847046, 0.28093457221984863, 0.9998358980600012, 0.2010611593723297, 0.19836658239364624, 0.2877967953681946, 45.40505599975586, 0.013989143811296735, 4.977101186977119e-07, 9.28118371963501, 485.13671875), (1000, 3000, 0.8, 55, 0.1455647200345993, 0.09340161085128784, 0.7040791448571829, 0.22937807440757751, 0.3301793932914734, 0.341472864151001, 47.94761657714844, 1.5959454877507504e-28, 1.722884265893011e-58, 10.882620096206665, 492.91796875), (1000, 3000, 0.8, 99, 0.225614994764328, 0.09565895795822144, 0.7501313771231672, 0.3305507302284241, 0.5241493582725525, 0.5032492280006409, 48.84122085571289, 9.716602710325348e-55, 2.6172645996385553e-110, 12.825347423553467, 497.9765625)]
Completed job 15
starting the work inside Run_jobs
parameter combinations: [[1000, 3000, 0.6, 11], [1000, 3000, 0.6, 55], [1000, 3000, 0.6, 99], [1000, 4000, 1, 11], [1000, 4000, 1, 55], [1000, 4000, 1, 99]]
test name: nountill_E2B
[(1000, 3000, 0.6, 11, 0.02972850389778614, 0.03650224208831787, 0.6235922081788321, 0.04710269346833229, 0.10960535705089569, 0.11037576198577881, 45.42726516723633, 2.6132761118053818, 0.008988686904189507, 7.422843933105469, 480.18359375), (1000, 3000, 0.6, 55, 0.2071046382188797, 0.051767706871032715, 0.3250219791390365, 0.4423709809780121, 0.6374539732933044, 0.6481576561927795, 48.08272933959961, 3.899777331539014e-15, 1.8477800699498135e-31, 10.870636701583862, 490.37109375), (1000, 3000, 0.6, 99, 0.08936872333288193, 0.09297901391983032, 0.7422574196212721, 0.3273732662200928, 0.14415127038955688, 0.1963399350643158, 48.85055923461914, 1.4634396525318354e-30, 2.717260998313895e-62, 11.53372311592102, 492.8828125), (1000, 4000, 1, 11, 0.07968844473361969, 0.03809702396392822, 0.872355579832837, 0.19603462517261505, 0.26248952746391296, 0.28713688254356384, 55.651241302490234, 0.0003042660071957922, 3.0317053302227196e-10, 14.0693998336792, 619.64453125), (1000, 4000, 1, 55, 0.12613607943058014, 0.09593194723129272, 1.0910582921810708, 0.20215559005737305, 0.2924981415271759, 0.2812519967556, 57.691200256347656, 1.396132134086159e-38, 7.414925136855073e-78, 18.464377403259277, 634.5078125), (1000, 4000, 1, 99, 0.34157899022102356, 0.8552560806274414, 0.9023556239254957, 0.19514699280261993, 0.23628854751586914, 0.28322675824165344, 58.621803283691406, 2.9689681151537924e-73, 1.0065538692296407e-146, 19.455344915390015, 639.17578125)]
Completed job 16
starting the work inside Run_jobs
parameter combinations: [[1000, 4000, 0.8, 11], [1000, 4000, 0.8, 55], [1000, 4000, 0.8, 99], [1000, 4000, 0.6, 11], [1000, 4000, 0.6, 55], [1000, 4000, 0.6, 99]]
test name: nountill_E2B
[(1000, 4000, 0.8, 11, 0.04549838975071907, 0.018810689449310303, 1.1021169271275357, 0.22095635533332825, 0.23297326266765594, 0.23546916246414185, 55.57197952270508, 0.019083958083648205, 1.4988870464776776e-06, 23.565402030944824, 625.80078125), (1000, 4000, 0.8, 55, 0.17893195152282715, 0.0948648452758789, 0.4928011963659718, 0.3590008318424225, 0.4201805591583252, 0.3907317817211151, 57.759952545166016, 2.7502514009606915e-28, 5.672574535748324e-58, 18.686057806015015, 636.640625), (1000, 4000, 0.8, 99, 0.4322443902492523, 0.12192696332931519, 0.9073463225574558, 0.3627288341522217, 0.3284568786621094, 0.6910643577575684, 58.588077545166016, 1.2999089953949637e-55, 3.9901957800604907e-112, 22.320277214050293, 644.7890625), (1000, 4000, 0.6, 11, 0.03406944125890732, 0.053156495094299316, 0.7541050401192713, 0.13484667241573334, 0.10411534458398819, 0.09234242141246796, 55.428489685058594, 1.7050335735509352, 0.005881119313285376, 14.93965744972229, 629.86328125), (1000, 4000, 0.6, 55, 0.2603483200073242, 0.6837879121303558, 1.0289353340363552, 0.3100387156009674, 0.1794939935207367, 0.25369638204574585, 57.7602653503418, 1.5624321849978965e-15, 1.5810467981494837e-32, 18.5483717918396, 641.1875), (1000, 4000, 0.6, 99, 0.4063923954963684, 1.0195033326745033, 0.8993672845648191, 0.16972675919532776, 0.15832005441188812, 0.3712102770805359, 58.60490417480469, 1.626904838756933e-30, 3.0075445509659764e-62, 24.664442777633667, 643.8046875)]
Completed job 17
