starting the work inside Run_jobs
parameter combinations: [[350, 1000, 1, 11], [350, 1000, 1, 55], [350, 1000, 1, 99], [350, 1000, 0.8, 11], [350, 1000, 0.8, 55], [350, 1000, 0.8, 99]]
test name: nountill_S2B
[(350, 1000, 1, 11, 0.36576351523399353, 0.08986669778823853, 0.8609454855372011, 0.36547550559043884, 0.8198087215423584, 0.8818356990814209, 13.711054801940918, 0.3828137019082499, 0.11239163668534363, 1.6236743927001953, 263.0078125), (350, 1000, 1, 55, 0.20025937259197235, 1.1316816061735153, 1.259082158712305, 0.25784462690353394, 0.19871196150779724, 0.009917598217725754, 17.233400344848633, 4.908318074216007e-107, 2.4091586317675535e-213, 1.5716357231140137, 286.97265625), (350, 1000, 1, 99, 0.7859421968460083, nan, 6.616049158687729e-05, 0.6356279850006104, 0.7859421968460083, 0.0, 18.43878936767578, 2.2250738585072014e-308, 0.0, 1.6124041080474854, 287.3203125), (350, 1000, 0.8, 11, 0.4632912874221802, 0.2284867763519287, 0.712516246746895, 0.448179692029953, 0.5563290119171143, 0.7281509041786194, 11.958059310913086, 6.329389991941529, 38.720715534897934, 1.3882741928100586, 290.12890625), (350, 1000, 0.8, 55, 0.3345046639442444, 0.07174408435821533, 1.0865231577269527, 0.24945518374443054, 0.8979296088218689, 0.8522657155990601, 17.406597137451172, 1.7266143111279843e-197, 0.0, 1.5780856609344482, 288.93359375), (350, 1000, 0.8, 99, 0.7045489549636841, nan, 1.3561848218159114, 0.2140733301639557, 0.7045489549636841, 0.0, 18.492877960205078, 2.2250738585072014e-308, 0.0, 1.7130515575408936, 287.75390625)]
Completed job 0
starting the work inside Run_jobs
parameter combinations: [[350, 1000, 0.6, 11], [350, 1000, 0.6, 55], [350, 1000, 0.6, 99], [350, 2000, 1, 11], [350, 2000, 1, 55], [350, 2000, 1, 99]]
test name: nountill_S2B
[(350, 1000, 0.6, 11, 0.4025060832500458, 0.029451310634613037, 1.1713650947859349, 0.1683395355939865, 0.5052792429924011, 0.8740571737289429, 12.999770164489746, 0.2166849216563644, 0.0469519450881062, 4.353059530258179, 260.890625), (350, 1000, 0.6, 55, 0.9892248511314392, nan, 1.4905916347725805, 0.30994680523872375, 0.9892248511314392, 0.0, 17.262371063232422, 2.2250738585072014e-308, 0.0, 6.110753059387207, 285.86328125), (350, 1000, 0.6, 99, 0.846418023109436, nan, 1.2653884892868163e-07, 0.6534616947174072, 0.846418023109436, 0.0, 18.546939849853516, 2.2250738585072014e-308, 0.0, 6.2975218296051025, 286.98046875), (350, 2000, 1, 11, 0.3578259348869324, 0.0770103931427002, 1.2773219302369807, 0.3165898323059082, 0.912977397441864, 0.91050785779953, 28.067371368408203, 0.001469461762042135, 1.7845961393759817e-06, 23.210304260253906, 388.38671875), (350, 2000, 1, 55, 1.0433639287948608, 1.7444475889205933, 0.9750820428470258, 0.3474210500717163, 0.18692421913146973, 0.8967173099517822, 31.02800750732422, 3.063391208651723e-96, 8.875178731976615e-192, 57.27247405052185, 393.25), (350, 2000, 1, 99, 0.9293733239173889, nan, 4.197347611989914e-06, 0.6468020081520081, 0.9293733239173889, 0.0, 31.444154739379883, 2.2250738585072014e-308, 0.0, 131.30856466293335, 395.828125)]
Completed job 1
starting the work inside Run_jobs
parameter combinations: [[350, 2000, 0.8, 11], [350, 2000, 0.8, 55], [350, 2000, 0.8, 99], [350, 2000, 0.6, 11], [350, 2000, 0.6, 55], [350, 2000, 0.6, 99]]
test name: nountill_S2B
[(350, 2000, 0.8, 11, 0.28090745210647583, 0.028390169143676758, 1.1607710324520901, 0.30062827467918396, 0.37577468156814575, 0.631574809551239, 28.578998565673828, 0.0001800484965938193, 1.291714679876884e-08, 12.769878149032593, 355.7578125), (350, 2000, 0.8, 55, 0.919447124004364, 0.4827483892440796, 0.7456010287373934, 0.44976648688316345, 0.9400660395622253, 0.0411694161593914, 31.618316650390625, 1.0635969980598107e-195, 0.0, 33.8223602771759, 379.71484375), (350, 2000, 0.8, 99, 0.6630373597145081, nan, 1.1818084653652505, 0.2622389495372772, 0.6630373597145081, 0.0, 31.776165008544922, 2.2250738585072014e-308, 0.0, 99.21454381942749, 381.41015625), (350, 2000, 0.6, 11, 0.7879704833030701, 0.422060489654541, 1.2220309732432915, 0.2557827830314636, 0.1548825055360794, 0.8672796487808228, 27.852903366088867, 2.7580923529667727e-08, 6.432618256412772e-16, 35.59732937812805, 382.875), (350, 2000, 0.6, 55, 0.44605645537376404, nan, 1.2183149125499406, 0.1993657797574997, 0.44605645537376404, 0.0, 31.284799575805664, 2.2250738585072014e-308, 0.0, 83.32437944412231, 383.06640625), (350, 2000, 0.6, 99, 0.909683346748352, nan, 0.6795532425033415, 0.44722771644592285, 0.909683346748352, 0.0, 32.12021255493164, 2.2250738585072014e-308, 0.0, 48.34094166755676, 385.2890625)]
Completed job 2
starting the work inside Run_jobs
parameter combinations: [[350, 3000, 1, 11], [350, 3000, 1, 55], [350, 3000, 1, 99], [350, 3000, 0.8, 11], [350, 3000, 0.8, 55], [350, 3000, 0.8, 99]]
test name: nountill_S2B
Begin work on process
Begin work on process
Begin work on process
Begin work on process
Begin work on process
Begin work on process
[(350, 3000, 1, 11, 0.2592020034790039, 0.08030271530151367, 0.9318389512507849, 0.30410856008529663, 0.5890408754348755, 0.6587777137756348, 39.58842468261719, 12.977954082862173, 129.5424672439061, 6.136706590652466, 421.7109375), (350, 3000, 1, 55, 0.9341030716896057, 0.542442113161087, 0.93045221929653, 0.3469390571117401, 0.8661218285560608, 0.9249184727668762, 42.70709228515625, 3.022790638154897e-193, 0.0, 7.6408491134643555, 429.92578125), (350, 3000, 1, 99, 0.6609597206115723, 0.2569040060043335, 1.6391801303875837, 0.3300060033798218, 0.955169677734375, 0.8780346512794495, 42.66030502319336, 7.176674163027479e-277, 0.0, 8.9292151927948, 431.69140625), (350, 3000, 0.8, 11, 0.37283656001091003, 0.11373257637023926, 0.20504854478736373, 0.572279155254364, 0.7361065745353699, 0.8032625317573547, 38.87545394897461, 2.2119380104275557, 2.315249545228891, 6.187965154647827, 422.14453125), (350, 3000, 0.8, 55, 0.3958335220813751, 0.08129465579986572, 0.5870380903718633, 0.5156391859054565, 0.944254457950592, 1.0002048015594482, 42.26066589355469, 1.2967727403066636e-217, 0.0, 7.579827070236206, 431.390625), (350, 3000, 0.8, 99, 0.8233453631401062, nan, 1.0251506686427332, 0.30914318561553955, 0.8233453631401062, 0.0, 42.73040771484375, 2.2250738585072014e-308, 0.0, 8.916248083114624, 433.66015625)]
Completed job 3
starting the work inside Run_jobs
parameter combinations: [[350, 3000, 0.6, 11], [350, 3000, 0.6, 55], [350, 3000, 0.6, 99], [350, 4000, 1, 11], [350, 4000, 1, 55], [350, 4000, 1, 99]]
test name: nountill_S2B
[(350, 3000, 0.6, 11, 0.3460037112236023, 0.08561855554580688, 1.3740592119047594, 0.31875160336494446, 0.5493811368942261, 0.767388105392456, 38.78550720214844, 9.562266711580624e-05, 4.381142050664965e-09, 16.17627453804016, 421.984375), (350, 3000, 0.6, 55, 0.7761244773864746, 0.40199798345565796, 0.9165061991810166, 0.27903077006340027, 0.21220038831233978, 0.8841565847396851, 41.725624084472656, 5.903516372762499e-284, 0.0, 25.852656602859497, 432.01171875), (350, 3000, 0.6, 99, 0.9713772535324097, nan, 0.006176014948825733, 0.6380653977394104, 0.9713772535324097, 0.0, 42.519622802734375, 2.2250738585072014e-308, 0.0, 27.489787578582764, 433.56640625), (350, 4000, 1, 11, 0.1229189857840538, 0.009662091732025146, 0.3106636464079487, 0.5416485667228699, 0.8794518113136292, 0.8862972259521484, 48.46786117553711, 7.730990961272461, 14.810397104084243, 36.08873891830444, 547.96875), (350, 4000, 1, 55, 0.4171912670135498, 0.26000672578811646, 0.9435244393592628, 0.37255731225013733, 0.39768683910369873, 0.614437997341156, 51.363868713378906, 5.351298470622013e-105, 2.8636395321681497e-209, 50.80730104446411, 558.984375), (350, 4000, 1, 99, 0.9510810971260071, nan, 1.3034793095167625, 0.3022850751876831, 0.9510810971260071, 0.0, 51.72003936767578, 2.2250738585072014e-308, 0.0, 65.08582735061646, 558.984375)]
Completed job 4
starting the work inside Run_jobs
parameter combinations: [[350, 4000, 0.8, 11], [350, 4000, 0.8, 55], [350, 4000, 0.8, 99], [350, 4000, 0.6, 11], [350, 4000, 0.6, 55], [350, 4000, 0.6, 99]]
test name: nountill_S2B
[(350, 4000, 0.8, 11, 0.3498837947845459, 0.12189382314682007, 0.8635095042317689, 0.3454703390598297, 0.6680113077163696, 0.7289273738861084, 48.580665588378906, 7.721741944778284, 52.90247728091101, 12.172084331512451, 548.22265625), (350, 4000, 0.8, 55, 0.899637758731842, nan, 0.00044860826260491364, 0.6443983316421509, 0.899637758731842, 0.0, 51.373626708984375, 2.2250738585072014e-308, 0.0, 14.670356512069702, 558.94921875), (350, 4000, 0.8, 99, 0.3971039056777954, nan, 0.5811826372841242, 0.5321078300476074, 0.3971039056777954, 0.0, 51.873069763183594, 2.2250738585072014e-308, 0.0, 18.331550359725952, 562.703125), (350, 4000, 0.6, 11, 0.36512136459350586, 0.09347844123840332, 0.14964797701054694, 0.5492441654205322, 0.8258935809135437, 0.8570905327796936, 48.600608825683594, 0.4145028115537699, 0.1109387446964159, 11.981176614761353, 551.91015625), (350, 4000, 0.6, 55, 0.17072859406471252, nan, 0.8348897840117326, 0.21134309470653534, 0.17072859406471252, 0.0, 51.634002685546875, 2.2250738585072014e-308, 0.0, 14.281220436096191, 561.640625), (350, 4000, 0.6, 99, 0.6495245695114136, nan, 1.505385136000039, 0.3394906222820282, 0.6495245695114136, 0.0, 51.72035217285156, 2.2250738585072014e-308, 0.0, 17.925212144851685, 566.00390625)]
Completed job 5
starting the work inside Run_jobs
parameter combinations: [[600, 1000, 1, 11], [600, 1000, 1, 55], [600, 1000, 1, 99], [600, 1000, 0.8, 11], [600, 1000, 0.8, 55], [600, 1000, 0.8, 99]]
test name: nountill_S2B
[(600, 1000, 1, 11, 0.2549964487552643, 0.05413627624511719, 0.4649070735323305, 0.5203618407249451, 0.6493577361106873, 0.7577453851699829, 10.999839782714844, 45.12957417755501, 1437.9290305643435, 2.053466320037842, 273.59765625), (600, 1000, 1, 55, 0.6105997562408447, 0.2321457862854004, 1.3788402280248364, 0.06401672214269638, 0.7000429630279541, 0.9519119262695312, 16.186138153076172, 1.5601092101117558e-81, 2.4339407470802114e-162, 10.243622779846191, 304.91015625), (600, 1000, 1, 99, 0.7847874760627747, nan, 1.8962325694062597e-06, 0.6437243819236755, 0.7847874760627747, 0.0, 16.06219482421875, 2.2250738585072014e-308, 0.0, 5.310426235198975, 305.7109375), (600, 1000, 0.8, 11, 0.29575449228286743, 0.06083118915557861, 0.5834666706862859, 0.48450616002082825, 0.8186313509941101, 0.8605804443359375, 11.224824905395508, 0.00028414919916769057, 4.2488596630529865e-08, 2.9884512424468994, 303.9140625), (600, 1000, 0.8, 55, 0.5861859917640686, 0.21842855215072632, 1.3858290035162402, 0.30263134837150574, 0.8600330948829651, 0.9083543419837952, 15.264111518859863, 7.462626780584722e-131, 5.569079846630029e-261, 3.464240550994873, 304.75), (600, 1000, 0.8, 99, 0.8998994827270508, nan, 1.4662612626933156, 0.26430544257164, 0.8998994827270508, 0.0, 16.940797805786133, 2.2250738585072014e-308, 0.0, 4.411789655685425, 305.8359375)]
Completed job 6
starting the work inside Run_jobs
parameter combinations: [[600, 1000, 0.6, 11], [600, 1000, 0.6, 55], [600, 1000, 0.6, 99], [600, 2000, 1, 11], [600, 2000, 1, 55], [600, 2000, 1, 99]]
test name: nountill_S2B
[(600, 1000, 0.6, 11, 0.699913740158081, 0.44717293977737427, 1.211731591314147, 0.2739000618457794, 0.12746483087539673, 0.762273371219635, 10.629988670349121, 0.9399697142713577, 0.8834126380885826, 4.04833197593689, 273.84765625), (600, 1000, 0.6, 55, 0.922523558139801, 0.41307520866394043, 1.9022850041765406e-05, 0.6518205404281616, 0.922523558139801, 2.2895491058605444e-11, 15.165497779846191, 2.2250738585072014e-308, 0.0, 1.944967269897461, 302.12109375), (600, 1000, 0.6, 99, 0.9165589213371277, nan, 7.88177593764202e-07, 0.6394185423851013, 0.9165589213371277, 0.0, 16.881668090820312, 2.2250738585072014e-308, 0.0, 4.112787485122681, 302.8359375), (600, 2000, 1, 11, 0.2621728479862213, 0.04466044902801514, 0.6165523019007862, 0.3901486098766327, 0.5771803259849548, 0.7505083084106445, 26.99613380432129, 7.445007147541769, 16.27762694255061, 24.003350496292114, 406.16796875), (600, 2000, 1, 55, 0.7147053480148315, 0.5132763385772705, 0.9817945799801042, 0.3652176558971405, 0.17581644654273987, 0.7835822701454163, 31.076330184936523, 6.68847860086893e-77, 4.47357459942762e-153, 98.88612794876099, 394.28515625), (600, 2000, 1, 99, 0.9603793025016785, nan, 1.683650925282247, 0.3875264823436737, 0.9603793025016785, 0.0, 31.02788734436035, 2.2250738585072014e-308, 0.0, 142.77637481689453, 415.61328125)]
Completed job 7
starting the work inside Run_jobs
parameter combinations: [[600, 2000, 0.8, 11], [600, 2000, 0.8, 55], [600, 2000, 0.8, 99], [600, 2000, 0.6, 11], [600, 2000, 0.6, 55], [600, 2000, 0.6, 99]]
test name: nountill_S2B
[(600, 2000, 0.8, 11, 0.20673727989196777, 0.03316241502761841, 0.10315592348240102, 0.5729086995124817, 0.7915409803390503, 0.808585524559021, 26.9775390625, 0.015591335147485973, 9.088417219355991e-05, 4.072270154953003, 375.515625), (600, 2000, 0.8, 55, 0.7295545935630798, 0.4208831787109375, 0.3327626366609934, 0.6303415894508362, 0.7570628523826599, 0.8274323344230652, 30.57358169555664, 7.908201327726233e-108, 6.253964819322235e-215, 5.622558116912842, 397.13671875), (600, 2000, 0.8, 99, 0.9433547258377075, nan, 1.2842582072345983, 0.30677738785743713, 0.9433547258377075, 0.0, 31.220672607421875, 2.2250738585072014e-308, 0.0, 6.277103900909424, 397.94921875), (600, 2000, 0.6, 11, 0.636349618434906, 1.8689458966255188, 1.2738573316559676, 0.19311495125293732, 0.49386677145957947, 0.15839426219463348, 27.272502899169922, 0.003962303436441575, 1.4872522607287667e-05, 3.856592893600464, 398.66015625), (600, 2000, 0.6, 55, 0.14968474209308624, nan, 1.1975619525488042, 0.2039826512336731, 0.14968474209308624, 0.0, 31.156574249267578, 2.2250738585072014e-308, 0.0, 5.491754770278931, 397.37109375), (600, 2000, 0.6, 99, 0.9521583318710327, nan, 0.8541651042819411, 0.3475715219974518, 0.9521583318710327, 0.0, 31.52338409423828, 2.2250738585072014e-308, 0.0, 6.28467059135437, 399.0859375)]
Completed job 8
starting the work inside Run_jobs
parameter combinations: [[600, 3000, 1, 11], [600, 3000, 1, 55], [600, 3000, 1, 99], [600, 3000, 0.8, 11], [600, 3000, 0.8, 55], [600, 3000, 0.8, 99]]
test name: nountill_S2B
[(600, 3000, 1, 11, 0.2801301181316376, 0.05869150161743164, 1.1181979381802136, 0.3106634318828583, 0.7835697531700134, 0.8298671841621399, 38.55326461791992, 40.23676888307188, 487.4019606614745, 14.04774808883667, 441.23828125), (600, 3000, 1, 55, 0.4810333549976349, 0.2192981243133545, 1.0320638523357315, 0.31060612201690674, 0.2816494107246399, 0.6675621867179871, 42.18955612182617, 3.7263421619411505e-72, 1.388562558515979e-143, 23.995206832885742, 451.07421875), (600, 3000, 1, 99, 1.1117841005325317, 1.7450070977210999, 1.4512505446785657, 0.3014729619026184, 0.6685486435890198, 0.5203486084938049, 42.142303466796875, 6.456766946948142e-277, 0.0, 27.74280071258545, 455.41015625), (600, 3000, 0.8, 11, 0.21884126961231232, 0.316558837890625, 1.2386337732213188, 0.2139664739370346, 0.21148864924907684, 0.29963961243629456, 38.734092712402344, 0.1857559017642878, 0.007397243777853875, 16.39608097076416, 444.99609375), (600, 3000, 0.8, 55, 0.7254281640052795, 0.5165454745292664, 1.1184371739927226, 0.24803246557712555, 0.4992311894893646, 0.8203772902488708, 41.21989440917969, 7.814076725799889e-171, 0.0, 26.77121901512146, 452.140625), (600, 3000, 0.8, 99, 0.9257218837738037, nan, 0.3262250183842688, 0.5908529162406921, 0.9257218837738037, 0.0, 42.03557205200195, 2.2250738585072014e-308, 0.0, 27.750840187072754, 455.40234375)]
Completed job 9
starting the work inside Run_jobs
parameter combinations: [[600, 3000, 0.6, 11], [600, 3000, 0.6, 55], [600, 3000, 0.6, 99], [600, 4000, 1, 11], [600, 4000, 1, 55], [600, 4000, 1, 99]]
test name: nountill_S2B
[(600, 3000, 0.6, 11, 0.48205262422561646, 0.13895577192306519, 0.06795469748614116, 0.5772227048873901, 0.848106324672699, 0.9455838799476624, 39.0678596496582, 2.967355863432981e-06, 8.684128398657182e-12, 8.924440860748291, 442.5625), (600, 3000, 0.6, 55, 0.986859142780304, nan, 1.3086630752692028, 0.3051799535751343, 0.986859142780304, 0.0, 41.78532409667969, 2.2250738585072014e-308, 0.0, 13.637762784957886, 452.10546875), (600, 3000, 0.6, 99, 0.78741455078125, nan, 1.3490104214000396, 0.3065177798271179, 0.78741455078125, 0.0, 42.29559326171875, 2.2250738585072014e-308, 0.0, 13.856379270553589, 457.42578125), (600, 4000, 1, 11, 0.3962366282939911, 1.4621940851211548, 1.2578295230913032, 0.3761104941368103, 0.29384559392929077, 0.16268855333328247, 48.17007064819336, 45.440911869197116, 898.0909571175484, 16.954280614852905, 573.203125), (600, 4000, 1, 55, 0.4530753195285797, 0.11968040466308594, 1.305115793996203, 0.15391992032527924, 0.952071487903595, 0.8740960359573364, 51.2868537902832, 9.241832961193234e-80, 8.541147419882745e-159, 44.31134295463562, 587.38671875), (600, 4000, 1, 99, 0.741335391998291, 0.42772799730300903, 0.8153377994422243, 0.3766583502292633, 0.503110408782959, 0.9038324952125549, 51.440860748291016, 8.553531305884358e-260, 0.0, 35.94646644592285, 582.19921875)]
Completed job 10
starting the work inside Run_jobs
parameter combinations: [[600, 4000, 0.8, 11], [600, 4000, 0.8, 55], [600, 4000, 0.8, 99], [600, 4000, 0.6, 11], [600, 4000, 0.6, 55], [600, 4000, 0.6, 99]]
test name: nountill_S2B
[(600, 4000, 0.8, 11, 0.17223282158374786, 0.0162733793258667, 1.300288731749055, 0.31425151228904724, 0.9432964324951172, 0.9585750699043274, 48.57029342651367, 8.177093621608897e-05, 2.1480993989719666e-09, 12.95262336730957, 575.6796875), (600, 4000, 0.8, 55, 0.7798413634300232, 0.4474419951438904, 0.0002256277773035891, 0.643761932849884, 0.7693440914154053, 0.8689297437667847, 51.06397247314453, 1.1505009624648366e-132, 1.3236524646325153e-264, 15.441226720809937, 589.22265625), (600, 4000, 0.8, 99, 0.8762946128845215, nan, 1.306796670801195, 0.2211325317621231, 0.8762946128845215, 0.0, 51.34423828125, 2.2250738585072014e-308, 0.0, 19.039023876190186, 590.8671875), (600, 4000, 0.6, 11, 0.2118123322725296, 0.03980851173400879, 1.2280602467127215, 0.30716320872306824, 0.6909132599830627, 0.7506725788116455, 48.426822662353516, 0.0017258943859974403, 2.2612648752193117e-06, 12.850898504257202, 581.5390625), (600, 4000, 0.6, 55, 0.466323584318161, 0.1267067790031433, 1.0872432060726538, 0.34092217683792114, 0.9183369278907776, 0.9334458112716675, 50.975868225097656, 8.703836370688764e-274, 0.0, 15.301353931427002, 590.68359375), (600, 4000, 0.6, 99, 0.11562202125787735, nan, 1.0324695904331298, 0.24418967962265015, 0.11562202125787735, 0.0, 51.8634033203125, 2.2250738585072014e-308, 0.0, 18.874287366867065, 592.59765625)]
Completed job 11
starting the work inside Run_jobs
parameter combinations: [[1000, 1000, 1, 11], [1000, 1000, 1, 55], [1000, 1000, 1, 99], [1000, 1000, 0.8, 11], [1000, 1000, 0.8, 55], [1000, 1000, 0.8, 99]]
test name: nountill_S2B
[(1000, 1000, 1, 11, 0.4463098347187042, 0.15388035774230957, 1.1222379899464736, 0.25795820355415344, 0.7781811356544495, 0.8232448101043701, 7.615646839141846, 3.5593792861241993, 9.035935747713953, 1.8845574855804443, 293.82421875), (1000, 1000, 1, 55, 0.81687331199646, 0.5919470191001892, 0.2798142673529856, 0.6234972476959229, 0.7622883319854736, 0.738784670829773, 13.076512336730957, 4.774199954585354e-78, 2.27929852063628e-155, 2.1254420280456543, 334.61328125), (1000, 1000, 1, 99, 0.4339295029640198, nan, 1.0385311936033645, 0.22115682065486908, 0.4339295029640198, 0.0, 13.928186416625977, 2.2250738585072014e-308, 0.0, 2.341477394104004, 333.0), (1000, 1000, 0.8, 11, 0.4287137985229492, 0.20276719331741333, 0.42351671868042307, 0.2522869408130646, 0.36923107504844666, 0.6605783104896545, 7.416061878204346, 1.4069886565123423e-11, 1.8344484331030954e-22, 1.583899736404419, 333.83203125), (1000, 1000, 0.8, 55, 0.42656755447387695, 1.6414273977279663, 1.1533367440965365, 0.20902155339717865, 0.17443281412124634, 0.2931467890739441, 13.964043617248535, 4.706877043175183e-179, 0.0, 2.09881329536438, 335.42578125), (1000, 1000, 0.8, 99, 0.8964823484420776, nan, 0.10023376963083298, 0.6336280703544617, 0.8964823484420776, 0.0, 13.341434478759766, 2.2250738585072014e-308, 0.0, 2.3596081733703613, 333.0234375)]
Completed job 12
starting the work inside Run_jobs
parameter combinations: [[1000, 1000, 0.6, 11], [1000, 1000, 0.6, 55], [1000, 1000, 0.6, 99], [1000, 2000, 1, 11], [1000, 2000, 1, 55], [1000, 2000, 1, 99]]
test name: nountill_S2B
[(1000, 1000, 0.6, 11, 0.6396161317825317, 0.23424363136291504, 1.1723284565029342, 0.2736750543117523, 0.44496870040893555, 0.9127637147903442, 8.062105178833008, 9.37148004435965e-21, 8.530426601653119e-41, 1.6058783531188965, 294.03515625), (1000, 1000, 0.6, 55, 0.829678475856781, nan, 0.7989394794566766, 0.3947049379348755, 0.829678475856781, 0.0, 13.266267776489258, 2.2250738585072014e-308, 0.0, 2.031352996826172, 334.77734375), (1000, 1000, 0.6, 99, 0.84922194480896, nan, 1.3755428915394299, 0.16105297207832336, 0.84922194480896, 0.0, 13.22854995727539, 2.2250738585072014e-308, 0.0, 2.311288356781006, 332.8359375), (1000, 2000, 1, 11, 0.26600444316864014, 0.03841376304626465, 0.11854998106084488, 0.5530183911323547, 0.967946469783783, 0.9433866739273071, 25.8033447265625, 2.1095495991855613e-05, 4.410849120277491e-10, 4.317016839981079, 429.5234375), (1000, 2000, 1, 55, 0.6602507829666138, 0.2940932512283325, 0.07930371747022755, 0.6389577388763428, 0.8019059300422668, 0.9026909470558167, 29.82874298095703, 2.130105262577619e-127, 4.537348429660868e-254, 6.2759785652160645, 416.2109375), (1000, 2000, 1, 99, 0.5723389983177185, 0.4734513759613037, 0.8541888174662118, 0.4283846318721771, 0.5723389983177185, 8.48734249547789e-10, 29.99582290649414, 2.2250738585072014e-308, 0.0, 7.111584424972534, 418.34375)]
Completed job 13
starting the work inside Run_jobs
parameter combinations: [[1000, 2000, 0.8, 11], [1000, 2000, 0.8, 55], [1000, 2000, 0.8, 99], [1000, 2000, 0.6, 11], [1000, 2000, 0.6, 55], [1000, 2000, 0.6, 99]]
test name: nountill_S2B
[(1000, 2000, 0.8, 11, 0.29425376653671265, 0.06162059307098389, 0.5619239066294799, 0.501063346862793, 0.706779956817627, 0.8272961378097534, 25.136131286621094, 5.668665938624517, 29.594582478551228, 33.99743866920471, 402.9453125), (1000, 2000, 0.8, 55, 0.4166797697544098, 0.10528767108917236, 0.16758931527831372, 0.6409199237823486, 0.8591737747192383, 0.9310795068740845, 29.61005973815918, 7.798898772002853e-103, 6.082282205594761e-205, 176.74860882759094, 430.859375), (1000, 2000, 0.8, 99, 0.48457059264183044, nan, 1.0897095284300484, 0.32799169421195984, 0.48457059264183044, 0.0, 29.660736083984375, 2.2250738585072014e-308, 0.0, 228.2972309589386, 438.62109375), (1000, 2000, 0.6, 11, 0.5512765645980835, 0.04490220546722412, 1.0312213859225712, 0.3212415277957916, 0.16377417743206024, 0.7055578231811523, 26.207029342651367, 0.0014546816921821033, 2.1160950715803476e-06, 8.449458122253418, 444.36328125), (1000, 2000, 0.6, 55, 0.5545013546943665, 0.19005721807479858, 0.016030368464642064, 0.64108806848526, 0.9234850406646729, 0.8667402863502502, 29.71129035949707, 2.235166381313655e-200, 0.0, 244.71294736862183, 445.125), (1000, 2000, 0.6, 99, 0.8611522912979126, nan, 1.2971708890622158, 0.22753503918647766, 0.8611522912979126, 0.0, 30.3602237701416, 2.2250738585072014e-308, 0.0, 235.0601966381073, 448.3984375)]
Completed job 14
starting the work inside Run_jobs
parameter combinations: [[1000, 3000, 1, 11], [1000, 3000, 1, 55], [1000, 3000, 1, 99], [1000, 3000, 0.8, 11], [1000, 3000, 0.8, 55], [1000, 3000, 0.8, 99]]
test name: nountill_S2B
Begin work on process
Begin work on process
Begin work on process
Begin work on process
Begin work on process
Begin work on process
[(1000, 3000, 1, 11, 0.22815534472465515, 0.02739936113357544, 1.3593561340652365, 0.2126648873090744, 0.9041071534156799, 0.9680787920951843, 37.66252136230469, 1.0497178575355446, 0.8739386901288162, 7.510237693786621, 481.48046875), (1000, 3000, 1, 55, 0.5051386952400208, 0.1405165195465088, 0.04664832816548576, 0.6422979235649109, 0.8471852540969849, 0.9882075190544128, 41.35315704345703, 3.0381278234574577e-115, 9.230220671666349e-230, 9.17122220993042, 489.921875), (1000, 3000, 1, 99, 0.8391841053962708, nan, 1.1373729497272724, 0.23524713516235352, 0.8391841053962708, 0.0, 41.70140838623047, 2.2250738585072014e-308, 0.0, 10.441608905792236, 493.03515625), (1000, 3000, 0.8, 11, 0.3077363669872284, 0.06941789388656616, 0.2195012259587867, 0.5431787371635437, 0.8312517404556274, 0.8193630576133728, 38.358375549316406, 0.8635168971768243, 0.2572079120238876, 7.506086349487305, 483.89453125), (1000, 3000, 0.8, 55, 0.4641966223716736, 0.48200011253356934, 0.9341908447449957, 0.4792453646659851, 0.4327121078968048, 0.5042864680290222, 41.14742660522461, 3.7303128424340456e-141, 1.3915233902428368e-281, 9.179572820663452, 493.3359375), (1000, 3000, 0.8, 99, 0.6020799875259399, nan, 1.009673678620212, 0.3452703654766083, 0.6020799875259399, 0.0, 41.23191452026367, 2.2250738585072014e-308, 0.0, 10.545087814331055, 495.234375)]
Completed job 15
starting the work inside Run_jobs
parameter combinations: [[1000, 3000, 0.6, 11], [1000, 3000, 0.6, 55], [1000, 3000, 0.6, 99], [1000, 4000, 1, 11], [1000, 4000, 1, 55], [1000, 4000, 1, 99]]
test name: nountill_S2B
[(1000, 3000, 0.6, 11, 0.345202773809433, 0.09161806106567383, 0.1049474665176033, 0.5362270474433899, 0.8197470307350159, 0.7037326097488403, 37.899940490722656, 1.5399436546047847e-11, 8.516016500721839e-23, 7.426925182342529, 481.453125), (1000, 3000, 0.6, 55, 0.4760231375694275, 0.13108313083648682, 1.3057851415735713, 0.19000667333602905, 0.921424925327301, 0.664252519607544, 41.58179473876953, 3.503887891436175e-188, 0.0, 9.19864821434021, 490.4765625), (1000, 3000, 0.6, 99, 0.9324640035629272, nan, 0.683506466851484, 0.4750808775424957, 0.9324640035629272, 0.0, 41.725528717041016, 2.2250738585072014e-308, 0.0, 10.795793294906616, 494.1015625), (1000, 4000, 1, 11, 0.38302576541900635, 0.02898496389389038, 1.107530378218452, 0.26052218675613403, 0.5794323682785034, 0.9197462201118469, 48.087501525878906, 1.0069307442807662, 0.5033314657433259, 14.378190994262695, 619.21875), (1000, 4000, 1, 55, 1.293587565422058, 1.6662417650222778, 0.9745944229396407, 0.3309694826602936, 0.6989418864250183, 0.7182661890983582, 50.95722579956055, 8.382677082269331e-111, 7.02692750655944e-221, 17.302101612091064, 631.87890625), (1000, 4000, 1, 99, 0.37716513872146606, nan, 1.0792548794684205, 0.3106689155101776, 0.37716513872146606, 0.0, 51.508541107177734, 2.2250738585072014e-308, 0.0, 23.5710551738739, 627.4921875)]
Completed job 16
starting the work inside Run_jobs
parameter combinations: [[1000, 4000, 0.8, 11], [1000, 4000, 0.8, 55], [1000, 4000, 0.8, 99], [1000, 4000, 0.6, 11], [1000, 4000, 0.6, 55], [1000, 4000, 0.6, 99]]
test name: nountill_S2B
[(1000, 4000, 0.8, 11, 0.7486202716827393, 0.2719525098800659, 1.184161785782804, 0.18649597465991974, 0.15173928439617157, 0.8518316745758057, 48.406578063964844, 3.1598845983934623, 9.674379882272328, 14.039426565170288, 623.6484375), (1000, 4000, 0.8, 55, 1.0510890483856201, 1.5271559357643127, 1.356677600755799, 0.44185563921928406, 0.20155435800552368, 0.9307893514633179, 50.98567581176758, 1.8611486779727845e-132, 3.463483196015708e-264, 16.475457668304443, 634.421875), (1000, 4000, 0.8, 99, 0.24722245335578918, nan, 1.3302743000833817, 0.29799094796180725, 0.24722245335578918, 0.0, 51.498626708984375, 2.2250738585072014e-308, 0.0, 24.881730794906616, 636.3515625), (1000, 4000, 0.6, 11, 0.1509791761636734, 0.01173710823059082, 1.59534594246788, 0.3223714530467987, 0.9847192168235779, 0.9859902262687683, 48.231727600097656, 6.638946398395867e-13, 4.282822644066633e-25, 13.558541297912598, 628.5859375), (1000, 4000, 0.6, 55, 0.37101590633392334, 0.07746505737304688, 1.2705956943643555, 0.30373311042785645, 0.9330735206604004, 0.9501852989196777, 50.99636459350586, 2.6452546925144125e-247, 0.0, 16.336148977279663, 636.6328125), (1000, 4000, 0.6, 99, 0.887094259262085, nan, 1.4671536931944877, 0.3058644235134125, 0.887094259262085, 0.0, 51.45088195800781, 2.2250738585072014e-308, 0.0, 24.58274817466736, 638.578125)]
Completed job 17
