starting the work inside Run_jobs
parameter combinations: [[350, 1000, 1, 11], [350, 1000, 1, 55], [350, 1000, 1, 99], [350, 1000, 0.8, 11], [350, 1000, 0.8, 55], [350, 1000, 0.8, 99]]
test name: nountill_B2S
[(350, 1000, 1, 11, 0.612080454826355, 0.5339994728565216, 0.7388626094365394, 0.3750329613685608, 0.4138324558734894, 0.6833302974700928, 11.87416934967041, 5.855480512532143, 22.398929438946286, 1.9303576946258545, 260.31640625), (350, 1000, 1, 55, 0.6037540435791016, 0.3389109969139099, 0.9253071197079712, 0.5447293519973755, 0.3648994565010071, 0.7793383002281189, 9.643524169921875, 1.1647113519310405e-15, 1.2282553998430275e-30, 12.049606800079346, 287.296875), (350, 1000, 1, 99, 0.887859046459198, 1.1485364437103271, 1.1209948841997073, 0.20973098278045654, 0.14004191756248474, 0.85619056224823, 11.40159797668457, 5.226479330074588e-38, 2.7316040408766936e-75, 2.251688003540039, 288.40625), (350, 1000, 0.8, 11, 0.2953212559223175, 0.16172420978546143, 0.6058638655559626, 0.3641528785228729, 0.5400242805480957, 0.47540584206581116, 10.954312324523926, 7.808431495160104, 58.44733845923357, 1.7151014804840088, 289.32421875), (350, 1000, 0.8, 55, 0.5429610013961792, 0.8018667995929718, 1.0754561992194467, 0.3110119700431824, 0.29699960350990295, 0.5171692967414856, 10.862632751464844, 3.6448232609085046e-29, 1.065596341899197e-57, 2.245637893676758, 287.140625), (350, 1000, 0.8, 99, 0.6201850175857544, 0.3432798385620117, 1.1343107723954198, 0.30089080333709717, 0.3641412556171417, 0.7952125072479248, 11.045187950134277, 3.849531987016044e-68, 1.4755811670916745e-135, 2.064074754714966, 287.94140625)]
Completed job 0
starting the work inside Run_jobs
parameter combinations: [[350, 1000, 0.6, 11], [350, 1000, 0.6, 55], [350, 1000, 0.6, 99], [350, 2000, 1, 11], [350, 2000, 1, 55], [350, 2000, 1, 99]]
test name: nountill_B2S
[(350, 1000, 0.6, 11, 0.5506705045700073, 0.45812392234802246, 1.029727640542397, 0.18030902743339539, 0.27092552185058594, 0.6481960415840149, 11.78966236114502, 1.2778650090175423, 1.6175180388673243, 4.877589225769043, 262.9609375), (350, 1000, 0.6, 55, 0.5389246940612793, 0.24768495559692383, 0.5037328065330731, 0.5666372179985046, 0.5422529578208923, 0.8114554286003113, 11.090392112731934, 1.607453048765723e-57, 2.5831813070911703e-114, 23.14246392250061, 289.9296875), (350, 1000, 0.6, 99, 0.7963526844978333, 0.7548095732927322, 1.0487239369389332, 0.16509296000003815, 0.2627907693386078, 0.8189338445663452, 11.090412139892578, 2.7923544868453247e-128, 7.797243578367497e-256, 1.9650976657867432, 288.33203125), (350, 2000, 1, 11, 0.29626938700675964, 0.5564484596252441, 1.1056964795896769, 0.16774466633796692, 0.2982504665851593, 0.26004984974861145, 26.283348083496094, 28.061250393902316, 88.11845713452925, 7.12826681137085, 379.4921875), (350, 2000, 1, 55, 0.3480643332004547, 0.9859810266643763, 0.9798901895051874, 0.07921196520328522, 0.3480934798717499, 0.006763750687241554, 25.91958236694336, 7.808862136597409e-18, 5.406795574951103e-35, 7.3407487869262695, 378.8984375), (350, 2000, 1, 99, 0.38199251890182495, 0.2699223756790161, 0.7822790126615378, 0.5044559240341187, 0.5102980136871338, 0.5284838080406189, 26.491886138916016, 1.4327405401861525e-52, 6.359652628708742e-105, 206.0893087387085, 380.1171875)]
Completed job 1
starting the work inside Run_jobs
parameter combinations: [[350, 2000, 0.8, 11], [350, 2000, 0.8, 55], [350, 2000, 0.8, 99], [350, 2000, 0.6, 11], [350, 2000, 0.6, 55], [350, 2000, 0.6, 99]]
test name: nountill_B2S
[(350, 2000, 0.8, 11, 0.40738117694854736, 0.2378637194633484, 0.2706231115967596, 0.4664689600467682, 0.6282358765602112, 0.5018202662467957, 26.62342071533203, 1.6820559723678472, 0.5578523357546908, 15.78172755241394, 356.8203125), (350, 2000, 0.8, 55, 0.4999747574329376, 0.23398476839065552, 0.2471628821748516, 0.5419983863830566, 0.672351598739624, 0.766379714012146, 26.264408111572266, 6.147005219323852e-27, 3.672638124649852e-53, 32.22834539413452, 381.50390625), (350, 2000, 0.8, 99, 0.5487720370292664, 0.2595555782318115, 0.2522656950023045, 0.5525472164154053, 0.7083855271339417, 0.7973973155021667, 26.1689453125, 1.4120776733676543e-71, 1.993963055494755e-142, 54.000274419784546, 386.20703125), (350, 2000, 0.6, 11, 0.42823711037635803, 0.1642014980316162, 1.4116264114096642, 0.2596161365509033, 0.5082238912582397, 0.7496223449707031, 26.642257690429688, 55.43158619856894, 2301.1759171880085, 5.7285943031311035, 388.18359375), (350, 2000, 0.6, 55, 0.9274299740791321, 1.3039026260375977, 0.9197635342039863, 0.13387741148471832, 0.3283628523349762, 0.7732859253883362, 25.803659439086914, 4.4309616844615615e-55, 1.9633421449086912e-109, 44.27337288856506, 391.421875), (350, 2000, 0.6, 99, 0.4783395230770111, 1.730278193950653, 0.8451952084850538, 0.3356919586658478, 0.38370463252067566, 0.11991092562675476, 26.397253036499023, 3.934082942179177e-100, 1.5477008595945171e-199, 86.59412050247192, 391.703125)]
Completed job 2
starting the work inside Run_jobs
parameter combinations: [[350, 3000, 1, 11], [350, 3000, 1, 55], [350, 3000, 1, 99], [350, 3000, 0.8, 11], [350, 3000, 0.8, 55], [350, 3000, 0.8, 99]]
test name: nountill_B2S
Begin work on process
Begin work on process
Begin work on process
Begin work on process
Begin work on process
Begin work on process
[(350, 3000, 1, 11, 0.2494342178106308, 0.25397932529449463, 0.8769600666708792, 0.2712514102458954, 0.3651244342327118, 0.32805052399635315, 37.82220458984375, 30.080337061171846, 130.84185155731342, 6.915253162384033, 420.33203125), (350, 3000, 1, 55, 0.5571887493133545, 0.2959916591644287, 1.04679019211452, 0.39432695508003235, 0.3285943567752838, 0.7372976541519165, 37.18363952636719, 6.125202462130959e-17, 2.4644327021781092e-33, 8.499722003936768, 429.2265625), (350, 3000, 1, 99, 0.7864657640457153, 1.465810477733612, 1.129196029842724, 0.26517245173454285, 0.5917657017707825, 0.3111415207386017, 37.504207611083984, 2.026124243905606e-39, 4.0948970304324144e-78, 9.876387357711792, 433.796875), (350, 3000, 0.8, 11, 0.46379905939102173, 0.25321996212005615, 0.4981601403918891, 0.279605507850647, 0.5048203468322754, 0.6969698667526245, 37.953819274902344, 17.112834945552528, 148.02540586102793, 6.265039443969727, 424.234375), (350, 3000, 0.8, 55, 0.6942057609558105, 0.32813596725463867, 0.06781647525196342, 0.5620484948158264, 0.6606021523475647, 0.9362938404083252, 37.53109359741211, 2.5785767636846145e-20, 6.648219106095875e-40, 8.97429633140564, 430.984375), (350, 3000, 0.8, 99, 0.3662457764148712, 0.13653182983398438, 0.09776100727312556, 0.5705790519714355, 0.6636366844177246, 0.7216393947601318, 37.84895324707031, 8.708030445048719e-80, 3.520706680185386e-159, 9.155550003051758, 436.11328125)]
Completed job 3
starting the work inside Run_jobs
parameter combinations: [[350, 3000, 0.6, 11], [350, 3000, 0.6, 55], [350, 3000, 0.6, 99], [350, 4000, 1, 11], [350, 4000, 1, 55], [350, 4000, 1, 99]]
test name: nountill_B2S
[(350, 3000, 0.6, 11, 0.5904191732406616, 0.22835087776184082, 0.9521426543779076, 0.2940416932106018, 0.3172355890274048, 0.7996644973754883, 37.98043441772461, 21.6303164929111, 446.130186401495, 9.992053508758545, 420.33203125), (350, 3000, 0.6, 55, 0.45537903904914856, 0.278748095035553, 0.8943829805948559, 0.38938039541244507, 0.5421929359436035, 0.13352543115615845, 37.29075622558594, 3.1458814755471612e-58, 9.895242122804783e-116, 13.45942759513855, 430.3515625), (350, 3000, 0.6, 99, 0.9005811810493469, 0.6065557599067688, 0.2120140852553412, 0.5590640902519226, 0.7000453472137451, 0.9053840637207031, 37.88840103149414, 2.4024108893853963e-128, 5.771577975726521e-256, 12.168335676193237, 435.09765625), (350, 4000, 1, 11, 0.35257688164711, 1.0263903345912695, 1.231387258502709, 0.25914353132247925, 0.2565343677997589, 0.23519366979599, 47.94618606567383, 89.12655013761196, 1637.8894518521493, 14.353349208831787, 546.24609375), (350, 4000, 1, 55, 0.4270016849040985, 1.3139545321464539, 1.2452297024077505, 0.23806123435497284, 0.2872251272201538, 0.23840288817882538, 46.99644470214844, 4.476683406594588e-15, 1.6750954592985124e-29, 20.108956813812256, 559.12109375), (350, 4000, 1, 99, 0.49735409021377563, 0.2994633913040161, 1.228479561179074, 0.2347778081893921, 0.3048552870750427, 0.6608129143714905, 47.37504196166992, 2.926975050681871e-45, 4.162336429913454e-90, 23.32489848136902, 562.90234375)]
Completed job 4
starting the work inside Run_jobs
parameter combinations: [[350, 4000, 0.8, 11], [350, 4000, 0.8, 55], [350, 4000, 0.8, 99], [350, 4000, 0.6, 11], [350, 4000, 0.6, 55], [350, 4000, 0.6, 99]]
test name: nountill_B2S
[(350, 4000, 0.8, 11, 0.6576687097549438, 0.6300291419029236, 1.085339764483306, 0.14123700559139252, 0.2957647740840912, 0.7069401144981384, 47.54109573364258, 97.26972334603259, 5209.414075788082, 12.475102424621582, 546.32421875), (350, 4000, 0.8, 55, 0.3130725920200348, 0.9572566747665405, 1.0719201333528803, 0.14590640366077423, 0.282384991645813, 0.1477862298488617, 47.44888687133789, 4.251667131399018e-31, 1.672940718610875e-61, 16.027130126953125, 558.43359375), (350, 4000, 0.8, 99, 0.5798724293708801, 0.2902364134788513, 1.2040183041182233, 0.217225581407547, 0.41685858368873596, 0.7958919405937195, 47.60536575317383, 3.911425596549962e-75, 1.3577030439856815e-149, 22.260125398635864, 558.546875), (350, 4000, 0.6, 11, 0.3526943325996399, 0.1247715950012207, 1.328394502232643, 0.26431164145469666, 0.5929084420204163, 0.7242138981819153, 47.394317626953125, 84.33208173589294, 2682.231525861432, 11.832101821899414, 548.73046875), (350, 4000, 0.6, 55, 0.648647665977478, 0.45624732971191406, 0.9300893071042898, 0.30738565325737, 0.5418282747268677, 0.7571864724159241, 47.44869613647461, 8.754507888568183e-58, 7.664125082722172e-115, 14.628294467926025, 558.7421875), (350, 4000, 0.6, 99, 0.551703929901123, 0.27813810110092163, 0.536396510790152, 0.4900515377521515, 0.6937116980552673, 0.7726197838783264, 47.11298370361328, 2.3714953241008095e-126, 5.623989865700319e-252, 22.829185485839844, 553.921875)]
Completed job 5
starting the work inside Run_jobs
parameter combinations: [[600, 1000, 1, 11], [600, 1000, 1, 55], [600, 1000, 1, 99], [600, 1000, 0.8, 11], [600, 1000, 0.8, 55], [600, 1000, 0.8, 99]]
test name: nountill_B2S
[(600, 1000, 1, 11, 0.5115309953689575, 0.39369499683380127, 0.7039701209215994, 0.35430723428726196, 0.49952059984207153, 0.6251480579376221, 8.306510925292969, 42.51547213467995, 798.3466723132348, 31.4770405292511, 272.01953125), (600, 1000, 1, 55, 1.117396593093872, 1.6893392205238342, 0.8951419313390074, 0.36293262243270874, 0.5334847569465637, 0.680680513381958, 7.681045055389404, 8.161342408545505e-19, 6.535085349510976e-37, 72.20429539680481, 306.3125), (600, 1000, 1, 99, 0.3476729094982147, 0.4324294924736023, 1.09359854650571, 0.37302273511886597, 0.2908426821231842, 0.4171378016471863, 7.483221530914307, 1.6286948269228444e-42, 2.6459347755922254e-84, 19.679230451583862, 303.890625), (600, 1000, 0.8, 11, 0.34309905767440796, 0.12915658950805664, 1.4022611605868889, 0.25537019968032837, 0.5270050764083862, 0.6839002370834351, 9.219392776489258, 0.4553063497195421, 0.10516920563236128, 1.5467534065246582, 304.9921875), (600, 1000, 0.8, 55, 0.44728079438209534, 0.22571086883544922, 0.6462951411027108, 0.4786726236343384, 0.49208587408065796, 0.7020857930183411, 7.937167167663574, 4.0310721767043235e-28, 1.6222281793861345e-55, 22.033876657485962, 304.09375), (600, 1000, 0.8, 99, 0.5075772404670715, 0.38663411140441895, 0.7049386094696746, 0.4807659089565277, 0.44129663705825806, 0.639671802520752, 7.416113376617432, 5.148766907102403e-80, 2.0197823748620142e-159, 6.357278347015381, 304.49609375)]
Completed job 6
starting the work inside Run_jobs
parameter combinations: [[600, 1000, 0.6, 11], [600, 1000, 0.6, 55], [600, 1000, 0.6, 99], [600, 2000, 1, 11], [600, 2000, 1, 55], [600, 2000, 1, 99]]
test name: nountill_B2S
[(600, 1000, 0.6, 11, 0.4697106182575226, 0.13910961151123047, 1.1892670238525667, 0.2772641181945801, 0.30018746852874756, 0.7026140689849854, 8.24609375, 0.25369232190484137, 0.03294859931437383, 1.4894049167633057, 273.421875), (600, 1000, 0.6, 55, 0.4537341594696045, 0.6692228317260742, 1.0231223520154737, 0.2262202948331833, 0.2606339156627655, 0.4674952030181885, 7.681055545806885, 1.979071082751543e-77, 1.8088577376538407e-154, 1.810096025466919, 304.6953125), (600, 1000, 0.6, 99, 0.27159300446510315, 0.9695984777063131, 1.0306665141015512, 0.14316126704216003, 0.24479982256889343, 0.12530329823493958, 7.416101932525635, 5.160421465241756e-128, 2.6629603999417856e-255, 2.069439172744751, 304.546875), (600, 2000, 1, 11, 0.4777524173259735, 0.20999246835708618, 0.16428878975465544, 0.49366265535354614, 0.6099227666854858, 0.7791900038719177, 25.531002044677734, 64.7561060876214, 1453.864800184942, 4.382734060287476, 405.6875), (600, 2000, 1, 55, 0.43031591176986694, 0.346027135848999, 1.0735392692380543, 0.3658257722854614, 0.25995078682899475, 0.5527508854866028, 24.876657485961914, 1.2494540220922768e-22, 1.088038652351198e-44, 7.801962614059448, 389.9609375), (600, 2000, 1, 99, 0.7352811694145203, 0.5976192355155945, 1.060229860719635, 0.18772456049919128, 0.2289823740720749, 0.7969041466712952, 25.4919376373291, 3.1224106244229307e-46, 9.747007339720066e-92, 11.243819952011108, 403.16015625)]
Completed job 7
starting the work inside Run_jobs
parameter combinations: [[600, 2000, 0.8, 11], [600, 2000, 0.8, 55], [600, 2000, 0.8, 99], [600, 2000, 0.6, 11], [600, 2000, 0.6, 55], [600, 2000, 0.6, 99]]
test name: nountill_B2S
[(600, 2000, 0.8, 11, 0.495549738407135, 0.27218377590179443, 0.6197815599227965, 0.44268175959587097, 0.5428270101547241, 0.722179651260376, 26.03493881225586, 56.0610994789375, 2257.1135117066624, 4.048417806625366, 375.76953125), (600, 2000, 0.8, 55, 0.6315361857414246, 0.3741048574447632, 0.5888207564869306, 0.45844024419784546, 0.6890942454338074, 0.7629736065864563, 25.215885162353516, 1.2176835603995244e-27, 1.4827239541461943e-54, 5.636009216308594, 395.34375), (600, 2000, 0.8, 99, 0.6378347277641296, 0.7087071537971497, 1.052430355575186, 0.2919747531414032, 0.2867470979690552, 0.6593626141548157, 24.816181182861328, 9.680089015170385e-65, 9.37041233413676e-129, 11.04361367225647, 403.05859375), (600, 2000, 0.6, 11, 0.3104013204574585, 0.1295781135559082, 1.1656816234782699, 0.2658349871635437, 0.4887678027153015, 0.6215190887451172, 25.667726516723633, 0.16679224590899983, 0.0058312397748555974, 5.1036810874938965, 404.77734375), (600, 2000, 0.6, 55, 0.5359078645706177, 0.26695364713668823, 0.45167879662804666, 0.4985370934009552, 0.6668709516525269, 0.7742451429367065, 25.745418548583984, 3.8097867058662683e-57, 1.451333776632888e-113, 5.660490989685059, 406.4375), (600, 2000, 0.6, 99, 0.4183458983898163, 0.2410392165184021, 0.4424609786366173, 0.47133368253707886, 0.6333213448524475, 0.5510733723640442, 25.25545310974121, 9.590784560639624e-119, 9.1983148488603e-237, 6.413727045059204, 409.1484375)]
Completed job 8
starting the work inside Run_jobs
parameter combinations: [[600, 3000, 1, 11], [600, 3000, 1, 55], [600, 3000, 1, 99], [600, 3000, 0.8, 11], [600, 3000, 0.8, 55], [600, 3000, 0.8, 99]]
test name: nountill_B2S
[(600, 3000, 1, 11, 0.6765986680984497, 1.4074912071228027, 0.6081530362192491, 0.40123608708381653, 0.5380465388298035, 0.24589800834655762, 37.756195068359375, 62.53961527884826, 2524.5783350928236, 9.468294143676758, 441.73828125), (600, 3000, 1, 55, 0.6315978765487671, 0.37045371532440186, 1.3124090832492916, 0.2393752783536911, 0.2893448770046234, 0.7723901271820068, 37.10283660888672, 3.81765568268909e-18, 1.3774100821914072e-35, 34.329993724823, 452.15625), (600, 3000, 1, 99, 0.3852299451828003, 0.3690592646598816, 0.8676315414996248, 0.4411481022834778, 0.3975190222263336, 0.4816504716873169, 37.384361267089844, 1.5832795922581896e-41, 2.4956018478007818e-82, 11.975327730178833, 456.71875), (600, 3000, 0.8, 11, 0.46422937512397766, 0.3904036283493042, 0.9870469853066489, 0.3843900263309479, 0.30493277311325073, 0.5822172164916992, 37.50395965576172, 88.84048652405062, 1730.1538805346913, 9.399331092834473, 445.765625), (600, 3000, 0.8, 55, 0.26492178440093994, 0.4071043133735657, 0.9921697657879537, 0.1744920313358307, 0.3141893744468689, 0.1077357679605484, 37.089656829833984, 5.083343205296059e-32, 9.367658457179991e-64, 10.84035873413086, 453.89453125), (600, 3000, 0.8, 99, 0.6737992167472839, 0.3731420040130615, 1.15634111109583, 0.2019028216600418, 0.2904137074947357, 0.816719114780426, 37.12996292114258, 8.715147903518377e-72, 6.726969858594214e-143, 13.527966737747192, 454.78515625)]
Completed job 9
starting the work inside Run_jobs
parameter combinations: [[600, 3000, 0.6, 11], [600, 3000, 0.6, 55], [600, 3000, 0.6, 99], [600, 4000, 1, 11], [600, 4000, 1, 55], [600, 4000, 1, 99]]
test name: nountill_B2S
[(600, 3000, 0.6, 11, 0.32707786560058594, 0.3655030131340027, 0.8303793565751081, 0.37125998735427856, 0.3470572531223297, 0.4073490798473358, 37.62356185913086, 44.97342937647406, 1719.9847728825946, 6.702466011047363, 441.7421875), (600, 3000, 0.6, 55, 0.49354004859924316, 0.3106379508972168, 1.0653188839119185, 0.2170409858226776, 0.6041247844696045, 0.6446149349212646, 36.683650970458984, 1.0289374724992e-57, 1.0587123206732655e-114, 9.612318277359009, 453.55078125), (600, 3000, 0.6, 99, 0.6250357031822205, 0.30041396617889404, 0.6664692553815611, 0.44537317752838135, 0.7106820940971375, 0.8615888953208923, 36.98162078857422, 2.9102008300759304e-149, 8.46277223895204e-298, 11.276536226272583, 455.546875), (600, 4000, 1, 11, 0.6979637145996094, 0.5303483009338379, 1.3062677024654774, 0.26103562116622925, 0.1841638833284378, 0.7652550935745239, 47.540958404541016, 428.3128744435501, 140225.79935421998, 13.574252367019653, 574.34765625), (600, 4000, 1, 55, 0.588936448097229, 0.3615109324455261, 0.964622073024678, 0.3175267279148102, 0.6682067513465881, 0.7136449813842773, 46.73114776611328, 2.1072431200172726e-15, 4.4384155142746174e-30, 18.415578842163086, 588.375), (600, 4000, 1, 99, 1.3604925870895386, 1.6461630463600159, 0.6982321112657461, 0.4347074627876282, 0.6414669752120972, 0.8548632860183716, 47.19679260253906, 2.50385634051247e-39, 5.0822809310720825e-78, 25.436610460281372, 590.37109375)]
Completed job 10
starting the work inside Run_jobs
parameter combinations: [[600, 4000, 0.8, 11], [600, 4000, 0.8, 55], [600, 4000, 0.8, 99], [600, 4000, 0.6, 11], [600, 4000, 0.6, 55], [600, 4000, 0.6, 99]]
test name: nountill_B2S
[(600, 4000, 0.8, 11, 0.5070138573646545, 0.3306744694709778, 1.087247428168834, 0.2866857051849365, 0.5242815613746643, 0.6754659414291382, 47.4466552734375, 491.49799081033376, 187392.3962950086, 11.695879220962524, 575.7109375), (600, 4000, 0.8, 55, 1.0104563236236572, 1.1782128065824509, 1.2297899792020845, 0.2408364862203598, 0.4400620758533478, 0.8345471620559692, 47.15479278564453, 1.2889100215992161e-24, 1.6553870515820997e-48, 14.53252911567688, 588.8515625), (600, 4000, 0.8, 99, 0.18772970139980316, 0.29368913173675537, 0.8736238372097054, 0.2250732183456421, 0.24101963639259338, 0.24854065477848053, 47.301395416259766, 4.045948857062598e-68, 1.5379014077002843e-135, 19.17500352859497, 593.66015625), (600, 4000, 0.6, 11, 0.501868724822998, 0.2611425518989563, 1.1748016398139682, 0.2532028555870056, 0.571654200553894, 0.7440555691719055, 47.530941009521484, 2.128867539544155, 2.4743599903951545, 12.477257013320923, 580.25), (600, 4000, 0.6, 55, 0.433851033449173, 0.19729351997375488, 0.40670936804850494, 0.5266327261924744, 0.5576450824737549, 0.7262416481971741, 46.82724380493164, 4.180991779662202e-62, 1.2536422635515661e-123, 15.331429719924927, 587.1171875), (600, 4000, 0.6, 99, 0.5682801008224487, 1.050772212445736, 1.1511781672665862, 0.22922801971435547, 0.20131365954875946, 0.5213042497634888, 47.17578125, 1.8606096696654747e-142, 3.461868226972711e-284, 18.143281936645508, 585.27734375)]
Completed job 11
starting the work inside Run_jobs
parameter combinations: [[1000, 1000, 1, 11], [1000, 1000, 1, 55], [1000, 1000, 1, 99], [1000, 1000, 0.8, 11], [1000, 1000, 0.8, 55], [1000, 1000, 0.8, 99]]
test name: nountill_B2S
[(1000, 1000, 1, 11, 0.3273082375526428, 0.20440912246704102, 1.1347507148173952, 0.2878709137439728, 0.5067326426506042, 0.5166606903076172, 4.999918460845947, 1.560974628724611, 0.2942756665225187, 2.8964791297912598, 294.53515625), (1000, 1000, 1, 55, 0.7054160833358765, 0.4640861749649048, 1.0854161241085076, 0.3386349380016327, 0.28981512784957886, 0.8169369101524353, 1.7320200204849243, 5.943110179981304e-18, 3.1652682583097747e-35, 9.836259841918945, 334.28515625), (1000, 1000, 1, 99, 0.5479580760002136, 1.7308861017227173, 0.6653029577902527, 0.2077168971300125, 0.5282605886459351, 0.026540257036685944, 4.24258279800415, 5.4106177945844275e-43, 2.9220256049177786e-85, 18.26088309288025, 333.08984375), (1000, 1000, 0.8, 11, 0.3881665766239166, 0.1591705083847046, 0.9119630640991708, 0.303640216588974, 0.579976499080658, 0.7159464359283447, 5.47714376449585, 17.251676594088718, 200.88902721459786, 16.829580307006836, 333.70703125), (1000, 1000, 0.8, 55, 0.4488533139228821, 0.24139225482940674, 0.41738400334738207, 0.49034157395362854, 0.649778425693512, 0.6420382857322693, 2.4494478702545166, 5.000875002419745e-30, 1.9905862303326377e-59, 3.0628225803375244, 335.34765625), (1000, 1000, 0.8, 99, 0.4759363830089569, 0.53277188539505, 0.9002059134975237, 0.24616330862045288, 0.38436731696128845, 0.5127970576286316, 4.795754909515381, 2.1598196052454412e-77, 2.0765879196502497e-154, 5.219472408294678, 333.49609375)]
Completed job 12
starting the work inside Run_jobs
parameter combinations: [[1000, 1000, 0.6, 11], [1000, 1000, 0.6, 55], [1000, 1000, 0.6, 99], [1000, 2000, 1, 11], [1000, 2000, 1, 55], [1000, 2000, 1, 99]]
test name: nountill_B2S
Begin work on process
Begin work on process
Begin work on process
Begin work on process
Begin work on process
Begin work on process
[(1000, 1000, 0.6, 11, 0.31575673818588257, 0.5877965688705444, 1.014151121420493, 0.17278404533863068, 0.25276488065719604, 0.320218026638031, 4.898895263671875, 0.01938721378686354, 5.995327603776566e-05, 1.7296619415283203, 293.953125), (1000, 1000, 0.6, 55, 0.3003441393375397, 0.15850818157196045, 1.0117527898431675, 0.378700315952301, 0.3261880874633789, 0.5176917910575867, 3.162231683731079, 3.582859224268318e-60, 1.28368260303728e-119, 2.1129846572875977, 334.68359375), (1000, 1000, 0.6, 99, 0.6487718820571899, 0.19667625427246094, 0.9763157715523029, 0.3062249422073364, 0.29000744223594666, 0.8583301901817322, 4.358834266662598, 1.4701557209172627e-153, 2.1586676031533085e-306, 2.543708086013794, 334.04296875), (1000, 2000, 1, 11, 0.2706502377986908, 0.36666232347488403, 0.8658297731632848, 0.3393600583076477, 0.3345716893672943, 0.13307048380374908, 25.056699752807617, 31.06929960281547, 166.16636354668233, 4.808157444000244, 431.48046875), (1000, 2000, 1, 55, 0.7245137691497803, 0.42769527435302734, 1.3541935909014555, 0.12754765152931213, 0.2470582276582718, 0.837003231048584, 23.682697296142578, 2.959916906289902e-21, 6.003440013423212e-42, 10.110866785049438, 416.0390625), (1000, 2000, 1, 99, 0.6150055527687073, 0.3057449460029602, 0.6648480827826889, 0.4532725214958191, 0.6791121363639832, 0.8447450995445251, 24.16323471069336, 9.400515864889776e-46, 8.13991914082905e-91, 16.418038845062256, 418.16796875)]
Completed job 13
starting the work inside Run_jobs
parameter combinations: [[1000, 2000, 0.8, 11], [1000, 2000, 0.8, 55], [1000, 2000, 0.8, 99], [1000, 2000, 0.6, 11], [1000, 2000, 0.6, 55], [1000, 2000, 0.6, 99]]
test name: nountill_B2S
[(1000, 2000, 0.8, 11, 0.4227798283100128, 0.24357712268829346, 1.2496324373405545, 0.24723073840141296, 0.3337729275226593, 0.6145251393318176, 24.552873611450195, 58.43131363972374, 2372.4956953407245, 4.441439151763916, 404.6171875), (1000, 2000, 0.8, 55, 0.34685274958610535, 0.5144919157028198, 0.9957653986813821, 0.4164832532405853, 0.33295273780822754, 0.35027876496315, 23.34261131286621, 4.800584473616522e-28, 1.153760572725128e-55, 7.0686469078063965, 437.046875), (1000, 2000, 0.8, 99, 0.538413941860199, 0.22241908311843872, 0.247689285010932, 0.5403571128845215, 0.6572795510292053, 0.8561733365058899, 23.406784057617188, 6.127169570545048e-68, 3.5239485167495625e-135, 9.049309015274048, 439.1171875), (1000, 2000, 0.6, 11, 0.3842523992061615, 0.1952279806137085, 0.8950909895610465, 0.3625417649745941, 0.3213402032852173, 0.592173159122467, 24.348623275756836, 2.442471242575177, 2.7658072177237694, 5.102555274963379, 442.28515625), (1000, 2000, 0.6, 55, 0.2866172194480896, 0.3839496374130249, 1.1012819035510293, 0.1801571547985077, 0.3514096736907959, 0.14214296638965607, 23.55573844909668, 5.0657850175223406e-51, 2.5662177131876454e-101, 6.5602898597717285, 443.03515625), (1000, 2000, 0.6, 99, 0.38198167085647583, 0.20571720600128174, 0.9134914822636192, 0.16301102936267853, 0.3201199471950531, 0.5830273628234863, 24.43060874938965, 3.839950438057175e-127, 1.474521830168293e-253, 7.846228361129761, 442.10546875)]
Completed job 14
starting the work inside Run_jobs
parameter combinations: [[1000, 3000, 1, 11], [1000, 3000, 1, 55], [1000, 3000, 1, 99], [1000, 3000, 0.8, 11], [1000, 3000, 0.8, 55], [1000, 3000, 0.8, 99]]
test name: nountill_B2S
Begin work on process
Begin work on process
Begin work on process
Begin work on process
Begin work on process
Begin work on process
[(1000, 3000, 1, 11, 0.3219126760959625, 0.1695472002029419, 0.47745196507229315, 0.3898800313472748, 0.5429465770721436, 0.5610725283622742, 36.710411071777344, 31.69403521843636, 111.76427254456776, 8.338538408279419, 480.93359375), (1000, 3000, 1, 55, 0.3766663670539856, 0.40578097105026245, 0.9558540480351968, 0.3351982533931732, 0.36371150612831116, 0.45340296626091003, 36.16260528564453, 2.068692493038114e-14, 4.279406477550983e-28, 9.298121452331543, 492.1328125), (1000, 3000, 1, 99, 0.9723043441772461, 1.5133415460586548, 1.1695506888586593, 0.22088901698589325, 0.4217827022075653, 0.6858976483345032, 36.805328369140625, 4.830946058870005e-45, 2.3142936713890928e-89, 10.842853784561157, 497.03515625), (1000, 3000, 0.8, 11, 0.21673645079135895, 0.09630262851715088, 0.8176476932650986, 0.29794785380363464, 0.4758613705635071, 0.5039291977882385, 37.129249572753906, 27.731402304182367, 73.0345776998609, 7.378224849700928, 484.40234375), (1000, 3000, 0.8, 55, 0.5921098589897156, 0.2715493440628052, 0.5651632312929533, 0.48696935176849365, 0.6381937861442566, 0.864176869392395, 36.05183029174805, 5.764519819132653e-28, 3.322882123366516e-55, 9.499709606170654, 491.60546875), (1000, 3000, 0.8, 99, 0.2534635663032532, 0.7417954802513123, 1.118118610788526, 0.22052288055419922, 0.25717929005622864, 0.11652670800685883, 36.560672760009766, 1.616605272854002e-79, 2.6022189989677278e-158, 11.031558752059937, 494.9140625)]
Completed job 15
starting the work inside Run_jobs
parameter combinations: [[1000, 3000, 0.6, 11], [1000, 3000, 0.6, 55], [1000, 3000, 0.6, 99], [1000, 4000, 1, 11], [1000, 4000, 1, 55], [1000, 4000, 1, 99]]
test name: nountill_B2S
Begin work on process
Begin work on process
Begin work on process
Begin work on process
Begin work on process
Begin work on process
[(1000, 3000, 0.6, 11, 0.4831138253211975, 0.22186028957366943, 0.8962268723375557, 0.3194909989833832, 0.6293193101882935, 0.767476499080658, 36.95392608642578, 6.429310013637696, 17.135219930310594, 7.814665079116821, 479.2109375), (1000, 3000, 0.6, 55, 1.305364727973938, 1.6186642050743103, 1.2568840878593, 0.21610698103904724, 0.6984948515892029, 0.7522740364074707, 36.17627716064453, 3.048303692247808e-57, 9.254561563368044e-114, 8.645481586456299, 491.8125), (1000, 3000, 0.6, 99, 0.3121855556964874, 1.095201350748539, 1.0055980336384915, 0.23556575179100037, 0.29175493121147156, 0.0867251604795456, 37.022071838378906, 1.018549982938897e-143, 1.0250700765440688e-286, 10.289685726165771, 494.47265625), (1000, 4000, 1, 11, 0.45942410826683044, 0.21419334411621094, 0.2636065750099734, 0.4431930482387543, 0.5280784964561462, 0.7380803227424622, 47.456912994384766, 310.0698250878677, 49267.454281181555, 12.383327007293701, 621.33984375), (1000, 4000, 1, 55, 0.44807255268096924, 0.2559239864349365, 0.5839282664300998, 0.4690820872783661, 0.6396583914756775, 0.6106359958648682, 47.03860092163086, 8.001122148645274e-18, 2.970814103800094e-35, 15.390558958053589, 635.53515625), (1000, 4000, 1, 99, 0.5289818048477173, 0.26106131076812744, 2.5238444304085522e-05, 0.5774836540222168, 0.6576094627380371, 0.7749009132385254, 46.99641036987305, 3.0238630351974814e-45, 7.971007531741562e-90, 22.074823141098022, 630.47265625)]
Completed job 16
starting the work inside Run_jobs
parameter combinations: [[1000, 4000, 0.8, 11], [1000, 4000, 0.8, 55], [1000, 4000, 0.8, 99], [1000, 4000, 0.6, 11], [1000, 4000, 0.6, 55], [1000, 4000, 0.6, 99]]
test name: nountill_B2S
Begin work on process
Begin work on process
Begin work on process
Begin work on process
Begin work on process
Begin work on process
[(1000, 4000, 0.8, 11, 0.49161601066589355, 0.38327687978744507, 1.0488240609340633, 0.28277742862701416, 0.3028220534324646, 0.6167150139808655, 47.13174819946289, 8.26445399912423, 29.001621320057414, 17.25425434112549, 623.60546875), (1000, 4000, 0.8, 55, 0.7104038000106812, 0.408363938331604, 0.6556254911356462, 0.43559303879737854, 0.6546317338943481, 0.8628398180007935, 46.75270080566406, 1.3322143601065437e-26, 1.7740843023556413e-52, 19.900004863739014, 636.5859375), (1000, 4000, 0.8, 99, 0.6599315404891968, 0.7817029654979706, 0.9843886003957996, 0.4624597132205963, 0.34562739729881287, 0.642673909664154, 47.01734161376953, 3.2459604115461607e-66, 1.0536101172032671e-131, 22.942835330963135, 640.51171875), (1000, 4000, 0.6, 11, 0.4779622256755829, 0.18918752670288086, 0.41800905452902887, 0.4792464077472687, 0.5387654900550842, 0.7960131168365479, 47.34147644042969, 36.227143923604764, 1199.4228978818082, 16.870391130447388, 629.41015625), (1000, 4000, 0.6, 55, 0.5334495306015015, 0.3068571090698242, 0.7742661525362612, 0.33314406871795654, 0.43256664276123047, 0.7326735258102417, 46.5511474609375, 9.267620893448561e-54, 6.04393552713064e-107, 19.720377206802368, 637.2578125), (1000, 4000, 0.6, 99, 0.5309926271438599, 0.568225622177124, 1.1005144606801758, 0.26063600182533264, 0.1921083778142929, 0.5848711133003235, 47.23853302001953, 7.896604556063819e-128, 6.235636220347787e-255, 23.5303795337677, 641.30859375)]
Completed job 17
