starting the work inside Run_jobs
parameter combinations: [[350, 1000, 1, 11], [350, 1000, 1, 55], [350, 1000, 1, 99], [350, 1000, 0.8, 11], [350, 1000, 0.8, 55], [350, 1000, 0.8, 99]]
test name: nountill_M2S
[(350, 1000, 1, 11, 0.7717550992965698, 0.6069433987140656, 1.2005961142172026, 0.2341996431350708, 0.21393686532974243, 0.8303520679473877, 17.663114547729492, 3.194605335021689e-05, 9.673651728501742e-10, 2.4816665649414062, 261.796875), (350, 1000, 1, 55, 0.7897876501083374, 0.5476227402687073, 1.0854886235314876, 0.3482013940811157, 0.3060331642627716, 0.8795730471611023, 19.208908081054688, 1.376626620808854e-103, 1.8891373131980095e-206, 170.0227460861206, 290.7890625), (350, 1000, 1, 99, 0.5083441734313965, 0.44623589515686035, 0.8442398572653955, 0.3373434245586395, 0.39412936568260193, 0.6064699292182922, 20.444530487060547, 8.058616390103585e-227, 0.0, 169.47590446472168, 293.53125), (350, 1000, 0.8, 11, 0.8094484806060791, 1.348891794681549, 1.4049101037303382, 0.297760933637619, 0.3552304208278656, 0.6138830780982971, 17.204240798950195, 9.042650351360273e-06, 3.9970072988558815e-11, 37.64055824279785, 287.77734375), (350, 1000, 0.8, 55, 0.49048566818237305, 1.1446098983287811, 0.9886316261099083, 0.1806514710187912, 0.1386459767818451, 0.45085960626602173, 19.798507690429688, 1.3582004138711945e-109, 1.8447079322655443e-218, 8.687472820281982, 290.00390625), (350, 1000, 0.8, 99, 0.3165108561515808, 0.862126499414444, 1.0153327051943482, 0.37048885226249695, 0.3147400915622711, 0.09817463904619217, 20.66348648071289, 1.5912868262854812e-248, 0.0, 170.3269398212433, 293.00390625)]
Completed job 0
starting the work inside Run_jobs
parameter combinations: [[350, 1000, 0.6, 11], [350, 1000, 0.6, 55], [350, 1000, 0.6, 99], [350, 2000, 1, 11], [350, 2000, 1, 55], [350, 2000, 1, 99]]
test name: nountill_M2S
[(350, 1000, 0.6, 11, 0.23131899535655975, 0.4992349147796631, 1.0644081798290916, 0.23387634754180908, 0.25439897179603577, 0.056549981236457825, 17.05831527709961, 5.9038585152859845e-06, 3.4615479895915535e-11, 2.6513710021972656, 262.68359375), (350, 1000, 0.6, 55, 0.3573244512081146, 1.3954792022705078, 0.8839548240373452, 0.29913002252578735, 0.33925700187683105, 0.040721725672483444, 20.024463653564453, 9.497955025597304e-114, 9.021114880253739e-227, 13.758713960647583, 288.671875), (350, 1000, 0.6, 99, 0.5377272367477417, 0.3419148921966553, 0.7119253945443077, 0.3191825747489929, 0.6523880362510681, 0.6481006741523743, 20.56649398803711, 6.40917239561137e-219, 0.0, 20.725731134414673, 292.3515625), (350, 2000, 1, 11, 0.41609564423561096, 0.1693098545074463, 0.7895838676060387, 0.43939465284347534, 0.41462814807891846, 0.6906203031539917, 32.7960319519043, 2.245292656903179e-06, 2.9697301166913583e-12, 21.038963794708252, 379.87890625), (350, 2000, 1, 55, 0.5618231296539307, 1.178781270980835, 1.2238110827488473, 0.38816696405410767, 0.1609167605638504, 0.5102846622467041, 35.781681060791016, 1.8230213816590316e-101, 3.3208737700548184e-202, 107.5313127040863, 388.09375), (350, 2000, 1, 99, 0.4634768068790436, 0.4082367420196533, 0.7659468555424007, 0.12765821814537048, 0.4929105043411255, 0.5302883386611938, 36.595542907714844, 1.3547443217872477e-217, 0.0, 53.94005560874939, 388.6875)]
Completed job 1
starting the work inside Run_jobs
parameter combinations: [[350, 2000, 0.8, 11], [350, 2000, 0.8, 55], [350, 2000, 0.8, 99], [350, 2000, 0.6, 11], [350, 2000, 0.6, 55], [350, 2000, 0.6, 99]]
test name: nountill_M2S
[(350, 2000, 0.8, 11, 0.4856910705566406, 0.34058302640914917, 0.6860765006583746, 0.4285604655742645, 0.42025408148765564, 0.6460121273994446, 33.35484313964844, 6.069878964972878e-06, 2.626701597143995e-11, 8.811640739440918, 355.4609375), (350, 2000, 0.8, 55, 0.37871962785720825, 0.41629552841186523, 1.0951293558234796, 0.19738531112670898, 0.23649200797080994, 0.46446990966796875, 35.38850784301758, 1.4521781359588485e-90, 2.0983574951501416e-180, 74.19905376434326, 375.3125), (350, 2000, 0.8, 99, 0.9669783115386963, 1.5803701877593994, 1.1493392304522534, 0.055119045078754425, 0.6544193029403687, 0.42706170678138733, 36.34895324707031, 2.767944479507027e-252, 0.0, 27.85969066619873, 383.71484375), (350, 2000, 0.6, 11, 0.4417884349822998, 0.1560525894165039, 1.5346086147861207, 0.30722740292549133, 0.5717875957489014, 0.8005192279815674, 32.85702133178711, 7.581328420593529e-06, 5.213448669602393e-11, 7.545528173446655, 383.8359375), (350, 2000, 0.6, 55, 0.5521824359893799, 0.5251986980438232, 1.0624937021244678, 0.19455137848854065, 0.6232297420501709, 0.3595731556415558, 35.86505889892578, 1.930645156215271e-98, 3.727390719013998e-196, 56.57404160499573, 393.45703125), (350, 2000, 0.6, 99, 0.9945388436317444, 1.7044551968574524, 1.5905739474447158, 0.3879847228527069, 0.5385112762451172, 0.5388067364692688, 36.43151092529297, 1.1827411867036937e-241, 0.0, 38.28366684913635, 395.01171875)]
Completed job 2
starting the work inside Run_jobs
parameter combinations: [[350, 3000, 1, 11], [350, 3000, 1, 55], [350, 3000, 1, 99], [350, 3000, 0.8, 11], [350, 3000, 0.8, 55], [350, 3000, 0.8, 99]]
test name: nountill_M2S
[(350, 3000, 1, 11, 0.6977986693382263, 0.8767845183610916, 0.9571696012411592, 0.2606257498264313, 0.26743048429489136, 0.6783116459846497, 45.109100341796875, 0.0007277337980431396, 5.015493218391801e-07, 8.131454944610596, 421.765625), (350, 3000, 1, 55, 0.35408735275268555, 0.9012649208307266, 1.0874212781871797, 0.25345978140830994, 0.30769628286361694, 0.20821121335029602, 47.532135009765625, 2.002861891325555e-97, 4.0114556941188444e-194, 9.438445329666138, 429.5078125), (350, 3000, 1, 99, 0.44536763429641724, 0.8223544955253601, 1.0264529890089935, 0.16240820288658142, 0.28359904885292053, 0.3974565267562866, 48.48395538330078, 3.8809593681973895e-218, 0.0, 10.134907007217407, 434.10546875), (350, 3000, 0.8, 11, 0.45232927799224854, 0.30024296045303345, 1.2551539288915134, 0.20740899443626404, 0.5592379570007324, 0.6034497022628784, 45.19708251953125, 0.0001181494513011, 9.243920706726463e-09, 7.46975302696228, 424.1328125), (350, 3000, 0.8, 55, 0.2257726788520813, 0.2870030999183655, 0.871493510943419, 0.35763078927993774, 0.3052136301994324, 0.2895528972148895, 47.448646545410156, 1.1609950195938812e-85, 1.3479094355217942e-170, 9.220109224319458, 431.0078125), (350, 3000, 0.8, 99, 0.7375444769859314, 0.5143417119979858, 0.11822635998418807, 0.5045801401138306, 0.6432905793190002, 0.7896561026573181, 48.586307525634766, 9.527222373011758e-239, 0.0, 9.81656289100647, 436.73046875)]
Completed job 3
starting the work inside Run_jobs
parameter combinations: [[350, 3000, 0.6, 11], [350, 3000, 0.6, 55], [350, 3000, 0.6, 99], [350, 4000, 1, 11], [350, 4000, 1, 55], [350, 4000, 1, 99]]
test name: nountill_M2S
[(350, 3000, 0.6, 11, 0.44405287504196167, 0.4785916805267334, 0.8518790994717259, 0.21393872797489166, 0.1552353948354721, 0.5047762989997864, 45.21939468383789, 0.00021682307590124364, 4.666349606237808e-08, 7.734140634536743, 420.4609375), (350, 3000, 0.6, 55, 0.4041646122932434, 0.46523380279541016, 0.9793778582340372, 0.27300918102264404, 0.2647663652896881, 0.47818130254745483, 47.43857192993164, 6.890451213477192e-111, 2.754729248880085e-221, 85.70099425315857, 430.3828125), (350, 3000, 0.6, 99, 0.32451730966567993, 0.3014698028564453, 0.7034120704431478, 0.35961639881134033, 0.4320216774940491, 0.400471568107605, 48.657894134521484, 1.6247457125905176e-234, 0.0, 117.57441568374634, 433.8359375), (350, 4000, 1, 11, 0.2803336977958679, 0.5675300359725952, 1.0739794306069366, 0.18506307899951935, 0.29832932353019714, 0.05007309839129448, 55.259193420410156, 0.0002919348434511026, 6.273066158784364e-08, 13.435348510742188, 543.796875), (350, 4000, 1, 55, 0.647255003452301, 1.4344111382961273, 1.1204995720021116, 0.19759665429592133, 0.35592013597488403, 0.407670795917511, 57.40679168701172, 3.154053736846078e-98, 9.948054866195397e-196, 15.85353946685791, 556.92578125), (350, 4000, 1, 99, 0.39230015873908997, 0.9870918281376362, 1.0645507660486626, 0.19543206691741943, 0.2650837302207947, 0.2926304340362549, 58.13811111450195, 5.434743628608949e-225, 0.0, 19.53285503387451, 561.375)]
Completed job 4
starting the work inside Run_jobs
parameter combinations: [[350, 4000, 0.8, 11], [350, 4000, 0.8, 55], [350, 4000, 0.8, 99], [350, 4000, 0.6, 11], [350, 4000, 0.6, 55], [350, 4000, 0.6, 99]]
test name: nountill_M2S
[(350, 4000, 0.8, 11, 0.39698949456214905, 0.5785557627677917, 0.6739240559805766, 0.40071049332618713, 0.43150782585144043, 0.24874036014080048, 55.070430755615234, 3.4616137581484544e-05, 2.475425548147333e-10, 37.02511930465698, 550.25390625), (350, 4000, 0.8, 55, 0.5385632514953613, 0.309006929397583, 1.48373000469186, 0.2470392882823944, 0.6501136422157288, 0.7122925519943237, 57.337711334228516, 1.1153905289844625e-96, 1.244077262757818e-192, 22.92788577079773, 561.44921875), (350, 4000, 0.8, 99, 0.39420491456985474, 1.3551658391952515, 0.9068249539948625, 0.3475349545478821, 0.33523380756378174, 0.12008491903543472, 58.094810485839844, 1.6660431159600794e-239, 0.0, 43.350762367248535, 569.5234375), (350, 4000, 0.6, 11, 0.8111735582351685, 1.6485275030136108, 1.3917558615026673, 0.3026650547981262, 0.4062686860561371, 0.4864357113838196, 55.10628890991211, 0.0021889812271594675, 2.922006352244904e-06, 45.621593952178955, 552.55859375), (350, 4000, 0.6, 55, 0.3591129183769226, 1.1665906608104706, 0.9389995585672967, 0.2516893446445465, 0.28779876232147217, 0.1721295714378357, 57.42422103881836, 3.6206009663527686e-109, 9.036551660544784e-218, 16.231367826461792, 564.78125), (350, 4000, 0.6, 99, 0.4996882677078247, 0.3176335096359253, 0.7831067997279547, 0.13155688345432281, 0.5989195704460144, 0.64952552318573, 58.0859260559082, 1.478858902776933e-223, 0.0, 20.615513801574707, 568.1015625)]
Completed job 5
starting the work inside Run_jobs
parameter combinations: [[600, 1000, 1, 11], [600, 1000, 1, 55], [600, 1000, 1, 99], [600, 1000, 0.8, 11], [600, 1000, 0.8, 55], [600, 1000, 0.8, 99]]
test name: nountill_M2S
[(600, 1000, 1, 11, 0.66843581199646, 0.29096055030822754, 1.1522913530823222, 0.21615472435951233, 0.2498452365398407, 0.821949303150177, 16.582719802856445, 0.00292459225537505, 8.515118070748456e-06, 1.840627670288086, 274.75), (600, 1000, 1, 55, 0.6337107419967651, 0.4310078024864197, 0.37192342714645493, 0.4138029217720032, 0.6481472253799438, 0.7115749716758728, 19.20885467529297, 1.2889679186763563e-102, 1.6614382921508815e-204, 2.4276437759399414, 306.01953125), (600, 1000, 1, 99, 0.8691640496253967, 1.2792503833770752, 1.245724411448749, 0.2271718978881836, 0.08235212415456772, 0.8425625562667847, 20.663484573364258, 5.954999858682123e-250, 0.0, 3.027252435684204, 310.05859375), (600, 1000, 0.8, 11, 0.7858483195304871, 0.7467177510261536, 0.8448429535469054, 0.3360094428062439, 0.4130324125289917, 0.7813012599945068, 16.431358337402344, 6.238313832116403e-05, 3.6909162532415194e-09, 2.190523624420166, 307.81640625), (600, 1000, 0.8, 55, 0.5873482823371887, 0.2562530040740967, 1.1422665285434057, 0.2142511010169983, 0.28832632303237915, 0.7692672610282898, 19.364362716674805, 4.8666362024813644e-107, 2.3684147927302228e-213, 2.3268628120422363, 305.953125), (600, 1000, 0.8, 99, 0.5305359959602356, 0.6012072861194611, 1.0312514553694863, 0.29412245750427246, 0.29416438937187195, 0.5741449594497681, 20.54213523864746, 1.5081232812831473e-194, 0.0, 2.847283363342285, 311.078125)]
Completed job 6
starting the work inside Run_jobs
parameter combinations: [[600, 1000, 0.6, 11], [600, 1000, 0.6, 55], [600, 1000, 0.6, 99], [600, 2000, 1, 11], [600, 2000, 1, 55], [600, 2000, 1, 99]]
test name: nountill_M2S
[(600, 1000, 0.6, 11, 0.4341524541378021, 0.16285687685012817, 1.3435146730731287, 0.21375654637813568, 0.6263801455497742, 0.7910156846046448, 16.186079025268555, 0.00013421397587859825, 1.7678264332073542e-08, 2.102405071258545, 273.34765625), (600, 1000, 0.6, 55, 0.6075106859207153, 0.48226678371429443, 0.20019620926642923, 0.49573323130607605, 0.6548069715499878, 0.5740228295326233, 19.260902404785156, 1.9086140912539236e-92, 3.642778158468214e-184, 4.6499292850494385, 305.60546875), (600, 1000, 0.6, 99, 0.34111687541007996, 1.3698102235794067, 1.0001551741614718, 0.1764984279870987, 0.22395211458206177, 0.18748609721660614, 20.856172561645508, 4.290699439010627e-230, 0.0, 2.6593122482299805, 309.20703125), (600, 2000, 1, 11, 0.5174295902252197, 0.7944386899471283, 1.082180251227216, 0.19758741557598114, 0.26979300379753113, 0.5004544258117676, 32.78084945678711, 5.697774327805692e-07, 1.6306373669368495e-13, 52.20478940010071, 405.328125), (600, 2000, 1, 55, 0.3049592971801758, 1.4348147213459015, 0.6935450874633343, 0.23401661217212677, 0.2808409035205841, 0.04829847812652588, 35.4447135925293, 8.798284451731667e-110, 7.740719439871576e-219, 100.72548699378967, 416.2578125), (600, 2000, 1, 99, 0.5931406617164612, 0.4843728542327881, 1.1476728248122832, 0.20443964004516602, 0.3188049793243408, 0.6908836960792542, 36.70454025268555, 1.5763771096744257e-215, 0.0, 175.63100266456604, 418.4765625)]
Completed job 7
starting the work inside Run_jobs
parameter combinations: [[600, 2000, 0.8, 11], [600, 2000, 0.8, 55], [600, 2000, 0.8, 99], [600, 2000, 0.6, 11], [600, 2000, 0.6, 55], [600, 2000, 0.6, 99]]
test name: nountill_M2S
[(600, 2000, 0.8, 11, 0.8051005005836487, 0.9641601406037807, 1.1195698865771524, 0.20902656018733978, 0.19905608892440796, 0.7872716188430786, 32.811180114746094, 7.566253555619839e-06, 4.8951184510660476e-11, 19.67564868927002, 376.29296875), (600, 2000, 0.8, 55, 0.8957796096801758, 1.5946808457374573, 1.0398378017352223, 0.16869394481182098, 0.6511403918266296, 0.33967480063438416, 35.5432243347168, 7.075799310826295e-110, 4.990187983237996e-219, 57.843143463134766, 402.8203125), (600, 2000, 0.8, 99, 0.44475632905960083, 0.4675734043121338, 0.8133333040469025, 0.11521729826927185, 0.4365593194961548, 0.4799240231513977, 37.02961349487305, 3.986199849835369e-224, 0.0, 46.026304483413696, 403.58984375), (600, 2000, 0.6, 11, 0.5044859051704407, 0.285189151763916, 0.6685262279709739, 0.3057233393192291, 0.5497841835021973, 0.7196197509765625, 32.7656135559082, 0.00029555982941604765, 8.141121272675086e-08, 24.27928876876831, 411.28515625), (600, 2000, 0.6, 55, 0.6053895950317383, 0.3263762593269348, 1.0306429718846597, 0.21122176945209503, 0.6741963624954224, 0.7979749441146851, 35.41651153564453, 2.315598298901812e-106, 5.36187120884131e-212, 40.046263217926025, 410.6484375), (600, 2000, 0.6, 99, 0.4245065152645111, 0.7841681838035583, 1.0628151948997056, 0.19668300449848175, 0.2530190646648407, 0.39981868863105774, 36.98904037475586, 4.024778262609272e-235, 0.0, 29.722914457321167, 411.28125)]
Completed job 8
starting the work inside Run_jobs
parameter combinations: [[600, 3000, 1, 11], [600, 3000, 1, 55], [600, 3000, 1, 99], [600, 3000, 0.8, 11], [600, 3000, 0.8, 55], [600, 3000, 0.8, 99]]
test name: nountill_M2S
[(600, 3000, 1, 11, 0.42088407278060913, 0.413857102394104, 1.0111249729029081, 0.2265767753124237, 0.23535196483135223, 0.5131605267524719, 45.372886657714844, 2.1931593850438673e-05, 2.3179782477778118e-10, 28.296979904174805, 443.953125), (600, 3000, 1, 55, 0.40028899908065796, 0.9315717667341232, 1.0841058946696067, 0.254116415977478, 0.3067914545536041, 0.27896806597709656, 47.647010803222656, 2.8351676861593415e-94, 8.03817541862332e-188, 10.179431200027466, 454.06640625), (600, 3000, 1, 99, 0.6179643869400024, 0.6621237993240356, 1.083339573957806, 0.1989171802997589, 0.29790961742401123, 0.6513485312461853, 48.56581115722656, 7.578252354633656e-237, 0.0, 11.54328966140747, 458.421875), (600, 3000, 0.8, 11, 0.3798855245113373, 0.47432392835617065, 0.9980398534798032, 0.19769568741321564, 0.38569578528404236, 0.011283676140010357, 45.174686431884766, 0.0012897042949857635, 1.5961183591790192e-06, 8.132197380065918, 445.265625), (600, 3000, 0.8, 55, 0.47721198201179504, 0.6608165502548218, 1.0584178883607511, 0.3820115029811859, 0.2527361214160919, 0.4994922876358032, 47.81375503540039, 8.70951176707414e-103, 7.58547401954978e-205, 9.625542163848877, 454.80859375), (600, 3000, 0.8, 99, 0.6020565629005432, 0.4056471586227417, 1.1149730254982884, 0.15892384946346283, 0.6566879153251648, 0.10121859610080719, 48.55583953857422, 1.4891116079595618e-235, 0.0, 11.165458679199219, 458.75390625)]
Completed job 9
starting the work inside Run_jobs
parameter combinations: [[600, 3000, 0.6, 11], [600, 3000, 0.6, 55], [600, 3000, 0.6, 99], [600, 4000, 1, 11], [600, 4000, 1, 55], [600, 4000, 1, 99]]
test name: nountill_M2S
[(600, 3000, 0.6, 11, 0.5336999893188477, 0.6520841419696808, 1.0064567752886326, 0.17691637575626373, 0.23511962592601776, 0.5678532719612122, 45.19758605957031, 3.383092240003199e-05, 1.0191927738180544e-09, 7.638948440551758, 441.609375), (600, 3000, 0.6, 55, 0.5664923787117004, 0.31349170207977295, 1.0345396469974686, 0.3960358202457428, 0.1606384962797165, 0.6645995378494263, 47.469181060791016, 1.7723286146358147e-105, 3.136125913343361e-210, 9.41635799407959, 451.96875), (600, 3000, 0.6, 99, 0.4966569244861603, 0.39822328090667725, 0.7306869728183838, 0.3198085427284241, 0.4792059063911438, 0.6049031019210815, 48.576297760009766, 1.6729778876206683e-229, 0.0, 10.309579372406006, 456.3984375), (600, 4000, 1, 11, 0.29481616616249084, 0.20584464073181152, 1.1499415756110691, 0.21455132961273193, 0.4711456000804901, 0.4444211721420288, 55.14262008666992, 4.0267414974376665e-05, 3.3697586094018897e-10, 14.711761713027954, 571.76171875), (600, 4000, 1, 55, 0.6782383918762207, 0.47777706384658813, 0.19381904964347033, 0.4437994956970215, 0.6137364506721497, 0.7518541216850281, 57.5712776184082, 2.6784185851874773e-83, 7.173926117477686e-166, 16.85944962501526, 585.5390625), (600, 4000, 1, 99, 0.6063552498817444, 0.38185548782348633, 0.9425929846262538, 0.23751546442508698, 0.6441740393638611, 0.7317556142807007, 58.43492889404297, 1.2296915084288579e-231, 0.0, 19.644397020339966, 590.828125)]
Completed job 10
starting the work inside Run_jobs
parameter combinations: [[600, 4000, 0.8, 11], [600, 4000, 0.8, 55], [600, 4000, 0.8, 99], [600, 4000, 0.6, 11], [600, 4000, 0.6, 55], [600, 4000, 0.6, 99]]
test name: nountill_M2S
[(600, 4000, 0.8, 11, 0.49722912907600403, 0.3589611053466797, 0.9706478486930408, 0.4109579622745514, 0.327615886926651, 0.6389793157577515, 55.25893020629883, 0.0007645553117965277, 1.555950727265989e-07, 19.28423833847046, 576.6171875), (600, 4000, 0.8, 55, 0.6177841424942017, 0.48882901668548584, 0.9903103918668104, 0.3972395658493042, 0.3118278384208679, 0.716019332408905, 57.5357666015625, 1.1209872042086036e-106, 1.2407783415286534e-212, 16.779929399490356, 588.58984375), (600, 4000, 0.8, 99, 0.4310811161994934, 0.8074688762426376, 1.0753824934832725, 0.20884063839912415, 0.2798214852809906, 0.3861895203590393, 58.34186935424805, 5.181100161669548e-231, 0.0, 20.32048797607422, 588.984375), (600, 4000, 0.6, 11, 0.5804288387298584, 1.1395329982042313, 1.1598575906998563, 0.2692977488040924, 0.1451513022184372, 0.542097806930542, 55.40194320678711, 0.007276730397425235, 4.740960734909619e-05, 13.771149396896362, 588.171875), (600, 4000, 0.6, 55, 0.48242735862731934, 0.2825862169265747, 0.14879179622086472, 0.5009186267852783, 0.6109460592269897, 0.6654326915740967, 57.45895004272461, 3.0785237436241636e-101, 9.476267203589524e-202, 16.476967573165894, 596.25390625), (600, 4000, 0.6, 99, 0.594183087348938, 0.7072756290435791, 1.0396560806570858, 0.19327418506145477, 0.25003159046173096, 0.6171522736549377, 58.43505859375, 3.82612504994602e-229, 0.0, 18.86397886276245, 597.60546875)]
Completed job 11
starting the work inside Run_jobs
parameter combinations: [[1000, 1000, 1, 11], [1000, 1000, 1, 55], [1000, 1000, 1, 99], [1000, 1000, 0.8, 11], [1000, 1000, 0.8, 55], [1000, 1000, 0.8, 99]]
test name: nountill_M2S
Begin work on process
Begin work on process
Begin work on process
Begin work on process
Begin work on process
Begin work on process
[(1000, 1000, 1, 11, 0.4071887731552124, 0.9057716578245163, 1.0392062464669167, 0.24010173976421356, 0.321754515171051, 0.28170642256736755, 16.15509796142578, 7.1277314756385225e-06, 4.1368205333958436e-11, 2.284026861190796, 294.19921875), (1000, 1000, 1, 55, 0.6118225455284119, 0.5076670050621033, 1.1746801640752984, 0.15940998494625092, 0.45741841197013855, 0.6897570490837097, 18.999496459960938, 1.4951749933962883e-114, 2.23554663873355e-228, 2.569639205932617, 334.953125), (1000, 1000, 1, 99, 0.3194144666194916, 1.0556866861879826, 1.0429672897442273, 0.42688891291618347, 0.3183644115924835, 0.01363983005285263, 21.02324676513672, 1.2614335996845609e-229, 0.0, 2.8644497394561768, 332.30078125), (1000, 1000, 0.8, 11, 0.566648006439209, 0.3511803150177002, 1.579757480845352, 0.3592226207256317, 0.4819554388523102, 0.7446645498275757, 15.96833610534668, 0.00029365695332097635, 8.582152015542854e-08, 2.053286075592041, 333.89453125), (1000, 1000, 0.8, 55, 0.5458654165267944, 1.2520123422145844, 1.1080733397872242, 0.2602607309818268, 0.2514273226261139, 0.42527633905410767, 19.595386505126953, 5.374379106288807e-113, 2.887981471749022e-225, 5.3030030727386475, 336.4921875), (1000, 1000, 0.8, 99, 0.4101422131061554, 0.425830602645874, 1.4540429988731323, 0.3059455156326294, 0.48851722478866577, 0.3712836802005768, 20.29728126525879, 1.516043928102668e-247, 0.0, 3.404289960861206, 332.09375)]
Completed job 12
starting the work inside Run_jobs
parameter combinations: [[1000, 1000, 0.6, 11], [1000, 1000, 0.6, 55], [1000, 1000, 0.6, 99], [1000, 2000, 1, 11], [1000, 2000, 1, 55], [1000, 2000, 1, 99]]
test name: nountill_M2S
[(1000, 1000, 0.6, 11, 0.45230889320373535, 0.25376319885253906, 0.6511284761784694, 0.3666423559188843, 0.4521806538105011, 0.6750394701957703, 16.186031341552734, 132.1987593338064, 17476.50910368328, 5.08035945892334, 293.84375), (1000, 1000, 0.6, 55, 0.593299925327301, 0.6130364239215851, 1.0659116079631965, 0.2675609290599823, 0.12765100598335266, 0.630902886390686, 19.260852813720703, 2.273669760749754e-109, 5.019585607416873e-218, 13.901914358139038, 334.6015625), (1000, 1000, 0.6, 99, 0.6893918514251709, 0.5381324291229248, 0.904763967902334, 0.2781546115875244, 0.34202542901039124, 0.7770297527313232, 20.444547653198242, 8.215795662135797e-245, 0.0, 8.81852412223816, 333.9375), (1000, 2000, 1, 11, 0.14318636059761047, 0.23331046104431152, 1.0030978905744576, 0.2780287563800812, 0.19875335693359375, 0.21734166145324707, 32.71986389160156, 2.1192283332788536e-05, 1.6495327495520855e-10, 11.794431209564209, 432.1953125), (1000, 2000, 1, 55, 0.5411325097084045, 0.3250805139541626, 0.9226191816248976, 0.24921049177646637, 0.642850935459137, 0.6942809224128723, 35.948184967041016, 9.758565398267846e-102, 9.522886978508919e-203, 89.77027940750122, 421.98828125), (1000, 2000, 1, 99, 0.6898136138916016, 1.156840294599533, 1.1922191503546409, 0.270690381526947, 0.1773579716682434, 0.6393868327140808, 37.25790023803711, 8.293427253359472e-245, 0.0, 83.65936827659607, 449.3203125)]
Completed job 13
starting the work inside Run_jobs
parameter combinations: [[1000, 2000, 0.8, 11], [1000, 2000, 0.8, 55], [1000, 2000, 0.8, 99], [1000, 2000, 0.6, 11], [1000, 2000, 0.6, 55], [1000, 2000, 0.6, 99]]
test name: nountill_M2S
[(1000, 2000, 0.8, 11, 0.5499749779701233, 0.5800411403179169, 1.058348927531317, 0.18494868278503418, 0.2557212710380554, 0.6060027480125427, 33.12921142578125, 0.010565879520042346, 0.00010833421042782342, 8.140283823013306, 404.0546875), (1000, 2000, 0.8, 55, 0.6066595315933228, 0.38390088081359863, 1.0562408425094996, 0.2893475890159607, 0.19520962238311768, 0.7071191668510437, 35.90668487548828, 7.739808466883778e-97, 5.990463510376056e-193, 62.23003268241882, 437.34375), (1000, 2000, 0.8, 99, 0.5619809031486511, 1.6004886627197266, 0.6042854631476484, 0.21433307230472565, 0.5170503854751587, 0.07014963030815125, 37.05646514892578, 2.481425148344039e-208, 0.0, 163.34396982192993, 439.5234375), (1000, 2000, 0.6, 11, 0.4031885266304016, 0.8480000346899033, 1.0393733474605686, 0.1857554316520691, 0.24363085627555847, 0.3604145646095276, 32.82634735107422, 0.0752755170931503, 0.0056656362068655776, 50.56185841560364, 440.3203125), (1000, 2000, 0.6, 55, 0.47147491574287415, 0.3356766700744629, 0.6707518126738448, 0.35082364082336426, 0.6161198616027832, 0.510365903377533, 36.031646728515625, 1.2803194390052105e-105, 1.639216379612333e-210, 277.10079288482666, 443.08203125), (1000, 2000, 0.6, 99, 0.6122738122940063, 0.5331621170043945, 0.4340203218750082, 0.332755982875824, 0.5698544979095459, 0.6137608885765076, 37.08320999145508, 9.923425523868044e-241, 0.0, 302.6876358985901, 442.54296875)]
Completed job 14
starting the work inside Run_jobs
parameter combinations: [[1000, 3000, 1, 11], [1000, 3000, 1, 55], [1000, 3000, 1, 99], [1000, 3000, 0.8, 11], [1000, 3000, 0.8, 55], [1000, 3000, 0.8, 99]]
test name: nountill_M2S
Begin work on process
Begin work on process
Begin work on process
Begin work on process
Begin work on process
Begin work on process
[(1000, 3000, 1, 11, 0.3836885392665863, 0.2516549825668335, 0.5910376813485592, 0.272553414106369, 0.5645570755004883, 0.5060567855834961, 45.38340377807617, 9.451110199250551e-05, 2.7023322359572658e-09, 9.035687923431396, 483.48046875), (1000, 3000, 1, 55, 0.5417027473449707, 0.5733559131622314, 1.2573958505231473, 0.28691738843917847, 0.29446080327033997, 0.597347617149353, 47.95846176147461, 6.487785788944208e-109, 4.2083567707901215e-217, 10.243870973587036, 491.4453125), (1000, 3000, 1, 99, 0.5954475998878479, 0.4532642960548401, 1.0648256472236541, 0.2581387758255005, 0.276274710893631, 0.6997257471084595, 49.003273010253906, 8.815799771206956e-215, 0.0, 11.404128074645996, 496.71875), (1000, 3000, 0.8, 11, 0.6504013538360596, 0.20426756143569946, 1.210775720494369, 0.23344996571540833, 0.2768125534057617, 0.848691463470459, 45.525794982910156, 0.19489495530001294, 0.03797086973939113, 8.71524453163147, 484.26171875), (1000, 3000, 0.8, 55, 0.3364359140396118, 1.2145318537950516, 1.0271254262054341, 0.2166808843612671, 0.25281697511672974, 0.17426739633083344, 48.03104019165039, 1.6790359000646903e-96, 2.819161102139044e-192, 10.619875431060791, 491.9375), (1000, 3000, 0.8, 99, 0.48055601119995117, 0.31929850578308105, 0.7892809423213902, 0.2933010458946228, 0.6559589505195618, 0.45153406262397766, 48.82038879394531, 2.5025752812383984e-218, 0.0, 11.60206413269043, 496.94140625)]
Completed job 15
starting the work inside Run_jobs
parameter combinations: [[1000, 3000, 0.6, 11], [1000, 3000, 0.6, 55], [1000, 3000, 0.6, 99], [1000, 4000, 1, 11], [1000, 4000, 1, 55], [1000, 4000, 1, 99]]
test name: nountill_M2S
[(1000, 3000, 0.6, 11, 0.3164353370666504, 0.19294136762619019, 0.8017828417462566, 0.30635371804237366, 0.5098299980163574, 0.5089628100395203, 45.536277770996094, 3.263603783539512e-06, 4.483778813020205e-12, 11.348979711532593, 480.8359375), (1000, 3000, 0.6, 55, 0.3690664768218994, 1.0277419947087765, 1.040782134657145, 0.265521377325058, 0.12545116245746613, 0.34362804889678955, 47.92695236206055, 5.486109173124929e-110, 1.2373037359359338e-219, 34.35790801048279, 491.79296875), (1000, 3000, 0.6, 99, 0.4365294575691223, 0.2580522298812866, 0.7992349629314053, 0.2611599862575531, 0.6502393484115601, 0.5047732591629028, 48.8205680847168, 2.519096413849527e-221, 0.0, 52.345951080322266, 496.34765625), (1000, 4000, 1, 11, 0.5168471932411194, 0.28854823112487793, 1.1376248766342276, 0.2256397008895874, 0.264021635055542, 0.6702355742454529, 55.70524978637695, 0.0001061698719288009, 6.9685405435227235e-09, 20.088398694992065, 619.734375), (1000, 4000, 1, 55, 0.5901061296463013, 1.5020349025726318, 1.1204721886926001, 0.20049139857292175, 0.5343900918960571, 0.09863432496786118, 57.69103240966797, 3.9367546504817e-99, 1.5459757092656533e-197, 23.984108924865723, 635.2421875), (1000, 4000, 1, 99, 0.5233754515647888, 0.4231451749801636, 0.8034302819009027, 0.3499298095703125, 0.5072473287582397, 0.6123600602149963, 58.51238250732422, 3.411555301945998e-229, 0.0, 29.099469900131226, 640.97265625)]
Completed job 16
starting the work inside Run_jobs
parameter combinations: [[1000, 4000, 0.8, 11], [1000, 4000, 0.8, 55], [1000, 4000, 0.8, 99], [1000, 4000, 0.6, 11], [1000, 4000, 0.6, 55], [1000, 4000, 0.6, 99]]
test name: nountill_M2S
Begin work on process
Begin work on process
Begin work on process
Begin work on process
Begin work on process
Begin work on process
[(1000, 4000, 0.8, 11, 0.2743557095527649, 0.5678385496139526, 1.0986060732067313, 0.27120473980903625, 0.17890502512454987, 0.2992206811904907, 55.70469665527344, 1.6633349593864536e-05, 9.641244402051534e-11, 20.92156744003296, 623.703125), (1000, 4000, 0.8, 55, 0.6520212888717651, 0.3698565363883972, 0.23734718750164083, 0.483352929353714, 0.6627785563468933, 0.8180006146430969, 57.74243927001953, 7.757734230753293e-86, 6.018244039499033e-171, 25.641289234161377, 636.2734375), (1000, 4000, 0.8, 99, 0.333661824464798, 0.30551213026046753, 1.0927844057308504, 0.20851093530654907, 0.3080879747867584, 0.4633471965789795, 58.60542297363281, 3.4455828686149376e-242, 0.0, 30.593072175979614, 643.0546875), (1000, 4000, 0.6, 11, 0.460677832365036, 0.21236443519592285, 1.2109079206650524, 0.2806481719017029, 0.2045895755290985, 0.6042378544807434, 55.731224060058594, 1.0158251923227321e-07, 2.7103327571286898e-15, 20.67314124107361, 627.02734375), (1000, 4000, 0.6, 55, 0.47609809041023254, 0.3733401298522949, 0.6184599466686129, 0.454653799533844, 0.4761255383491516, 0.5966936945915222, 57.837242126464844, 5.552300226299444e-99, 3.0828037481525964e-197, 24.237386226654053, 642.74609375), (1000, 4000, 0.6, 99, 0.4708828628063202, 0.2671549320220947, 0.7280708712843218, 0.47720250487327576, 0.43640750646591187, 0.6852824091911316, 58.61341094970703, 6.843522631404191e-234, 0.0, 29.222020864486694, 645.69921875)]
Completed job 17
