starting the work inside Run_jobs
parameter combinations: [[350, 1000, 1, 11], [350, 1000, 1, 55], [350, 1000, 1, 99], [350, 1000, 0.8, 11], [350, 1000, 0.8, 55], [350, 1000, 0.8, 99]]
test name: nountill_S2G
[(350, 1000, 1, 11, 0.5694177150726318, 0.19898617267608643, 0.3209428220838916, 0.5224308371543884, 0.94805508852005, 0.7133155465126038, 13.30393123626709, 1.1781058166103238e+17, 4.0899801756716444e+33, 5.472510576248169, 262.87890625), (350, 1000, 1, 55, 0.6929557919502258, 0.3593621850013733, 1.0902604366343347, 0.3303934633731842, 0.8188313245773315, 0.8159183859825134, 17.377851486206055, 4.2602761315898847e+76, 1.0697797442415664e+153, 3.7843995094299316, 286.85546875), (350, 1000, 1, 99, 0.7215795516967773, 0.33104407787323, 0.9325911403536895, 0.378078430891037, 0.8895402550697327, 0.8840184807777405, 17.34905433654785, 1.087633295069549e+134, 8.430030703936856e+267, 4.092975378036499, 289.2890625), (350, 1000, 0.8, 11, 0.3996710777282715, 0.10817408561706543, 0.4543182975750605, 0.5050504803657532, 0.8807981610298157, 0.8166810274124146, 13.856193542480469, 9.064622007052285e+16, 3.0887739346937146e+33, 2.350626230239868, 290.0859375), (350, 1000, 0.8, 55, 0.5913499593734741, 0.2133849859237671, 0.7870852809585448, 0.42794668674468994, 0.8668068647384644, 0.933341920375824, 16.911235809326172, 1.0146855958325811e+76, 9.2246943072566e+151, 5.862701177597046, 287.88671875), (350, 1000, 0.8, 99, 0.8140217661857605, 0.3501712679862976, 4.034490397668337e-07, 0.6515791416168213, 0.98756343126297, 0.9566910266876221, 18.35722541809082, 9.20648491695689e+131, 7.734674766338264e+263, 5.641936779022217, 288.6953125)]
Completed job 0
starting the work inside Run_jobs
parameter combinations: [[350, 1000, 0.6, 11], [350, 1000, 0.6, 55], [350, 1000, 0.6, 99], [350, 2000, 1, 11], [350, 2000, 1, 55], [350, 2000, 1, 99]]
test name: nountill_S2G
Begin work on process
Begin work on process
Begin work on process
Begin work on process
Begin work on process
Begin work on process
[(350, 1000, 0.6, 11, 0.6401478052139282, 0.23833680152893066, 0.9337236874961948, 0.3553312122821808, 0.9762334227561951, 0.6453768014907837, 13.152710914611816, 3.5360693888414317e+17, 8.65940162147484e+34, 1.2624337673187256, 262.9375), (350, 1000, 0.6, 55, 0.3455333709716797, 0.06602323055267334, 0.8926872649355064, 0.3818148076534271, 0.9447785019874573, 0.9560112357139587, 17.23339080810547, 2.6943877858998466e+76, 6.711111722675916e+152, 1.5654840469360352, 286.90234375), (350, 1000, 0.6, 99, 1.4701007604599, 1.757056176662445, 1.4601030338362144, 0.22852718830108643, 0.8082281947135925, 0.7601149082183838, 18.082788467407227, 2.097224026465675e+133, 4.126562916764402e+266, 1.700105905532837, 286.484375), (350, 2000, 1, 11, 0.6112062335014343, 0.23050767183303833, 1.0403652921364088, 0.3016257882118225, 0.9435752630233765, 0.8281607627868652, 28.473936080932617, 2.035734381665644e+17, 7.192760926837576e+33, 3.618330240249634, 376.796875), (350, 2000, 1, 55, 0.5268588066101074, 0.16410809755325317, 1.627289974822762, 0.3532325029373169, 0.9415030479431152, 0.889529287815094, 31.3007755279541, 1.265593928110534e+75, 6.516886058299107e+149, 4.9686973094940186, 377.3984375), (350, 2000, 1, 99, 0.798210620880127, 0.21767014265060425, 1.0346214129910198, 0.3284996747970581, 0.20088927447795868, 0.9455039501190186, 31.507577896118164, 1.5114265821114044e+136, 2.2841669893782062e+272, 5.708277702331543, 376.890625)]
Completed job 1
starting the work inside Run_jobs
parameter combinations: [[350, 2000, 0.8, 11], [350, 2000, 0.8, 55], [350, 2000, 0.8, 99], [350, 2000, 0.6, 11], [350, 2000, 0.6, 55], [350, 2000, 0.6, 99]]
test name: nountill_S2G
[(350, 2000, 0.8, 11, 0.6918554306030273, 0.2959645986557007, 0.8438224880732991, 0.4353218078613281, 0.17169250547885895, 0.8019040822982788, 28.75342559814453, 1.430894777703142e+19, 1.6520776242502948e+38, 8.084701299667358, 355.4765625), (350, 2000, 0.8, 55, 0.3773708641529083, 0.2720334529876709, 1.1245760980334307, 0.3027230501174927, 0.451811820268631, 0.5444318056106567, 31.6817684173584, 5.42344976975261e+77, 1.9269024542725127e+155, 175.01700353622437, 376.69140625), (350, 2000, 0.8, 99, 0.578631579875946, 0.18787014484405518, 0.3028378136253551, 0.550866425037384, 0.946918785572052, 0.9409293532371521, 32.35271453857422, 2.4596879887537673e+133, 5.770472632707062e+266, 200.6693480014801, 380.89453125), (350, 2000, 0.6, 11, 1.5453113317489624, 1.7336928248405457, 1.3434563804826116, 0.1985316425561905, 0.9153584837913513, 0.7430251240730286, 27.996047973632812, 7.209466091898936e+17, 3.68448359966836e+35, 4.906214714050293, 382.77734375), (350, 2000, 0.6, 55, 1.5145835876464844, 1.8412652015686035, 0.9750624240255069, 0.27334529161453247, 0.6973069310188293, 0.8802981972694397, 31.66585922241211, 5.413095342574841e+73, 1.4062268833735995e+147, 124.95858907699585, 383.5859375), (350, 2000, 0.6, 99, 0.6541479825973511, 0.25633013248443604, 0.8079599647305489, 0.44187596440315247, 0.9318500757217407, 0.8924844264984131, 31.97987174987793, 1.9786185951184202e+134, 3.78792595988759e+268, 133.52785754203796, 394.203125)]
Completed job 2
starting the work inside Run_jobs
parameter combinations: [[350, 3000, 1, 11], [350, 3000, 1, 55], [350, 3000, 1, 99], [350, 3000, 0.8, 11], [350, 3000, 0.8, 55], [350, 3000, 0.8, 99]]
test name: nountill_S2G
Begin work on process
Begin work on process
Begin work on process
Begin work on process
Begin work on process
Begin work on process
[(350, 3000, 1, 11, 1.3459059000015259, 1.6367835402488708, 1.7872473883641091, 0.41865968704223633, 0.9487056732177734, 0.5256503224372864, 39.18227767944336, 8.290931930010294e+16, 4.259807716215884e+33, 6.383441209793091, 422.00390625), (350, 3000, 1, 55, 0.5506868362426758, 0.1883620023727417, 0.8483072078035067, 0.4055001139640808, 0.8926126956939697, 0.901585042476654, 42.237060546875, 1.7126354856836779e+77, 1.4414685320577817e+154, 7.215317487716675, 430.11328125), (350, 3000, 1, 99, 0.4871401786804199, 0.1325373649597168, 1.6886915662447453, 0.3528749346733093, 0.9735730290412903, 0.8965535163879395, 42.672359466552734, 9.335722256565173e+137, 8.510754899850594e+275, 8.293690919876099, 436.390625), (350, 3000, 0.8, 11, 0.5225428342819214, 0.27582740783691406, 1.0489977780094533, 0.22846345603466034, 0.5911186933517456, 0.7549898028373718, 38.74673843383789, 1.8098214816367235e+19, 2.9305451038249982e+38, 5.977965593338013, 421.91015625), (350, 3000, 0.8, 55, 0.4092300236225128, 0.3467327356338501, 0.9626585135030636, 0.28736335039138794, 0.378238707780838, 0.5394242405891418, 42.02362060546875, 4.1552389157786373e+77, 7.586689655442104e+154, 7.372622966766357, 430.65625), (350, 3000, 0.8, 99, 0.324296772480011, 0.3110339045524597, 0.864740166024717, 0.3199690580368042, 0.2891456186771393, 0.4466955065727234, 42.41389465332031, 2.4002108547325333e+136, 3.4545267315552646e+272, 9.020558834075928, 437.91015625)]
Completed job 3
starting the work inside Run_jobs
parameter combinations: [[350, 3000, 0.6, 11], [350, 3000, 0.6, 55], [350, 3000, 0.6, 99], [350, 4000, 1, 11], [350, 4000, 1, 55], [350, 4000, 1, 99]]
test name: nountill_S2G
[(350, 3000, 0.6, 11, 0.27391013503074646, 0.15461724996566772, 1.0304070311585043, 0.30100756883621216, 0.44106727838516235, 0.2331603318452835, 38.798580169677734, 9.810651278173148e+17, 3.1226092194665216e+35, 8.162167072296143, 418.3203125), (350, 3000, 0.6, 55, 0.6863549947738647, 0.26225966215133667, 1.3436735475016597, 0.3043360412120819, 0.9421913623809814, 0.9529955983161926, 41.8686637878418, 1.1258045740122587e+80, 1.2673792963454455e+160, 13.870473861694336, 428.0625), (350, 3000, 0.6, 99, 0.5426583886146545, 0.17323839664459229, 8.012261671910567e-06, 0.6371844410896301, 0.9003503918647766, 0.9391579627990723, 43.12604522705078, 8.316053001274951e+137, 6.070204434522492e+275, 12.616800546646118, 435.08984375), (350, 4000, 1, 11, 0.4387263357639313, 0.1224740743637085, 1.1614823739413116, 0.23432238399982452, 0.9079838395118713, 0.7428921461105347, 48.3552360534668, 3.6690059102367427e+18, 2.897165740852915e+36, 17.692976236343384, 543.47265625), (350, 4000, 1, 55, 0.5016791820526123, 0.23676002025604248, 1.3502937913313562, 0.35892730951309204, 0.4824315309524536, 0.7613016963005066, 51.296356201171875, 1.508529670374804e+81, 2.273980361201256e+162, 22.184864044189453, 559.59375), (350, 4000, 1, 99, 0.5914707183837891, 0.295030415058136, 0.4346131413877009, 0.5619699358940125, 0.7519547343254089, 0.7858664393424988, 51.82542419433594, 6.487061125575162e+137, 2.7400629104475723e+275, 26.605055332183838, 564.2109375)]
Completed job 4
starting the work inside Run_jobs
parameter combinations: [[350, 4000, 0.8, 11], [350, 4000, 0.8, 55], [350, 4000, 0.8, 99], [350, 4000, 0.6, 11], [350, 4000, 0.6, 55], [350, 4000, 0.6, 99]]
test name: nountill_S2G
[(350, 4000, 0.8, 11, 0.5976514220237732, 0.26252204179763794, 1.1805196849864552, 0.226767435669899, 0.8219524025917053, 0.3847540318965912, 48.36604309082031, 1.4645473207270344e+18, 4.409952898237575e+35, 12.352916955947876, 548.93359375), (350, 4000, 0.8, 55, 0.5206924080848694, 0.15524429082870483, 0.0008099040120784454, 0.6456345319747925, 0.9636479616165161, 0.8859957456588745, 51.43135452270508, 7.692737708445005e+77, 3.0829359990304737e+155, 14.580452919006348, 562.69140625), (350, 4000, 0.8, 99, 0.48746457695961, 0.1938239336013794, 1.3780434581599754, 0.16320998966693878, 0.792489767074585, 0.505631148815155, 51.94049835205078, 2.9075355756473577e+130, 2.7580748392489686e+260, 16.594677686691284, 568.8125), (350, 4000, 0.6, 11, 0.6394818425178528, 0.19497710466384888, 0.7265815570145907, 0.36781957745552063, 0.9418267607688904, 1.0692486763000488, 48.50957489013672, 1.604910446417993e+16, 2.399648340367056e+32, 12.169973134994507, 550.84765625), (350, 4000, 0.6, 55, 0.387836217880249, 0.08898985385894775, 0.872861869480501, 0.3951846957206726, 0.9396802186965942, 0.8400633335113525, 51.63433837890625, 3.3326614513029165e+75, 3.992935816550873e+150, 14.644838571548462, 563.40625), (350, 4000, 0.6, 99, 0.7579489350318909, 0.39699888229370117, 0.570768414846075, 0.4944900870323181, 0.7192597985267639, 0.9289507269859314, 51.65279006958008, 5.003392956713133e+136, 2.4712094622039537e+273, 16.70320177078247, 568.66796875)]
Completed job 5
starting the work inside Run_jobs
parameter combinations: [[600, 1000, 1, 11], [600, 1000, 1, 55], [600, 1000, 1, 99], [600, 1000, 0.8, 11], [600, 1000, 0.8, 55], [600, 1000, 0.8, 99]]
test name: nountill_S2G
[(600, 1000, 1, 11, 0.3235912621021271, 0.1123969554901123, 0.6720893742433062, 0.43197277188301086, 0.6747833490371704, 0.6889817118644714, 11.224801063537598, 2.0599372387580944e+17, 4.7556504685511914e+33, 1.3981976509094238, 273.7109375), (600, 1000, 1, 55, 0.6722270250320435, 0.37108856439590454, 1.4582265133228434e-05, 0.6446909308433533, 0.793497622013092, 0.766044020652771, 15.459389686584473, 1.8519391180655247e+79, 2.628646866138096e+158, 1.7024545669555664, 305.0078125), (600, 1000, 1, 99, 0.525192141532898, 0.08013474941253662, 0.9065846564065502, 0.37695401906967163, 0.9161428213119507, 0.45971474051475525, 16.461824417114258, 4.6862158127441996e+132, 1.0651203239199738e+265, 1.9060683250427246, 305.29296875), (600, 1000, 0.8, 11, 0.5377772450447083, 0.24936896562576294, 0.9016055986969154, 0.3619283437728882, 0.7649526596069336, 0.7579201459884644, 11.661720275878906, 3.5332128547972337e+18, 5.347802223686935e+36, 1.340698480606079, 306.39453125), (600, 1000, 0.8, 55, 0.614265501499176, 0.262728214263916, 1.5161357991879894, 0.31753700971603394, 0.8192369937896729, 0.8704387545585632, 15.32951545715332, 1.8575829136357104e+78, 3.444534095678355e+156, 1.7697207927703857, 306.49609375), (600, 1000, 0.8, 99, 0.5276693105697632, 0.15851843357086182, 0.00011028674939012094, 0.642278790473938, 0.9662193059921265, 0.88996422290802, 16.217060089111328, 4.830582844107916e+130, 9.237575048417473e+260, 1.920154333114624, 306.60546875)]
Completed job 6
starting the work inside Run_jobs
parameter combinations: [[600, 1000, 0.6, 11], [600, 1000, 0.6, 55], [600, 1000, 0.6, 99], [600, 2000, 1, 11], [600, 2000, 1, 55], [600, 2000, 1, 99]]
test name: nountill_S2G
[(600, 1000, 0.6, 11, 0.7408120036125183, 0.33441656827926636, 1.3505137022266842, 0.30414360761642456, 0.9356576800346375, 0.870093584060669, 10.440128326416016, 1.377629420399663e+17, 1.1250720198342125e+34, 1.479696273803711, 273.5078125), (600, 1000, 0.6, 55, 0.594763994216919, 1.2953951358795166, 1.1162664983718562, 0.2988993227481842, 0.4734431803226471, 0.24635256826877594, 15.165535926818848, 6.9736276572000666e+75, 1.5751022788195564e+151, 1.9299349784851074, 303.65234375), (600, 1000, 0.6, 99, 0.4750202000141144, 0.12750399112701416, 0.6457866197756371, 0.475749671459198, 0.9597347974777222, 0.9130846261978149, 15.747771263122559, 3.669607258865245e+131, 8.992557734169538e+262, 2.1720266342163086, 304.8984375), (600, 2000, 1, 11, 0.5589562058448792, 0.41075021028518677, 1.0171096529032533, 0.34004509449005127, 0.19265435636043549, 0.6503673791885376, 27.58228302001953, 5.952890769027438e+19, 3.4821094913421394e+39, 16.482896089553833, 402.77734375), (600, 2000, 1, 55, 0.7166223526000977, 0.31760960817337036, 1.27029463896736, 0.2986607849597931, 0.8709357976913452, 0.9233034253120422, 30.850292205810547, 9.922310489348899e+77, 9.427458830570068e+155, 102.59142231941223, 403.26171875), (600, 2000, 1, 99, 0.5671507716178894, 0.18174856901168823, 1.0812252411153658, 0.30156210064888, 0.975407600402832, 0.8832674622535706, 31.650110244750977, 4.483915777451843e+134, 1.191327499491416e+269, 84.00910925865173, 412.38671875)]
Completed job 7
starting the work inside Run_jobs
parameter combinations: [[600, 2000, 0.8, 11], [600, 2000, 0.8, 55], [600, 2000, 0.8, 99], [600, 2000, 0.6, 11], [600, 2000, 0.6, 55], [600, 2000, 0.6, 99]]
test name: nountill_S2G
[(600, 2000, 0.8, 11, 0.6462737917900085, 0.2783149480819702, 0.2848907715975409, 0.5211995840072632, 0.8828662037849426, 0.8473385572433472, 26.6607723236084, 2.7836288545940454e+18, 6.235677269539056e+36, 23.515458345413208, 373.7421875), (600, 2000, 0.8, 55, 0.4181705713272095, 0.11922919750213623, 0.15349306406815086, 0.6246644258499146, 0.8739446997642517, 0.8296999335289001, 31.300630569458008, 1.2122216703548325e+75, 4.753882053764146e+149, 45.321824073791504, 403.109375), (600, 2000, 0.8, 99, 0.3551246225833893, 0.1200793981552124, 1.3171056589067902, 0.22004108130931854, 0.7119157910346985, 0.7346073389053345, 31.68166160583496, 1.5221992972071707e+133, 1.2154550311189477e+266, 37.28232264518738, 403.6484375), (600, 2000, 0.6, 11, 1.6169121265411377, 1.8533309698104858, 1.5914709540842493, 0.2755640149116516, 0.9741682410240173, 0.7037813663482666, 27.07007598876953, 1389426709353254.5, 3.7363448754439584e+29, 15.117451429367065, 410.359375), (600, 2000, 0.6, 55, 1.637418270111084, 1.8969372510910034, 1.4309749196877195, 0.16978749632835388, 0.8358256816864014, 0.8454839587211609, 30.866371154785156, 7.262620894681558e+80, 5.270613417455036e+161, 46.82184815406799, 411.875), (600, 2000, 0.6, 99, 0.4351963400840759, 0.09633243083953857, 1.9132498229194406, 0.5502787232398987, 0.9563196897506714, 0.7169455885887146, 31.523500442504883, 5.735170237086125e+131, 2.0132730709378722e+263, 52.79741954803467, 411.90625)]
Completed job 8
starting the work inside Run_jobs
parameter combinations: [[600, 3000, 1, 11], [600, 3000, 1, 55], [600, 3000, 1, 99], [600, 3000, 0.8, 11], [600, 3000, 0.8, 55], [600, 3000, 0.8, 99]]
test name: nountill_S2G
Begin work on process
Begin work on process
Begin work on process
Begin work on process
Begin work on process
Begin work on process
[(600, 3000, 1, 11, 0.839850902557373, 0.5793830454349518, 0.8301651238649836, 0.3913405239582062, 0.9254018664360046, 0.3671519458293915, 38.87586975097656, 2.4405100466119055e+18, 2.2986008380537948e+36, 6.584895849227905, 440.75), (600, 3000, 1, 55, 0.40130120515823364, 0.1484982967376709, 0.21206698179088723, 0.5987251400947571, 0.7645074725151062, 0.669559121131897, 42.13052749633789, 5.880685057196093e+76, 4.531140985234857e+152, 7.9245874881744385, 452.94921875), (600, 3000, 1, 99, 0.5317620038986206, 0.1465405821800232, 1.6289330372014297, 0.35863667726516724, 0.9748759269714355, 0.9889765381813049, 42.40219497680664, 2.2937882237749148e+135, 4.701849072674175e+270, 8.858614921569824, 460.12109375), (600, 3000, 0.8, 11, 0.4658527076244354, 0.2757025957107544, 1.026466361141745, 0.30928802490234375, 0.3553698658943176, 0.6536034345626831, 38.60506057739258, 7.554365426878379e+18, 2.810636001395126e+37, 6.578862190246582, 446.125), (600, 3000, 0.8, 55, 0.4970453977584839, 0.17519545555114746, 1.3453149767969175, 0.31418466567993164, 0.8331881165504456, 0.8457071781158447, 41.533729553222656, 1.3709818426276451e+76, 1.5052524307463503e+152, 7.969728946685791, 453.6328125), (600, 3000, 0.8, 99, 1.548954963684082, 1.5241971611976624, 1.6276331544635354, 0.29264962673187256, 0.9312593936920166, 0.842369794845581, 41.82114028930664, 6.732417635228856e+135, 4.26945251030677e+271, 8.656350374221802, 459.19140625)]
Completed job 9
starting the work inside Run_jobs
parameter combinations: [[600, 3000, 0.6, 11], [600, 3000, 0.6, 55], [600, 3000, 0.6, 99], [600, 4000, 1, 11], [600, 4000, 1, 55], [600, 4000, 1, 99]]
test name: nountill_S2G
[(600, 3000, 0.6, 11, 0.6583523750305176, 0.23620688915252686, 0.09448520909905629, 0.5642444491386414, 0.9618096947669983, 0.9537653923034668, 38.64368438720703, 1.4793392726407675e+21, 1.9207966960091267e+42, 10.624998331069946, 441.8203125), (600, 3000, 0.6, 55, 0.35302796959877014, 0.15347182750701904, 1.0770546019180334, 0.2952529489994049, 0.2492634356021881, 0.5381492972373962, 42.260562896728516, 1.681159337495983e+77, 1.8609030336980808e+154, 23.319538354873657, 452.5546875), (600, 3000, 0.6, 99, 0.7017437219619751, 0.34728699922561646, 1.2030076257100906, 0.3140930235385895, 0.8652942776679993, 0.8151800036430359, 43.009803771972656, 3.420547613102813e+139, 1.170009335470624e+279, 26.130178689956665, 458.36328125), (600, 4000, 1, 11, 0.2728070318698883, 0.04291093349456787, 0.6176847094942709, 0.47094255685806274, 0.9393172264099121, 0.9171042442321777, 48.67219924926758, 4.676721181789654e+18, 1.0330835185843559e+37, 33.665247678756714, 572.4140625), (600, 4000, 1, 55, 0.43842533230781555, 0.2100709080696106, 0.7424797395497653, 0.461821973323822, 0.6785863041877747, 0.6741292476654053, 51.112266540527344, 3.234998263753518e+80, 7.109343468696328e+160, 42.809990644454956, 589.67578125), (600, 4000, 1, 99, 0.48502427339553833, 0.15452206134796143, 1.2872124173537383, 0.20867137610912323, 0.8939917087554932, 0.6701913475990295, 51.566680908203125, 8.879169715382525e+136, 2.909535176999355e+273, 52.21274542808533, 594.58203125)]
Completed job 10
starting the work inside Run_jobs
parameter combinations: [[600, 4000, 0.8, 11], [600, 4000, 0.8, 55], [600, 4000, 0.8, 99], [600, 4000, 0.6, 11], [600, 4000, 0.6, 55], [600, 4000, 0.6, 99]]
test name: nountill_S2G
[(600, 4000, 0.8, 11, 0.795211136341095, 0.2895810604095459, 0.2779724382100387, 0.5282005071640015, 0.9001482129096985, 0.15882369875907898, 48.324798583984375, 2.4183571655893266e+19, 4.884280304639792e+38, 34.827207803726196, 576.24609375), (600, 4000, 0.8, 55, 0.42446276545524597, 0.15975558757781982, 1.0835745663860294, 0.31147336959838867, 0.7798479199409485, 0.6923527121543884, 51.16099548339844, 1.8848202289801923e+76, 8.424155975765354e+151, 51.67522478103638, 591.515625), (600, 4000, 0.8, 99, 0.6512085199356079, 0.23531413078308105, 1.0420690689397225, 0.31917235255241394, 0.9367591738700867, 0.9606175422668457, 51.777217864990234, 1.4256948972523784e+136, 2.028455395429083e+272, 60.947728872299194, 597.0), (600, 4000, 0.6, 11, 0.2657015323638916, 0.07647508382797241, 0.7197105176909544, 0.4128328859806061, 0.6900079250335693, 0.6609184145927429, 48.211463928222656, 1.46446793392455e+18, 5.697446397926577e+35, 36.30509638786316, 580.0), (600, 4000, 0.6, 55, 0.5604360699653625, 1.525260329246521, 0.9998873123166687, 0.3094932436943054, 0.4303881824016571, 0.198151633143425, 51.335208892822266, 1.2205634708354951e+76, 9.427850576992971e+151, 48.3213529586792, 591.84375), (600, 4000, 0.6, 99, 0.5627610683441162, 0.2142854928970337, 3.5560497213316293e-06, 0.6373617053031921, 0.8739449381828308, 0.8430031538009644, 51.32588195800781, 7.636353098851971e+131, 2.6249923844959655e+263, 62.323484897613525, 596.1640625)]
Completed job 11
starting the work inside Run_jobs
parameter combinations: [[1000, 1000, 1, 11], [1000, 1000, 1, 55], [1000, 1000, 1, 99], [1000, 1000, 0.8, 11], [1000, 1000, 0.8, 55], [1000, 1000, 0.8, 99]]
test name: nountill_S2G
[(1000, 1000, 1, 11, 0.6026239395141602, 0.26214003562927246, 0.3421678122647991, 0.49796730279922485, 0.8909354209899902, 0.6967015266418457, 7.5497002601623535, 2.0311009964639264e+17, 1.5253648669694413e+34, 4.079204082489014, 293.96875), (1000, 1000, 1, 55, 0.41102415323257446, 0.09560775756835938, 0.7009769563081454, 0.4557909369468689, 0.9410542845726013, 0.9388242363929749, 13.711079597473145, 1.0734113624250937e+76, 1.0906058876186012e+152, 5.640048265457153, 333.73828125), (1000, 1000, 1, 99, 0.4568383991718292, 0.12228447198867798, 1.0697622803108464, 0.3431414067745209, 0.9511855244636536, 0.86580491065979, 13.15273380279541, 5.529067623486952e+133, 1.5061419687861638e+267, 6.71323561668396, 332.80859375), (1000, 1000, 0.8, 11, 0.5174341797828674, 0.14243841171264648, 1.1453142788289037, 0.30506107211112976, 0.9888695478439331, 0.9429303407669067, 7.141299724578857, 2.18120689816362e+16, 2.8041806136818526e+32, 2.866521120071411, 333.33203125), (1000, 1000, 0.8, 55, 0.47491875290870667, 0.14795750379562378, 0.6303504551938943, 0.49291548132896423, 0.8562665581703186, 0.8865309357643127, 13.266283988952637, 4.163389680342062e+78, 1.729984781012021e+157, 5.6238884925842285, 334.94921875), (1000, 1000, 0.8, 99, 0.573833703994751, 0.22660130262374878, 4.3869909807039085e-06, 0.6435901522636414, 0.8798829317092896, 0.8153036832809448, 13.303922653198242, 7.95812267876054e+131, 1.9767935260025013e+263, 8.269753456115723, 334.5625)]
Completed job 12
starting the work inside Run_jobs
parameter combinations: [[1000, 1000, 0.6, 11], [1000, 1000, 0.6, 55], [1000, 1000, 0.6, 99], [1000, 2000, 1, 11], [1000, 2000, 1, 55], [1000, 2000, 1, 99]]
test name: nountill_S2G
Begin work on process
Begin work on process
Begin work on process
Begin work on process
Begin work on process
Begin work on process
[(1000, 1000, 0.6, 11, 0.7679226994514465, 0.38392019271850586, 0.07385165483389133, 0.569983720779419, 0.9360482096672058, 0.791339635848999, 7.873877048492432, 2.869712023508339e+16, 2.1637503348986404e+32, 1.6191651821136475, 294.08203125), (1000, 1000, 0.6, 55, 0.27179473638534546, 0.038308143615722656, 1.6816202558138205, 0.3424015939235687, 0.9888811111450195, 0.970587968826294, 13.5275297164917, 2.6322667423349654e+72, 4.5330307295015304e+144, 2.0194201469421387, 334.80859375), (1000, 1000, 0.6, 99, 0.47468051314353943, 0.11149263381958008, 1.4979460437931884, 0.4215807318687439, 0.7062034010887146, 0.9743290543556213, 14.525618553161621, 2.0590331624541024e+136, 4.020735350964818e+272, 2.249337911605835, 332.14453125), (1000, 2000, 1, 11, 0.5209060907363892, 0.18071627616882324, 0.8273945399256154, 0.38858091831207275, 0.9072962403297424, 0.7697837352752686, 26.22604751586914, 3.7189379506066656e+17, 2.4983713840129515e+34, 4.180402755737305, 430.94921875), (1000, 2000, 1, 55, 0.6032862067222595, 0.1347782015800476, 1.3612515898917144, 0.16480159759521484, 0.9128590822219849, 0.39680349826812744, 30.06246566772461, 3.673206189325211e+75, 2.166835838663394e+150, 5.7630345821380615, 419.02734375), (1000, 2000, 1, 99, 0.4313494563102722, 0.13155239820480347, 6.820447128009076e-06, 0.6302102208137512, 0.846979558467865, 0.8342047333717346, 30.09571647644043, 6.500700263421204e+138, 2.133306136149311e+277, 6.789284706115723, 434.890625)]
Completed job 13
starting the work inside Run_jobs
parameter combinations: [[1000, 2000, 0.8, 11], [1000, 2000, 0.8, 55], [1000, 2000, 0.8, 99], [1000, 2000, 0.6, 11], [1000, 2000, 0.6, 55], [1000, 2000, 0.6, 99]]
test name: nountill_S2G
[(1000, 2000, 0.8, 11, 0.6589560508728027, 0.34956634044647217, 0.6788291800404582, 0.42763248085975647, 0.8589029312133789, 0.651443600654602, 25.667369842529297, 2.567639350392986e+17, 6.221286341091079e+33, 32.66303873062134, 403.9765625), (1000, 2000, 0.8, 55, 0.5842100977897644, 0.21986067295074463, 0.00012864630708900402, 0.637444257736206, 0.8702684044837952, 0.8907819390296936, 30.09561538696289, 9.53188922225043e+76, 4.528429929265608e+153, 144.81977701187134, 431.28125), (1000, 2000, 0.8, 99, 0.594953179359436, 0.21313416957855225, 0.9989168638111088, 0.3429724872112274, 0.8585754632949829, 0.9461938738822937, 30.459033966064453, 2.4807759889513683e+134, 6.014009918178227e+268, 77.54086399078369, 449.01953125), (1000, 2000, 0.6, 11, 0.5051719546318054, 0.2313328981399536, 0.9643558360280774, 0.24449601769447327, 0.7845972776412964, 0.5454025268554688, 25.235374450683594, 5.0416225827630086e+17, 5.579136156377891e+34, 35.98502707481384, 450.91796875), (1000, 2000, 0.6, 55, 1.2851139307022095, 1.789258062839508, 1.269034172334383, 0.2758048474788666, 0.4600922465324402, 0.8905425071716309, 29.338741302490234, 1.5227706522483176e+70, 1.1268410150012143e+140, 110.48452663421631, 452.07421875), (1000, 2000, 0.6, 99, 0.4727148115634918, 0.13882684707641602, 1.0898583783612646e-06, 0.6384968757629395, 0.9286603331565857, 0.8247973322868347, 30.60637855529785, 9.604469252895654e+131, 4.863895039814847e+263, 115.17535901069641, 452.95703125)]
Completed job 14
starting the work inside Run_jobs
parameter combinations: [[1000, 3000, 1, 11], [1000, 3000, 1, 55], [1000, 3000, 1, 99], [1000, 3000, 0.8, 11], [1000, 3000, 0.8, 55], [1000, 3000, 0.8, 99]]
test name: nountill_S2G
[(1000, 3000, 1, 11, 0.746619462966919, 0.6905328035354614, 0.8240000134943022, 0.38041695952415466, 0.41362065076828003, 0.7626224756240845, 38.09693145751953, 1.301624634804342e+19, 1.0757877813808949e+38, 7.575571298599243, 480.375), (1000, 3000, 1, 55, 0.3537663519382477, 0.06652045249938965, 1.3682997228942095, 0.3064939081668854, 0.9714244604110718, 0.9683035016059875, 41.545928955078125, 6.71448839420366e+76, 2.4783617299220087e+153, 9.037822008132935, 490.421875), (1000, 3000, 1, 99, 0.619192361831665, 0.23344725370407104, 0.36009426266220734, 0.550220787525177, 0.8965645432472229, 0.9150831699371338, 41.62977981567383, 5.05649690397373e+134, 2.3291449509199424e+269, 9.656146049499512, 499.1328125), (1000, 3000, 0.8, 11, 0.4763355553150177, 0.35104429721832275, 1.1670474534661714, 0.3061271905899048, 0.6221423149108887, 0.3504263758659363, 38.48823547363281, 2.423402315770933e+19, 4.7126101520107904e+38, 7.320961952209473, 482.8359375), (1000, 3000, 0.8, 55, 0.5795357823371887, 0.14773201942443848, 0.7903941723729602, 0.3793705403804779, 0.9014334678649902, 0.43135493993759155, 41.2686882019043, 6.145153043678627e+77, 1.7835191244360547e+155, 9.190593957901001, 493.90234375), (1000, 3000, 0.8, 99, 0.5546512007713318, 0.17392075061798096, 1.012625228692502, 0.33341485261917114, 0.9516403675079346, 0.9276272654533386, 41.67797088623047, 1.739922533633266e+134, 2.0594765192812403e+268, 10.09229564666748, 498.75390625)]
Completed job 15
starting the work inside Run_jobs
parameter combinations: [[1000, 3000, 0.6, 11], [1000, 3000, 0.6, 55], [1000, 3000, 0.6, 99], [1000, 4000, 1, 11], [1000, 4000, 1, 55], [1000, 4000, 1, 99]]
test name: nountill_S2G
[(1000, 3000, 0.6, 11, 0.5009972453117371, 0.9409422054886818, 1.2986991648526736, 0.34351569414138794, 0.40992140769958496, 0.31325697898864746, 37.87406539916992, 9.774655378297917e+18, 3.5012651269267412e+37, 7.328009605407715, 480.2890625), (1000, 3000, 0.6, 55, 0.5170266032218933, 0.2725561857223511, 1.5520587354082755, 0.42706552147865295, 0.7398106455802917, 0.44006863236427307, 41.15928649902344, 1.5236354902081719e+78, 2.0753487148155712e+156, 8.794138431549072, 491.44921875), (1000, 3000, 0.6, 99, 0.5891335010528564, 0.22382795810699463, 1.6267540946895597e-06, 0.6412419080734253, 0.8822618722915649, 0.8787563443183899, 41.171661376953125, 2.054098810731308e+135, 3.819378362813033e+270, 9.585233211517334, 498.0625), (1000, 4000, 1, 11, 1.0854017734527588, 1.4372112154960632, 0.8072684085913315, 0.40836310386657715, 0.7933629155158997, 0.4710509181022644, 48.13847351074219, 4.141410234206331e+18, 6.618737509226159e+36, 13.569742441177368, 618.55078125), (1000, 4000, 1, 55, 0.3474135100841522, 0.0919528603553772, 1.1670428746106178, 0.30838051438331604, 0.8234148621559143, 0.7894273400306702, 50.92765808105469, 4.574896215287942e+77, 5.918284862974891e+154, 16.021236896514893, 636.12109375), (1000, 4000, 1, 99, 0.6800534725189209, 0.30231988430023193, 1.2502679900952274, 0.299081951379776, 0.8525920510292053, 0.8938202857971191, 51.25700378417969, 1.772359780315109e+138, 3.1377697446366986e+276, 17.785208463668823, 639.92578125)]
Completed job 16
starting the work inside Run_jobs
parameter combinations: [[1000, 4000, 0.8, 11], [1000, 4000, 0.8, 55], [1000, 4000, 0.8, 99], [1000, 4000, 0.6, 11], [1000, 4000, 0.6, 55], [1000, 4000, 0.6, 99]]
test name: nountill_S2G
[(1000, 4000, 0.8, 11, 0.2999337911605835, 0.21949684619903564, 1.1084409034175393, 0.1907794326543808, 0.4797399938106537, 0.37817931175231934, 48.303680419921875, 1.8109172741307794e+18, 3.843344685122577e+35, 14.765989542007446, 624.29296875), (1000, 4000, 0.8, 55, 1.0771876573562622, 1.432553470134735, 1.0222663521727706, 0.2910583019256592, 0.6626470685005188, 0.6096894145011902, 51.373775482177734, 1.574794537596795e+76, 1.4204495610209354e+152, 17.003397464752197, 636.73828125), (1000, 4000, 0.8, 99, 0.7046102285385132, 0.25499504804611206, 1.0685910708304627, 0.17101646959781647, 0.9178227782249451, 1.0325449705123901, 51.276573181152344, 2.849364103763025e+134, 6.927940118932195e+268, 19.56262707710266, 644.66796875), (1000, 4000, 0.6, 11, 0.48343074321746826, 0.1358974575996399, 0.7350336507263875, 0.4271831810474396, 0.9524304270744324, 0.7604846954345703, 48.04697799682617, 2.4817871074189556e+16, 2.873582460351421e+32, 14.135538339614868, 627.41015625), (1000, 4000, 0.6, 55, 0.46418705582618713, 0.13824880123138428, 1.1619878191697397, 0.24873307347297668, 0.9135847687721252, 0.7618085741996765, 50.89829635620117, 9.306979576845525e+76, 2.5242868297910864e+153, 17.255450010299683, 638.87890625), (1000, 4000, 0.6, 99, 1.1522574424743652, 1.6105968356132507, 1.634220591468653, 0.42966923117637634, 0.7843918800354004, 0.4915255606174469, 51.52826690673828, 2.1222350218344723e+134, 1.4566533359041213e+268, 20.03691029548645, 642.1875)]
Completed job 17
