starting the work inside Run_jobs
parameter combinations: [[350, 1000, 1, 11], [350, 1000, 1, 55], [350, 1000, 1, 99], [350, 1000, 0.8, 11], [350, 1000, 0.8, 55], [350, 1000, 0.8, 99]]
test name: nountill_M2G
[(350, 1000, 1, 11, 0.682949423789978, 0.6530512273311615, 0.35550662041120407, 0.4260011911392212, 0.6779669523239136, 0.48443663120269775, 17.578018188476562, 26476844.501397066, 222521129735237.3, 2.2304279804229736, 261.5859375), (350, 1000, 1, 55, 0.44824105501174927, 0.4764634966850281, 0.9090078380356789, 0.212540403008461, 0.521182119846344, 0.334018737077713, 20.0245304107666, 6.548008567745664e-55, 4.265167816545267e-109, 2.2619495391845703, 287.5625), (350, 1000, 1, 99, 0.45339804887771606, 0.19572752714157104, 0.40236962617404004, 0.40516194701194763, 0.7584624290466309, 0.5608417987823486, 20.832218170166016, 8.286172735068024e-151, 3.4458894317007895e-301, 6.5507285594940186, 294.30078125), (350, 1000, 0.8, 11, 0.3778998851776123, 0.31567931175231934, 0.8919418840127242, 0.15511946380138397, 0.38274458050727844, 0.5167083144187927, 17.49244499206543, 2181251.1321288696, 3402423962742.6294, 16.110067129135132, 288.43359375), (350, 1000, 0.8, 55, 0.8563427329063416, 1.482665777206421, 1.2491663848861567, 0.22131650149822235, 0.5587995052337646, 0.43300381302833557, 19.544349670410156, 1.0109982593817812e-46, 1.0221174159997457e-92, 2.3182461261749268, 289.26171875), (350, 1000, 0.8, 99, 0.32170718908309937, 0.14465337991714478, 0.21749843480741007, 0.4137343466281891, 0.5750633478164673, 0.6132956147193909, 21.070819854736328, 2.720314668352032e-158, 7.39995774e-316, 2.2116305828094482, 294.0625)]
Completed job 0
starting the work inside Run_jobs
parameter combinations: [[350, 1000, 0.6, 11], [350, 1000, 0.6, 55], [350, 1000, 0.6, 99], [350, 2000, 1, 11], [350, 2000, 1, 55], [350, 2000, 1, 99]]
test name: nountill_M2G
[(350, 1000, 0.6, 11, 0.4534286856651306, 0.22636312246322632, 0.7793435850868943, 0.16781680285930634, 0.45419037342071533, 0.7017717957496643, 17.204265594482422, 3444124.5988534167, 11619226291655.408, 1.9704971313476562, 262.58203125), (350, 1000, 0.6, 55, 0.5974848866462708, 1.4239563345909119, 1.2631768682191697, 0.32753291726112366, 0.44451186060905457, 0.25303491950035095, 19.234880447387695, 1.0227161653630194e-57, 1.0430521740069583e-114, 2.349747896194458, 289.59375), (350, 1000, 0.6, 99, 0.14444367587566376, 1.5119783282279968, 0.8460215818534345, 0.22915150225162506, 0.12750671803951263, 0.028887148946523666, 20.615062713623047, 5.139495817238879e-141, 2.6414417255367448e-281, 2.4332752227783203, 294.82421875), (350, 2000, 1, 11, 0.6167100667953491, 1.3237213492393494, 0.9248802934545625, 0.211584210395813, 0.22765018045902252, 0.5041782855987549, 33.30986022949219, 130075870.3445975, 7139066967344092.0, 16.374787092208862, 380.4765625), (350, 2000, 1, 55, 0.5550135374069214, 1.3289051949977875, 0.8684412089058979, 0.19368085265159607, 0.1471007913351059, 0.48896515369415283, 35.599246978759766, 2.986278402002266e-45, 8.73197571924679e-90, 35.54694676399231, 384.7734375), (350, 2000, 1, 99, 0.5704221129417419, 0.4226173162460327, 0.4079702374141579, 0.3732069730758667, 0.5543108582496643, 0.6672562956809998, 36.97532653808594, 6.12853509808694e-132, 3.755894240912754e-263, 56.05339050292969, 389.9609375)]
Completed job 1
starting the work inside Run_jobs
parameter combinations: [[350, 2000, 0.8, 11], [350, 2000, 0.8, 55], [350, 2000, 0.8, 99], [350, 2000, 0.6, 11], [350, 2000, 0.6, 55], [350, 2000, 0.6, 99]]
test name: nountill_M2G
[(350, 2000, 0.8, 11, 0.7208027839660645, 0.6273129284381866, 0.38866011378690035, 0.36453893780708313, 0.7566867470741272, 0.4448263943195343, 32.765724182128906, 1242089151.2414262, 1.303372060585222e+18, 195.9786434173584, 354.8828125), (350, 2000, 0.8, 55, 0.6114878058433533, 0.5117084383964539, 0.5861542600952285, 0.350843220949173, 0.660755455493927, 0.11912953108549118, 35.557281494140625, 4.1304473726162334e-46, 1.7017162960472533e-91, 272.9307281970978, 375.74609375), (350, 2000, 0.8, 99, 0.708162784576416, 0.45607924461364746, 0.9525836901244997, 0.23022091388702393, 0.7893968820571899, 0.6797792911529541, 36.63663864135742, 1.4912498837226696e-131, 2.2238262122144405e-262, 276.0686025619507, 375.9921875), (350, 2000, 0.6, 11, 0.4887649714946747, 0.2406291961669922, 0.15076344625069243, 0.45244136452674866, 0.7007642388343811, 0.7081896662712097, 33.24955368041992, 3292957.059326713, 6492059274118.418, 69.5623106956482, 378.234375), (350, 2000, 0.6, 55, 1.2383308410644531, 1.6216336488723755, 0.5187106800093312, 0.36070284247398376, 0.5539447069168091, 0.8154708743095398, 35.57131576538086, 7.350185116777832e-44, 5.402521056429106e-87, 282.33391404151917, 377.05859375), (350, 2000, 0.6, 99, 0.9385566711425781, 0.7379394769668579, 0.20781388100013354, 0.4791589677333832, 0.7361665964126587, 0.8062435984611511, 36.554588317871094, 8.939563499525367e-141, 7.991547928363343e-281, 209.7178373336792, 378.76953125)]
Completed job 2
starting the work inside Run_jobs
parameter combinations: [[350, 3000, 1, 11], [350, 3000, 1, 55], [350, 3000, 1, 99], [350, 3000, 0.8, 11], [350, 3000, 0.8, 55], [350, 3000, 0.8, 99]]
test name: nountill_M2G
[(350, 3000, 1, 11, 0.6644515991210938, 0.8023651689291, 0.8768649991645985, 0.19292059540748596, 0.22632651031017303, 0.6710470914840698, 45.120121002197266, 362357730902.77234, 1.2805428032596134e+23, 15.020577192306519, 423.71875), (350, 3000, 1, 55, 0.47570154070854187, 0.3335402011871338, 0.4153899120462042, 0.3012818694114685, 0.4339738190174103, 0.6379530429840088, 47.18695068359375, 1.914831585150724e-43, 3.650219697575183e-86, 24.519808769226074, 431.2734375), (350, 3000, 1, 99, 0.4792635440826416, 0.2572430372238159, 0.08929930274888315, 0.5103464126586914, 0.6783329844474792, 0.6568370461463928, 48.65738296508789, 1.6283305588363388e-138, 2.6512763048315335e-276, 10.721992015838623, 439.12890625), (350, 3000, 0.8, 11, 0.4704914391040802, 0.1819744110107422, 1.1918909260159345, 0.21831563115119934, 0.6911826133728027, 0.8170232772827148, 44.79883575439453, 6112138275.180126, 3.6652848752261173e+19, 6.7743611335754395, 422.7421875), (350, 3000, 0.8, 55, 0.4628738760948181, 0.1953294277191162, 0.4182968186961308, 0.4242713153362274, 0.7144531011581421, 0.760151743888855, 47.291988372802734, 2.971082311541632e-34, 8.827330100793524e-68, 8.290818452835083, 431.375), (350, 3000, 0.8, 99, 0.8984683156013489, 1.1446386724710464, 0.8329266085712367, 0.15571951866149902, 0.305682897567749, 0.8018112778663635, 48.59663391113281, 2.3162661924191433e-122, 5.253000092270642e-244, 9.114266157150269, 438.77734375)]
Completed job 3
starting the work inside Run_jobs
parameter combinations: [[350, 3000, 0.6, 11], [350, 3000, 0.6, 55], [350, 3000, 0.6, 99], [350, 4000, 1, 11], [350, 4000, 1, 55], [350, 4000, 1, 99]]
test name: nountill_M2G
[(350, 3000, 0.6, 11, 0.9065473079681396, 0.9678833447396755, 1.1375788248544272, 0.28763478994369507, 0.3803083896636963, 0.8352224826812744, 44.86532211303711, 100738719.6134208, 9666765622641920.0, 24.702662706375122, 422.89453125), (350, 3000, 0.6, 55, 0.22149552404880524, 0.25236642360687256, 0.6112103793626311, 0.3166535198688507, 0.2582460939884186, 0.05290721356868744, 47.490142822265625, 2.1881317973220325e-50, 4.762905488249945e-100, 8.55568265914917, 433.32421875), (350, 3000, 0.6, 99, 0.10515379905700684, 0.7554625868797302, 0.7980341175517025, 0.2106628566980362, 0.06995212286710739, 0.0974591001868248, 48.67811584472656, 1.1442932792822779e-145, 6.59959862697702e-291, 9.484755039215088, 439.328125), (350, 4000, 1, 11, 0.48062342405319214, 0.2485884428024292, 0.617438983496584, 0.32892757654190063, 0.6642407774925232, 0.6963539123535156, 55.141963958740234, 54602331378.20639, 1.80191931584256e+21, 12.864260911941528, 544.7109375), (350, 4000, 1, 55, 0.9289160370826721, 0.6846576929092407, 0.3741063111872713, 0.4776543974876404, 0.5170150399208069, 0.951808750629425, 57.233734130859375, 4.2355703480588584e-24, 1.794004321631064e-47, 15.828261613845825, 557.9765625), (350, 4000, 1, 99, 0.883601725101471, 0.6301145553588867, 0.12336297042574958, 0.48673102259635925, 0.6383453011512756, 0.8911088109016418, 58.2133674621582, 1.531091371697406e-140, 2.3440449222367817e-280, 19.19674277305603, 565.30078125)]
Completed job 4
starting the work inside Run_jobs
parameter combinations: [[350, 4000, 0.8, 11], [350, 4000, 0.8, 55], [350, 4000, 0.8, 99], [350, 4000, 0.6, 11], [350, 4000, 0.6, 55], [350, 4000, 0.6, 99]]
test name: nountill_M2G
Begin work on process
Begin work on process
Begin work on process
Begin work on process
Begin work on process
Begin work on process
[(350, 4000, 0.8, 11, 0.482202410697937, 0.23949557542800903, 0.5140210295579735, 0.4111531674861908, 0.45605334639549255, 0.7273907661437988, 55.214378356933594, 3638073749546.2236, 1.101939258551786e+25, 17.03733992576599, 549.30078125), (350, 4000, 0.8, 55, 0.6031930446624756, 0.4218193292617798, 0.420164706049483, 0.4286700487136841, 0.6615297198295593, 0.6517682075500488, 57.35545349121094, 3.161232702006233e-32, 9.993392150094727e-64, 24.093825578689575, 563.91015625), (350, 4000, 0.8, 99, 0.802238941192627, 1.0776401907205582, 0.7394343415749964, 0.29494988918304443, 0.792031466960907, 0.08012203127145767, 58.239173889160156, 7.93351590358159e-108, 6.294067459238198e-215, 23.918063402175903, 571.5078125), (350, 4000, 0.6, 11, 0.26891934871673584, 0.19668245315551758, 0.714160934156057, 0.24492326378822327, 0.38596993684768677, 0.1704864203929901, 55.29470443725586, 12645576754323.344, 1.596738868407051e+26, 17.113823175430298, 552.2265625), (350, 4000, 0.6, 55, 0.5658284425735474, 0.5904023945331573, 0.4813060871479649, 0.35004425048828125, 0.3050786256790161, 0.6176091432571411, 57.26870346069336, 2.1762698580724708e-45, 4.73615033586368e-90, 20.844974517822266, 566.23046875), (350, 4000, 0.6, 99, 0.40593114495277405, 0.20040327310562134, 0.1639264578985973, 0.4497370719909668, 0.5876384377479553, 0.6704792380332947, 58.358802795410156, 1.1863106645957847e-101, 1.1336149721995463e-202, 24.452027320861816, 572.890625)]
Completed job 5
starting the work inside Run_jobs
parameter combinations: [[600, 1000, 1, 11], [600, 1000, 1, 55], [600, 1000, 1, 99], [600, 1000, 0.8, 11], [600, 1000, 0.8, 55], [600, 1000, 0.8, 99]]
test name: nountill_M2G
[(600, 1000, 1, 11, 0.37641167640686035, 0.9312584921717644, 0.849654997194784, 0.18369626998901367, 0.12793610990047455, 0.36290672421455383, 16.46173095703125, 7337557899.980296, 5.324705436574918e+19, 11.627816438674927, 274.26171875), (600, 1000, 1, 55, 0.5487349629402161, 0.29586470127105713, 0.09615948451423988, 0.497574120759964, 0.6969736218452454, 0.7278016209602356, 19.441688537597656, 6.028958511662089e-54, 3.0587368373885957e-107, 2.43292236328125, 304.37890625), (600, 1000, 1, 99, 0.3384883403778076, 0.19657063484191895, 0.3086169551267732, 0.45261073112487793, 0.5485559105873108, 0.5296088457107544, 20.880096435546875, 8.866527032303946e-130, 7.861530158783096e-259, 9.680248022079468, 308.26171875), (600, 1000, 0.8, 11, 1.2446048259735107, 1.5859978199005127, 1.3139093346576576, 0.29700738191604614, 0.5413207411766052, 0.8475347757339478, 16.522302627563477, 484951332.4399748, 2.2820894594397536e+17, 1.6563551425933838, 302.96484375), (600, 1000, 0.8, 55, 0.6801767349243164, 0.5079737305641174, 0.07533286418684797, 0.49011942744255066, 0.7022724151611328, 0.6436123847961426, 18.920379638671875, 2.4409555114463175e-44, 5.95824526768027e-88, 2.0918490886688232, 305.1953125), (600, 1000, 0.8, 99, 0.8081679940223694, 1.0827712193131447, 0.8998909451224817, 0.1957235336303711, 0.5142120122909546, 0.5823644995689392, 20.904062271118164, 1.640851275410016e-142, 2.6923928511478614e-284, 2.291444778442383, 307.33984375)]
Completed job 6
starting the work inside Run_jobs
parameter combinations: [[600, 1000, 0.6, 11], [600, 1000, 0.6, 55], [600, 1000, 0.6, 99], [600, 2000, 1, 11], [600, 2000, 1, 55], [600, 2000, 1, 99]]
test name: nountill_M2G
[(600, 1000, 0.6, 11, 0.3743636906147003, 0.27363866567611694, 0.360312180125663, 0.3973384201526642, 0.3555331230163574, 0.5418564081192017, 16.642898559570312, 649852435.8722235, 2.1408616232500506e+17, 4.71135139465332, 273.77734375), (600, 1000, 0.6, 55, 0.5742864012718201, 0.36275410652160645, 0.7317296795184121, 0.24198280274868011, 0.333026260137558, 0.7259661555290222, 19.338592529296875, 6.584149055533907e-47, 4.226315848630473e-93, 2.0234594345092773, 303.09375), (600, 1000, 0.6, 99, 0.1603693664073944, 0.07464545965194702, 1.0357803169949937, 0.27071043848991394, 0.29549986124038696, 0.3881973922252655, 20.590789794921875, 4.0977022129109644e-142, 1.1676560868754048e-283, 2.2795352935791016, 309.7421875), (600, 2000, 1, 11, 0.4749263823032379, 0.3743025064468384, 0.4143385921784156, 0.3197577893733978, 0.19900137186050415, 0.5733547806739807, 32.96300506591797, 12368808231.18943, 1.0436632805872116e+20, 38.37211990356445, 402.71484375), (600, 2000, 1, 55, 0.8505957722663879, 1.4497459530830383, 0.9210582911250095, 0.20400401949882507, 0.29688215255737305, 0.6746876835823059, 35.52941131591797, 3.457015366385117e-36, 1.1915805654334774e-71, 231.6114993095398, 404.03515625), (600, 2000, 1, 99, 0.06003226339817047, 1.5460809469223022, 0.8577999601140487, 0.2798542380332947, 0.04539509490132332, 0.02166134864091873, 36.9620246887207, 9.744396695771799e-136, 9.494808874059626e-271, 135.62769055366516, 409.30078125)]
Completed job 7
starting the work inside Run_jobs
parameter combinations: [[600, 2000, 0.8, 11], [600, 2000, 0.8, 55], [600, 2000, 0.8, 99], [600, 2000, 0.6, 11], [600, 2000, 0.6, 55], [600, 2000, 0.6, 99]]
test name: nountill_M2G
[(600, 2000, 0.8, 11, 0.7725059390068054, 0.8294367045164108, 0.6061738600180662, 0.3501482307910919, 0.2724842131137848, 0.7708222270011902, 32.780887603759766, 1201777670.240902, 9.050970868512448e+17, 42.80849480628967, 373.96875), (600, 2000, 0.8, 55, 0.8723989129066467, 0.836476668715477, 0.31309557843092795, 0.4862293303012848, 0.6243454217910767, 0.7199105024337769, 35.54338455200195, 2.1232259946008627e-52, 4.507072919761354e-104, 362.23478651046753, 395.6484375), (600, 2000, 0.8, 99, 0.42199862003326416, 0.32913994789123535, 0.37090674364716725, 0.4598481059074402, 0.5661345720291138, 0.42246213555336, 36.731590270996094, 1.5841464811322144e-119, 2.509520073437195e-238, 354.9682936668396, 400.390625), (600, 2000, 0.6, 11, 0.6129944920539856, 1.8707071542739868, 0.8182792089518163, 0.22436627745628357, 0.23865847289562225, 0.39385098218917847, 32.689212799072266, 4328135686285.87, 1.8701838773973942e+25, 96.66573715209961, 398.8125), (600, 2000, 0.6, 55, 0.7134053111076355, 0.5825168192386627, 0.827132927205622, 0.21286997199058533, 0.4662528932094574, 0.7686258554458618, 35.8232307434082, 1.2943631599049343e-31, 1.6753756168679773e-62, 350.0832417011261, 399.80859375), (600, 2000, 0.6, 99, 0.25560858845710754, 0.053940773010253906, 0.8194759570644689, 0.2744554877281189, 0.7611466646194458, 0.7873265743255615, 36.609046936035156, 7.338714913285793e-147, 2.6928376649197244e-293, 355.7036392688751, 399.0625)]
Completed job 8
starting the work inside Run_jobs
parameter combinations: [[600, 3000, 1, 11], [600, 3000, 1, 55], [600, 3000, 1, 99], [600, 3000, 0.8, 11], [600, 3000, 0.8, 55], [600, 3000, 0.8, 99]]
test name: nountill_M2G
[(600, 3000, 1, 11, 0.8373095393180847, 0.8971028104424477, 0.6441225410974843, 0.34531447291374207, 0.657863438129425, 0.5900763869285583, 45.075191497802734, 492057591812.6828, 2.1806605433951166e+23, 25.678123474121094, 443.078125), (600, 3000, 1, 55, 1.0477840900421143, 1.5314542055130005, 1.3439705202831846, 0.2351958006620407, 0.6813120245933533, 0.5124261379241943, 47.81315994262695, 1.3045973450102534e-40, 1.7019742326077995e-80, 15.679911613464355, 453.3515625), (600, 3000, 1, 99, 0.4789433181285858, 0.6544551253318787, 0.870735547814588, 0.20968008041381836, 0.5102410912513733, 0.18755461275577545, 48.5146484375, 9.724892467828791e-127, 9.457353351028184e-253, 9.859553813934326, 462.375), (600, 3000, 0.8, 11, 0.7674261331558228, 0.5707859694957733, 0.7747975296209223, 0.22595320641994476, 0.09366007149219513, 0.8029496073722839, 45.03134536743164, 3504801527127.3003, 1.2187497337138407e+25, 7.385526895523071, 446.0234375), (600, 3000, 0.8, 55, 0.6559684872627258, 1.4984022080898285, 0.7909262021755091, 0.16314809024333954, 0.3843415379524231, 0.37348324060440063, 47.58418655395508, 5.5684731638270365e-46, 3.03104869773184e-91, 9.17658019065857, 454.828125), (600, 3000, 0.8, 99, 0.42642199993133545, 0.605251133441925, 0.7963255490065877, 0.19489027559757233, 0.2716749608516693, 0.4529738426208496, 48.779632568359375, 4.655683918394394e-113, 2.1675392747996178e-225, 9.800351619720459, 460.56640625)]
Completed job 9
starting the work inside Run_jobs
parameter combinations: [[600, 3000, 0.6, 11], [600, 3000, 0.6, 55], [600, 3000, 0.6, 99], [600, 4000, 1, 11], [600, 4000, 1, 55], [600, 4000, 1, 99]]
test name: nountill_M2G
[(600, 3000, 0.6, 11, 0.6736948490142822, 0.48636817932128906, 0.2887142010901008, 0.4508169889450073, 0.5704638361930847, 0.7559228539466858, 45.317745208740234, 37909142953.718155, 1.123180751809254e+21, 25.13163948059082, 442.87109375), (600, 3000, 0.6, 55, 1.1744427680969238, 1.3037372827529907, 1.4287692036621513, 0.25112098455429077, 0.6388142704963684, 0.8103986382484436, 47.750972747802734, 2.581278438639688e-46, 6.606971867923855e-92, 11.835502624511719, 453.81640625), (600, 3000, 0.6, 99, 0.7765668034553528, 0.5642374753952026, 0.26451964262304484, 0.4727291762828827, 0.7817335724830627, 0.6692702770233154, 48.6887321472168, 5.366031089741803e-147, 2.8792864192108226e-293, 13.10252571105957, 461.4140625), (600, 4000, 1, 11, 0.6396093964576721, 0.6348742842674255, 1.443944830492, 0.23964273929595947, 0.6789189577102661, 0.1498136669397354, 55.13257598876953, 793057502.3120115, 1.6093988710829834e+17, 17.526731252670288, 575.3984375), (600, 4000, 1, 55, 0.49418091773986816, 0.2531495690345764, 0.39574437316375033, 0.4728792905807495, 0.5212767720222473, 0.7415260672569275, 57.59674835205078, 2.3688174778409195e-41, 5.611296243271903e-82, 22.31892704963684, 589.55078125), (600, 4000, 1, 99, 0.8361606001853943, 0.6649396419525146, 1.2891033132858647, 0.19865430891513824, 0.715582013130188, 0.734326958656311, 58.26537322998047, 1.628799593378444e-113, 2.652988115389784e-226, 37.81619954109192, 595.57421875)]
Completed job 10
starting the work inside Run_jobs
parameter combinations: [[600, 4000, 0.8, 11], [600, 4000, 0.8, 55], [600, 4000, 0.8, 99], [600, 4000, 0.6, 11], [600, 4000, 0.6, 55], [600, 4000, 0.6, 99]]
test name: nountill_M2G
Begin work on process
Begin work on process
Begin work on process
Begin work on process
Begin work on process
Begin work on process
[(600, 4000, 0.8, 11, 0.4393933117389679, 0.9319717362523079, 0.8222884554366869, 0.08449018746614456, 0.2833353579044342, 0.3556661307811737, 55.20529556274414, 6564010404.968194, 2.096163532235879e+19, 17.78558921813965, 578.16015625), (600, 4000, 0.8, 55, 0.7317625880241394, 0.7816588580608368, 0.9702532636471725, 0.22688984870910645, 0.7347320914268494, 0.014201329089701176, 57.406700134277344, 1.0326760175685638e-39, 1.0357504523252867e-78, 21.59528660774231, 591.359375), (600, 4000, 0.8, 99, 0.604433536529541, 0.3823012709617615, 0.9250352167139672, 0.2246568500995636, 0.76424640417099, 0.5362715125083923, 58.29080581665039, 5.6617867621277255e-130, 3.19714661297352e-259, 26.15446710586548, 601.76171875), (600, 4000, 0.6, 11, 1.1637104749679565, 1.7545011043548584, 0.6316155158407978, 0.3261776268482208, 0.4373933672904968, 0.797735333442688, 55.384620666503906, 1190536521496.0894, 1.3840999160627414e+24, 18.069671630859375, 580.6328125), (600, 4000, 0.6, 55, 0.5152846574783325, 1.3956777453422546, 0.7747335385834079, 0.18032005429267883, 0.1031239852309227, 0.46570250391960144, 57.475772857666016, 1.2030578904387043e-37, 1.4473408658424604e-74, 21.290149927139282, 595.33984375), (600, 4000, 0.6, 99, 0.6424297094345093, 1.8182929754257202, 0.674944898521286, 0.22961145639419556, 0.20400875806808472, 0.4646976888179779, 58.25659942626953, 5.201400659387165e-128, 2.705456881894302e-255, 25.48862862586975, 602.765625)]
Completed job 11
starting the work inside Run_jobs
parameter combinations: [[1000, 1000, 1, 11], [1000, 1000, 1, 55], [1000, 1000, 1, 99], [1000, 1000, 0.8, 11], [1000, 1000, 0.8, 55], [1000, 1000, 0.8, 99]]
test name: nountill_M2G
[(1000, 1000, 1, 11, 0.6578088998794556, 0.39724940061569214, 0.8511754343449289, 0.2643381655216217, 0.5840600728988647, 0.8162842392921448, 16.278461456298828, 37875717074535.336, 1.434569133814947e+27, 2.2005138397216797, 295.42578125), (1000, 1000, 1, 55, 1.0663586854934692, 1.4672042727470398, 1.4267781493173182, 0.223725825548172, 0.7287188768386841, 0.5092468857765198, 19.234859466552734, 1.9418657307043565e-29, 3.7708425160839644e-58, 2.365139961242676, 336.19140625), (1000, 1000, 1, 99, 0.4087072014808655, 0.21117949485778809, 0.6498658884736143, 0.325965940952301, 0.5592124462127686, 0.6622705459594727, 20.832149505615234, 2.4188956127944453e-132, 5.8499711346171935e-264, 2.3919496536254883, 332.09765625), (1000, 1000, 0.8, 11, 1.0236471891403198, 0.9916840847581625, 0.28361318886459835, 0.45109066367149353, 0.7234039306640625, 0.7302924990653992, 15.459239959716797, 697594555.4425787, 4.865446630877683e+17, 1.8819589614868164, 334.69140625), (1000, 1000, 0.8, 55, 0.33991655707359314, 0.3488962650299072, 0.6869009701686798, 0.26743006706237793, 0.3136391043663025, 0.446855753660202, 19.62081527709961, 3.094874599914179e-51, 9.578248425221536e-102, 2.151067018508911, 336.3203125), (1000, 1000, 0.8, 99, 0.3741949796676636, 0.10402977466583252, 0.14004961434365917, 0.4750465452671051, 0.7911973595619202, 0.8375461101531982, 21.118274688720703, 1.881292571879589e-138, 3.5392617410093185e-276, 2.4709062576293945, 332.92578125)]
Completed job 12
starting the work inside Run_jobs
parameter combinations: [[1000, 1000, 0.6, 11], [1000, 1000, 0.6, 55], [1000, 1000, 0.6, 99], [1000, 2000, 1, 11], [1000, 2000, 1, 55], [1000, 2000, 1, 99]]
test name: nountill_M2G
[(1000, 1000, 0.6, 11, 0.9761302471160889, 0.9919561054557562, 1.4700629587252754, 0.32707101106643677, 0.6035918593406677, 0.7720127105712891, 15.842630386352539, 8753939.79626588, 36292264842182.336, 2.1167924404144287, 295.22265625), (1000, 1000, 0.6, 55, 0.7321080565452576, 1.6034258604049683, 0.7480749820390685, 0.24674701690673828, 0.23644857108592987, 0.5647327303886414, 19.338586807250977, 2.5675870070494685e-47, 6.592497769183247e-94, 3.0862205028533936, 335.9765625), (1000, 1000, 0.6, 99, 1.0967105627059937, 0.9969075694680214, 0.2445247057712139, 0.48578163981437683, 0.7411494851112366, 0.8106711506843567, 20.59073829650879, 4.699585294471591e-156, 2.1740764298206e-311, 3.7116858959198, 332.33203125), (1000, 2000, 1, 11, 0.5208495855331421, 0.5432875454425812, 0.7948821436052766, 0.23087084293365479, 0.4383210837841034, 0.5454889535903931, 33.113929748535156, 8696098397.735405, 4.025639055896849e+19, 12.421615839004517, 430.73828125), (1000, 2000, 1, 55, 0.3343900144100189, 0.44392645359039307, 0.7672160226962252, 0.14770299196243286, 0.3207704424858093, 0.3802124261856079, 35.86503601074219, 2.6043928466848085e-48, 6.779396408648561e-96, 62.89106202125549, 417.7109375), (1000, 2000, 1, 99, 0.1297021061182022, 1.255778729915619, 0.7419388771536075, 0.18257364630699158, 0.06362736970186234, 0.09791413694620132, 37.09669494628906, 1.0987875251598142e-141, 1.2073334164848589e-282, 83.22961759567261, 439.3359375)]
Completed job 13
starting the work inside Run_jobs
parameter combinations: [[1000, 2000, 0.8, 11], [1000, 2000, 0.8, 55], [1000, 2000, 0.8, 99], [1000, 2000, 0.6, 11], [1000, 2000, 0.6, 55], [1000, 2000, 0.6, 99]]
test name: nountill_M2G
[(1000, 2000, 0.8, 11, 0.29441899061203003, 0.7443183362483978, 0.8248684034069975, 0.08284832537174225, 0.2873392403125763, 0.17101825773715973, 33.17433547973633, 331265379.40505445, 6.843062169418093e+16, 37.94253444671631, 405.9921875), (1000, 2000, 0.8, 55, 0.6739060282707214, 0.44425666332244873, 0.7793541875699663, 0.271054744720459, 0.0983525887131691, 0.7235859632492065, 35.97616195678711, 5.31494971436968e-29, 2.8248690466278343e-57, 43.09641718864441, 433.203125), (1000, 2000, 0.8, 99, 0.534940779209137, 0.2620999813079834, 0.6272832001770544, 0.34627655148506165, 0.7608974575996399, 0.4116634428501129, 37.016021728515625, 8.084308837023821e-132, 6.535604937238145e-263, 65.87115597724915, 441.79296875), (1000, 2000, 0.6, 11, 0.7747108340263367, 0.4985537528991699, 0.2799585998676904, 0.4120789170265198, 0.7686185836791992, 0.7828521132469177, 32.78048324584961, 18947311.67657635, 357322952584837.1, 16.538974285125732, 444.4375), (1000, 2000, 0.6, 55, 0.850331723690033, 1.6230702996253967, 1.1084101038026364, 0.20701414346694946, 0.5190046429634094, 0.4237985610961914, 35.823123931884766, 1.789293595114335e-45, 3.1975835134796895e-90, 84.82885336875916, 444.203125), (1000, 2000, 0.6, 99, 0.5675805807113647, 0.4857274293899536, 0.4616279701660109, 0.35799306631088257, 0.6245859861373901, 0.13355259597301483, 37.08355712890625, 2.37355669481243e-108, 5.633771351680539e-216, 77.72685647010803, 443.36328125)]
Completed job 14
starting the work inside Run_jobs
parameter combinations: [[1000, 3000, 1, 11], [1000, 3000, 1, 55], [1000, 3000, 1, 99], [1000, 3000, 0.8, 11], [1000, 3000, 0.8, 55], [1000, 3000, 0.8, 99]]
test name: nountill_M2G
[(1000, 3000, 1, 11, 0.7944641709327698, 1.7150436043739319, 0.7282831926632358, 0.24864590167999268, 0.27235332131385803, 0.5765677690505981, 45.53678512573242, 19420796892.78103, 2.8914690543143636e+20, 11.793678283691406, 481.03125), (1000, 3000, 1, 55, 0.13732047379016876, 0.6482635140419006, 0.7912473423011216, 0.1594095677137375, 0.113074392080307, 0.1272534430027008, 47.93770217895508, 2.941999074318429e-44, 8.655358553288278e-88, 11.084100723266602, 491.875), (1000, 3000, 1, 99, 0.3422057032585144, 0.7457913160324097, 0.8799824472588378, 0.31050223112106323, 0.13548386096954346, 0.3505662679672241, 48.8198356628418, 7.740515673764949e-135, 5.991527366783927e-269, 10.851296663284302, 497.95703125), (1000, 3000, 0.8, 11, 0.44243124127388, 1.5475783944129944, 0.9614714581352609, 0.2152388095855713, 0.3788580000400543, 0.10117045044898987, 45.48114776611328, 15520020027.16399, 2.1106127304774576e+20, 7.887552738189697, 483.98046875), (1000, 3000, 0.8, 55, 0.5781288146972656, 0.25467532873153687, 0.3391801773921943, 0.43010413646698, 0.6622579097747803, 0.8668071627616882, 47.97970199584961, 5.876632816158887e-40, 3.229743429740332e-79, 23.133535385131836, 491.79296875), (1000, 3000, 0.8, 99, 0.3746259808540344, 0.2797623872756958, 0.33574127576298113, 0.4610629081726074, 0.5272249579429626, 0.2986641824245453, 48.91215896606445, 5.636373686001871e-123, 3.1768708328254314e-245, 11.37988805770874, 499.51171875)]
Completed job 15
starting the work inside Run_jobs
parameter combinations: [[1000, 3000, 0.6, 11], [1000, 3000, 0.6, 55], [1000, 3000, 0.6, 99], [1000, 4000, 1, 11], [1000, 4000, 1, 55], [1000, 4000, 1, 99]]
test name: nountill_M2G
[(1000, 3000, 0.6, 11, 1.1674734354019165, 1.4312444925308228, 1.1699749754874234, 0.20923544466495514, 0.6394127607345581, 0.7392345070838928, 45.39472961425781, 41141156555.1853, 1.402849405395424e+21, 8.306833982467651, 481.4921875), (1000, 3000, 0.6, 55, 0.6013695597648621, 0.4501074552536011, 0.5229980760429348, 0.34992703795433044, 0.4693058431148529, 0.7141339778900146, 47.781105041503906, 2.101922108048824e-39, 4.418076548301435e-78, 9.900097370147705, 491.2265625), (1000, 3000, 0.6, 99, 0.5810214281082153, 0.6650071442127228, 0.5187427082041023, 0.24289770424365997, 0.042884234338998795, 0.5939806699752808, 48.79998779296875, 9.419430462740889e-126, 7.093656791947805e-251, 10.707696437835693, 499.984375), (1000, 4000, 1, 11, 0.37161415815353394, 0.7120399475097656, 0.8592213624041919, 0.236531063914299, 0.16694632172584534, 0.38353943824768066, 55.544315338134766, 87705581064.17213, 3.0792514514441947e+21, 14.656357049942017, 620.3046875), (1000, 4000, 1, 55, 0.43766382336616516, 0.7160339951515198, 0.8859594149880382, 0.16010604798793793, 0.44671502709388733, 0.21677808463573456, 57.776309967041016, 1.8927951469312152e-36, 3.58267346824621e-72, 17.166678428649902, 638.62109375), (1000, 4000, 1, 99, 0.650246262550354, 0.40635716915130615, 0.3149207859864312, 0.47137942910194397, 0.6736723780632019, 0.7589786052703857, 58.60456085205078, 4.822847449890133e-106, 2.325985444633645e-211, 19.48257827758789, 647.265625)]
Completed job 16
starting the work inside Run_jobs
parameter combinations: [[1000, 4000, 0.8, 11], [1000, 4000, 0.8, 55], [1000, 4000, 0.8, 99], [1000, 4000, 0.6, 11], [1000, 4000, 0.6, 55], [1000, 4000, 0.6, 99]]
test name: nountill_M2G
Begin work on process
Begin work on process
Begin work on process
Begin work on process
Begin work on process
Begin work on process
[(1000, 4000, 0.8, 11, 0.9480521082878113, 1.157090961933136, 0.5474645549795331, 0.3763979971408844, 0.6717008948326111, 0.5717962384223938, 55.7497673034668, 62780213868.6373, 3.9257812944652044e+21, 14.199924230575562, 623.64453125), (1000, 4000, 0.8, 55, 0.7615251541137695, 1.505926787853241, 1.268011168345484, 0.3806361258029938, 0.33104366064071655, 0.5384775996208191, 57.716217041015625, 3.735700058251895e-46, 1.2554852262619902e-91, 16.950255393981934, 639.64453125), (1000, 4000, 0.8, 99, 0.24763455986976624, 1.787244200706482, 0.8141454794809394, 0.1959383338689804, 0.1708831638097763, 0.08956977725028992, 58.57926559448242, 7.303112891046776e-118, 5.295793043232909e-235, 20.03702735900879, 647.98828125), (1000, 4000, 0.6, 11, 0.5354568362236023, 0.6073945760726929, 0.39064311592752904, 0.3783382475376129, 0.34546494483947754, 0.5666346549987793, 55.481956481933594, 270110570767959.0, 7.292232478084486e+28, 14.630239248275757, 627.2890625), (1000, 4000, 0.6, 55, 0.5956617593765259, 0.3057434558868408, 0.8637054094945296, 0.26367342472076416, 0.7581143379211426, 0.7652705907821655, 57.69120407104492, 1.2579525752486579e-40, 1.5818352468491754e-80, 17.373393297195435, 641.94921875), (1000, 4000, 0.6, 99, 0.6688685417175293, 0.43973106145858765, 0.024659407197071423, 0.5328013300895691, 0.7400546073913574, 0.6822523474693298, 58.68912124633789, 1.8061364000831095e-124, 3.262083398957741e-248, 19.642802953720093, 646.734375)]
Completed job 17
