starting the work inside Run_jobs
parameter combinations: [[350, 1000, 1, 11], [350, 1000, 1, 55], [350, 1000, 1, 99], [350, 1000, 0.8, 11], [350, 1000, 0.8, 55], [350, 1000, 0.8, 99]]
test name: nountill_S2M
Begin work on process
Begin work on process
Begin work on process
Begin work on process
Begin work on process
Begin work on process
[(350, 1000, 1, 11, 0.2683478891849518, 0.0443800687789917, 0.7604900558569082, 0.4381103515625, 0.9072439670562744, 0.8909465074539185, 13.076460838317871, 1.2413274117117896e-07, 7.465355878317188e-15, 2.049379348754883, 263.44140625), (350, 1000, 1, 55, 0.39201584458351135, 0.0811532735824585, 0.0050141232550866294, 0.6265937089920044, 0.9699451327323914, 0.9759418964385986, 17.377878189086914, 2.2336253395112157e-79, 4.989082157306593e-158, 2.2281970977783203, 289.7734375), (350, 1000, 1, 99, 0.44219568371772766, nan, 1.0627645781018047, 0.2531522810459137, 0.44219568371772766, 0.0, 17.88821792602539, 2.2250738585072014e-308, 0.0, 2.3929450511932373, 291.51171875), (350, 1000, 0.8, 11, 0.7397964596748352, 1.3553763628005981, 1.0309104306294465, 0.3448833227157593, 0.27950021624565125, 0.5928027033805847, 13.45337963104248, 1.2400459382705812e-09, 1.5225447657700724e-18, 1.6951072216033936, 289.671875), (350, 1000, 0.8, 55, 0.904650866985321, 0.5759491920471191, 0.21756366619339396, 0.5830371379852295, 0.8140008449554443, 0.8695285320281982, 18.08279800415039, 1.2952452880856003e-114, 1.677513485146431e-228, 1.9890544414520264, 289.47265625), (350, 1000, 0.8, 99, 0.8545117378234863, nan, 7.958950227360507e-08, 0.6497121453285217, 0.8545117378234863, 0.0, 18.384431838989258, 2.2250738585072014e-308, 0.0, 2.2631032466888428, 293.2734375)]
Completed job 0
starting the work inside Run_jobs
parameter combinations: [[350, 1000, 0.6, 11], [350, 1000, 0.6, 55], [350, 1000, 0.6, 99], [350, 2000, 1, 11], [350, 2000, 1, 55], [350, 2000, 1, 99]]
test name: nountill_S2M
[(350, 1000, 0.6, 11, 0.23975394666194916, 0.030617833137512207, 1.3598055708687202, 0.32206302881240845, 0.974902331829071, 0.9319062829017639, 13.60124683380127, 5.580923276316881e-20, 2.4197748807537703e-39, 2.4816906452178955, 262.62890625), (350, 1000, 0.6, 55, 0.8426306843757629, nan, 0.3770761939560745, 0.5692591667175293, 0.8426306843757629, 0.0, 17.349069595336914, 2.2250738585072014e-308, 0.0, 1.969031572341919, 287.58203125), (350, 1000, 0.6, 99, 0.9362279176712036, nan, 0.934574560507822, 0.34044212102890015, 0.9362279176712036, 0.0, 18.46586036682129, 2.2250738585072014e-308, 0.0, 2.0562586784362793, 291.59375), (350, 2000, 1, 11, 0.44996756315231323, 0.1481243371963501, 0.5400170613757485, 0.5309783220291138, 0.4982447624206543, 0.7910138368606567, 28.333114624023438, 2.5675160845531115e-07, 5.5890412302804224e-14, 28.014764070510864, 381.23828125), (350, 2000, 1, 55, 1.3448213338851929, 1.6737818121910095, 1.1761271958502741, 0.14845561981201172, 0.7915993928909302, 0.6775825023651123, 31.04430389404297, 8.09856021473438e-94, 6.555761425111018e-187, 102.32393622398376, 384.109375), (350, 2000, 1, 99, 0.9102805852890015, nan, 8.255835122100238e-08, 0.6330297589302063, 0.9102805852890015, 0.0, 31.870330810546875, 2.2250738585072014e-308, 0.0, 10.061492681503296, 384.6015625)]
Completed job 1
starting the work inside Run_jobs
parameter combinations: [[350, 2000, 0.8, 11], [350, 2000, 0.8, 55], [350, 2000, 0.8, 99], [350, 2000, 0.6, 11], [350, 2000, 0.6, 55], [350, 2000, 0.6, 99]]
test name: nountill_S2M
[(350, 2000, 0.8, 11, 0.5212990641593933, 0.1748514175415039, 0.44515852394585353, 0.4721094071865082, 0.8866671919822693, 0.876056432723999, 28.244848251342773, 1.8122594354617966e-11, 3.277264843835581e-22, 12.728749752044678, 356.46875), (350, 2000, 0.8, 55, 0.6000117659568787, 0.21053344011306763, 1.1959956028985803, 0.1816946119070053, 0.9760539531707764, 0.8037188649177551, 31.744722366333008, 5.8562287904599176e-120, 3.42908056015794e-239, 37.33130383491516, 379.42578125), (350, 2000, 0.8, 99, 0.8673807978630066, nan, 1.410524686632542, 0.15795497596263885, 0.8673807978630066, 0.0, 32.21345901489258, 2.2250738585072014e-308, 0.0, 64.15529537200928, 383.19921875), (350, 2000, 0.6, 11, 0.4272419214248657, 0.12732529640197754, 1.3796935380171487, 0.30279943346977234, 0.8550631999969482, 0.8367747664451599, 28.403608322143555, 4.639769337689771e-18, 1.5604840572555122e-35, 28.941174030303955, 383.5), (350, 2000, 0.6, 55, 0.900101900100708, nan, 0.08220623148352274, 0.6210439205169678, 0.900101900100708, 0.0, 31.823244094848633, 2.2250738585072014e-308, 0.0, 120.84423613548279, 383.1875), (350, 2000, 0.6, 99, 0.5250021815299988, nan, 1.4872315491962582, 0.44825223088264465, 0.5250021815299988, 0.0, 32.46056365966797, 2.2250738585072014e-308, 0.0, 127.20570302009583, 389.8359375)]
Completed job 2
starting the work inside Run_jobs
parameter combinations: [[350, 3000, 1, 11], [350, 3000, 1, 55], [350, 3000, 1, 99], [350, 3000, 0.8, 11], [350, 3000, 0.8, 55], [350, 3000, 0.8, 99]]
test name: nountill_S2M
[(350, 3000, 1, 11, 0.5405229330062866, 0.20919549465179443, 1.4472568736564733, 0.3058069050312042, 0.8830884695053101, 0.7019601464271545, 39.13181686401367, 1.1877842061195978e-08, 5.84305932753961e-17, 12.529085874557495, 421.59765625), (350, 3000, 1, 55, 0.4357874393463135, 0.11473935842514038, 1.0736528567097732, 0.3260921239852905, 0.7618411779403687, 0.9281229376792908, 41.94063186645508, 2.838814855137698e-72, 8.058869781200088e-144, 20.64347219467163, 433.48046875), (350, 3000, 1, 99, 0.9574262499809265, nan, 1.239214346651617, 0.1998196244239807, 0.9574262499809265, 0.0, 42.33126449584961, 2.2250738585072014e-308, 0.0, 24.588007926940918, 437.2890625), (350, 3000, 0.8, 11, 0.10902794450521469, 1.3362950682640076, 0.9628931526449392, 0.3677004277706146, 0.07729961723089218, 0.05516870319843292, 39.25892639160156, 0.00011567738247270364, 1.2795587604978794e-08, 13.547882795333862, 421.75390625), (350, 3000, 0.8, 55, 0.3402664363384247, 0.06565725803375244, 0.00016765795698299565, 0.6439415812492371, 0.9230835437774658, 0.9494544863700867, 42.413814544677734, 1.8480408912954807e-116, 3.4143610432979516e-232, 23.141582012176514, 436.6953125), (350, 3000, 0.8, 99, 0.89738529920578, nan, 1.7440721147424099, 0.4175235331058502, 0.89738529920578, 0.0, 42.51945877075195, 2.2250738585072014e-308, 0.0, 27.129668951034546, 439.453125)]
Completed job 3
starting the work inside Run_jobs
parameter combinations: [[350, 3000, 0.6, 11], [350, 3000, 0.6, 55], [350, 3000, 0.6, 99], [350, 4000, 1, 11], [350, 4000, 1, 55], [350, 4000, 1, 99]]
test name: nountill_S2M
Begin work on process
Begin work on process
Begin work on process
Begin work on process
Begin work on process
Begin work on process
[(350, 3000, 0.6, 11, 0.4368411898612976, 0.12586402893066406, 1.086379226883902, 0.10062743723392487, 0.698414146900177, 0.8857721090316772, 39.10601806640625, 2.1838458604779717e-19, 2.6668648746743927e-38, 7.259603977203369, 422.67578125), (350, 3000, 0.6, 55, 0.2577800154685974, nan, 1.0663469362637217, 0.2902551591396332, 0.2577800154685974, 0.0, 42.37867736816406, 2.2250738585072014e-308, 0.0, 8.577078342437744, 434.109375), (350, 3000, 0.6, 99, 0.8831837773323059, nan, 1.9230390253885303e-06, 0.6477721929550171, 0.8831837773323059, 0.0, 42.83559799194336, 2.2250738585072014e-308, 0.0, 9.602838516235352, 436.48828125), (350, 4000, 1, 11, 0.45248132944107056, 0.1479358673095703, 0.7551691289879978, 0.4075104296207428, 0.7479088306427002, 0.4103745222091675, 48.69242477416992, 2.177780283764113e-06, 2.4000124258438633e-12, 13.25898003578186, 545.8984375), (350, 4000, 1, 55, 1.7979764938354492, 1.904843807220459, 1.5569526124316484, 0.2827697992324829, 0.9779223799705505, 0.8642403483390808, 51.4617805480957, 1.2691353067083127e-80, 1.6107034199524658e-160, 15.670191764831543, 566.83203125), (350, 4000, 1, 99, 0.5856321454048157, nan, 1.1528123597509574, 0.28602924942970276, 0.5856321454048157, 0.0, 51.69076919555664, 2.2250738585072014e-308, 0.0, 17.753636837005615, 568.18359375)]
Completed job 4
starting the work inside Run_jobs
parameter combinations: [[350, 4000, 0.8, 11], [350, 4000, 0.8, 55], [350, 4000, 0.8, 99], [350, 4000, 0.6, 11], [350, 4000, 0.6, 55], [350, 4000, 0.6, 99]]
test name: nountill_S2M
[(350, 4000, 0.8, 11, 0.46461042761802673, 0.17416822910308838, 1.2024848387855793, 0.30272313952445984, 0.7679466009140015, 0.8024914860725403, 48.478668212890625, 1.791247934996595e-11, 2.856242372405152e-22, 16.41085171699524, 549.6015625), (350, 4000, 0.8, 55, 0.6819441318511963, 0.26844167709350586, 0.00018336966305800215, 0.6309835314750671, 0.9477633237838745, 0.9113348722457886, 51.42218017578125, 2.4629492355876045e-119, 6.0661189370814774e-238, 20.919495582580566, 568.5234375), (350, 4000, 0.8, 99, 0.6961361765861511, nan, 1.422981399169455, 0.3115456700325012, 0.6961361765861511, 0.0, 51.72927474975586, 2.2250738585072014e-308, 0.0, 26.332483291625977, 569.78125), (350, 4000, 0.6, 11, 0.42198264598846436, 0.1663604974746704, 1.1309362318655756, 0.30762603878974915, 0.4557890295982361, 0.718635082244873, 48.73415756225586, 4.6483883697541335e-18, 1.6282867042439038e-35, 16.309757471084595, 552.28125), (350, 4000, 0.6, 55, 0.720879077911377, nan, 1.082214086365454, 0.25672557950019836, 0.720879077911377, 0.0, 51.65270233154297, 2.2250738585072014e-308, 0.0, 20.544005632400513, 568.21484375), (350, 4000, 0.6, 99, 0.8665565252304077, nan, 1.4027670883405947, 0.304531067609787, 0.8665565252304077, 0.0, 51.76873779296875, 2.2250738585072014e-308, 0.0, 31.98189902305603, 585.5390625)]
Completed job 5
starting the work inside Run_jobs
parameter combinations: [[600, 1000, 1, 11], [600, 1000, 1, 55], [600, 1000, 1, 99], [600, 1000, 0.8, 11], [600, 1000, 0.8, 55], [600, 1000, 0.8, 99]]
test name: nountill_S2M
[(600, 1000, 1, 11, 0.7782235741615295, 1.5024065971374512, 1.1707082572516172, 0.18478110432624817, 0.1760038286447525, 0.6747741103172302, 10.148706436157227, 7.273689854913727e-09, 2.1145453877131832e-17, 1.9430139064788818, 274.9609375), (600, 1000, 1, 55, 0.8713268041610718, 1.4455874264240265, 1.068902540897241, 0.3159971237182617, 0.5229467153549194, 0.5018521547317505, 16.062129974365234, 1.5046534171178437e-94, 2.2614184123637748e-188, 2.045069694519043, 306.234375), (600, 1000, 1, 99, 0.7771785855293274, nan, 6.430012769645062e-07, 0.6417405009269714, 0.7771785855293274, 0.0, 15.49170970916748, 2.2250738585072014e-308, 0.0, 2.5439651012420654, 305.72265625), (600, 1000, 0.8, 11, 0.4179137349128723, 0.15805423259735107, 1.3008976786495574, 0.3048245906829834, 0.6796313524246216, 0.7726633548736572, 10.246787071228027, 1.0683469326634547e-08, 8.418852841693305e-17, 1.8858258724212646, 306.828125), (600, 1000, 0.8, 55, 0.7022257447242737, 0.30518871545791626, 0.7556934530179172, 0.4059920608997345, 0.9015463590621948, 0.8960674405097961, 15.779539108276367, 1.0078232597187447e-125, 1.0157066541274535e-250, 2.571901559829712, 306.93359375), (600, 1000, 0.8, 99, 0.8355677723884583, nan, 0.9857060150353373, 0.33470475673675537, 0.8355677723884583, 0.0, 16.339887619018555, 2.2250738585072014e-308, 0.0, 2.618159055709839, 305.82421875)]
Completed job 6
starting the work inside Run_jobs
parameter combinations: [[600, 1000, 0.6, 11], [600, 1000, 0.6, 55], [600, 1000, 0.6, 99], [600, 2000, 1, 11], [600, 2000, 1, 55], [600, 2000, 1, 99]]
test name: nountill_S2M
[(600, 1000, 0.6, 11, 0.43396881222724915, 0.1424417495727539, 0.8194463212351641, 0.3918601870536804, 0.843281090259552, 0.7362125515937805, 10.343897819519043, 2.4217562063439135e-22, 2.3718646215080554e-44, 1.861619234085083, 274.19140625), (600, 1000, 0.6, 55, 0.8414908051490784, nan, 1.3411048212047973, 0.18390724062919617, 0.8414908051490784, 0.0, 16.093252182006836, 2.2250738585072014e-308, 0.0, 2.1504228115081787, 305.46484375), (600, 1000, 0.6, 99, 0.8745639324188232, nan, 1.314131537548055, 0.3088758587837219, 0.8745639324188232, 0.0, 16.431428909301758, 2.2250738585072014e-308, 0.0, 2.4752049446105957, 305.42578125), (600, 2000, 1, 11, 0.819014310836792, 0.392000675201416, 0.15391277889981922, 0.546648383140564, 0.9200140237808228, 0.9298412203788757, 27.726865768432617, 2.939296417254029e-06, 8.636724203476097e-12, 25.504558086395264, 404.828125), (600, 2000, 1, 55, 0.7563626170158386, 0.35654425621032715, 0.000756247426137091, 0.6316753625869751, 0.9050187468528748, 0.8858923316001892, 30.83415412902832, 5.769043452572728e-111, 3.327535622896323e-221, 47.90437173843384, 393.984375), (600, 2000, 1, 99, 0.9307429194450378, nan, 0.09211919550090099, 0.6255550980567932, 0.9307429194450378, 0.0, 31.236818313598633, 2.2250738585072014e-308, 0.0, 80.17620801925659, 408.40234375)]
Completed job 7
starting the work inside Run_jobs
parameter combinations: [[600, 2000, 0.8, 11], [600, 2000, 0.8, 55], [600, 2000, 0.8, 99], [600, 2000, 0.6, 11], [600, 2000, 0.6, 55], [600, 2000, 0.6, 99]]
test name: nountill_S2M
[(600, 2000, 0.8, 11, 1.3796733617782593, 1.5018059015274048, 1.4992723876554208, 0.26859933137893677, 0.7835129499435425, 0.8085731267929077, 27.34575080871582, 1.9231476084458242e-07, 3.677013694147302e-14, 38.08433938026428, 374.125), (600, 2000, 0.8, 55, 1.149503231048584, 0.7638855874538422, 3.608971693038619e-05, 0.6413737535476685, 0.9718963503837585, 0.8847910165786743, 30.963428497314453, 5.339654155047751e-142, 2.851176308120728e-283, 113.84561657905579, 401.43359375), (600, 2000, 0.8, 99, 0.8696682453155518, nan, 0.2819145963731243, 0.5974636673927307, 0.8696682453155518, 0.0, 31.236743927001953, 2.2250738585072014e-308, 0.0, 117.68841671943665, 403.7421875), (600, 2000, 0.6, 11, 0.3311079442501068, 0.06983590126037598, 0.5307294259694789, 0.42678117752075195, 0.9015828371047974, 0.8305962681770325, 26.922054290771484, 3.9791208530738983e-13, 7.902463408989144e-26, 10.456580400466919, 411.22265625), (600, 2000, 0.6, 55, 0.1481981724500656, nan, 1.126582506380246, 0.28546544909477234, 0.1481981724500656, 0.0, 30.573610305786133, 2.2250738585072014e-308, 0.0, 87.67332696914673, 413.6328125), (600, 2000, 0.6, 99, 0.8218745589256287, nan, 0.23480441073033692, 0.6196110844612122, 0.8218745589256287, 0.0, 31.172636032104492, 2.2250738585072014e-308, 0.0, 129.21617436408997, 412.56640625)]
Completed job 8
starting the work inside Run_jobs
parameter combinations: [[600, 3000, 1, 11], [600, 3000, 1, 55], [600, 3000, 1, 99], [600, 3000, 0.8, 11], [600, 3000, 0.8, 55], [600, 3000, 0.8, 99]]
test name: nountill_S2M
[(600, 3000, 1, 11, 0.3467535078525543, 0.10068905353546143, 0.7838642535056494, 0.4048052132129669, 0.7493759393692017, 0.7872564196586609, 38.591636657714844, 4.610979278970505e-06, 6.199356547953626e-12, 10.58460283279419, 443.109375), (600, 3000, 1, 55, 0.6802193522453308, 0.2569349408149719, 0.007612692711253855, 0.6456962823867798, 0.9470248222351074, 0.9507578611373901, 42.189453125, 1.961099186766246e-97, 3.8269967657732144e-194, 14.869020700454712, 456.4375), (600, 3000, 1, 99, 0.7755231857299805, nan, 1.6143987825378958, 0.4190112352371216, 0.7755231857299805, 0.0, 41.90512466430664, 2.2250738585072014e-308, 0.0, 15.217183113098145, 459.25), (600, 3000, 0.8, 11, 0.5752809047698975, 0.20787715911865234, 1.499593311850458, 0.2907317578792572, 0.7555432915687561, 0.9424077868461609, 38.74668884277344, 4.7886092135255153e-11, 2.273136379211521e-21, 10.481497764587402, 446.24609375), (600, 3000, 0.8, 55, 0.9888893961906433, 1.5951224565505981, 1.2675912659879385, 0.3526158630847931, 0.3416289985179901, 0.7467032074928284, 41.97589874267578, 1.279948243143078e-110, 1.5165768032621887e-220, 16.189605712890625, 457.55078125), (600, 3000, 0.8, 99, 0.9308034181594849, nan, 0.14136023670259637, 0.6363316178321838, 0.9308034181594849, 0.0, 42.307674407958984, 2.2250738585072014e-308, 0.0, 15.416307926177979, 464.19140625)]
Completed job 9
starting the work inside Run_jobs
parameter combinations: [[600, 3000, 0.6, 11], [600, 3000, 0.6, 55], [600, 3000, 0.6, 99], [600, 4000, 1, 11], [600, 4000, 1, 55], [600, 4000, 1, 99]]
test name: nountill_S2M
[(600, 3000, 0.6, 11, 0.3140657842159271, 0.18248504400253296, 1.1910721614709987, 0.29390963912010193, 0.40872153639793396, 0.5420562028884888, 38.3195915222168, 1.8797491581047388e-11, 3.522441038169966e-22, 8.00250792503357, 441.62890625), (600, 3000, 0.6, 55, 0.8036985397338867, nan, 0.547056318849428, 0.5309911966323853, 0.8036985397338867, 0.0, 41.53361129760742, 2.2250738585072014e-308, 0.0, 526.7663278579712, 453.91015625), (600, 3000, 0.6, 99, 0.8123730421066284, nan, 0.9916933835586783, 0.3328457474708557, 0.8123730421066284, 0.0, 42.44944763183594, 2.2250738585072014e-308, 0.0, 519.0057694911957, 457.63671875), (600, 4000, 1, 11, 0.25931301712989807, 0.05265498161315918, 1.4419541724587015, 0.3063279092311859, 0.7707327008247375, 0.8097294569015503, 48.437232971191406, 1.0216545979426103e-08, 2.968085126048046e-17, 475.17355370521545, 573.33984375), (600, 4000, 1, 55, 0.49514684081077576, 0.1396958827972412, 1.3392144077979484, 0.07915839552879333, 0.9401357173919678, 0.9332120418548584, 51.48930358886719, 5.548795317469337e-102, 3.063366747085516e-203, 135.9440097808838, 591.39453125), (600, 4000, 1, 99, 0.878497838973999, nan, 7.211115104413726e-06, 0.6456739902496338, 0.878497838973999, 0.0, 51.58526611328125, 2.2250738585072014e-308, 0.0, 606.7299416065216, 595.94140625)]
Completed job 10
starting the work inside Run_jobs
parameter combinations: [[600, 4000, 0.8, 11], [600, 4000, 0.8, 55], [600, 4000, 0.8, 99], [600, 4000, 0.6, 11], [600, 4000, 0.6, 55], [600, 4000, 0.6, 99]]
test name: nountill_S2M
[(600, 4000, 0.8, 11, 0.5270932912826538, 0.20825433731079102, 0.06835605381444054, 0.5709637999534607, 0.8175878524780273, 0.8158531188964844, 48.27283477783203, 1.0681128999856469e-08, 1.0068741754075349e-16, 20.02783489227295, 577.33203125), (600, 4000, 0.8, 55, 0.4796278178691864, 0.12182706594467163, 1.5630978131062507, 0.29660308361053467, 0.9419654011726379, 0.991582989692688, 51.63448715209961, 6.855483404488004e-123, 4.699765270921043e-245, 26.079484462738037, 595.9296875), (600, 4000, 0.8, 99, 0.7830308675765991, nan, 0.8431302903892425, 0.41468286514282227, 0.7830308675765991, 0.0, 51.71028137207031, 2.2250738585072014e-308, 0.0, 28.367748975753784, 599.51171875), (600, 4000, 0.6, 11, 0.45033273100852966, 0.15791785717010498, 0.09439459553471947, 0.5686988234519958, 0.7996042966842651, 0.8029820322990417, 48.40693664550781, 2.1404429795732817e-16, 3.807178501422957e-32, 19.3089542388916, 580.49609375), (600, 4000, 0.6, 55, 0.8578124046325684, nan, 0.00027189890031424554, 0.6420308351516724, 0.8578124046325684, 0.0, 51.27684783935547, 2.2250738585072014e-308, 0.0, 26.939417600631714, 597.49609375), (600, 4000, 0.6, 99, 0.36929014325141907, nan, 0.9758102056925554, 0.21939080953598022, 0.36929014325141907, 0.0, 51.75836944580078, 2.2250738585072014e-308, 0.0, 30.606346607208252, 608.7109375)]
Completed job 11
starting the work inside Run_jobs
parameter combinations: [[1000, 1000, 1, 11], [1000, 1000, 1, 55], [1000, 1000, 1, 99], [1000, 1000, 0.8, 11], [1000, 1000, 0.8, 55], [1000, 1000, 0.8, 99]]
test name: nountill_S2M
Begin work on process
Begin work on process
Begin work on process
Begin work on process
Begin work on process
Begin work on process
[(1000, 1000, 1, 11, 0.30559042096138, 0.049974262714385986, 1.4417501848975387, 0.22116240859031677, 0.9787529706954956, 0.9354915618896484, 8.366455078125, 2.6832392591521815e-07, 3.3185697566579813e-14, 2.9923195838928223, 295.1875), (1000, 1000, 1, 55, 0.9515458345413208, 0.5534148216247559, 1.6536843342279954, 0.32130587100982666, 0.8423821926116943, 0.9570176005363464, 13.747493743896484, 4.162137079765221e-111, 1.565959965768794e-221, 34.98688793182373, 335.9453125), (1000, 1000, 1, 99, 0.925511360168457, nan, 1.5539168046467744, 0.2661439776420593, 0.925511360168457, 0.0, 13.228548049926758, 2.2250738585072014e-308, 0.0, 6.6766037940979, 338.3359375), (1000, 1000, 0.8, 11, 0.5133768320083618, 0.14172762632369995, 0.9844674932787093, 0.3184407949447632, 0.9656367897987366, 0.9628595113754272, 6.708084583282471, 1.1186781927889328e-13, 1.0058222286184058e-26, 3.6606216430664062, 335.375), (1000, 1000, 0.8, 55, 0.5394040942192078, 0.17902839183807373, 0.7917344120095279, 0.4122222065925598, 0.7476792335510254, 0.9435375928878784, 13.038211822509766, 1.0267558389774998e-115, 1.0542275528743896e-230, 5.28439998626709, 335.9921875), (1000, 1000, 0.8, 99, 0.8501643538475037, nan, 4.5034059169925727e-07, 0.6525062322616577, 0.8501643538475037, 0.0, 13.999746322631836, 2.2250738585072014e-308, 0.0, 6.758958578109741, 338.6015625)]
Completed job 12
starting the work inside Run_jobs
parameter combinations: [[1000, 1000, 0.6, 11], [1000, 1000, 0.6, 55], [1000, 1000, 0.6, 99], [1000, 2000, 1, 11], [1000, 2000, 1, 55], [1000, 2000, 1, 99]]
test name: nountill_S2M
[(1000, 1000, 0.6, 11, 0.4228817820549011, 0.09207415580749512, 0.8667356079230497, 0.3744954466819763, 0.5229789018630981, 0.8364639282226562, 7.8100972175598145, 8.376193901177073e-14, 7.010792797238901e-27, 2.0654239654541016, 294.6484375), (1000, 1000, 0.6, 55, 0.2518167793750763, nan, 1.0640546094318308, 0.20585861802101135, 0.2518167793750763, 0.0, 13.378849029541016, 2.2250738585072014e-308, 0.0, 2.460047721862793, 335.40625), (1000, 1000, 0.6, 99, 0.4732079803943634, nan, 1.23501391849017, 0.22796498239040375, 0.4732079803943634, 0.0, 13.228556632995605, 2.2250738585072014e-308, 0.0, 3.1076815128326416, 337.6484375), (1000, 2000, 1, 11, 0.7283929586410522, 0.3182757496833801, 0.09250341519298437, 0.5605165362358093, 0.8409578204154968, 0.9631996750831604, 25.9000301361084, 0.0004344598791255724, 1.871793759884285e-07, 6.962121486663818, 434.3671875), (1000, 2000, 1, 55, 0.5265982151031494, 0.15973013639450073, 7.403344248231651e-05, 0.642769455909729, 0.9662036895751953, 0.8656337261199951, 29.811901092529297, 2.146326975121951e-108, 2.2945180388226554e-216, 91.59348154067993, 437.83984375), (1000, 2000, 1, 99, 0.9085233807563782, nan, 0.9604462313954814, 0.34625500440597534, 0.9085233807563782, 0.0, 30.211734771728516, 2.2250738585072014e-308, 0.0, 100.02343153953552, 422.609375)]
Completed job 13
starting the work inside Run_jobs
parameter combinations: [[1000, 2000, 0.8, 11], [1000, 2000, 0.8, 55], [1000, 2000, 0.8, 99], [1000, 2000, 0.6, 11], [1000, 2000, 0.6, 55], [1000, 2000, 0.6, 99]]
test name: nountill_S2M
[(1000, 2000, 0.8, 11, 0.3226308226585388, 0.08430129289627075, 1.0903324686628855, 0.08980777859687805, 0.41594111919403076, 0.6568309664726257, 25.919191360473633, 2.6885689450994373e-11, 3.138887363441489e-22, 19.409113883972168, 404.63671875), (1000, 2000, 0.8, 55, 0.837195098400116, nan, 1.2139391476582109, 0.19919578731060028, 0.837195098400116, 0.0, 29.82874298095703, 2.2250738585072014e-308, 0.0, 132.14209127426147, 430.88671875), (1000, 2000, 0.8, 99, 0.958406388759613, nan, 1.2252631314389177, 0.25588634610176086, 0.958406388759613, 0.0, 30.491729736328125, 2.2250738585072014e-308, 0.0, 53.65470552444458, 444.85546875), (1000, 2000, 0.6, 11, 0.32006171345710754, 0.07525664567947388, 1.6353614991925318, 0.38057368993759155, 0.7516447305679321, 0.8386196494102478, 26.1497745513916, 5.752596335189648e-17, 1.3419987391369403e-33, 42.304224252700806, 446.9375), (1000, 2000, 0.6, 55, 0.556751012802124, nan, 1.2038970406157037, 0.3137272894382477, 0.556751012802124, 0.0, 30.04582977294922, 2.2250738585072014e-308, 0.0, 275.1394233703613, 452.5), (1000, 2000, 0.6, 99, 0.8577859401702881, nan, 7.142359027314889e-05, 0.6378414630889893, 0.8577859401702881, 0.0, 29.727989196777344, 2.2250738585072014e-308, 0.0, 278.0748794078827, 453.43359375)]
Completed job 14
starting the work inside Run_jobs
parameter combinations: [[1000, 3000, 1, 11], [1000, 3000, 1, 55], [1000, 3000, 1, 99], [1000, 3000, 0.8, 11], [1000, 3000, 0.8, 55], [1000, 3000, 0.8, 99]]
test name: nountill_S2M
[(1000, 3000, 1, 11, 0.758506715297699, 0.4399062395095825, 1.2410307280170414, 0.2961343228816986, 0.6319124698638916, 0.9028254151344299, 38.345394134521484, 5.558593842802082e-06, 2.927747196572878e-11, 12.864393711090088, 481.81640625), (1000, 3000, 1, 55, 0.8524578213691711, 0.4494163990020752, 0.9511460126087655, 0.35863417387008667, 0.8275414705276489, 0.955090343952179, 41.56979751586914, 1.4146334226659083e-93, 2.0011877069220986e-186, 17.607799530029297, 497.44921875), (1000, 3000, 1, 99, 0.8216995596885681, nan, 0.6954658198485644, 0.4268101751804352, 0.8216995596885681, 0.0, 41.47354507446289, 2.2250738585072014e-308, 0.0, 16.612576723098755, 499.35546875), (1000, 3000, 0.8, 11, 0.8220388293266296, 0.39784228801727295, 0.3210695040363325, 0.48625707626342773, 0.854898989200592, 0.9729318618774414, 37.70193099975586, 4.638563053499441e-06, 2.1507453478012863e-11, 10.168166160583496, 484.81640625), (1000, 3000, 0.8, 55, 0.8191598057746887, 0.4267790913581848, 0.0013488732188345132, 0.6384810209274292, 0.9063150882720947, 0.8652304410934448, 41.05031204223633, 2.9203310252832727e-123, 8.520390013220323e-246, 16.274110317230225, 495.78125), (1000, 3000, 0.8, 99, 0.9429619908332825, nan, 3.0434773328616387e-07, 0.6456496119499207, 0.9429619908332825, 0.0, 42.166053771972656, 2.2250738585072014e-308, 0.0, 28.22827124595642, 504.59765625)]
Completed job 15
starting the work inside Run_jobs
parameter combinations: [[1000, 3000, 0.6, 11], [1000, 3000, 0.6, 55], [1000, 3000, 0.6, 99], [1000, 4000, 1, 11], [1000, 4000, 1, 55], [1000, 4000, 1, 99]]
test name: nountill_S2M
Begin work on process
Begin work on process
Begin work on process
Begin work on process
Begin work on process
Begin work on process
[(1000, 3000, 0.6, 11, 0.3408828377723694, 0.08926993608474731, 0.10480816476229197, 0.5781365633010864, 0.8233734965324402, 0.773612380027771, 38.47511672973633, 1.2387679839562297e-14, 6.912343369884602e-29, 11.395509481430054, 482.09375), (1000, 3000, 0.6, 55, 0.9442752003669739, nan, 1.0899098878094704, 0.29467448592185974, 0.9442752003669739, 0.0, 41.35325622558594, 2.2250738585072014e-308, 0.0, 10.382354497909546, 496.9296875), (1000, 3000, 0.6, 99, 0.94547438621521, nan, 1.4724914810892205, 0.23006996512413025, 0.94547438621521, 0.0, 41.66596984863281, 2.2250738585072014e-308, 0.0, 12.371688842773438, 498.71875), (1000, 4000, 1, 11, 0.3337461054325104, 0.10080492496490479, 0.9674516615689795, 0.3127231001853943, 0.2977884113788605, 0.5750309228897095, 47.94355773925781, 5.446925118441357e-09, 1.7982776733047384e-17, 16.433145999908447, 621.00390625), (1000, 4000, 1, 55, 0.4645639955997467, 0.12326198816299438, 0.003357364467699661, 0.6411281824111938, 0.8949921727180481, 0.9593814015388489, 51.27650451660156, 1.1857087282073333e-85, 1.3805595829910593e-170, 19.931346654891968, 639.359375), (1000, 4000, 1, 99, 0.6659715175628662, nan, 0.4651832287803446, 0.541193425655365, 0.6659715175628662, 0.0, 51.45068359375, 2.2250738585072014e-308, 0.0, 20.84648084640503, 641.921875)]
Completed job 16
starting the work inside Run_jobs
parameter combinations: [[1000, 4000, 0.8, 11], [1000, 4000, 0.8, 55], [1000, 4000, 0.8, 99], [1000, 4000, 0.6, 11], [1000, 4000, 0.6, 55], [1000, 4000, 0.6, 99]]
test name: nountill_S2M
[(1000, 4000, 0.8, 11, 0.5617857575416565, 0.19992148876190186, 0.10995506315168137, 0.5105377435684204, 0.933189868927002, 0.7936020493507385, 48.0160026550293, 2.7939328384365936e-10, 2.285120859703542e-20, 42.92579984664917, 623.16015625), (1000, 4000, 0.8, 55, 1.021234393119812, 1.5461609363555908, 0.957766957035207, 0.34880319237709045, 0.2876436114311218, 0.8353033065795898, 50.96683883666992, 5.248197469539209e-100, 2.7543576677974455e-199, 30.251389026641846, 641.69921875), (1000, 4000, 0.8, 99, 0.9608778357505798, nan, 3.5508510666154856e-05, 0.6472228169441223, 0.9608778357505798, 0.0, 51.374454498291016, 2.2250738585072014e-308, 0.0, 31.109811067581177, 647.2421875), (1000, 4000, 0.6, 11, 0.3083561658859253, 0.05467057228088379, 1.4093414952497432, 0.2929728031158447, 0.8708285689353943, 0.9433431029319763, 48.159732818603516, 5.779019450407968e-20, 2.905395350267378e-39, 20.405949354171753, 629.12890625), (1000, 4000, 0.6, 55, 0.3428944945335388, nan, 1.2562037747992925, 0.3665221035480499, 0.3428944945335388, 0.0, 51.03514099121094, 2.2250738585072014e-308, 0.0, 26.79580020904541, 643.7578125), (1000, 4000, 0.6, 99, 0.9689674973487854, nan, 1.1217111929745058, 0.2774314880371094, 0.9689674973487854, 0.0, 51.5097770690918, 2.2250738585072014e-308, 0.0, 32.21690607070923, 656.11328125)]
Completed job 17
