starting the work inside Run_jobs
parameter combinations: [[350, 1000, 1, 11], [350, 1000, 1, 55], [350, 1000, 1, 99], [350, 1000, 0.8, 11], [350, 1000, 0.8, 55], [350, 1000, 0.8, 99]]
test name: nountill_S2E
[(350, 1000, 1, 11, 0.5504351258277893, 0.20865190029144287, 0.056772495451187455, 0.5594655871391296, 0.8350039720535278, 0.8666328191757202, 12.883856773376465, 25479251984.936573, 6.424718335327636e+20, 1.5415611267089844, 264.35546875), (350, 1000, 1, 55, 0.1947617530822754, 0.019313395023345947, 1.2646473640030693, 0.29973548650741577, 0.9847552180290222, 0.9946868419647217, 18.11042022705078, 1167093810.741458, 1.3612854418407887e+18, 1.8263821601867676, 288.33203125), (350, 1000, 1, 99, 0.8691027164459229, nan, 1.1309186196929382e-08, 0.6444191336631775, 0.8691027164459229, 0.0, 18.62757682800293, 2.2250738585072014e-308, 0.0, 2.0354108810424805, 294.0703125), (350, 1000, 0.8, 11, 0.3081132769584656, 0.05826914310455322, 1.214449897466271, 0.30915212631225586, 0.9114353656768799, 0.8276021480560303, 12.92261791229248, 288704.87888616923, 27615435292.493412, 1.5726349353790283, 290.234375), (350, 1000, 0.8, 55, 0.44800320267677307, 0.1273651123046875, 0.9106096410107821, 0.3622855246067047, 0.8328903913497925, 0.9145632982254028, 17.492511749267578, 2.842258262063464e-05, 8.078428135288952e-10, 1.673107624053955, 288.390625), (350, 1000, 0.8, 99, 0.6576216220855713, nan, 1.2517778116892622, 0.2797226011753082, 0.6576216220855713, 0.0, 17.971893310546875, 2.2250738585072014e-308, 0.0, 1.9319307804107666, 295.19140625)]
Completed job 0
starting the work inside Run_jobs
parameter combinations: [[350, 1000, 0.6, 11], [350, 1000, 0.6, 55], [350, 1000, 0.6, 99], [350, 2000, 1, 11], [350, 2000, 1, 55], [350, 2000, 1, 99]]
test name: nountill_S2E
[(350, 1000, 0.6, 11, 0.5507304668426514, 0.2306675910949707, 0.8678134487621918, 0.3730887472629547, 0.7720463275909424, 0.838985025882721, 13.114632606506348, 3945.829103575841, 12759539.990572385, 1.8855865001678467, 263.125), (350, 1000, 0.6, 55, 0.9377369284629822, nan, 0.9110241905400167, 0.3812659680843353, 0.9377369284629822, 0.0, 17.634889602661133, 2.2250738585072014e-308, 0.0, 4.036659240722656, 287.43359375), (350, 1000, 0.6, 99, 0.7498965263366699, nan, 0.22645149530990105, 0.6272198557853699, 0.7498965263366699, 0.0, 18.35722541809082, 2.2250738585072014e-308, 0.0, 2.1830894947052, 291.234375), (350, 2000, 1, 11, 0.3055863678455353, 0.09542030096054077, 0.35100553904723497, 0.5033772587776184, 0.7139713764190674, 0.6186000108718872, 28.209352493286133, 46868002.83988622, 401282052724387.1, 23.31423592567444, 380.53125), (350, 2000, 1, 55, 0.5656749606132507, 0.1793057918548584, 0.9942519345500352, 0.35894763469696045, 0.9274661540985107, 0.9590765833854675, 31.364479064941406, 1.3074051575207619e+25, 1.7093082459118854e+50, 64.68343329429626, 387.9140625), (350, 2000, 1, 99, 0.8778758645057678, nan, 1.190793629723233, 0.3104085326194763, 0.8778758645057678, 0.0, 32.36818313598633, 2.2250738585072014e-308, 0.0, 188.03049659729004, 390.82421875)]
Completed job 1
starting the work inside Run_jobs
parameter combinations: [[350, 2000, 0.8, 11], [350, 2000, 0.8, 55], [350, 2000, 0.8, 99], [350, 2000, 0.6, 11], [350, 2000, 0.6, 55], [350, 2000, 0.6, 99]]
test name: nountill_S2E
[(350, 2000, 0.8, 11, 0.3963239789009094, 0.12425196170806885, 1.2755175957518101, 0.2191557139158249, 0.8176790475845337, 0.6807885766029358, 28.227069854736328, 571687.1812814593, 53988868357.66342, 8.108121156692505, 356.83203125), (350, 2000, 0.8, 55, 0.8733074069023132, 0.4857141971588135, 1.0085564438155825, 0.28265559673309326, 0.9619079828262329, 0.7812680006027222, 31.41245460510254, 3.1492409205683504e-31, 9.917718375782192e-62, 51.798834800720215, 380.69140625), (350, 2000, 0.8, 99, 0.9578648805618286, nan, 7.941421563072699e-07, 0.6349982619285583, 0.9578648805618286, 0.0, 31.650066375732422, 2.2250738585072014e-308, 0.0, 124.63473725318909, 384.03515625), (350, 2000, 0.6, 11, 0.32813024520874023, 0.0591813325881958, 0.43619903465429366, 0.4570674002170563, 0.9546028971672058, 0.9528728723526001, 27.85283088684082, 0.00017203916832021825, 2.8676224560844996e-08, 25.125975370407104, 383.765625), (350, 2000, 0.6, 55, 0.4703181982040405, nan, 1.1699429168113982, 0.313774436712265, 0.4703181982040405, 0.0, 31.917434692382812, 2.2250738585072014e-308, 0.0, 54.058364152908325, 383.8359375), (350, 2000, 0.6, 99, 0.9623544216156006, nan, 1.69402016831084e-07, 0.63808274269104, 0.9623544216156006, 0.0, 31.964317321777344, 2.2250738585072014e-308, 0.0, 142.62824273109436, 385.609375)]
Completed job 2
starting the work inside Run_jobs
parameter combinations: [[350, 3000, 1, 11], [350, 3000, 1, 55], [350, 3000, 1, 99], [350, 3000, 0.8, 11], [350, 3000, 0.8, 55], [350, 3000, 0.8, 99]]
test name: nountill_S2E
Begin work on process
Begin work on process
Begin work on process
Begin work on process
Begin work on process
Begin work on process
[(350, 3000, 1, 11, 0.497189998626709, 0.15287113189697266, 1.180760575602928, 0.27720358967781067, 0.9353933334350586, 0.8039385080337524, 39.271663665771484, 758152229.7288883, 1.4778076701820173e+17, 7.040471792221069, 422.34375), (350, 3000, 1, 55, 0.22459208965301514, 0.027191162109375, 1.4170713733654992, 0.31182682514190674, 0.9697049856185913, 0.9431594014167786, 42.118648529052734, 1.736066766528078e+19, 2.972665242319268e+38, 8.503539562225342, 433.88671875), (350, 3000, 1, 99, 0.8765191435813904, nan, 2.835041355830476e-06, 0.6371064186096191, 0.8765191435813904, 0.0, 42.47260284423828, 2.2250738585072014e-308, 0.0, 9.16794753074646, 434.9921875), (350, 3000, 0.8, 11, 0.300773024559021, 0.059186458587646484, 1.2578790581118482, 0.22333866357803345, 0.8866664171218872, 0.8466994166374207, 39.41105651855469, 6493434.579842015, 11412769463669.863, 6.984674692153931, 422.87109375), (350, 3000, 0.8, 55, 0.4674229323863983, 0.14385974407196045, 0.7593274346043513, 0.37574324011802673, 0.8683182597160339, 0.8743755221366882, 42.09478759765625, 3.388390063163078e-14, 1.0613755906650725e-27, 8.406163454055786, 434.27734375), (350, 3000, 0.8, 99, 0.8788592219352722, nan, 1.0217604151110564, 0.2875749468803406, 0.8788592219352722, 0.0, 42.695350646972656, 2.2250738585072014e-308, 0.0, 9.31179690361023, 444.3203125)]
Completed job 3
starting the work inside Run_jobs
parameter combinations: [[350, 3000, 0.6, 11], [350, 3000, 0.6, 55], [350, 3000, 0.6, 99], [350, 4000, 1, 11], [350, 4000, 1, 55], [350, 4000, 1, 99]]
test name: nountill_S2E
[(350, 3000, 0.6, 11, 0.20078366994857788, 0.025562047958374023, 0.0963293010755148, 0.5715383291244507, 0.8865949511528015, 0.8386006355285645, 38.84968566894531, 159.77788004206315, 7939.020402166175, 7.057007551193237, 423.2578125), (350, 3000, 0.6, 55, 0.8722947239875793, nan, 0.0024736388841509332, 0.635504961013794, 0.8722947239875793, 0.0, 41.94055938720703, 2.2250738585072014e-308, 0.0, 8.297613620758057, 434.83203125), (350, 3000, 0.6, 99, 0.5410827994346619, nan, 0.9361629557397564, 0.37133070826530457, 0.5410827994346619, 0.0, 42.83523178100586, 2.2250738585072014e-308, 0.0, 9.221746683120728, 435.046875), (350, 4000, 1, 11, 0.531362771987915, 1.6751373410224915, 0.7907720756587439, 0.3610665500164032, 0.48607292771339417, 0.06397217512130737, 48.448001861572266, 18810601219.365322, 3.1356011858517125e+20, 13.19371747970581, 546.41015625), (350, 4000, 1, 55, 0.2494022697210312, 0.041178107261657715, 0.45100298702305824, 0.5880153775215149, 0.7021887302398682, 0.8230414390563965, 51.32532501220703, 1.434919408407489e+20, 9.239409525595028e+39, 15.496439933776855, 567.34375), (350, 4000, 1, 99, 0.9466025829315186, nan, 7.232592710507854e-06, 0.6362023949623108, 0.9466025829315186, 0.0, 51.55739212036133, 2.2250738585072014e-308, 0.0, 17.716243267059326, 566.9609375)]
Completed job 4
starting the work inside Run_jobs
parameter combinations: [[350, 4000, 0.8, 11], [350, 4000, 0.8, 55], [350, 4000, 0.8, 99], [350, 4000, 0.6, 11], [350, 4000, 0.6, 55], [350, 4000, 0.6, 99]]
test name: nountill_S2E
[(350, 4000, 0.8, 11, 0.6699638366699219, 0.3278512954711914, 1.0078309450170517, 0.3065333366394043, 0.8191990256309509, 0.8351422548294067, 48.550472259521484, 181430403.75988942, 3.0740962600658044e+16, 34.251919746398926, 546.33984375), (350, 4000, 0.8, 55, 0.4688902795314789, 0.14167732000350952, 0.17805001801466466, 0.6171203255653381, 0.9068484306335449, 0.8361784815788269, 51.295677185058594, 0.01195279819918275, 7.215364121566472e-05, 48.36278009414673, 566.6328125), (350, 4000, 0.8, 99, 0.8173088431358337, nan, 6.543798916065634e-07, 0.6478363275527954, 0.8173088431358337, 0.0, 51.28653335571289, 2.2250738585072014e-308, 0.0, 59.42760229110718, 569.78515625), (350, 4000, 0.6, 11, 0.237948477268219, 0.03162270784378052, 0.14763100627069697, 0.5685110092163086, 0.8500828146934509, 0.9310814738273621, 48.416934967041016, 82.78180773351728, 6107.235683993788, 35.05981731414795, 549.9765625), (350, 4000, 0.6, 55, 0.6385825276374817, nan, 0.8044756729151169, 0.3783514201641083, 0.6385825276374817, 0.0, 51.29636001586914, 2.2250738585072014e-308, 0.0, 48.928733825683594, 564.9140625), (350, 4000, 0.6, 99, 0.8489886522293091, nan, 1.1088896519258336, 0.25338220596313477, 0.8489886522293091, 0.0, 51.85393142700195, 2.2250738585072014e-308, 0.0, 55.29579973220825, 576.00390625)]
Completed job 5
starting the work inside Run_jobs
parameter combinations: [[600, 1000, 1, 11], [600, 1000, 1, 55], [600, 1000, 1, 99], [600, 1000, 0.8, 11], [600, 1000, 0.8, 55], [600, 1000, 0.8, 99]]
test name: nountill_S2E
[(600, 1000, 1, 11, 0.8404552340507507, 1.7363439798355103, 1.016471102955846, 0.18713557720184326, 0.5151322484016418, 0.3854621350765228, 10.86263656616211, 11601463.971165027, 40334160122502.66, 2.812201738357544, 274.7421875), (600, 1000, 1, 55, 0.6441848874092102, 0.331015944480896, 1.094024978219909, 0.26454779505729675, 0.5605728030204773, 0.8663062453269958, 15.32947063446045, 165544567938179.56, 2.5286624965487034e+28, 2.098942279815674, 307.0078125), (600, 1000, 1, 99, 0.5355153679847717, nan, 1.1617467977935108, 0.1565399318933487, 0.5355153679847717, 0.0, 16.52247428894043, 2.2250738585072014e-308, 0.0, 2.393195390701294, 305.01171875), (600, 1000, 0.8, 11, 0.44684216380119324, 0.16016697883605957, 0.4071222287392675, 0.4618180990219116, 0.7406979203224182, 0.42713606357574463, 10.723628997802734, 86344.93507014684, 1800501687.421648, 1.8275189399719238, 307.48828125), (600, 1000, 0.8, 55, 0.3723785877227783, 0.06532943248748779, 0.827137653530951, 0.417432576417923, 0.946943998336792, 1.0442349910736084, 16.21704864501953, 5.184129910187977e-27, 2.68752029257056e-53, 2.0455987453460693, 306.59375), (600, 1000, 0.8, 99, 0.8582624197006226, nan, 4.212829053099231e-05, 0.6473298668861389, 0.8582624197006226, 0.0, 15.65225887298584, 2.2250738585072014e-308, 0.0, 2.276540994644165, 307.69921875)]
Completed job 6
starting the work inside Run_jobs
parameter combinations: [[600, 1000, 0.6, 11], [600, 1000, 0.6, 55], [600, 1000, 0.6, 99], [600, 2000, 1, 11], [600, 2000, 1, 55], [600, 2000, 1, 99]]
test name: nountill_S2E
[(600, 1000, 0.6, 11, 0.40729406476020813, 0.08946949243545532, 1.0472451175939927, 0.29146745800971985, 0.8795579671859741, 0.9843032360076904, 10.246788024902344, 100.91209157623514, 10060.37471037078, 2.3236639499664307, 275.1875), (600, 1000, 0.6, 55, 0.9138641357421875, nan, 0.3349509531061756, 0.533953845500946, 0.9138641357421875, 0.0, 15.811175346374512, 2.2250738585072014e-308, 0.0, 3.7315328121185303, 306.4453125), (600, 1000, 0.6, 99, 0.9180601239204407, nan, 1.1421432433349443, 0.1977568119764328, 0.9180601239204407, 0.0, 15.999783515930176, 2.2250738585072014e-308, 0.0, 7.11416220664978, 306.01953125), (600, 2000, 1, 11, 0.2358446717262268, 0.1659635305404663, 0.9293744536691976, 0.3955953121185303, 0.4039193093776703, 0.25966739654541016, 27.125497817993164, 361367992.3327846, 1.7328239809048986e+16, 22.096766710281372, 406.484375), (600, 2000, 1, 55, 0.6565808057785034, 0.24905025959014893, 1.3294167253075695, 0.3051430583000183, 0.9479691386222839, 0.9099208116531372, 30.86648178100586, 5.091866449941143e+22, 2.5913019703614903e+45, 15.032365083694458, 395.54296875), (600, 2000, 1, 99, 0.9143782258033752, nan, 1.2257323624701153, 0.30553245544433594, 0.9143782258033752, 0.0, 30.86661720275879, 2.2250738585072014e-308, 0.0, 107.40972304344177, 421.9765625)]
Completed job 7
starting the work inside Run_jobs
parameter combinations: [[600, 2000, 0.8, 11], [600, 2000, 0.8, 55], [600, 2000, 0.8, 99], [600, 2000, 0.6, 11], [600, 2000, 0.6, 55], [600, 2000, 0.6, 99]]
test name: nountill_S2E
[(600, 2000, 0.8, 11, 0.4229040741920471, 0.09978723526000977, 0.7461493321492345, 0.42287638783454895, 0.9607811570167542, 0.9266510009765625, 27.96014404296875, 2026085.2692218723, 1007827041277.3962, 4.4795637130737305, 375.0703125), (600, 2000, 0.8, 55, 0.7094977498054504, 0.24165236949920654, 0.8897924576641366, 0.2889351546764374, 0.38573163747787476, 0.9559681415557861, 31.39631462097168, 0.008802210374736016, 7.654156654502778e-05, 6.169761419296265, 395.74609375), (600, 2000, 0.8, 99, 0.2566591799259186, nan, 1.0536234358212069, 0.23635275661945343, 0.2566591799259186, 0.0, 30.720346450805664, 2.2250738585072014e-308, 0.0, 6.9807751178741455, 398.45703125), (600, 2000, 0.6, 11, 0.6309346556663513, 1.6766908168792725, 1.0523510272968704, 0.10117246955633163, 0.4712892770767212, 0.2080298811197281, 26.791608810424805, 68.80438510648078, 3374.9313431028213, 4.498080492019653, 399.390625), (600, 2000, 0.6, 55, 0.44052788615226746, nan, 1.09991762776245, 0.29744118452072144, 0.44052788615226746, 0.0, 30.833993911743164, 2.2250738585072014e-308, 0.0, 6.2689619064331055, 399.77734375), (600, 2000, 0.6, 99, 0.7085937857627869, nan, 0.3492225080432573, 0.5576995611190796, 0.7085937857627869, 0.0, 31.04397201538086, 2.2250738585072014e-308, 0.0, 6.658601760864258, 400.48828125)]
Completed job 8
starting the work inside Run_jobs
parameter combinations: [[600, 3000, 1, 11], [600, 3000, 1, 55], [600, 3000, 1, 99], [600, 3000, 0.8, 11], [600, 3000, 0.8, 55], [600, 3000, 0.8, 99]]
test name: nountill_S2E
Begin work on process
Begin work on process
Begin work on process
Begin work on process
Begin work on process
Begin work on process
[(600, 3000, 1, 11, 0.5209468007087708, 1.0991322845220566, 1.2153538651521454, 0.436604768037796, 0.1737174540758133, 0.47420990467071533, 38.52745819091797, 9605149711.871084, 2.0611377697629094e+19, 8.349796295166016, 442.75390625), (600, 3000, 1, 55, 0.5085475444793701, 0.14494651556015015, 5.800477486676003e-05, 0.6444060206413269, 0.9667080044746399, 0.912264883518219, 42.130393981933594, 8.277831502430045e+16, 6.658275963962356e+33, 8.595009088516235, 457.03125), (600, 3000, 1, 99, 0.8936989307403564, nan, 1.4590597309124453, 0.27222853899002075, 0.8936989307403564, 0.0, 42.035457611083984, 2.2250738585072014e-308, 0.0, 9.567810773849487, 459.890625), (600, 3000, 0.8, 11, 0.2898760139942169, 0.07467752695083618, 1.3084981522985997, 0.31703296303749084, 0.5587303638458252, 0.7148523926734924, 38.65666198730469, 33776243.35850175, 596147042967603.0, 7.160964488983154, 445.80078125), (600, 3000, 0.8, 55, 0.632296085357666, 0.2696848511695862, 0.7618207105438002, 0.4422072768211365, 0.8642734289169312, 0.8575388789176941, 42.02330780029297, 1.7955265450076027e-05, 3.2239155735983675e-10, 8.618133306503296, 456.109375), (600, 3000, 0.8, 99, 0.691699206829071, nan, 0.48301404100844514, 0.549553632736206, 0.691699206829071, 0.0, 42.15402603149414, 2.2250738585072014e-308, 0.0, 9.378950595855713, 464.9453125)]
Completed job 9
starting the work inside Run_jobs
parameter combinations: [[600, 3000, 0.6, 11], [600, 3000, 0.6, 55], [600, 3000, 0.6, 99], [600, 4000, 1, 11], [600, 4000, 1, 55], [600, 4000, 1, 99]]
test name: nountill_S2E
[(600, 3000, 0.6, 11, 0.42277154326438904, 0.18040096759796143, 1.0495440853495754, 0.31825903058052063, 0.21105340123176575, 0.5780891180038452, 38.617652893066406, 1156.7160111705462, 469357.78712175996, 7.637456655502319, 443.16015625), (600, 3000, 0.6, 55, 0.595518946647644, nan, 0.29409592735041823, 0.6006454229354858, 0.595518946647644, 0.0, 41.58203125, 2.2250738585072014e-308, 0.0, 8.795492887496948, 456.53125), (600, 3000, 0.6, 99, 0.6346202492713928, nan, 1.0380351364280396, 0.33359333872795105, 0.6346202492713928, 0.0, 42.49605178833008, 2.2250738585072014e-308, 0.0, 9.475455045700073, 458.6640625), (600, 4000, 1, 11, 0.9265255928039551, 0.8279448747634888, 1.0825436511301474, 0.28953447937965393, 0.9076278209686279, 0.39916250109672546, 48.10771942138672, 9558.580658406478, 34104679.1227447, 13.669785499572754, 574.640625), (600, 4000, 1, 55, 0.306563138961792, 0.050028443336486816, 0.8335449860626833, 0.4196472764015198, 0.9427928328514099, 0.9809303879737854, 51.11201095581055, 13679603.431622138, 187045571151857.1, 16.105490684509277, 592.30078125), (600, 4000, 1, 99, 0.9149443507194519, nan, 1.4468192335714714, 0.21606719493865967, 0.9149443507194519, 0.0, 51.43193054199219, 2.2250738585072014e-308, 0.0, 18.418583869934082, 593.6171875)]
Completed job 10
starting the work inside Run_jobs
parameter combinations: [[600, 4000, 0.8, 11], [600, 4000, 0.8, 55], [600, 4000, 0.8, 99], [600, 4000, 0.6, 11], [600, 4000, 0.6, 55], [600, 4000, 0.6, 99]]
test name: nountill_S2E
[(600, 4000, 0.8, 11, 0.9878640174865723, 1.6740733981132507, 1.3223203534051873, 0.1766481101512909, 0.8358748555183411, 0.20769737660884857, 48.34477615356445, 31181447.86476727, 610091619585176.2, 14.034856796264648, 576.2734375), (600, 4000, 0.8, 55, 0.5222263932228088, 0.14868801832199097, 1.3894978844655033, 0.18280893564224243, 0.9266930818557739, 0.9795161485671997, 51.083465576171875, 0.20641846525322524, 0.042422772158854004, 25.646847248077393, 594.85546875), (600, 4000, 0.8, 99, 0.4305399954319, nan, 0.9464764083771301, 0.21674571931362152, 0.4305399954319, 0.0, 51.431617736816406, 2.2250738585072014e-308, 0.0, 19.76059651374817, 597.86328125), (600, 4000, 0.6, 11, 0.3109198808670044, 0.10235834121704102, 1.1876451357627775, 0.2182978391647339, 0.3681524991989136, 0.5956947207450867, 48.34526443481445, 388.9737138614661, 121081.90724186305, 15.332372903823853, 577.85546875), (600, 4000, 0.6, 55, 0.8819270730018616, nan, 0.8055936236679707, 0.42926424741744995, 0.8819270730018616, 0.0, 51.739280700683594, 2.2250738585072014e-308, 0.0, 16.085525035858154, 594.87109375), (600, 4000, 0.6, 99, 0.9433177709579468, nan, 1.1366670639579224, 0.3210389316082001, 0.9433177709579468, 0.0, 51.55679702758789, 2.2250738585072014e-308, 0.0, 20.53679919242859, 605.65625)]
Completed job 11
starting the work inside Run_jobs
parameter combinations: [[1000, 1000, 1, 11], [1000, 1000, 1, 55], [1000, 1000, 1, 99], [1000, 1000, 0.8, 11], [1000, 1000, 0.8, 55], [1000, 1000, 0.8, 99]]
test name: nountill_S2E
Begin work on process
Begin work on process
Begin work on process
Begin work on process
Begin work on process
Begin work on process
[(1000, 1000, 1, 11, 0.4149213135242462, 0.12185025215148926, 1.3883506806176866, 0.17534229159355164, 0.8535625338554382, 0.8232066631317139, 7.873876571655273, 172316252.09083086, 1.343068943490752e+16, 1.948378324508667, 294.296875), (1000, 1000, 1, 55, 0.44765546917915344, 0.15870225429534912, 1.1303229422375733, 0.3113282024860382, 0.6667184829711914, 0.8264279365539551, 13.076497077941895, 3.4199593865660166e+21, 1.1696121331687903e+43, 2.4063878059387207, 335.0390625), (1000, 1000, 1, 99, 0.8218607902526855, nan, 1.18610177866194, 0.2118350863456726, 0.8218607902526855, 0.0, 13.892232894897461, 2.2250738585072014e-308, 0.0, 2.58524489402771, 337.3828125), (1000, 1000, 0.8, 11, 0.44088783860206604, 0.12885737419128418, 0.8748744220982767, 0.33811458945274353, 0.8864374160766602, 0.7020392417907715, 8.185212135314941, 354336.7729236538, 61897071432.86124, 1.854710340499878, 334.19140625), (1000, 1000, 0.8, 55, 0.718439519405365, 0.3049865961074829, 0.0015541442974090153, 0.6471785306930542, 0.8751892447471619, 0.9549531936645508, 13.114651679992676, 2.7538036293486862e-09, 7.583434429013997e-18, 2.3228628635406494, 335.89453125), (1000, 1000, 0.8, 99, 0.9085609912872314, nan, 1.230964445728093, 0.3241675794124603, 0.9085609912872314, 0.0, 13.228540420532227, 2.2250738585072014e-308, 0.0, 2.6824135780334473, 337.48828125)]
Completed job 12
starting the work inside Run_jobs
parameter combinations: [[1000, 1000, 0.6, 11], [1000, 1000, 0.6, 55], [1000, 1000, 0.6, 99], [1000, 2000, 1, 11], [1000, 2000, 1, 55], [1000, 2000, 1, 99]]
test name: nountill_S2E
[(1000, 1000, 0.6, 11, 0.6668916940689087, 1.7407585382461548, 1.298801950737032, 0.29095908999443054, 0.4794635772705078, 0.22878766059875488, 7.141289234161377, 8.556024642967928e-06, 3.996619938854027e-11, 3.4487144947052, 293.90625), (1000, 1000, 0.6, 55, 0.7615078091621399, nan, 0.5019857634493714, 0.5543233156204224, 0.7615078091621399, 0.0, 12.961264610290527, 2.2250738585072014e-308, 0.0, 5.964940786361694, 333.64453125), (1000, 1000, 0.6, 99, 0.9726910591125488, nan, 0.8131258432534243, 0.423392653465271, 0.9726910591125488, 0.0, 13.52750015258789, 2.2250738585072014e-308, 0.0, 8.923436164855957, 337.43359375), (1000, 2000, 1, 11, 0.31289175152778625, 0.10784423351287842, 0.5797761812194354, 0.46724212169647217, 0.6926454305648804, 0.6196141839027405, 26.566822052001953, 1634167929.5702121, 5.2773888463575014e+17, 10.009775876998901, 437.15625), (1000, 2000, 1, 55, 0.38689491152763367, 0.10941827297210693, 0.05490619885025425, 0.6363745331764221, 0.8415809869766235, 0.8058390617370605, 29.694429397583008, 4.720981402835247e+22, 9.282675466077176e+44, 129.85035490989685, 442.73828125), (1000, 2000, 1, 99, 0.9707213640213013, nan, 7.038394350568982e-05, 0.6493224501609802, 0.9707213640213013, 0.0, 30.540897369384766, 2.2250738585072014e-308, 0.0, 133.06168961524963, 433.7578125)]
Completed job 13
starting the work inside Run_jobs
parameter combinations: [[1000, 2000, 0.8, 11], [1000, 2000, 0.8, 55], [1000, 2000, 0.8, 99], [1000, 2000, 0.6, 11], [1000, 2000, 0.6, 55], [1000, 2000, 0.6, 99]]
test name: nountill_S2E
Begin work on process
Begin work on process
Begin work on process
Begin work on process
Begin work on process
Begin work on process
[(1000, 2000, 0.8, 11, 0.21054065227508545, 0.028332412242889404, 0.9492253743765847, 0.3444879353046417, 0.888261616230011, 0.8472390174865723, 25.686866760253906, 108976.78029502562, 3224945555.726731, 4.858503818511963, 406.0859375), (1000, 2000, 0.8, 55, 1.1544289588928223, 1.5053433775901794, 1.0253875160958674, 0.31252652406692505, 0.41809260845184326, 0.8853253722190857, 30.01258087158203, 4.3415888062165376e-08, 1.8841382935350938e-15, 6.743258237838745, 435.484375), (1000, 2000, 0.8, 99, 0.9605934619903564, nan, 1.0408387881288061, 0.3106120824813843, 0.9605934619903564, 0.0, 30.57339096069336, 2.2250738585072014e-308, 0.0, 7.321107387542725, 435.22265625), (1000, 2000, 0.6, 11, 0.3050508201122284, 0.05650520324707031, 1.5047919298417023, 0.20256607234477997, 0.907716691493988, 0.9071421027183533, 26.225900650024414, 1077.2187940256192, 703152.1655918297, 4.734219789505005, 435.9609375), (1000, 2000, 0.6, 55, 0.9392877817153931, nan, 0.9219235664532168, 0.3778632581233978, 0.9392877817153931, 0.0, 29.795137405395508, 2.2250738585072014e-308, 0.0, 6.58123254776001, 435.703125), (1000, 2000, 0.6, 99, 0.8299855589866638, nan, 0.8663376447429523, 0.40154120326042175, 0.8299855589866638, 0.0, 30.11224937438965, 2.2250738585072014e-308, 0.0, 7.6848366260528564, 437.4453125)]
Completed job 14
starting the work inside Run_jobs
parameter combinations: [[1000, 3000, 1, 11], [1000, 3000, 1, 55], [1000, 3000, 1, 99], [1000, 3000, 0.8, 11], [1000, 3000, 0.8, 55], [1000, 3000, 0.8, 99]]
test name: nountill_S2E
[(1000, 3000, 1, 11, 0.45454034209251404, 0.1330016851425171, 0.009818953145762971, 0.5766180753707886, 0.8986165523529053, 0.8571401834487915, 38.358219146728516, 1106380707.494163, 2.170955885982474e+17, 10.72732949256897, 481.2109375), (1000, 3000, 1, 55, 0.44049182534217834, 0.10440486669540405, 1.5593444583621503, 0.328599214553833, 0.9713019728660583, 0.9554597735404968, 41.244300842285156, 8.990545140050813e+17, 4.398402725568201e+35, 14.395522356033325, 496.08203125), (1000, 3000, 1, 99, 0.9796501994132996, nan, 6.091570862803867e-06, 0.6414958834648132, 0.9796501994132996, 0.0, 41.713626861572266, 2.2250738585072014e-308, 0.0, 14.79144549369812, 496.8984375), (1000, 3000, 0.8, 11, 0.23529072105884552, 0.03232461214065552, 0.8361064599516501, 0.3733912706375122, 0.9299089908599854, 0.8808678388595581, 37.87374496459961, 33371048.371452443, 420068289770942.3, 10.912361145019531, 484.4609375), (1000, 3000, 0.8, 55, 0.5925114750862122, 0.20665395259857178, 0.48592944453439096, 0.5478861331939697, 0.9302037954330444, 0.9123112559318542, 41.43730163574219, 36484.30241412217, 1329903252.1649637, 13.903327465057373, 494.42578125), (1000, 3000, 0.8, 99, 0.8297314047813416, nan, 0.0002597470541181014, 0.6400730013847351, 0.8297314047813416, 0.0, 41.77348709106445, 2.2250738585072014e-308, 0.0, 16.42932915687561, 500.734375)]
Completed job 15
starting the work inside Run_jobs
parameter combinations: [[1000, 3000, 0.6, 11], [1000, 3000, 0.6, 55], [1000, 3000, 0.6, 99], [1000, 4000, 1, 11], [1000, 4000, 1, 55], [1000, 4000, 1, 99]]
test name: nountill_S2E
[(1000, 3000, 0.6, 11, 0.3326583802700043, 0.041789472103118896, 1.0630788427364528, 0.2979755103588104, 0.9727552533149719, 0.7498126029968262, 37.92661666870117, 0.005946827227891563, 1.5540686498262215e-05, 18.582608222961426, 481.73828125), (1000, 3000, 0.6, 55, 0.7745705842971802, nan, 1.1283203640870691, 0.20447249710559845, 0.7745705842971802, 0.0, 41.509765625, 2.2250738585072014e-308, 0.0, 27.33700203895569, 495.5703125), (1000, 3000, 0.6, 99, 0.9711140990257263, nan, 1.0818101362743429, 0.32906293869018555, 0.9711140990257263, 0.0, 41.7379035949707, 2.2250738585072014e-308, 0.0, 32.869375467300415, 497.12890625), (1000, 4000, 1, 11, 0.5997649431228638, 0.890120804309845, 1.0325564449831224, 0.32163241505622864, 0.5871012806892395, 0.2030438482761383, 47.984378814697266, 590992633.0191736, 8.020858940827702e+16, 38.34507083892822, 620.96484375), (1000, 4000, 1, 55, 0.712449312210083, 0.3615291714668274, 0.01049104950961365, 0.629295289516449, 0.7643275856971741, 0.8899129629135132, 51.1704216003418, 1.4525514182773983e+23, 2.084262693054582e+46, 74.94586420059204, 639.2890625), (1000, 4000, 1, 99, 0.89239501953125, nan, 1.1794432917231463, 0.3106726109981537, 0.89239501953125, 0.0, 51.15153884887695, 2.2250738585072014e-308, 0.0, 123.57048034667969, 643.73828125)]
Completed job 16
starting the work inside Run_jobs
parameter combinations: [[1000, 4000, 0.8, 11], [1000, 4000, 0.8, 55], [1000, 4000, 0.8, 99], [1000, 4000, 0.6, 11], [1000, 4000, 0.6, 55], [1000, 4000, 0.6, 99]]
test name: nountill_S2E
[(1000, 4000, 0.8, 11, 0.25627556443214417, 0.07252955436706543, 0.9670845804639421, 0.32035577297210693, 0.6841785907745361, 0.6499660611152649, 48.28305435180664, 45642606.20891256, 473327891879341.44, 15.797770023345947, 623.19921875), (1000, 4000, 0.8, 55, 0.8176826238632202, 0.4432274103164673, 0.0005939460896403282, 0.641101062297821, 0.8646611571311951, 0.8722310066223145, 51.296669006347656, 5.372062864891372e-10, 2.875629886039574e-19, 18.441821098327637, 641.765625), (1000, 4000, 0.8, 99, 0.9189212322235107, nan, 0.777684904444678, 0.446590393781662, 0.9189212322235107, 0.0, 51.499298095703125, 2.2250738585072014e-308, 0.0, 21.092188358306885, 647.5546875), (1000, 4000, 0.6, 11, 0.21757997572422028, 0.025748610496520996, 0.9179171847637899, 0.35368847846984863, 0.9454033374786377, 0.964719831943512, 48.293434143066406, 0.3251140528111451, 0.10415626488000622, 15.480899333953857, 628.7265625), (1000, 4000, 0.6, 55, 0.9175530672073364, nan, 1.136432315410304, 0.3186196982860565, 0.9175530672073364, 0.0, 50.85887908935547, 2.2250738585072014e-308, 0.0, 18.174540758132935, 644.35546875), (1000, 4000, 0.6, 99, 0.8168296813964844, nan, 0.3767652667302336, 0.5508530735969543, 0.8168296813964844, 0.0, 50.92740249633789, 2.2250738585072014e-308, 0.0, 21.3160982131958, 655.09375)]
Completed job 17
