starting the work inside Run_jobs
parameter combinations: [[350, 1000, 1, 11], [350, 1000, 1, 55], [350, 1000, 1, 99], [350, 1000, 0.8, 11], [350, 1000, 0.8, 55], [350, 1000, 0.8, 99]]
test name: nountill_S2S
[(350, 1000, 1, 11, 0.12128125876188278, 0.07468628883361816, 1.4347637014012042, 0.3295615315437317, 0.3167050778865814, 0.3099703788757324, 13.190690994262695, 509.6803696998689, 10197.968344737445, 1.4828519821166992, 262.421875), (350, 1000, 1, 55, 0.5719357132911682, 0.323677122592926, 1.0263614235735936, 0.3600044846534729, 0.35054245591163635, 0.7474105358123779, 17.944032669067383, 35.753007485627265, 884.7804993694252, 2.154763698577881, 285.4140625), (350, 1000, 1, 99, 0.6212591528892517, 0.26024484634399414, 0.0014994669738353653, 0.6405490040779114, 0.641067624092102, 0.9213259220123291, 18.438753128051758, 2.43831382246426e-09, 5.944359063805983e-18, 1.8865392208099365, 289.12890625), (350, 1000, 0.8, 11, 0.2590968906879425, 0.10260128974914551, 1.0113200249846985, 0.24517032504081726, 0.5776948928833008, 0.5649189949035645, 13.114659309387207, 1598.289666301173, 631161.9557242646, 1.4147355556488037, 289.33203125), (350, 1000, 0.8, 55, 0.669316291809082, 0.19894874095916748, 1.3313613089028007, 0.2288552075624466, 0.29438015818595886, 0.8815167546272278, 18.082780838012695, 0.0003104461527129473, 6.148010730829069e-08, 1.8799114227294922, 287.1328125), (350, 1000, 0.8, 99, 0.7719958424568176, 0.2806047797203064, 1.3399839149846173, 0.15100792050361633, 0.3313554525375366, 0.9752637147903442, 18.38443946838379, 8.622551132688126e-15, 7.431958779343505e-29, 2.068279981613159, 288.9375)]
Completed job 0
starting the work inside Run_jobs
parameter combinations: [[350, 1000, 0.6, 11], [350, 1000, 0.6, 55], [350, 1000, 0.6, 99], [350, 2000, 1, 11], [350, 2000, 1, 55], [350, 2000, 1, 99]]
test name: nountill_S2S
[(350, 1000, 0.6, 11, 0.32716354727745056, 0.12497007846832275, 1.296253493482671, 0.18892692029476166, 0.6446571946144104, 0.6623567342758179, 12.999756813049316, 16.571824888122947, 62.29749073762149, 1.4511206150054932, 262.8515625), (350, 1000, 0.6, 55, 0.6785394549369812, 0.3029003143310547, 0.21904369185152867, 0.6362916231155396, 0.6661190986633301, 0.9463509917259216, 17.971837997436523, 3.238994848093403e-22, 1.044908120109821e-43, 1.7258484363555908, 286.82421875), (350, 1000, 0.6, 99, 0.8402043581008911, 0.49610233306884766, 1.743779668376604e-07, 0.6573677062988281, 0.7168770432472229, 0.929141104221344, 18.357236862182617, 8.255219512555645e-35, 6.627290436651167e-69, 1.9069952964782715, 287.78515625), (350, 2000, 1, 11, 0.36610865592956543, 0.45925068855285645, 1.2161012270888172, 0.240265890955925, 0.3712104558944702, 0.391864150762558, 28.08514404296875, 1977.2598972711862, 294219.20705824596, 4.059094190597534, 375.734375), (350, 2000, 1, 55, 0.5342879295349121, 0.18601137399673462, 1.229541655215293, 0.33987388014793396, 0.2853831350803375, 0.7402186989784241, 32.135807037353516, 30.58548835701398, 520.588432552643, 5.441779136657715, 382.3203125), (350, 2000, 1, 99, 0.43721020221710205, 0.18495965003967285, 6.404975814943013e-07, 0.6455125212669373, 0.6451264023780823, 0.7525966763496399, 32.02669143676758, 1.1438970148097814e-07, 4.5041051418774485e-15, 6.117792129516602, 384.80078125)]
Completed job 1
starting the work inside Run_jobs
parameter combinations: [[350, 2000, 0.8, 11], [350, 2000, 0.8, 55], [350, 2000, 0.8, 99], [350, 2000, 0.6, 11], [350, 2000, 0.6, 55], [350, 2000, 0.6, 99]]
test name: nountill_S2S
Begin work on process
Begin work on process
Begin work on process
Begin work on process
Begin work on process
Begin work on process
[(350, 2000, 0.8, 11, 0.1301029771566391, 0.019238173961639404, 0.444031294700757, 0.5481044054031372, 0.5098104476928711, 0.5838039517402649, 27.960342407226562, 1537.4210541198122, 65949.13295807049, 30.370006322860718, 355.16796875), (350, 2000, 0.8, 55, 0.7883146405220032, 0.599347323179245, 1.129920265015178, 0.2501419484615326, 0.22146552801132202, 0.8504828810691833, 31.917348861694336, 0.001496682804020069, 1.883965375206276e-06, 61.09769129753113, 374.52734375), (350, 2000, 0.8, 99, 0.7439863681793213, 0.3768059015274048, 0.17876998570030567, 0.6011051535606384, 0.6147216558456421, 0.9508866667747498, 32.27553176879883, 1.3739216079818678e-14, 1.5300198472714163e-28, 108.4514570236206, 386.9375), (350, 2000, 0.6, 11, 0.2617971897125244, 0.2613149881362915, 1.046063195000064, 0.34837594628334045, 0.37331143021583557, 0.34800705313682556, 28.08509063720703, 535.8716332151924, 138696.01896274777, 23.836920976638794, 388.26171875), (350, 2000, 0.6, 55, 0.575707197189331, 0.2265598177909851, 0.8852556478375039, 0.42278462648391724, 0.4031177759170532, 0.8276810646057129, 31.586767196655273, 3.0202278433002865e-29, 4.5388975157429865e-58, 53.33501625061035, 394.578125), (350, 2000, 0.6, 99, 0.795983076095581, 0.39463168382644653, 6.630557810041252e-07, 0.644741952419281, 0.7074297070503235, 0.9908708333969116, 32.32194137573242, 2.8981378434147367e-48, 8.345313014901394e-96, 20.4310040473938, 399.30078125)]
Completed job 2
starting the work inside Run_jobs
parameter combinations: [[350, 3000, 1, 11], [350, 3000, 1, 55], [350, 3000, 1, 99], [350, 3000, 0.8, 11], [350, 3000, 0.8, 55], [350, 3000, 0.8, 99]]
test name: nountill_S2S
[(350, 3000, 1, 11, 0.16512197256088257, 0.11485731601715088, 1.2591131945303804, 0.2862154543399811, 0.2980026602745056, 0.3534233570098877, 38.93986129760742, 1365.94243604218, 72194.81681463959, 7.079980373382568, 419.140625), (350, 3000, 1, 55, 0.622340202331543, 0.2447422742843628, 0.5611834199292859, 0.6388319134712219, 0.5361962914466858, 0.9185788631439209, 42.36682891845703, 1.124886617939354, 0.6261729912572018, 8.192118167877197, 427.35546875), (350, 3000, 1, 99, 0.759941041469574, 0.7571602016687393, 1.2405785827783784, 0.2982390820980072, 0.2907598912715912, 0.7762670516967773, 42.66023635864258, 0.0030325583820259637, 9.196410340086452e-06, 9.029813766479492, 433.42578125), (350, 3000, 0.8, 11, 0.21405532956123352, 0.0787588357925415, 0.2584078640786891, 0.50899338722229, 0.5496139526367188, 0.4957827031612396, 38.95246887207031, 962.3722992490123, 78951.0593632333, 6.8165283203125, 421.359375), (350, 3000, 0.8, 55, 0.7790085673332214, 1.2237423211336136, 1.2101728601761514, 0.2937204837799072, 0.3041250705718994, 0.652366042137146, 42.17780303955078, 4.772400375438115, 22.194252288817033, 8.076598405838013, 429.9296875), (350, 3000, 0.8, 99, 0.49825364351272583, 0.36164695024490356, 1.1231287031927886, 0.3155784606933594, 0.47585928440093994, 0.6415361762046814, 43.05653381347656, 1.8299138086999583e-07, 1.7916021961625335e-14, 8.969662427902222, 432.08984375)]
Completed job 3
starting the work inside Run_jobs
parameter combinations: [[350, 3000, 0.6, 11], [350, 3000, 0.6, 55], [350, 3000, 0.6, 99], [350, 4000, 1, 11], [350, 4000, 1, 55], [350, 4000, 1, 99]]
test name: nountill_S2S
[(350, 3000, 0.6, 11, 0.27551281452178955, 0.09324902296066284, 0.25378199413982916, 0.5592364072799683, 0.6483586430549622, 0.6220250129699707, 38.91423797607422, 127.55058763266277, 1412.4303541481959, 6.702236175537109, 419.02734375), (350, 3000, 0.6, 55, 0.5279547572135925, 0.4146222472190857, 1.0444611426804264, 0.37251296639442444, 0.3741343319416046, 0.6511271595954895, 42.50765609741211, 1.1857336422043136e-11, 1.310380876046198e-22, 8.100220680236816, 429.9375), (350, 3000, 0.6, 99, 0.7262420058250427, 0.23912173509597778, 1.2045555893691366, 0.2527000606060028, 0.3553769588470459, 0.9590575695037842, 42.57803726196289, 5.075893897809369e-56, 2.5764633313569686e-111, 9.383939266204834, 429.3203125), (350, 4000, 1, 11, 0.26941415667533875, 0.06113535165786743, 1.0136847607395614, 0.4213307201862335, 0.3212563693523407, 0.5472798943519592, 48.539398193359375, 3452.724782699322, 1092394.680526221, 13.013312816619873, 543.171875), (350, 4000, 1, 55, 0.49086955189704895, 0.2169966697692871, 0.48834591984531905, 0.5236548185348511, 0.5194952487945557, 0.7762748003005981, 51.54753875732422, 7.054613472193234, 24.094799275291955, 15.079583883285522, 555.08984375), (350, 4000, 1, 99, 0.5927470922470093, 0.2570264935493469, 5.135775898585196e-06, 0.6520701050758362, 0.6843584179878235, 0.8846716284751892, 52.07415771484375, 0.014323353178802763, 0.00018350377206625894, 22.456496000289917, 551.08203125)]
Completed job 4
starting the work inside Run_jobs
parameter combinations: [[350, 4000, 0.8, 11], [350, 4000, 0.8, 55], [350, 4000, 0.8, 99], [350, 4000, 0.6, 11], [350, 4000, 0.6, 55], [350, 4000, 0.6, 99]]
test name: nountill_S2S
[(350, 4000, 0.8, 11, 0.34748461842536926, 0.15086579322814941, 0.10945937398121248, 0.5691289305686951, 0.5939145088195801, 0.6537885665893555, 48.43699645996094, 1024.005629323278, 34705.75606340627, 35.374634981155396, 546.49609375), (350, 4000, 0.8, 55, 0.45377033948898315, 0.43684864044189453, 1.2279537292576614, 0.3040130138397217, 0.3211573660373688, 0.5489305853843689, 51.633819580078125, 0.30954998500946046, 0.030869195851783847, 49.460045337677, 559.8828125), (350, 4000, 0.8, 99, 0.5660713315010071, 1.625564694404602, 1.0491725648159078, 0.29142001271247864, 0.3901122808456421, 0.23324868083000183, 51.87417984008789, 2.399850292656184e-10, 4.9718110341849105e-20, 64.12921023368835, 561.7265625), (350, 4000, 0.6, 11, 0.3071291148662567, 0.11097967624664307, 0.1402757679097679, 0.5520062446594238, 0.573538064956665, 0.6691575050354004, 48.2120246887207, 2536.3524483536685, 760286.4998004466, 38.1767578125, 548.99609375), (350, 4000, 0.6, 55, 0.4183732569217682, 0.23912352323532104, 0.427821718734891, 0.5826669931411743, 0.5929625034332275, 0.6154482960700989, 51.23893356323242, 1.2026828331320716e-09, 4.755212640765327e-19, 46.618319272994995, 558.27734375), (350, 4000, 0.6, 99, 0.818049430847168, 0.6672039926052094, 1.1891064635664, 0.27218636870384216, 0.21710605919361115, 0.8642680048942566, 51.653141021728516, 1.1669409998280962e-28, 1.3483746594703442e-56, 64.47066807746887, 561.375)]
Completed job 5
starting the work inside Run_jobs
parameter combinations: [[600, 1000, 1, 11], [600, 1000, 1, 55], [600, 1000, 1, 99], [600, 1000, 0.8, 11], [600, 1000, 0.8, 55], [600, 1000, 0.8, 99]]
test name: nountill_S2S
[(600, 1000, 1, 11, 0.6238967776298523, 0.8040208667516708, 1.4130338993062956, 0.29753589630126953, 0.3615492582321167, 0.5842272639274597, 10.24677562713623, 51.83528332503413, 251.39644359177993, 2.477642059326172, 273.37890625), (600, 1000, 1, 55, 0.8030491471290588, 0.8941791206598282, 1.186472358075241, 0.31542113423347473, 0.318407267332077, 0.7716913223266602, 15.684154510498047, 0.09059174838043901, 0.004066767831598055, 2.070237636566162, 306.65234375), (600, 1000, 1, 99, 0.8859207034111023, 0.6056792438030243, 1.2926271953891684, 0.2854054272174835, 0.15705743432044983, 0.9360156059265137, 15.811126708984375, 3.7324757320043464e-10, 1.3768610620832567e-19, 4.009863615036011, 303.6328125), (600, 1000, 0.8, 11, 0.09778430312871933, 0.08086061477661133, 1.329480425370187, 0.22113996744155884, 0.2481255680322647, 0.23084475100040436, 9.999813079833984, 836.906150333625, 35946.687605415056, 1.7966771125793457, 306.74609375), (600, 1000, 0.8, 55, 0.67514967918396, 0.36441153287887573, 0.0, 0.6489958763122559, 0.6846868991851807, 0.8551928400993347, 15.198484420776367, 0.00016501373017710106, 2.0638107804192374e-08, 3.248040199279785, 303.8515625), (600, 1000, 0.8, 99, 0.506165623664856, 0.6344702243804932, 1.23906278809565, 0.3153151571750641, 0.2775941491127014, 0.5367172956466675, 17.058446884155273, 8.060936214280058e-13, 4.219469942419498e-25, 2.259809970855713, 307.15625)]
Completed job 6
starting the work inside Run_jobs
parameter combinations: [[600, 1000, 0.6, 11], [600, 1000, 0.6, 55], [600, 1000, 0.6, 99], [600, 2000, 1, 11], [600, 2000, 1, 55], [600, 2000, 1, 99]]
test name: nountill_S2S
[(600, 1000, 0.6, 11, 1.0479822158813477, 1.3869555592536926, 0.6400762950075939, 0.5184072256088257, 0.4696629047393799, 0.7725738286972046, 10.440138816833496, 1290.189183990417, 1366760.5607193336, 11.555629968643188, 272.82421875), (600, 1000, 0.6, 55, 0.7046509385108948, 0.31550097465515137, 5.5499575434579486e-08, 0.6425115466117859, 0.66859370470047, 0.9665337204933167, 15.842759132385254, 1.5518369776324657e-10, 2.3811001229551747e-20, 21.42617416381836, 306.09375), (600, 1000, 0.6, 99, 0.6526444554328918, 0.2628340721130371, 0.06608547080439571, 0.6382740139961243, 0.6801030039787292, 0.9647657871246338, 16.247838973999023, 4.911856781780368e-44, 2.4125333122539396e-87, 2.6929826736450195, 304.0234375), (600, 2000, 1, 11, 0.49998167157173157, 0.8413981199264526, 1.2834803636109862, 0.2215743064880371, 0.38673877716064453, 0.38410231471061707, 26.884849548339844, 792.8564046984686, 69328.23495052564, 35.54495358467102, 409.578125), (600, 2000, 1, 55, 0.37916040420532227, 0.11921507120132446, 0.8182510602078978, 0.480879008769989, 0.47285380959510803, 0.7224724888801575, 30.78537368774414, 7.336449817143363, 9.340588211453131, 81.34243893623352, 412.5390625), (600, 2000, 1, 99, 0.5467892289161682, 0.2548624277114868, 0.05339548561888125, 0.6284987330436707, 0.6470668911933899, 0.8179442882537842, 31.555139541625977, 0.004860390425280168, 1.7208644835839106e-05, 208.59901452064514, 414.37109375)]
Completed job 7
starting the work inside Run_jobs
parameter combinations: [[600, 2000, 0.8, 11], [600, 2000, 0.8, 55], [600, 2000, 0.8, 99], [600, 2000, 0.6, 11], [600, 2000, 0.6, 55], [600, 2000, 0.6, 99]]
test name: nountill_S2S
Begin work on process
Begin work on process
Begin work on process
Begin work on process
Begin work on process
Begin work on process
[(600, 2000, 0.8, 11, 0.08535314351320267, 0.028365612030029297, 1.042566012115485, 0.3846357762813568, 0.34276530146598816, 0.3063136339187622, 26.866222381591797, 1124.790167877327, 36983.76426302621, 4.432725191116333, 375.734375), (600, 2000, 0.8, 55, 0.7206142544746399, 0.42998456954956055, 0.3666752197432133, 0.5740445852279663, 0.6009615659713745, 0.8674152493476868, 30.979692459106445, 0.11509164165852061, 0.010718718272928454, 5.997643947601318, 398.234375), (600, 2000, 0.8, 99, 0.8638160824775696, 0.4479513168334961, 1.256623049943857, 0.30727967619895935, 0.2828722298145294, 0.9871520400047302, 31.38039207458496, 2.218018186779217e-20, 4.908926870421982e-40, 6.7524254322052, 398.9765625), (600, 2000, 0.6, 11, 0.37333616614341736, 0.37676167488098145, 0.9802844425184931, 0.37090206146240234, 0.3748629689216614, 0.46480000019073486, 27.21747398376465, 380.4351244633771, 47272.19198921756, 4.246915578842163, 400.6875), (600, 2000, 0.6, 55, 1.4415459632873535, 1.737054467201233, 1.4193521327253573, 0.052580561488866806, 0.6621226072311401, 0.8823121190071106, 30.655139923095703, 2.8993644388948175e-18, 8.379643696466353e-36, 6.075620174407959, 406.41015625), (600, 2000, 0.6, 99, 0.5339425802230835, 0.22696071863174438, 8.062373945495792e-05, 0.6344493627548218, 0.710360050201416, 0.8355513215065002, 30.44251251220703, 2.080022933034296e-46, 3.5387111329075e-92, 6.895107984542847, 406.12109375)]
Completed job 8
starting the work inside Run_jobs
parameter combinations: [[600, 3000, 1, 11], [600, 3000, 1, 55], [600, 3000, 1, 99], [600, 3000, 0.8, 11], [600, 3000, 0.8, 55], [600, 3000, 0.8, 99]]
test name: nountill_S2S
[(600, 3000, 1, 11, 0.17655420303344727, 0.02860569953918457, 1.0963510073577276, 0.3257552981376648, 0.4895726442337036, 0.3426956236362457, 38.566070556640625, 1577.9748263866477, 50029.70670198533, 7.219031810760498, 441.91015625), (600, 3000, 1, 55, 0.504863977432251, 0.06871306896209717, 1.0085493051246823, 0.4162636697292328, 0.42026251554489136, 0.8724760413169861, 41.58198165893555, 2.1957225821483775, 2.011154179665886, 8.75973892211914, 449.53125), (600, 3000, 1, 99, 0.745465099811554, 0.3754352331161499, 0.00014938116836787972, 0.6434407830238342, 0.6637164354324341, 0.9502915740013123, 42.31961441040039, 1.9998008939477495e-07, 3.630476188335447e-14, 10.093497037887573, 455.3828125), (600, 3000, 0.8, 11, 0.3115967810153961, 0.27266567945480347, 1.0697120473999646, 0.34146785736083984, 0.32843101024627686, 0.45402753353118896, 38.2547721862793, 644.7965977382295, 153111.47643443613, 7.334774971008301, 447.70703125), (600, 3000, 0.8, 55, 0.472660630941391, 0.217154860496521, 1.2353314136038738, 0.3600950539112091, 0.2204088717699051, 0.624873697757721, 41.95228576660156, 9.071157921141868e-06, 2.3960608744287347e-11, 8.600367307662964, 455.1015625), (600, 3000, 0.8, 99, 0.7231289744377136, 0.3243255615234375, 1.6699078990813618e-06, 0.6463437080383301, 0.6701653599739075, 0.9808593988418579, 42.26036071777344, 322.99981560643107, 104328.87563508574, 10.17958378791809, 458.359375)]
Completed job 9
starting the work inside Run_jobs
parameter combinations: [[600, 3000, 0.6, 11], [600, 3000, 0.6, 55], [600, 3000, 0.6, 99], [600, 4000, 1, 11], [600, 4000, 1, 55], [600, 4000, 1, 99]]
test name: nountill_S2S
Begin work on process
Begin work on process
Begin work on process
Begin work on process
Begin work on process
Begin work on process
[(600, 3000, 0.6, 11, 0.5502474904060364, 1.060403861105442, 1.0999171880109175, 0.3282001316547394, 0.25326409935951233, 0.47343865036964417, 38.566280364990234, 1768.396290694273, 889367.8748127405, 7.194779634475708, 441.53125), (600, 3000, 0.6, 55, 0.926842212677002, 0.6175792217254639, 0.984771633343136, 0.3623270094394684, 0.577659547328949, 0.9786347150802612, 41.821083068847656, 1.7348227863667955e-09, 3.009610099785719e-18, 8.17784833908081, 453.05859375), (600, 3000, 0.6, 99, 0.7385930418968201, 0.3617490530014038, 3.417119298675306e-07, 0.6265131235122681, 0.6845375895500183, 0.9544147253036499, 42.4962272644043, 6.222287375339806e-41, 3.870108358343471e-81, 10.026785373687744, 456.29296875), (600, 4000, 1, 11, 0.16353388130664825, 0.08881044387817383, 1.2565589134037058, 0.26356038451194763, 0.284562885761261, 0.14527761936187744, 47.94306182861328, 6008.99010181603, 9309348.713297488, 13.613224267959595, 571.90234375), (600, 4000, 1, 55, 0.7255736589431763, 0.31806814670562744, 1.2241318877953562, 0.3100363612174988, 0.291656494140625, 0.892396092414856, 51.2767333984375, 4336.980356837692, 18224308.97670798, 15.587155818939209, 582.80859375), (600, 4000, 1, 99, 0.162252739071846, 1.4857662916183472, 1.2256111896655744, 0.13433845341205597, 0.12890757620334625, 0.054128095507621765, 51.547611236572266, 0.546822076630013, 0.2984120644292514, 22.264055967330933, 584.625)]
Completed job 10
starting the work inside Run_jobs
parameter combinations: [[600, 4000, 0.8, 11], [600, 4000, 0.8, 55], [600, 4000, 0.8, 99], [600, 4000, 0.6, 11], [600, 4000, 0.6, 55], [600, 4000, 0.6, 99]]
test name: nountill_S2S
Begin work on process
Begin work on process
Begin work on process
Begin work on process
Begin work on process
Begin work on process
[(600, 4000, 0.8, 11, 0.15573924779891968, 0.05967533588409424, 1.053800344123351, 0.3409486711025238, 0.3346045911312103, 0.4208955466747284, 48.170772552490234, 2553.19105702686, 354071.3724877078, 13.137401103973389, 575.4296875), (600, 4000, 0.8, 55, 0.8127317428588867, 0.409570574760437, 0.5348393414032394, 0.4995652139186859, 0.47609129548072815, 0.9972584843635559, 51.0827751159668, 0.10844798112210552, 0.011174931330836524, 15.524697065353394, 586.921875), (600, 4000, 0.8, 99, 0.7979138493537903, 0.4035567045211792, 0.5364618326496255, 0.4961474537849426, 0.46848565340042114, 0.983177125453949, 51.470458984375, 0.07486959136385533, 0.0056041769426958, 23.078936100006104, 590.72265625), (600, 4000, 0.6, 11, 0.17517395317554474, 0.03415358066558838, 0.6796814269631989, 0.4008004367351532, 0.5811183452606201, 0.6507837772369385, 48.355342864990234, 2614.034675625339, 1621407.1979560645, 12.998186349868774, 578.68359375), (600, 4000, 0.6, 55, 0.701299786567688, 0.17837631702423096, 1.1200133071534735, 0.3486670255661011, 0.3861112594604492, 0.9831069111824036, 51.508384704589844, 3.1087484871368176e-12, 9.006538590528726e-24, 15.756805896759033, 586.37890625), (600, 4000, 0.6, 99, 0.9041402339935303, 0.6393596827983856, 1.1916250042535412, 0.27933773398399353, 0.22117109596729279, 0.9600568413734436, 51.76776123046875, 3.203180062994581e-47, 1.0260362515965945e-93, 23.23434329032898, 582.70703125)]
Completed job 11
starting the work inside Run_jobs
parameter combinations: [[1000, 1000, 1, 11], [1000, 1000, 1, 55], [1000, 1000, 1, 99], [1000, 1000, 0.8, 11], [1000, 1000, 0.8, 55], [1000, 1000, 0.8, 99]]
test name: nountill_S2S
[(1000, 1000, 1, 11, 0.18001028895378113, 0.11086809635162354, 0.912157582101758, 0.47741785645484924, 0.37752848863601685, 0.3861910402774811, 7.615637302398682, 1375.5462409833724, 401857.60935679526, 3.35087513923645, 294.47265625), (1000, 1000, 1, 55, 0.8436169028282166, 0.4648042917251587, 1.2703933956416649, 0.22991056740283966, 0.228358656167984, 0.9434829354286194, 13.45340633392334, 0.4865825239374235, 0.20208762049582668, 5.6751933097839355, 335.2265625), (1000, 1000, 1, 99, 0.7503151893615723, 0.3638060688972473, 1.0411246463398742, 0.5300922393798828, 0.30726543068885803, 0.9073602557182312, 12.845004081726074, 0.020722345141208506, 0.00042138797521762406, 8.338568687438965, 331.23046875), (1000, 1000, 0.8, 11, 0.13780006766319275, 0.03066730499267578, 0.6018402078962444, 0.4769507944583893, 0.49132081866264343, 0.5426610708236694, 7.549709320068359, 602.5828087355336, 7072.068187337604, 2.400938034057617, 333.82421875), (1000, 1000, 0.8, 55, 0.7722666263580322, 0.9984574839472771, 1.2074669122782, 0.28958332538604736, 0.2530876100063324, 0.7300086617469788, 13.37886905670166, 7.21048333012539e-09, 3.566277672147373e-17, 5.4394752979278564, 336.41796875), (1000, 1000, 0.8, 99, 0.618557870388031, 0.43928253650665283, 1.2174042791105268, 0.31139639019966125, 0.28920218348503113, 0.7324867844581604, 13.190682411193848, 2.9393888593805306e-11, 3.2151980819000073e-22, 8.861846923828125, 333.01171875)]
Completed job 12
starting the work inside Run_jobs
parameter combinations: [[1000, 1000, 0.6, 11], [1000, 1000, 0.6, 55], [1000, 1000, 0.6, 99], [1000, 2000, 1, 11], [1000, 2000, 1, 55], [1000, 2000, 1, 99]]
test name: nountill_S2S
Begin work on process
Begin work on process
Begin work on process
Begin work on process
Begin work on process
Begin work on process
[(1000, 1000, 0.6, 11, 0.25668221712112427, 0.41960442066192627, 1.3050927534141912, 0.26094964146614075, 0.20159806311130524, 0.3143249750137329, 8.3064603805542, 388.27933132043916, 10020.102237705625, 1.8116710186004639, 294.11328125), (1000, 1000, 0.6, 55, 0.7742746472358704, 0.43146753311157227, 0.48078366306132647, 0.5489240884780884, 0.687351405620575, 0.9197041392326355, 13.453404426574707, 8.168946363117654e-20, 6.673161693739547e-39, 2.26284122467041, 334.8671875), (1000, 1000, 0.6, 99, 0.7333922982215881, 0.3181225061416626, 0.5160945009920633, 0.5260803699493408, 0.45328712463378906, 0.9632490277290344, 13.341432571411133, 1.8478154111527623e-48, 3.4054726025401348e-96, 2.484734535217285, 333.234375), (1000, 2000, 1, 11, 0.2861115634441376, 0.11155939102172852, 0.5974994833827102, 0.5151546597480774, 0.5360447764396667, 0.6222714781761169, 25.95795440673828, 823.4161802492686, 33039.61972269179, 4.721196174621582, 431.59765625), (1000, 2000, 1, 55, 0.37711411714553833, 0.2852935194969177, 0.8018444368662129, 0.4404038190841675, 0.5206696391105652, 0.4700837731361389, 29.474742889404297, 7.675431390846163, 8.61668861331073, 6.552881956100464, 417.1328125), (1000, 2000, 1, 99, 0.5361046195030212, 0.2769995331764221, 0.0002745642076366144, 0.6591514348983765, 0.6726796627044678, 0.7536389827728271, 30.029178619384766, 2.6605921474487386e-06, 3.2757696331141305e-12, 7.658432960510254, 417.63671875)]
Completed job 13
starting the work inside Run_jobs
parameter combinations: [[1000, 2000, 0.8, 11], [1000, 2000, 0.8, 55], [1000, 2000, 0.8, 99], [1000, 2000, 0.6, 11], [1000, 2000, 0.6, 55], [1000, 2000, 0.6, 99]]
test name: nountill_S2S
[(1000, 2000, 0.8, 11, 0.3008185029029846, 0.46621477603912354, 1.2669550890487238, 0.3079298436641693, 0.2981189787387848, 0.3232646882534027, 26.20694351196289, 5737.685832127976, 11837785.628639843, 63.22918105125427, 402.70703125), (1000, 2000, 0.8, 55, 0.6432366967201233, 0.6840431690216064, 1.2293304543366808, 0.2980729937553406, 0.2785109579563141, 0.6744515895843506, 29.761629104614258, 1.3583847537929027e-06, 1.787036298910357e-12, 282.85995221138, 436.12890625), (1000, 2000, 0.8, 99, 0.6872909665107727, 0.7260978519916534, 1.204550773868403, 0.3087293207645416, 0.30182650685310364, 0.7056505084037781, 29.728073120117188, 1.101727658912003e-20, 6.797826301661907e-41, 350.3529109954834, 435.7265625), (1000, 2000, 0.6, 11, 0.8187467455863953, 1.3791643977165222, 0.9336204784412306, 0.3344652056694031, 0.37419435381889343, 0.600045382976532, 25.7257080078125, 10495.335395870985, 105138842.3475877, 57.750964879989624, 437.87109375), (1000, 2000, 0.6, 55, 0.563827395439148, 0.3219503164291382, 0.6065423100161135, 0.48077771067619324, 0.6238922476768494, 0.7510750889778137, 29.69429588317871, 3.3325731616515035e-10, 1.0284890118405607e-19, 340.8875780105591, 439.015625), (1000, 2000, 0.6, 99, 0.7652467489242554, 0.4146476984024048, 1.0937627769558524, 0.3513302206993103, 0.2735314667224884, 0.8925181031227112, 30.36032485961914, 5.887452940881296e-67, 3.287493787605188e-133, 343.26620292663574, 439.37890625)]
Completed job 14
starting the work inside Run_jobs
parameter combinations: [[1000, 3000, 1, 11], [1000, 3000, 1, 55], [1000, 3000, 1, 99], [1000, 3000, 0.8, 11], [1000, 3000, 0.8, 55], [1000, 3000, 0.8, 99]]
test name: nountill_S2S
Begin work on process
Begin work on process
Begin work on process
Begin work on process
Begin work on process
Begin work on process
[(1000, 3000, 1, 11, 0.20941156148910522, 0.12827372550964355, 1.0217164681539403, 0.38398513197898865, 0.3313983380794525, 0.4211193919181824, 37.92607498168945, 3526.655313167996, 1411261.1226676593, 21.321101427078247, 481.3828125), (1000, 3000, 1, 55, 0.7312379479408264, 0.8874054178595543, 1.2185165138409462, 0.3063913881778717, 0.3298623561859131, 0.6908066272735596, 41.29264831542969, 4.129220086525466, 13.98442282438556, 29.352471590042114, 491.84765625), (1000, 3000, 1, 99, 0.4413602650165558, 0.18325281143188477, 1.1789059305541317e-06, 0.6308090686798096, 0.6456161141395569, 0.764011800289154, 41.84519958496094, 0.3063481397662609, 0.02350424245222665, 29.247158527374268, 494.44921875), (1000, 3000, 0.8, 11, 0.2692302167415619, 0.08731085062026978, 1.222073640445919, 0.3107655644416809, 0.3028845191001892, 0.5155307054519653, 37.76832580566406, 455.16316157367964, 26107.44131860223, 18.719752550125122, 482.8984375), (1000, 3000, 0.8, 55, 0.4926901161670685, 0.238048255443573, 1.0901076142932298, 0.32887908816337585, 0.3952944576740265, 0.7221515774726868, 40.92810821533203, 4.932583203201427e-05, 1.293145010554608e-09, 31.20277214050293, 490.5078125), (1000, 3000, 0.8, 99, 0.709896981716156, 0.3565620183944702, 0.000545982198314128, 0.6397863626480103, 0.6683134436607361, 0.922184944152832, 41.72549057006836, 7.37041051654952e-06, 5.4322951182417136e-11, 32.418795347213745, 494.1484375)]
Completed job 15
starting the work inside Run_jobs
parameter combinations: [[1000, 3000, 0.6, 11], [1000, 3000, 0.6, 55], [1000, 3000, 0.6, 99], [1000, 4000, 1, 11], [1000, 4000, 1, 55], [1000, 4000, 1, 99]]
test name: nountill_S2S
[(1000, 3000, 0.6, 11, 0.3530013859272003, 0.5949724316596985, 1.0177988511368727, 0.35337918996810913, 0.38057592511177063, 0.2135762870311737, 37.96596145629883, 160.97807800962028, 8343.708770021163, 8.03685450553894, 480.45703125), (1000, 3000, 0.6, 55, 0.466683954000473, 0.19786179065704346, 0.0019086435586586506, 0.6392073035240173, 0.7030929327011108, 0.767755389213562, 41.220115661621094, 4.401114887403475e-12, 1.0943536854057467e-23, 9.630054712295532, 491.6640625), (1000, 3000, 0.6, 99, 1.0089080333709717, 0.971440589055419, 1.2019161253742419, 0.3114091753959656, 0.2956984043121338, 0.9730859398841858, 41.7734489440918, 1.3368613056682998e-19, 1.7871981505893266e-38, 11.15093731880188, 491.63671875), (1000, 4000, 1, 11, 0.17107734084129333, 0.14189636707305908, 1.1394899574639954, 0.31154531240463257, 0.3007930815219879, 0.33168190717697144, 48.43734359741211, 1741.8665937484684, 119921.04207234019, 15.390621185302734, 621.1328125), (1000, 4000, 1, 55, 0.5389799475669861, 0.12486183643341064, 1.0795545276658944, 0.29406920075416565, 0.31440305709838867, 0.7922104597091675, 51.00489044189453, 128.3415486405167, 5927.663032909757, 18.10826325416565, 633.57421875), (1000, 4000, 1, 99, 0.49664926528930664, 0.2298370599746704, 0.39540081516600256, 0.6076065301895142, 0.6019468903541565, 0.7786264419555664, 51.52764129638672, 1.6482704132438143e-05, 1.547640570887113e-10, 24.404902935028076, 637.5703125)]
Completed job 16
starting the work inside Run_jobs
parameter combinations: [[1000, 4000, 0.8, 11], [1000, 4000, 0.8, 55], [1000, 4000, 0.8, 99], [1000, 4000, 0.6, 11], [1000, 4000, 0.6, 55], [1000, 4000, 0.6, 99]]
test name: nountill_S2S
[(1000, 4000, 0.8, 11, 0.45359060168266296, 0.3974074125289917, 1.2989483971588247, 0.20635779201984406, 0.36860570311546326, 0.5673888921737671, 48.41733932495117, 2703.1090441254382, 1468630.226937319, 18.08115315437317, 622.73828125), (1000, 4000, 0.8, 55, 0.5037693381309509, 0.29209262132644653, 0.9738886090896328, 0.41323018074035645, 0.4144821763038635, 0.7033913135528564, 51.073551177978516, 0.0428300945191506, 0.0006683910329506023, 19.62472891807556, 635.3828125), (1000, 4000, 0.8, 99, 0.7063652873039246, 0.222709059715271, 1.247017458561761, 0.18558889627456665, 0.3724379539489746, 0.9558627605438232, 51.471290588378906, 9.902753030721792e-11, 9.805928602980538e-21, 27.79353952407837, 638.0), (1000, 4000, 0.6, 11, 0.6042129397392273, 0.5946283042430878, 1.2235395880169357, 0.30145689845085144, 0.25991395115852356, 0.6608968377113342, 48.00543975830078, 2925.0851283853403, 4526170.620344491, 16.29782247543335, 626.375), (1000, 4000, 0.6, 55, 0.5715600848197937, 0.2790161371231079, 0.9407987143809938, 0.48394185304641724, 0.46658435463905334, 0.8077218532562256, 50.94694900512695, 3.9237674546805033e-16, 1.5392604050237999e-31, 17.99358296394348, 634.609375), (1000, 4000, 0.6, 99, 0.7254118323326111, 0.37266552448272705, 2.0620510040815307e-05, 0.6427742838859558, 0.6844578981399536, 0.9214314818382263, 51.557220458984375, 1.5432027216573173e-50, 2.321615652060416e-100, 28.316296100616455, 630.3125)]
Completed job 17
