starting the work inside Run_jobs
parameter combinations: [[350, 1000, 1, 11], [350, 1000, 1, 55], [350, 1000, 1, 99], [350, 1000, 0.8, 11], [350, 1000, 0.8, 55], [350, 1000, 0.8, 99]]
test name: nountill_G2B
Begin work on process
Begin work on process
Begin work on process
Begin work on process
Begin work on process
Begin work on process
[(350, 1000, 1, 11, 0.19658292829990387, 0.10165780782699585, 0.4664597192447644, 0.3555733859539032, 0.4189985990524292, 0.30737432837486267, 15.39460277557373, 3.432744553175982e-14, 9.431478737951446e-28, 1.4232079982757568, 261.53125), (350, 1000, 1, 55, 0.48970431089401245, 0.23141193389892578, 0.5291565205760271, 0.4353444576263428, 0.4646422863006592, 0.7462860941886902, 16.852060317993164, 8.809502082727743e-98, 7.681505804435135e-195, 1.4808790683746338, 286.5234375), (350, 1000, 1, 99, 0.19785919785499573, 0.47575652599334717, 0.8888609601143821, 0.27990618348121643, 0.21780458092689514, 0.18308179080486298, 16.49219512939453, 1.9624127473283491e-196, 0.0, 1.6655194759368896, 290.30078125), (350, 1000, 0.8, 11, 0.31774142384529114, 0.10375028848648071, 0.5085520880601175, 0.5887392163276672, 0.5400938391685486, 0.6927960515022278, 15.491728782653809, 1.076711306242597e-14, 1.1588106009681286e-28, 1.175797939300537, 288.10546875), (350, 1000, 0.8, 55, 0.3323974311351776, 0.8910789340734482, 0.850687420342159, 0.16897465288639069, 0.12671442329883575, 0.321408748626709, 16.522478103637695, 4.0333731134109304e-117, 1.0432061726984745e-233, 1.4916505813598633, 286.921875), (350, 1000, 0.8, 99, 0.2542237341403961, 0.6368840336799622, 1.0874566028767323, 0.19984975457191467, 0.2001083791255951, 0.24548090994358063, 17.26239585876465, 1.7203476095409952e-231, 0.0, 1.6046912670135498, 289.74609375)]
Completed job 0
starting the work inside Run_jobs
parameter combinations: [[350, 1000, 0.6, 11], [350, 1000, 0.6, 55], [350, 1000, 0.6, 99], [350, 2000, 1, 11], [350, 2000, 1, 55], [350, 2000, 1, 99]]
test name: nountill_G2B
[(350, 1000, 0.6, 11, 0.28251519799232483, 0.24353855848312378, 0.8206187973444021, 0.4333729147911072, 0.31783270835876465, 0.4317471385002136, 14.49117660522461, 7.53970744793478e-14, 4.877289122620563e-27, 1.0856857299804688, 262.90625), (350, 1000, 0.6, 55, 0.24135291576385498, 1.6269668340682983, 0.9271124880346192, 0.05118716135621071, 0.21302880346775055, 0.04167719557881355, 16.522491455078125, 4.526881553680608e-158, 2.04825878e-315, 1.4090280532836914, 286.875), (350, 1000, 0.6, 99, 0.515620768070221, nan, 0.5614795619870249, 0.5310224294662476, 0.515620768070221, 0.0, 17.262418746948242, 2.2250738585072014e-308, 0.0, 1.5556581020355225, 292.1640625), (350, 2000, 1, 11, 0.2970850467681885, 0.9754054695367813, 0.8816294072270199, 0.2936556339263916, 0.1492632031440735, 0.26056310534477234, 30.590253829956055, 5.168036218379297e-11, 9.518862996621863e-22, 3.240001916885376, 376.8984375), (350, 2000, 1, 55, 0.5638173818588257, 1.7011213302612305, 0.5939343170166068, 0.3979935944080353, 0.44980335235595703, 0.14833912253379822, 31.72926902770996, 1.1945106028976036e-94, 1.426830040148262e-188, 4.756543397903442, 376.41015625), (350, 2000, 1, 99, 0.5225393176078796, 0.5911539793014526, 0.9813321728868262, 0.3508017659187317, 0.2193090319633484, 0.5723545551300049, 31.760923385620117, 1.8932621842465355e-192, 0.0, 5.40636134147644, 378.90234375)]
Completed job 1
starting the work inside Run_jobs
parameter combinations: [[350, 2000, 0.8, 11], [350, 2000, 0.8, 55], [350, 2000, 0.8, 99], [350, 2000, 0.6, 11], [350, 2000, 0.6, 55], [350, 2000, 0.6, 99]]
test name: nountill_G2B
[(350, 2000, 0.8, 11, 0.34634310007095337, 0.23236334323883057, 0.8849966793934544, 0.1299647092819214, 0.3754303753376007, 0.5373153686523438, 30.294858932495117, 1.0294921349250202e-12, 4.22813510678281e-25, 34.77642512321472, 353.63671875), (350, 2000, 0.8, 55, 0.3723454773426056, 0.20394635200500488, 0.20467904921908592, 0.5758949518203735, 0.5956142544746399, 0.38089674711227417, 31.237180709838867, 1.438672289859405e-118, 2.0697704317434866e-236, 99.15948009490967, 377.83203125), (350, 2000, 0.8, 99, 0.42771583795547485, 0.18783420324325562, 0.07312259983384083, 0.6428065896034241, 0.6460433006286621, 0.726864755153656, 32.353294372558594, 2.297969402945757e-245, 0.0, 100.33965635299683, 380.50390625), (350, 2000, 0.6, 11, 0.5470321178436279, 0.10516417026519775, 0.7741588677340906, 0.15726338326931, 0.20925317704677582, 0.726245105266571, 30.145843505859375, 2.488606946864208e-16, 6.193152075632149e-32, 3.619412422180176, 380.40234375), (350, 2000, 0.6, 55, 0.616169810295105, 0.3785320520401001, 0.10160771057967913, 0.6726934313774109, 0.678611159324646, 0.7332034111022949, 31.55559730529785, 1.076625097476351e-168, 0.0, 7.9896204471588135, 380.34765625), (350, 2000, 0.6, 99, 0.43188902735710144, nan, 0.7487356899199931, 0.3496379256248474, 0.43188902735710144, 0.0, 31.917814254760742, 2.2250738585072014e-308, 0.0, 183.10072207450867, 396.3125)]
Completed job 2
starting the work inside Run_jobs
parameter combinations: [[350, 3000, 1, 11], [350, 3000, 1, 55], [350, 3000, 1, 99], [350, 3000, 0.8, 11], [350, 3000, 0.8, 55], [350, 3000, 0.8, 99]]
test name: nountill_G2B
Begin work on process
Begin work on process
Begin work on process
Begin work on process
Begin work on process
Begin work on process
[(350, 3000, 1, 11, 0.2321229875087738, 1.0525973215699196, 0.9944722102495935, 0.24014243483543396, 0.18974719941616058, 0.12409693747758865, 41.64435577392578, 5.3299142870068324e-14, 1.6872639483347523e-27, 5.6456921100616455, 422.0859375), (350, 3000, 1, 55, 0.41969847679138184, 0.23731780052185059, 0.6490477343880795, 0.6503768563270569, 0.4749566912651062, 0.6482157111167908, 42.861785888671875, 2.6542346827713782e-92, 2.2747916285636095e-184, 7.063976287841797, 430.34765625), (350, 3000, 1, 99, 0.26329848170280457, 0.35912513732910156, 0.9914573514863078, 0.23522891104221344, 0.3038274049758911, 0.3169000744819641, 43.635562896728516, 8.151115653283607e-183, 0.0, 9.29939317703247, 434.42578125), (350, 3000, 0.8, 11, 0.2055395245552063, 0.08334732055664062, 0.9858036555468499, 0.11726795136928558, 0.5132206678390503, 0.457416296005249, 41.52417755126953, 6.315521889358331e-14, 2.7457508317665542e-27, 6.791031360626221, 423.55078125), (350, 3000, 0.8, 55, 0.2744717001914978, 0.126714825630188, 0.44531848630738347, 0.4964430332183838, 0.5415713787078857, 0.5485324263572693, 42.640235900878906, 3.557839158263331e-110, 1.2613299953227363e-219, 7.241826057434082, 429.71875), (350, 3000, 0.8, 99, 0.31719276309013367, 0.7702797949314117, 1.0904990277623128, 0.42042651772499084, 0.17917600274085999, 0.3061157763004303, 42.885684967041016, 7.6209937758095025e-233, 0.0, 8.290794610977173, 433.25)]
Completed job 3
starting the work inside Run_jobs
parameter combinations: [[350, 3000, 0.6, 11], [350, 3000, 0.6, 55], [350, 3000, 0.6, 99], [350, 4000, 1, 11], [350, 4000, 1, 55], [350, 4000, 1, 99]]
test name: nountill_G2B
Begin work on process
Begin work on process
Begin work on process
Begin work on process
Begin work on process
Begin work on process
[(350, 3000, 0.6, 11, 0.11243905872106552, 0.19714462757110596, 0.837573285409365, 0.14382672309875488, 0.1581852287054062, 0.18822848796844482, 41.488346099853516, 2.5227845736052474e-14, 3.2046580179747137e-28, 6.248494625091553, 419.0703125), (350, 3000, 0.6, 55, 0.35324251651763916, 1.0707111209630966, 0.7613969114407094, 0.19913312792778015, 0.07929889857769012, 0.3386649787425995, 42.978267669677734, 8.67517937684436e-161, 7.243e-321, 7.006072759628296, 426.95703125), (350, 3000, 0.6, 99, 0.22513601183891296, nan, 0.7090414597454686, 0.3216491937637329, 0.22513601183891296, 0.0, 43.221683502197266, 2.2250738585072014e-308, 0.0, 7.85269832611084, 433.41015625), (350, 4000, 1, 11, 0.2886190712451935, 0.21110522747039795, 0.807199045582657, 0.4442293047904968, 0.365366667509079, 0.4695863723754883, 51.257774353027344, 4.05594373040264e-11, 1.3692816240197447e-22, 11.511189460754395, 544.296875), (350, 4000, 1, 55, 0.4210869371891022, 0.21088778972625732, 0.8458729037522321, 0.5194184184074402, 0.16801898181438446, 0.5408293008804321, 52.57042694091797, 2.5275224929888483e-95, 2.9575468629214083e-190, 14.133185386657715, 556.6796875), (350, 4000, 1, 99, 0.48960524797439575, 0.19517302513122559, 1.1667344203268253, 0.16277602314949036, 0.5241814851760864, 0.043820030987262726, 52.692840576171875, 4.7061894652492284e-195, 0.0, 16.89340829849243, 560.78515625)]
Completed job 4
starting the work inside Run_jobs
parameter combinations: [[350, 4000, 0.8, 11], [350, 4000, 0.8, 55], [350, 4000, 0.8, 99], [350, 4000, 0.6, 11], [350, 4000, 0.6, 55], [350, 4000, 0.6, 99]]
test name: nountill_G2B
Begin work on process
Begin work on process
Begin work on process
Begin work on process
Begin work on process
Begin work on process
[(350, 4000, 0.8, 11, 0.3225027322769165, 0.08198559284210205, 0.2906459344719358, 0.5486147999763489, 0.5541313886642456, 0.7447569966316223, 51.296199798583984, 2.5113364598084633e-14, 4.800055630416578e-28, 13.04862928390503, 548.46484375), (350, 4000, 0.8, 55, 0.3985755443572998, 0.09815478324890137, 0.6167259317674102, 0.6145724654197693, 0.5066639184951782, 0.7900111675262451, 52.6267204284668, 2.5007914276886087e-103, 6.25395767271719e-206, 15.336240530014038, 559.9296875), (350, 4000, 0.8, 99, 0.27233368158340454, 0.12631064653396606, 1.0161995618558002, 0.2004336714744568, 0.291344553232193, 0.022000106051564217, 52.825130462646484, 2.1898925265750983e-262, 0.0, 17.89629626274109, 564.84765625), (350, 4000, 0.6, 11, 0.4912145137786865, 0.24012506008148193, 0.8463507847241696, 0.4131474196910858, 0.23998136818408966, 0.6481393575668335, 51.12202072143555, 1.0233341918893098e-17, 8.984522523242988e-35, 13.125264406204224, 552.2734375), (350, 4000, 0.6, 55, 0.5769927501678467, 0.3534945249557495, 0.36873321127270564, 0.48500388860702515, 0.7493922710418701, 0.5623230338096619, 52.371337890625, 2.0436308371449107e-195, 0.0, 15.03651738166809, 561.046875), (350, 4000, 0.6, 99, 0.42942965030670166, nan, 0.6172281199502135, 0.5923886299133301, 0.42942965030670166, 0.0, 52.608154296875, 2.2250738585072014e-308, 0.0, 18.48763608932495, 564.8359375)]
Completed job 5
starting the work inside Run_jobs
parameter combinations: [[600, 1000, 1, 11], [600, 1000, 1, 55], [600, 1000, 1, 99], [600, 1000, 0.8, 11], [600, 1000, 0.8, 55], [600, 1000, 0.8, 99]]
test name: nountill_G2B
[(600, 1000, 1, 11, 0.199237659573555, 0.29983192682266235, 0.7885633765155686, 0.1777266412973404, 0.13765978813171387, 0.2696925103664398, 14.035470962524414, 5.646401650005791e-12, 1.8497608559563286e-23, 1.4365828037261963, 274.44140625), (600, 1000, 1, 55, 0.21532578766345978, 0.25971102714538574, 0.9687752284058084, 0.23240050673484802, 0.1860416978597641, 0.3130008578300476, 15.296870231628418, 2.1172176278528214e-94, 3.7611877365989887e-188, 1.708784818649292, 302.71484375), (600, 1000, 1, 99, 0.28389477729797363, 0.08556854724884033, 0.9977706548702215, 0.1734897643327713, 0.645168125629425, 0.7013605237007141, 14.865866661071777, 2.0697913985161265e-217, 0.0, 1.7594108581542969, 304.73046875), (600, 1000, 0.8, 11, 0.2214517593383789, 0.5866008400917053, 1.015351041154902, 0.49578917026519775, 0.20754815638065338, 0.2012399286031723, 13.416204452514648, 1.7422363821064754e-12, 1.4330762914822267e-24, 1.229978084564209, 302.8359375), (600, 1000, 0.8, 55, 0.13904041051864624, 0.3494144082069397, 0.8047397348733578, 0.19464868307113647, 0.17397049069404602, 0.06986036896705627, 15.16556453704834, 1.0967670415361848e-122, 9.145728526489965e-245, 1.6095983982086182, 304.96875), (600, 1000, 0.8, 99, 0.37669363617897034, 0.20079731941223145, 0.6639547821642593, 0.2929202616214752, 0.4121129810810089, 0.6131578087806702, 15.296860694885254, 1.019293995824771e-277, 0.0, 1.8056721687316895, 303.07421875)]
Completed job 6
starting the work inside Run_jobs
parameter combinations: [[600, 1000, 0.6, 11], [600, 1000, 0.6, 55], [600, 1000, 0.6, 99], [600, 2000, 1, 11], [600, 2000, 1, 55], [600, 2000, 1, 99]]
test name: nountill_G2B
[(600, 1000, 0.6, 11, 0.285412073135376, 0.13812148571014404, 0.5681176019171745, 0.452305406332016, 0.4793570935726166, 0.5627062320709229, 12.529779434204102, 4.5279713874106124e-23, 2.0101255570915e-45, 1.2519664764404297, 273.6484375), (600, 1000, 0.6, 55, 0.48040518164634705, 0.22762060165405273, 0.6317001990270404, 0.40521398186683655, 0.4889848530292511, 0.7441874742507935, 14.282676696777344, 3.84931360518104e-178, 0.0, 1.5605590343475342, 301.90234375), (600, 1000, 0.6, 99, 0.7502409815788269, nan, 0.1344414944610064, 0.5995800495147705, 0.7502409815788269, 0.0, 15.905782699584961, 2.2250738585072014e-308, 0.0, 1.8038179874420166, 304.9921875), (600, 2000, 1, 11, 0.20135067403316498, 0.38881850242614746, 0.9016139918184075, 0.1276945173740387, 0.20649881660938263, 0.008612099103629589, 29.27079963684082, 7.829268305715241e-12, 5.771109571837959e-23, 4.329196214675903, 402.9765625), (600, 2000, 1, 55, 0.25636762380599976, 0.12314701080322266, 0.5189154407965316, 0.5841041207313538, 0.533109188079834, 0.46143606305122375, 31.189088821411133, 1.4284461846931614e-92, 2.0404582604272567e-184, 6.6110076904296875, 406.8828125), (600, 2000, 1, 99, 0.24086271226406097, 0.131139874458313, 0.7886459173389875, 0.27230021357536316, 0.30283495783805847, 0.4516380727291107, 31.855188369750977, 2.264531576539161e-184, 0.0, 7.69749116897583, 407.5859375)]
Completed job 7
starting the work inside Run_jobs
parameter combinations: [[600, 2000, 0.8, 11], [600, 2000, 0.8, 55], [600, 2000, 0.8, 99], [600, 2000, 0.6, 11], [600, 2000, 0.6, 55], [600, 2000, 0.6, 99]]
test name: nountill_G2B
[(600, 2000, 0.8, 11, 0.32830333709716797, 0.09204721450805664, 0.6850505215921602, 0.30593422055244446, 0.4628024697303772, 0.6850939393043518, 29.475053787231445, 8.327288681549537e-15, 6.862860266310259e-29, 38.79055404663086, 372.42578125), (600, 2000, 0.8, 55, 0.3157653212547302, 0.1542707085609436, 0.617870516108408, 0.23435483872890472, 0.27949076890945435, 0.5146990418434143, 31.01232147216797, 5.246250123383436e-116, 2.719729057005709e-231, 10.668269872665405, 399.7890625), (600, 2000, 0.8, 99, 0.17302654683589935, 0.19321537017822266, 0.7822888220722972, 0.2184986174106598, 0.26055315136909485, 0.28919512033462524, 31.444416046142578, 1.5881509376354326e-247, 0.0, 10.839363098144531, 401.09375), (600, 2000, 0.6, 11, 0.28184863924980164, 0.09854322671890259, 0.46531630861156337, 0.4361753463745117, 0.5002756118774414, 0.6313738822937012, 29.407119750976562, 1.163196492434772e-13, 4.731025415112407e-27, 4.701900482177734, 402.2890625), (600, 2000, 0.6, 55, 0.28633973002433777, 1.0289608910679817, 0.9037360659129601, 0.12597423791885376, 0.15823836624622345, 0.2341054528951645, 31.01225471496582, 2.907945549259009e-175, 0.0, 7.053717851638794, 402.421875), (600, 2000, 0.6, 99, 0.5365908741950989, nan, 0.4785945402636123, 0.49040544033050537, 0.5365908741950989, 0.0, 31.39667320251465, 2.2250738585072014e-308, 0.0, 7.6802818775177, 404.1328125)]
Completed job 8
starting the work inside Run_jobs
parameter combinations: [[600, 3000, 1, 11], [600, 3000, 1, 55], [600, 3000, 1, 99], [600, 3000, 0.8, 11], [600, 3000, 0.8, 55], [600, 3000, 0.8, 99]]
test name: nountill_G2B
Begin work on process
Begin work on process
Begin work on process
Begin work on process
Begin work on process
Begin work on process
[(600, 3000, 1, 11, 0.2596544325351715, 0.25257349014282227, 0.8904233667233652, 0.19725579023361206, 0.36391475796699524, 0.17728841304779053, 40.96715545654297, 2.0209052408553348e-12, 9.309493012102623e-25, 6.885050535202026, 440.890625), (600, 3000, 1, 55, 0.33667629957199097, 0.12864899635314941, 0.32686917909166185, 0.6460410952568054, 0.5433905124664307, 0.6790679097175598, 42.52276611328125, 4.0747563413296315e-97, 8.955889782689575e-194, 7.56551456451416, 453.953125), (600, 3000, 1, 99, 0.2237456738948822, 0.25593632459640503, 0.7205861373342002, 0.360271692276001, 0.33215567469596863, 0.21859049797058105, 43.0709228515625, 3.4886874989424976e-188, 0.0, 9.197423934936523, 459.55078125), (600, 3000, 0.8, 11, 0.3352791965007782, 0.5488866567611694, 1.033537642445921, 0.06989823281764984, 0.2307043820619583, 0.3686847984790802, 41.416133880615234, 7.705745465101024e-11, 3.6206129760664395e-21, 7.680763006210327, 447.3984375), (600, 3000, 0.8, 55, 0.2949119508266449, 0.07618135213851929, 0.07679676779947849, 0.651199460029602, 0.6382407546043396, 0.7547606229782104, 42.28728485107422, 1.995587421009745e-120, 3.982365331288019e-240, 8.418647527694702, 453.7265625), (600, 3000, 0.8, 99, 0.6156861782073975, 0.426250159740448, 0.40713878378953694, 0.5069849491119385, 0.6678931713104248, 0.6657513380050659, 43.406036376953125, 2.6386018065682008e-249, 0.0, 8.680378437042236, 458.66015625)]
Completed job 9
starting the work inside Run_jobs
parameter combinations: [[600, 3000, 0.6, 11], [600, 3000, 0.6, 55], [600, 3000, 0.6, 99], [600, 4000, 1, 11], [600, 4000, 1, 55], [600, 4000, 1, 99]]
test name: nountill_G2B
[(600, 3000, 0.6, 11, 0.193757101893425, 0.97977096401155, 0.9876077791239187, 0.19808506965637207, 0.17762666940689087, 0.08107540011405945, 41.40361404418945, 2.530146344918713e-18, 6.35610967198557e-36, 6.999872922897339, 441.7578125), (600, 3000, 0.6, 55, 0.5868406295776367, 1.3874566555023193, 0.8794702667158419, 0.09957552701234818, 0.44516995549201965, 0.24698740243911743, 42.7336540222168, 8.864577777371282e-188, 0.0, 7.580699920654297, 453.11328125), (600, 3000, 0.6, 99, 0.17140799760818481, nan, 0.9924581024004099, 0.32453930377960205, 0.17140799760818481, 0.0, 43.325439453125, 2.2250738585072014e-308, 0.0, 9.561433553695679, 457.234375), (600, 4000, 1, 11, 0.3081211447715759, 0.29199230670928955, 0.9125170031180114, 0.4543358385562897, 0.28699973225593567, 0.4352739751338959, 51.47043991088867, 4.484584230717925e-10, 2.714548559064875e-20, 13.934456825256348, 573.40234375), (600, 4000, 1, 55, 0.41951239109039307, 0.7301361560821533, 0.9251056050888569, 0.2652362883090973, 0.13958027958869934, 0.435067743062973, 52.50434494018555, 6.497682807636269e-91, 4.2216246942093777e-181, 17.10629415512085, 588.0546875), (600, 4000, 1, 99, 0.41042065620422363, 0.19213414192199707, 0.4192596092597704, 0.6007838249206543, 0.49604734778404236, 0.6887922883033752, 52.49479675292969, 5.26927333387598e-207, 0.0, 18.195956468582153, 590.8046875)]
Completed job 10
starting the work inside Run_jobs
parameter combinations: [[600, 4000, 0.8, 11], [600, 4000, 0.8, 55], [600, 4000, 0.8, 99], [600, 4000, 0.6, 11], [600, 4000, 0.6, 55], [600, 4000, 0.6, 99]]
test name: nountill_G2B
Begin work on process
Begin work on process
Begin work on process
Begin work on process
Begin work on process
Begin work on process
[(600, 4000, 0.8, 11, 0.21863068640232086, 0.09913527965545654, 0.6988906376385359, 0.43891477584838867, 0.28115275502204895, 0.43467381596565247, 51.131595611572266, 1.289669320241021e-12, 4.001305543851178e-25, 13.397820949554443, 576.66796875), (600, 4000, 0.8, 55, 0.35964539647102356, 0.07582873106002808, 0.9501804533560081, 0.12347705662250519, 0.48305386304855347, 0.7551294565200806, 52.13453674316406, 3.899823717874121e-102, 1.520510482102275e-203, 16.45252275466919, 589.94140625), (600, 4000, 0.8, 99, 0.3199857175350189, 0.08334529399871826, 0.4283761101211794, 0.6705732345581055, 0.5707170963287354, 0.7475594878196716, 52.86210632324219, 2.3297664750501797e-235, 0.0, 20.36643385887146, 594.61328125), (600, 4000, 0.6, 11, 0.4367172420024872, 0.17550528049468994, 0.4742412234518282, 0.3626856803894043, 0.6852138638496399, 0.7658990621566772, 51.053985595703125, 7.583848081285337e-16, 5.73645122510435e-31, 12.929841995239258, 580.2734375), (600, 4000, 0.6, 55, 0.3202377259731293, 0.10174596309661865, 0.48983315322478993, 0.45644137263298035, 0.4812385141849518, 0.6727383732795715, 52.35247802734375, 7.198830921084266e-162, 5e-323, 16.822672367095947, 590.1484375), (600, 4000, 0.6, 99, 0.7305334806442261, nan, 0.5484165773525055, 0.41632238030433655, 0.7305334806442261, 0.0, 52.786800384521484, 2.2250738585072014e-308, 0.0, 18.71952986717224, 595.421875)]
Completed job 11
starting the work inside Run_jobs
parameter combinations: [[1000, 1000, 1, 11], [1000, 1000, 1, 55], [1000, 1000, 1, 99], [1000, 1000, 0.8, 11], [1000, 1000, 0.8, 55], [1000, 1000, 0.8, 99]]
test name: nountill_G2B
Begin work on process
Begin work on process
Begin work on process
Begin work on process
Begin work on process
Begin work on process
[(1000, 1000, 1, 11, 0.13571423292160034, 0.2139480710029602, 0.910849817967775, 0.12694141268730164, 0.21780619025230408, 0.18825523555278778, 11.575682640075684, 9.384905552633817e-14, 2.281254009135177e-27, 1.577385425567627, 293.984375), (1000, 1000, 1, 55, 0.17183080315589905, 1.0857741683721542, 0.8984415598194833, 0.09091068059206009, 0.16872698068618774, 0.02111526019871235, 12.609334945678711, 2.7770478579734925e-103, 7.711989505981641e-206, 1.8219265937805176, 334.75390625), (1000, 1000, 1, 99, 0.12192054092884064, 0.27418142557144165, 0.8323178036500822, 0.11623243987560272, 0.16434291005134583, 0.16493931412696838, 13.711091995239258, 8.565329197465046e-205, 0.0, 2.139874219894409, 330.5859375), (1000, 1000, 0.8, 11, 0.3994455933570862, 0.371035635471344, 0.876419950562864, 0.2911095917224884, 0.2653040289878845, 0.5089414715766907, 11.269272804260254, 1.0318325377298057e-12, 5.171076096259356e-25, 1.475339651107788, 333.1796875), (1000, 1000, 0.8, 55, 0.5738374590873718, 1.7852039337158203, 0.5808182703837741, 0.3330077528953552, 0.42948853969573975, 0.17124903202056885, 13.892253875732422, 2.2941795793090778e-121, 5.248781407726694e-242, 1.7695746421813965, 335.78515625), (1000, 1000, 0.8, 99, 0.2721835672855377, 0.17336344718933105, 0.8122430029421472, 0.4381740093231201, 0.33025869727134705, 0.4718611538410187, 13.303933143615723, 1.606168893202289e-204, 0.0, 2.0465264320373535, 331.38671875)]
Completed job 12
starting the work inside Run_jobs
parameter combinations: [[1000, 1000, 0.6, 11], [1000, 1000, 0.6, 55], [1000, 1000, 0.6, 99], [1000, 2000, 1, 11], [1000, 2000, 1, 55], [1000, 2000, 1, 99]]
test name: nountill_G2B
[(1000, 1000, 0.6, 11, 0.747058629989624, 1.6203504800796509, 0.8503410275084046, 0.12582966685295105, 0.3300864100456238, 0.49599456787109375, 10.862641334533691, 1.7585774338159862e-23, 2.3723723404530896e-46, 1.5284545421600342, 293.92578125), (1000, 1000, 0.6, 55, 0.2671296000480652, 0.11633503437042236, 0.34537081505840833, 0.5036042928695679, 0.5077407360076904, 0.570594072341919, 12.845054626464844, 1.2291844618087634e-201, 0.0, 1.800973892211914, 333.62890625), (1000, 1000, 0.6, 99, 0.6060589551925659, nan, 0.0923517569163084, 0.575384795665741, 0.6060589551925659, 0.0, 13.19072151184082, 2.2250738585072014e-308, 0.0, 2.2386765480041504, 331.8515625), (1000, 2000, 1, 11, 0.2154742330312729, 0.3478994369506836, 0.8935689102080762, 0.14330261945724487, 0.22225113213062286, 0.010623346082866192, 29.116670608520508, 3.115170451023755e-13, 9.704175997363368e-26, 32.40261936187744, 429.80859375), (1000, 2000, 1, 55, 0.8550296425819397, 1.6714093685150146, 0.8383209440232806, 0.33323994278907776, 0.2924041748046875, 0.6307914853096008, 30.688173294067383, 1.4259758333846983e-101, 2.030387053296151e-202, 12.631244659423828, 420.54296875), (1000, 2000, 1, 99, 0.43548688292503357, 0.23578476905822754, 0.17077439896469754, 0.6609184145927429, 0.6173277497291565, 0.6481896638870239, 31.189071655273438, 1.43221486924199e-191, 0.0, 37.13952827453613, 438.1796875)]
Completed job 13
starting the work inside Run_jobs
parameter combinations: [[1000, 2000, 0.8, 11], [1000, 2000, 0.8, 55], [1000, 2000, 0.8, 99], [1000, 2000, 0.6, 11], [1000, 2000, 0.6, 55], [1000, 2000, 0.6, 99]]
test name: nountill_G2B
[(1000, 2000, 0.8, 11, 0.1829524040222168, 0.05057889223098755, 0.3090619913762549, 0.5149709582328796, 0.5674752593040466, 0.5802422165870667, 29.047910690307617, 3.8263765205170985e-17, 4.1237102236060015e-34, 37.09832692146301, 404.87109375), (1000, 2000, 0.8, 55, 0.5574800372123718, 1.6610318422317505, 0.8448790895609276, 0.446760356426239, 0.3433493971824646, 0.26741164922714233, 29.912866592407227, 3.1644122103126706e-114, 8.125762887659085e-228, 170.63464951515198, 431.89453125), (1000, 2000, 0.8, 99, 0.41037264466285706, 0.3579714298248291, 0.9457856831689782, 0.20953525602817535, 0.1960364729166031, 0.5077201724052429, 30.720806121826172, 2.310827145165568e-235, 0.0, 51.61309218406677, 440.6953125), (1000, 2000, 0.6, 11, 0.4187465012073517, 1.6658607721328735, 0.956381638072886, 0.037943847477436066, 0.331251859664917, 0.11747222393751144, 29.134021759033203, 6.432821969416008e-19, 1.794394577310794e-37, 39.39090180397034, 446.3828125), (1000, 2000, 0.6, 55, 0.48725199699401855, 0.2414846420288086, 0.5719649474316869, 0.6349942684173584, 0.5128681063652039, 0.7435829043388367, 30.294677734375, 6.360363516317713e-190, 0.0, 62.21970343589783, 447.125), (1000, 2000, 0.6, 99, 0.590579092502594, nan, 0.7880532583306689, 0.2694503962993622, 0.590579092502594, 0.0, 30.671937942504883, 2.2250738585072014e-308, 0.0, 8.490852355957031, 452.54296875)]
Completed job 14
starting the work inside Run_jobs
parameter combinations: [[1000, 3000, 1, 11], [1000, 3000, 1, 55], [1000, 3000, 1, 99], [1000, 3000, 0.8, 11], [1000, 3000, 0.8, 55], [1000, 3000, 0.8, 99]]
test name: nountill_G2B
Begin work on process
Begin work on process
Begin work on process
Begin work on process
Begin work on process
Begin work on process
[(1000, 3000, 1, 11, 0.6358121633529663, 1.0002118279226124, 1.1373269133744142, 0.3922087550163269, 0.22088484466075897, 0.5961637496948242, 41.22259521484375, 1.2439039448431644e-11, 3.9915165663274496e-23, 14.034214973449707, 479.98046875), (1000, 3000, 1, 55, 0.31964248418807983, 0.7361843585968018, 1.0845851324063969, 0.13159073889255524, 0.20820483565330505, 0.3036024272441864, 42.652034759521484, 9.530694206697024e-88, 9.08341182265498e-175, 8.418453693389893, 492.06640625), (1000, 3000, 1, 99, 0.45175984501838684, 0.1725066900253296, 0.5316592133907927, 0.38016051054000854, 0.5356021523475647, 0.10608741641044617, 42.95542907714844, 1.918422191918076e-171, 0.0, 9.687151193618774, 495.28515625), (1000, 3000, 0.8, 11, 0.36848172545433044, 0.1806238889694214, 0.2844413345619255, 0.5641543865203857, 0.5658426284790039, 0.6384547352790833, 40.991668701171875, 5.130066876658236e-15, 8.951868840616237e-30, 7.7182652950286865, 481.95703125), (1000, 3000, 0.8, 55, 0.610538899898529, 1.6052700281143188, 0.9163496337933834, 0.16763636469841003, 0.22380387783050537, 0.4485069215297699, 42.4522590637207, 1.2033823699512516e-120, 1.4279549273112879e-240, 8.638206005096436, 491.50390625), (1000, 3000, 0.8, 99, 0.4515320956707001, 0.18880975246429443, 0.7295322334380641, 0.2614797055721283, 0.5331416726112366, 0.10586096346378326, 42.88529586791992, 1.2587820133942614e-235, 0.0, 9.60560154914856, 494.06640625)]
Completed job 15
starting the work inside Run_jobs
parameter combinations: [[1000, 3000, 0.6, 11], [1000, 3000, 0.6, 55], [1000, 3000, 0.6, 99], [1000, 4000, 1, 11], [1000, 4000, 1, 55], [1000, 4000, 1, 99]]
test name: nountill_G2B
[(1000, 3000, 0.6, 11, 0.45125412940979004, 0.15774023532867432, 0.7213422896533879, 0.24096417427062988, 0.2786130905151367, 0.6601908206939697, 40.59990692138672, 4.587518298331879e-18, 2.0641095502078467e-35, 303.83950757980347, 480.875), (1000, 3000, 0.6, 55, 0.3907413184642792, 0.22319287061691284, 0.6335782661902312, 0.3033868670463562, 0.12318825721740723, 0.4786565899848938, 42.16893005371094, 3.5582465495989335e-209, 0.0, 9.594771146774292, 491.87109375), (1000, 3000, 0.6, 99, 0.3088926374912262, nan, 0.7072825367629612, 0.19746480882167816, 0.3088926374912262, 0.0, 42.287086486816406, 2.2250738585072014e-308, 0.0, 11.11284589767456, 494.64453125), (1000, 4000, 1, 11, 0.21467696130275726, 0.2936267852783203, 0.8567938380475635, 0.318501740694046, 0.29367464780807495, 0.2610572874546051, 50.87910079956055, 9.326354692276721e-13, 9.203690743281015e-26, 15.189106702804565, 618.81640625), (1000, 4000, 1, 55, 0.3654080033302307, 0.2096003293991089, 0.46377769296196036, 0.6225616335868835, 0.4836746156215668, 0.5961474180221558, 52.26762008666992, 5.576689425020584e-99, 2.766458688579372e-197, 18.58593726158142, 634.59765625), (1000, 4000, 1, 99, 0.2898341417312622, 0.11704874038696289, 0.5839952168123856, 0.3815726935863495, 0.5972949266433716, 0.6006945967674255, 52.664886474609375, 5.596287969035599e-181, 0.0, 22.154932260513306, 638.38671875)]
Completed job 16
starting the work inside Run_jobs
parameter combinations: [[1000, 4000, 0.8, 11], [1000, 4000, 0.8, 55], [1000, 4000, 0.8, 99], [1000, 4000, 0.6, 11], [1000, 4000, 0.6, 55], [1000, 4000, 0.6, 99]]
test name: nountill_G2B
[(1000, 4000, 0.8, 11, 0.37195563316345215, 0.1511298418045044, 0.4711081566656607, 0.30793997645378113, 0.2289271056652069, 0.5460497140884399, 50.99604797363281, 1.0444507023034418e-12, 1.0017246440282895e-24, 233.03664469718933, 623.76953125), (1000, 4000, 0.8, 55, 0.25949716567993164, 1.1792724132537842, 0.9768998080853422, 0.2602684497833252, 0.1888231635093689, 0.1473410278558731, 52.16254806518555, 1.4231291593079964e-119, 2.0251780475156786e-238, 719.3482010364532, 634.75390625), (1000, 4000, 0.8, 99, 0.28363096714019775, 0.07410764694213867, 0.05766165005809117, 0.6587471961975098, 0.6435741782188416, 0.7419357895851135, 52.68330001831055, 5.315679834101939e-230, 0.0, 720.5547916889191, 634.24609375), (1000, 4000, 0.6, 11, 0.30764666199684143, 0.0609586238861084, 0.7206542768185457, 0.22137892246246338, 0.46836644411087036, 0.7019545435905457, 50.868690490722656, 2.197739718689622e-25, 4.814965329149173e-50, 504.5874128341675, 626.65625), (1000, 4000, 0.6, 55, 0.4721801280975342, 0.5376174747943878, 0.9202273951622688, 0.39856284856796265, 0.255715936422348, 0.5324169397354126, 51.92420959472656, 6.873049007410281e-170, 0.0, 717.8404705524445, 636.44921875), (1000, 4000, 0.6, 99, 0.14342068135738373, nan, 0.7669897919793269, 0.19856855273246765, 0.14342068135738373, 0.0, 52.721378326416016, 2.2250738585072014e-308, 0.0, 33.57790756225586, 638.48828125)]
Completed job 17
