weight_strategy = self_norm, n_psi_added = 500, n_traj = 2000, local_std = 1, global_std = 1, n_traj_points = 11, phi_id = 0, base_xi_id = 0, Dist = 0.326955646276474, Cos_dist = 0.22996258735656738, Dist_rho = 1.0546249340101344, Norm_glob = 0.2728053331375122, Norm_loc = 0.22972756624221802, Norm_imp = 0.4691632091999054, Pinv_error = 33.12937927246094, Sum_weights = 8.552390280711382e-05, Sum_squared_weights = 2.092664600017455e-10, Elapsed_time = 2.0398080348968506, Process_mem = 361.8515625
Completed job 0
weight_strategy = self_norm, n_psi_added = 500, n_traj = 2000, local_std = 1, global_std = 1, n_traj_points = 11, phi_id = 0, base_xi_id = 1, Dist = 0.3337344229221344, Cos_dist = 0.558891087770462, Dist_rho = 1.0860347525611111, Norm_glob = 0.2728053331375122, Norm_loc = 0.21971175074577332, Norm_imp = 0.36617180705070496, Pinv_error = 33.12937927246094, Sum_weights = 0.0001867672206031964, Sum_squared_weights = 9.12788005164913e-10, Elapsed_time = 2.123814105987549, Process_mem = 363.8515625
Completed job 1
Begin work on process
weight_strategy = self_norm, n_psi_added = 500, n_traj = 2000, local_std = 0.6, global_std = 1, n_traj_points = 11, phi_id = 0, base_xi_id = 0, Dist = 0.30405017733573914, Cos_dist = 0.05772686004638672, Dist_rho = 0.9340628402168698, Norm_glob = 0.2728053331375122, Norm_loc = 0.29222312569618225, Norm_imp = 0.563228964805603, Pinv_error = 33.12937927246094, Sum_weights = 0.33789974652921206, Sum_squared_weights = 0.01563193408173315, Elapsed_time = 2.6572179794311523, Process_mem = 363.51953125
Completed job 10
weight_strategy = self_norm, n_psi_added = 500, n_traj = 2000, local_std = 0.6, global_std = 1, n_traj_points = 11, phi_id = 0, base_xi_id = 1, Dist = 0.2190372794866562, Cos_dist = 0.2097974419593811, Dist_rho = 0.9490752477423531, Norm_glob = 0.2728053331375122, Norm_loc = 0.2105565369129181, Norm_imp = 0.3433748185634613, Pinv_error = 33.12937927246094, Sum_weights = 1.3684433670376654, Sum_squared_weights = 0.024710530760799123, Elapsed_time = 1.9757945537567139, Process_mem = 362.68359375
Completed job 11
weight_strategy = self_norm, n_psi_added = 500, n_traj = 2000, local_std = 0.6, global_std = 1, n_traj_points = 11, phi_id = 0, base_xi_id = 2, Dist = 0.18541942536830902, Cos_dist = 0.10522836446762085, Dist_rho = 0.9162245546996495, Norm_glob = 0.2728053331375122, Norm_loc = 0.24346394836902618, Norm_imp = 0.3680509924888611, Pinv_error = 33.12937927246094, Sum_weights = 1.6535665790790006, Sum_squared_weights = 0.008176770568353899, Elapsed_time = 2.063694953918457, Process_mem = 364.64453125
Completed job 12
weight_strategy = self_norm, n_psi_added = 500, n_traj = 2000, local_std = 0.6, global_std = 1, n_traj_points = 11, phi_id = 0, base_xi_id = 3, Dist = 0.143904909491539, Cos_dist = 0.3822380304336548, Dist_rho = 1.0191371301583951, Norm_glob = 0.2728053331375122, Norm_loc = 0.16541844606399536, Norm_imp = 0.16373585164546967, Pinv_error = 33.12937927246094, Sum_weights = 1.573289959572644, Sum_squared_weights = 0.006016798476827104, Elapsed_time = 2.3529763221740723, Process_mem = 363.44140625
Completed job 13
weight_strategy = self_norm, n_psi_added = 500, n_traj = 2000, local_std = 0.6, global_std = 1, n_traj_points = 11, phi_id = 0, base_xi_id = 4, Dist = 0.22649967670440674, Cos_dist = 0.6040429174900055, Dist_rho = 1.0188992306226725, Norm_glob = 0.2728053331375122, Norm_loc = 0.1711316555738449, Norm_imp = 0.23087914288043976, Pinv_error = 33.12937927246094, Sum_weights = 1.7798911514207905, Sum_squared_weights = 0.023991692433669422, Elapsed_time = 1.9662415981292725, Process_mem = 365.96484375
Completed job 14
Begin work on process
weight_strategy = self_norm, n_psi_added = 500, n_traj = 2000, local_std = 0.6, global_std = 4, n_traj_points = 11, phi_id = 0, base_xi_id = 0, Dist = 0.15793609619140625, Cos_dist = 0.045075297355651855, Dist_rho = 1.1504564796881425, Norm_glob = 0.432416707277298, Norm_loc = 0.29222312569618225, Norm_imp = 0.4110319912433624, Pinv_error = 35.817569732666016, Sum_weights = 0.2216644081853223, Sum_squared_weights = 0.0047554770401278925, Elapsed_time = 1.9369792938232422, Process_mem = 361.21484375
Completed job 15
weight_strategy = self_norm, n_psi_added = 500, n_traj = 2000, local_std = 0.6, global_std = 4, n_traj_points = 11, phi_id = 0, base_xi_id = 1, Dist = 0.3154761493206024, Cos_dist = 0.24145668745040894, Dist_rho = 1.129475941357387, Norm_glob = 0.432416707277298, Norm_loc = 0.2105565369129181, Norm_imp = 0.44379448890686035, Pinv_error = 35.817569732666016, Sum_weights = 1.2575214398769974, Sum_squared_weights = 0.0765393078973894, Elapsed_time = 2.089186906814575, Process_mem = 362.47265625
Completed job 16
weight_strategy = self_norm, n_psi_added = 500, n_traj = 2000, local_std = 0.6, global_std = 4, n_traj_points = 11, phi_id = 0, base_xi_id = 2, Dist = 0.1554703414440155, Cos_dist = 0.10239148139953613, Dist_rho = 1.133670615996575, Norm_glob = 0.432416707277298, Norm_loc = 0.24346394836902618, Norm_imp = 0.3310253620147705, Pinv_error = 35.817569732666016, Sum_weights = 1.0883370989926535, Sum_squared_weights = 0.034100376600091645, Elapsed_time = 2.5583763122558594, Process_mem = 363.14453125
Completed job 17
weight_strategy = self_norm, n_psi_added = 500, n_traj = 2000, local_std = 0.6, global_std = 4, n_traj_points = 11, phi_id = 0, base_xi_id = 3, Dist = 0.10620284825563431, Cos_dist = 0.21056818962097168, Dist_rho = 1.1420694334888144, Norm_glob = 0.432416707277298, Norm_loc = 0.16541844606399536, Norm_imp = 0.1617094874382019, Pinv_error = 35.817569732666016, Sum_weights = 1.7682273040411653, Sum_squared_weights = 0.06869647953090706, Elapsed_time = 2.1188759803771973, Process_mem = 363.4921875
Completed job 18
weight_strategy = self_norm, n_psi_added = 500, n_traj = 2000, local_std = 0.6, global_std = 4, n_traj_points = 11, phi_id = 0, base_xi_id = 4, Dist = 0.2995637059211731, Cos_dist = 0.7132075130939484, Dist_rho = 1.1397592746053524, Norm_glob = 0.432416707277298, Norm_loc = 0.1711316555738449, Norm_imp = 0.29980048537254333, Pinv_error = 35.817569732666016, Sum_weights = 1.545097559434105, Sum_squared_weights = 0.07512531881415294, Elapsed_time = 2.1398773193359375, Process_mem = 364.609375
Completed job 19
weight_strategy = self_norm, n_psi_added = 500, n_traj = 2000, local_std = 1, global_std = 1, n_traj_points = 11, phi_id = 0, base_xi_id = 2, Dist = 0.20602743327617645, Cos_dist = 0.26197558641433716, Dist_rho = 1.047844328096308, Norm_glob = 0.2728053331375122, Norm_loc = 0.21415337920188904, Norm_imp = 0.3049026429653168, Pinv_error = 33.12937927246094, Sum_weights = 0.0001853307793493317, Sum_squared_weights = 1.4862759635268517e-10, Elapsed_time = 2.5562944412231445, Process_mem = 364.01171875
Completed job 2
weight_strategy = self_norm, n_psi_added = 500, n_traj = 4000, local_std = 1, global_std = 1, n_traj_points = 11, phi_id = 0, base_xi_id = 0, Dist = 0.3098996579647064, Cos_dist = 0.24230915307998657, Dist_rho = 1.0664329765257898, Norm_glob = 0.2686139941215515, Norm_loc = 0.23168160021305084, Norm_imp = 0.4460551142692566, Pinv_error = 55.401756286621094, Sum_weights = 0.00014668473756838149, Sum_squared_weights = 4.244534098941372e-10, Elapsed_time = 9.393284559249878, Process_mem = 528.01953125
Completed job 20
weight_strategy = self_norm, n_psi_added = 500, n_traj = 4000, local_std = 1, global_std = 1, n_traj_points = 11, phi_id = 0, base_xi_id = 1, Dist = 0.2392454296350479, Cos_dist = 0.4159679412841797, Dist_rho = 1.0806280257775367, Norm_glob = 0.2686139941215515, Norm_loc = 0.22436457872390747, Norm_imp = 0.28617918491363525, Pinv_error = 55.401756286621094, Sum_weights = 0.0003360365668762454, Sum_squared_weights = 1.094821328550053e-09, Elapsed_time = 9.228031873703003, Process_mem = 529.484375
Completed job 21
weight_strategy = self_norm, n_psi_added = 500, n_traj = 4000, local_std = 1, global_std = 1, n_traj_points = 11, phi_id = 0, base_xi_id = 2, Dist = 0.18944314122200012, Cos_dist = 0.221910297870636, Dist_rho = 1.0466968482471657, Norm_glob = 0.2686139941215515, Norm_loc = 0.22077442705631256, Norm_imp = 0.30084240436553955, Pinv_error = 55.401756286621094, Sum_weights = 0.00035859819527127524, Sum_squared_weights = 2.380329709002511e-10, Elapsed_time = 8.360804557800293, Process_mem = 529.6171875
Completed job 22
weight_strategy = self_norm, n_psi_added = 500, n_traj = 4000, local_std = 1, global_std = 1, n_traj_points = 11, phi_id = 0, base_xi_id = 3, Dist = 0.15779393911361694, Cos_dist = 0.21863853931427002, Dist_rho = 1.1568042913736645, Norm_glob = 0.2686139941215515, Norm_loc = 0.24896058440208435, Norm_imp = 0.2220742106437683, Pinv_error = 55.401756286621094, Sum_weights = 0.0003446155399483648, Sum_squared_weights = 1.3824024084344512e-10, Elapsed_time = 8.521477937698364, Process_mem = 529.6875
Completed job 23
Begin work on process
weight_strategy = self_norm, n_psi_added = 500, n_traj = 4000, local_std = 1, global_std = 1, n_traj_points = 11, phi_id = 0, base_xi_id = 4, Dist = 0.19958460330963135, Cos_dist = 0.3598649501800537, Dist_rho = 1.1328264040097855, Norm_glob = 0.2686139941215515, Norm_loc = 0.2354850471019745, Norm_imp = 0.23502762615680695, Pinv_error = 55.401756286621094, Sum_weights = 0.0003685224074277901, Sum_squared_weights = 7.697308972807877e-10, Elapsed_time = 8.519920110702515, Process_mem = 529.76171875
Completed job 24
weight_strategy = self_norm, n_psi_added = 500, n_traj = 4000, local_std = 1, global_std = 4, n_traj_points = 11, phi_id = 0, base_xi_id = 0, Dist = 0.2257089912891388, Cos_dist = 0.12404865026473999, Dist_rho = 1.1988709657179781, Norm_glob = 0.44121578335762024, Norm_loc = 0.23168160021305084, Norm_imp = 0.39903759956359863, Pinv_error = 57.00290298461914, Sum_weights = 0.00019287133041907535, Sum_squared_weights = 1.2708870515654962e-09, Elapsed_time = 8.098497867584229, Process_mem = 531.703125
Completed job 25
weight_strategy = self_norm, n_psi_added = 500, n_traj = 4000, local_std = 1, global_std = 4, n_traj_points = 11, phi_id = 0, base_xi_id = 1, Dist = 0.2403462529182434, Cos_dist = 0.3568359613418579, Dist_rho = 1.2131496124740928, Norm_glob = 0.44121578335762024, Norm_loc = 0.22436457872390747, Norm_imp = 0.31238147616386414, Pinv_error = 57.00290298461914, Sum_weights = 0.00033544056392715215, Sum_squared_weights = 1.0312729304785719e-09, Elapsed_time = 8.09884786605835, Process_mem = 531.95703125
Completed job 26
weight_strategy = self_norm, n_psi_added = 500, n_traj = 4000, local_std = 1, global_std = 4, n_traj_points = 11, phi_id = 0, base_xi_id = 2, Dist = 0.21480315923690796, Cos_dist = 0.2383735179901123, Dist_rho = 1.2020803619715175, Norm_glob = 0.44121578335762024, Norm_loc = 0.22077442705631256, Norm_imp = 0.3283745050430298, Pinv_error = 57.00290298461914, Sum_weights = 0.000359628143601205, Sum_squared_weights = 1.0572218156247723e-09, Elapsed_time = 8.4901704788208, Process_mem = 533.546875
Completed job 27
Begin work on process
weight_strategy = self_norm, n_psi_added = 500, n_traj = 4000, local_std = 1, global_std = 4, n_traj_points = 11, phi_id = 0, base_xi_id = 3, Dist = 0.19922679662704468, Cos_dist = 0.3521842956542969, Dist_rho = 1.224137074942092, Norm_glob = 0.44121578335762024, Norm_loc = 0.24896058440208435, Norm_imp = 0.2222834676504135, Pinv_error = 57.00290298461914, Sum_weights = 0.0004163638709526615, Sum_squared_weights = 1.5153639189882182e-09, Elapsed_time = 8.352384805679321, Process_mem = 533.5078125
Completed job 28
Begin work on process
weight_strategy = self_norm, n_psi_added = 500, n_traj = 4000, local_std = 1, global_std = 4, n_traj_points = 11, phi_id = 0, base_xi_id = 4, Dist = 0.20713134109973907, Cos_dist = 0.34418773651123047, Dist_rho = 1.2332319526394924, Norm_glob = 0.44121578335762024, Norm_loc = 0.2354850471019745, Norm_imp = 0.26073575019836426, Pinv_error = 57.00290298461914, Sum_weights = 0.00036887601185263354, Sum_squared_weights = 1.21402185080626e-09, Elapsed_time = 8.067246437072754, Process_mem = 533.5390625
Completed job 29
weight_strategy = self_norm, n_psi_added = 500, n_traj = 2000, local_std = 1, global_std = 1, n_traj_points = 11, phi_id = 0, base_xi_id = 3, Dist = 0.17698104679584503, Cos_dist = 0.2741577625274658, Dist_rho = 1.1681596512345545, Norm_glob = 0.2728053331375122, Norm_loc = 0.25262320041656494, Norm_imp = 0.2169264256954193, Pinv_error = 33.12937927246094, Sum_weights = 0.0001722261713462119, Sum_squared_weights = 6.247634429610907e-11, Elapsed_time = 1.9545598030090332, Process_mem = 364.90625
Completed job 3
Begin work on process
weight_strategy = self_norm, n_psi_added = 500, n_traj = 4000, local_std = 0.6, global_std = 1, n_traj_points = 11, phi_id = 0, base_xi_id = 0, Dist = 0.22562186419963837, Cos_dist = 0.04770541191101074, Dist_rho = 0.9299449717305872, Norm_glob = 0.2686139941215515, Norm_loc = 0.28430527448654175, Norm_imp = 0.47901421785354614, Pinv_error = 55.401756286621094, Sum_weights = 0.49516609978230125, Sum_squared_weights = 0.017642139099761193, Elapsed_time = 8.208132266998291, Process_mem = 528.37109375
Completed job 30
weight_strategy = self_norm, n_psi_added = 500, n_traj = 4000, local_std = 0.6, global_std = 1, n_traj_points = 11, phi_id = 0, base_xi_id = 1, Dist = 0.20217442512512207, Cos_dist = 0.19232696294784546, Dist_rho = 0.9370502167609044, Norm_glob = 0.2686139941215515, Norm_loc = 0.21035073697566986, Norm_imp = 0.32955440878868103, Pinv_error = 55.401756286621094, Sum_weights = 2.6639679062444475, Sum_squared_weights = 0.04320617448013217, Elapsed_time = 8.435209512710571, Process_mem = 528.578125
Completed job 31
Begin work on process
weight_strategy = self_norm, n_psi_added = 500, n_traj = 4000, local_std = 0.6, global_std = 1, n_traj_points = 11, phi_id = 0, base_xi_id = 2, Dist = 0.19116656482219696, Cos_dist = 0.11859130859375, Dist_rho = 0.9056100759768435, Norm_glob = 0.2686139941215515, Norm_loc = 0.2362918108701706, Norm_imp = 0.36346980929374695, Pinv_error = 55.401756286621094, Sum_weights = 3.2623726477010706, Sum_squared_weights = 0.016328795167720716, Elapsed_time = 8.737245798110962, Process_mem = 529.37109375
Completed job 32
Begin work on process
weight_strategy = self_norm, n_psi_added = 500, n_traj = 4000, local_std = 0.6, global_std = 1, n_traj_points = 11, phi_id = 0, base_xi_id = 3, Dist = 0.13387028872966766, Cos_dist = 0.3268849849700928, Dist_rho = 1.0085160705957765, Norm_glob = 0.2686139941215515, Norm_loc = 0.16794516146183014, Norm_imp = 0.1629980355501175, Pinv_error = 55.401756286621094, Sum_weights = 3.1611319744827067, Sum_squared_weights = 0.012299741989976045, Elapsed_time = 8.23459792137146, Process_mem = 529.65234375
Completed job 33
weight_strategy = self_norm, n_psi_added = 500, n_traj = 4000, local_std = 0.6, global_std = 1, n_traj_points = 11, phi_id = 0, base_xi_id = 4, Dist = 0.2175258994102478, Cos_dist = 0.539208322763443, Dist_rho = 1.017425779217846, Norm_glob = 0.2686139941215515, Norm_loc = 0.17540782690048218, Norm_imp = 0.23275575041770935, Pinv_error = 55.401756286621094, Sum_weights = 3.627448050899263, Sum_squared_weights = 0.05000851062645139, Elapsed_time = 8.196770429611206, Process_mem = 529.68359375
Completed job 34
weight_strategy = self_norm, n_psi_added = 500, n_traj = 4000, local_std = 0.6, global_std = 4, n_traj_points = 11, phi_id = 0, base_xi_id = 0, Dist = 0.35809335112571716, Cos_dist = 0.030189037322998047, Dist_rho = 1.1514526035182984, Norm_glob = 0.44121578335762024, Norm_loc = 0.28430527448654175, Norm_imp = 0.6270402073860168, Pinv_error = 57.00290298461914, Sum_weights = 0.5527979917786353, Sum_squared_weights = 0.04005484638787462, Elapsed_time = 8.647927045822144, Process_mem = 533.453125
Completed job 35
Begin work on process
weight_strategy = self_norm, n_psi_added = 500, n_traj = 4000, local_std = 0.6, global_std = 4, n_traj_points = 11, phi_id = 0, base_xi_id = 1, Dist = 0.25029855966567993, Cos_dist = 0.19905054569244385, Dist_rho = 1.1303917020896508, Norm_glob = 0.44121578335762024, Norm_loc = 0.21035073697566986, Norm_imp = 0.3847846984863281, Pinv_error = 57.00290298461914, Sum_weights = 2.345309667977788, Sum_squared_weights = 0.09819640190585338, Elapsed_time = 8.482641220092773, Process_mem = 533.44140625
Completed job 36
Begin work on process
weight_strategy = self_norm, n_psi_added = 500, n_traj = 4000, local_std = 0.6, global_std = 4, n_traj_points = 11, phi_id = 0, base_xi_id = 2, Dist = 0.21046273410320282, Cos_dist = 0.12701952457427979, Dist_rho = 1.1376538281508919, Norm_glob = 0.44121578335762024, Norm_loc = 0.2362918108701706, Norm_imp = 0.3823787271976471, Pinv_error = 57.00290298461914, Sum_weights = 2.459027140746108, Sum_squared_weights = 0.09489271961121115, Elapsed_time = 8.089862823486328, Process_mem = 533.62890625
Completed job 37
Begin work on process
weight_strategy = self_norm, n_psi_added = 500, n_traj = 4000, local_std = 0.6, global_std = 4, n_traj_points = 11, phi_id = 0, base_xi_id = 3, Dist = 0.1367553472518921, Cos_dist = 0.3210732340812683, Dist_rho = 1.136496008746965, Norm_glob = 0.44121578335762024, Norm_loc = 0.16794516146183014, Norm_imp = 0.17316272854804993, Pinv_error = 57.00290298461914, Sum_weights = 3.43246825466127, Sum_squared_weights = 0.1450848320908627, Elapsed_time = 8.126214742660522, Process_mem = 533.69921875
Completed job 38
weight_strategy = self_norm, n_psi_added = 500, n_traj = 4000, local_std = 0.6, global_std = 4, n_traj_points = 11, phi_id = 0, base_xi_id = 4, Dist = 0.2522571384906769, Cos_dist = 0.5767607092857361, Dist_rho = 1.147008545710353, Norm_glob = 0.44121578335762024, Norm_loc = 0.17540782690048218, Norm_imp = 0.27014055848121643, Pinv_error = 57.00290298461914, Sum_weights = 3.0474403402096817, Sum_squared_weights = 0.11613813936142943, Elapsed_time = 8.378815650939941, Process_mem = 533.87109375
Completed job 39
weight_strategy = self_norm, n_psi_added = 500, n_traj = 2000, local_std = 1, global_std = 1, n_traj_points = 11, phi_id = 0, base_xi_id = 4, Dist = 0.2455078810453415, Cos_dist = 0.4745100140571594, Dist_rho = 1.1202253258143315, Norm_glob = 0.2728053331375122, Norm_loc = 0.22738538682460785, Norm_imp = 0.27064278721809387, Pinv_error = 33.12937927246094, Sum_weights = 0.00019706203986861182, Sum_squared_weights = 5.934879105760641e-10, Elapsed_time = 2.2088844776153564, Process_mem = 365.56640625
Completed job 4
weight_strategy = self_norm, n_psi_added = 500, n_traj = 2000, local_std = 1, global_std = 4, n_traj_points = 11, phi_id = 0, base_xi_id = 0, Dist = 0.20533888041973114, Cos_dist = 0.09821748733520508, Dist_rho = 1.1865544288891197, Norm_glob = 0.432416707277298, Norm_loc = 0.22972756624221802, Norm_imp = 0.38690394163131714, Pinv_error = 35.817569732666016, Sum_weights = 9.949011773914962e-05, Sum_squared_weights = 5.34744067659685e-10, Elapsed_time = 2.213066339492798, Process_mem = 361.1640625
Completed job 5
weight_strategy = self_norm, n_psi_added = 500, n_traj = 2000, local_std = 1, global_std = 4, n_traj_points = 11, phi_id = 0, base_xi_id = 1, Dist = 0.27387720346450806, Cos_dist = 0.49208134412765503, Dist_rho = 1.195859294738636, Norm_glob = 0.432416707277298, Norm_loc = 0.21971175074577332, Norm_imp = 0.3095580041408539, Pinv_error = 35.817569732666016, Sum_weights = 0.00015383049793394983, Sum_squared_weights = 3.4216373565488817e-10, Elapsed_time = 2.0403032302856445, Process_mem = 361.90625
Completed job 6
Begin work on process
weight_strategy = self_norm, n_psi_added = 500, n_traj = 2000, local_std = 1, global_std = 4, n_traj_points = 11, phi_id = 0, base_xi_id = 2, Dist = 0.2576111853122711, Cos_dist = 0.32978755235671997, Dist_rho = 1.2073785284430678, Norm_glob = 0.432416707277298, Norm_loc = 0.21415337920188904, Norm_imp = 0.3462650775909424, Pinv_error = 35.817569732666016, Sum_weights = 0.0001781596902001841, Sum_squared_weights = 4.3300072982567313e-10, Elapsed_time = 2.031522274017334, Process_mem = 362.2734375
Completed job 7
weight_strategy = self_norm, n_psi_added = 500, n_traj = 2000, local_std = 1, global_std = 4, n_traj_points = 11, phi_id = 0, base_xi_id = 3, Dist = 0.17959581315517426, Cos_dist = 0.2838238477706909, Dist_rho = 1.2190289523540043, Norm_glob = 0.432416707277298, Norm_loc = 0.25262320041656494, Norm_imp = 0.21511635184288025, Pinv_error = 35.817569732666016, Sum_weights = 0.00022392150506084831, Sum_squared_weights = 8.457146114002627e-10, Elapsed_time = 1.9295885562896729, Process_mem = 363.26953125
Completed job 8
weight_strategy = self_norm, n_psi_added = 500, n_traj = 2000, local_std = 1, global_std = 4, n_traj_points = 11, phi_id = 0, base_xi_id = 4, Dist = 0.2421669065952301, Cos_dist = 0.5126487612724304, Dist_rho = 1.2263064262476029, Norm_glob = 0.432416707277298, Norm_loc = 0.22738538682460785, Norm_imp = 0.24945636093616486, Pinv_error = 35.817569732666016, Sum_weights = 0.00016749965106079172, Sum_squared_weights = 3.747289770281157e-10, Elapsed_time = 1.9377977848052979, Process_mem = 363.96484375
Completed job 9
