weight_strategy = self_norm, n_psi_added = 500, n_traj = 2000, local_std = 1, global_std = 1, n_traj_points = 11, phi_id = 0, base_xi_id = 0, Dist = 0.2959017753601074, Cos_dist = 0.21693992614746094, Dist_rho = 1.0118960790334426, Norm_glob = 0.311954528093338, Norm_loc = 0.3109447658061981, Norm_imp = 0.019528985023498535, Pinv_error = 32.673946380615234, Sum_weights = 0.0028107872771203166, Sum_squared_weights = 6.5504300692952415e-06, Elapsed_time = 2.670437812805176, Process_mem = 362.38671875
Completed job 0
weight_strategy = self_norm, n_psi_added = 500, n_traj = 2000, local_std = 1, global_std = 1, n_traj_points = 11, phi_id = 0, base_xi_id = 1, Dist = 0.13756419718265533, Cos_dist = 0.15252715349197388, Dist_rho = 1.1158738712014404, Norm_glob = 0.311954528093338, Norm_loc = 0.23879797756671906, Norm_imp = 0.14894263446331024, Pinv_error = 32.673946380615234, Sum_weights = 0.0022539952151692496, Sum_squared_weights = 1.6652087391408245e-06, Elapsed_time = 2.217764139175415, Process_mem = 362.609375
Completed job 1
weight_strategy = self_norm, n_psi_added = 500, n_traj = 2000, local_std = 0.6, global_std = 1, n_traj_points = 11, phi_id = 0, base_xi_id = 0, Dist = 0.6996756196022034, Cos_dist = 0.07039612531661987, Dist_rho = 0.8665810034290106, Norm_glob = 0.311954528093338, Norm_loc = 0.3907923996448517, Norm_imp = 1.047972559928894, Pinv_error = 32.673946380615234, Sum_weights = 0.031716672304853415, Sum_squared_weights = 0.00032186786080429746, Elapsed_time = 2.677427053451538, Process_mem = 363.97265625
Completed job 10
weight_strategy = self_norm, n_psi_added = 500, n_traj = 2000, local_std = 0.6, global_std = 1, n_traj_points = 11, phi_id = 0, base_xi_id = 1, Dist = 0.11753732711076736, Cos_dist = 0.17590928077697754, Dist_rho = 0.9817297525698678, Norm_glob = 0.311954528093338, Norm_loc = 0.2051437497138977, Norm_imp = 0.1514120101928711, Pinv_error = 32.673946380615234, Sum_weights = 0.02552565733082945, Sum_squared_weights = 0.00025957949874623774, Elapsed_time = 2.2435128688812256, Process_mem = 364.671875
Completed job 11
Begin work on process
weight_strategy = self_norm, n_psi_added = 500, n_traj = 2000, local_std = 0.6, global_std = 1, n_traj_points = 11, phi_id = 0, base_xi_id = 2, Dist = 0.36194735765457153, Cos_dist = 0.17954492568969727, Dist_rho = 1.288422941846164, Norm_glob = 0.311954528093338, Norm_loc = 0.38396990299224854, Norm_imp = 0.027250830084085464, Pinv_error = 32.673946380615234, Sum_weights = 0.007259792713625, Sum_squared_weights = 2.4426134784857198e-05, Elapsed_time = 2.4947121143341064, Process_mem = 363.41796875
Completed job 12
weight_strategy = self_norm, n_psi_added = 500, n_traj = 2000, local_std = 0.6, global_std = 1, n_traj_points = 11, phi_id = 0, base_xi_id = 3, Dist = 0.7641885876655579, Cos_dist = 0.07693135738372803, Dist_rho = 0.9014113208621949, Norm_glob = 0.311954528093338, Norm_loc = 0.3032986521720886, Norm_imp = 1.0351969003677368, Pinv_error = 32.673946380615234, Sum_weights = 0.06618671715668925, Sum_squared_weights = 0.0023363727787804223, Elapsed_time = 2.0271146297454834, Process_mem = 365.63671875
Completed job 13
weight_strategy = self_norm, n_psi_added = 500, n_traj = 2000, local_std = 0.6, global_std = 1, n_traj_points = 11, phi_id = 0, base_xi_id = 4, Dist = 0.9908515214920044, Cos_dist = 0.07972896099090576, Dist_rho = 0.8474037759927375, Norm_glob = 0.311954528093338, Norm_loc = 0.39128658175468445, Norm_imp = 1.3390412330627441, Pinv_error = 32.673946380615234, Sum_weights = 0.08735286651367308, Sum_squared_weights = 0.005002876844304693, Elapsed_time = 1.995818853378296, Process_mem = 366.28125
Completed job 14
weight_strategy = self_norm, n_psi_added = 500, n_traj = 2000, local_std = 0.6, global_std = 4, n_traj_points = 11, phi_id = 0, base_xi_id = 0, Dist = 0.31791603565216064, Cos_dist = 0.15933573246002197, Dist_rho = 1.1261067926080246, Norm_glob = 0.4281366169452667, Norm_loc = 0.3907923996448517, Norm_imp = 0.09128967672586441, Pinv_error = 35.719451904296875, Sum_weights = 0.0020166881112689355, Sum_squared_weights = 1.5510634801540613e-06, Elapsed_time = 2.2201504707336426, Process_mem = 361.87109375
Completed job 15
weight_strategy = self_norm, n_psi_added = 500, n_traj = 2000, local_std = 0.6, global_std = 4, n_traj_points = 11, phi_id = 0, base_xi_id = 1, Dist = 0.16603390872478485, Cos_dist = 0.05390852689743042, Dist_rho = 1.1159404898953806, Norm_glob = 0.4281366169452667, Norm_loc = 0.2051437497138977, Norm_imp = 0.04192628711462021, Pinv_error = 35.719451904296875, Sum_weights = 0.00031560988992154586, Sum_squared_weights = 2.733630396465848e-08, Elapsed_time = 2.096362829208374, Process_mem = 362.05859375
Completed job 16
Begin work on process
weight_strategy = self_norm, n_psi_added = 500, n_traj = 2000, local_std = 0.6, global_std = 4, n_traj_points = 11, phi_id = 0, base_xi_id = 2, Dist = 0.32252827286720276, Cos_dist = 0.20750033855438232, Dist_rho = 1.2574791129558731, Norm_glob = 0.4281366169452667, Norm_loc = 0.38396990299224854, Norm_imp = 0.08251314610242844, Pinv_error = 35.719451904296875, Sum_weights = 0.00074084350120825, Sum_squared_weights = 1.4521981289545806e-07, Elapsed_time = 1.9418292045593262, Process_mem = 363.05078125
Completed job 17
weight_strategy = self_norm, n_psi_added = 500, n_traj = 2000, local_std = 0.6, global_std = 4, n_traj_points = 11, phi_id = 0, base_xi_id = 3, Dist = 0.21014778316020966, Cos_dist = 0.09534472227096558, Dist_rho = 1.1231446064563433, Norm_glob = 0.4281366169452667, Norm_loc = 0.3032986521720886, Norm_imp = 0.4400816857814789, Pinv_error = 35.719451904296875, Sum_weights = 0.0008069474923178178, Sum_squared_weights = 3.428207513803103e-07, Elapsed_time = 2.0043680667877197, Process_mem = 362.37890625
Completed job 18
weight_strategy = self_norm, n_psi_added = 500, n_traj = 2000, local_std = 0.6, global_std = 4, n_traj_points = 11, phi_id = 0, base_xi_id = 4, Dist = 0.39059144258499146, Cos_dist = 0.0763930082321167, Dist_rho = 1.1326354246141692, Norm_glob = 0.4281366169452667, Norm_loc = 0.39128658175468445, Norm_imp = 0.0007527764537371695, Pinv_error = 35.719451904296875, Sum_weights = 0.00021700257089081647, Sum_squared_weights = 1.178907796764557e-08, Elapsed_time = 2.1587069034576416, Process_mem = 363.24609375
Completed job 19
weight_strategy = self_norm, n_psi_added = 500, n_traj = 2000, local_std = 1, global_std = 1, n_traj_points = 11, phi_id = 0, base_xi_id = 2, Dist = 0.7225882411003113, Cos_dist = 0.07213640213012695, Dist_rho = 1.3131484573072048, Norm_glob = 0.311954528093338, Norm_loc = 0.36653974652290344, Norm_imp = 1.0496406555175781, Pinv_error = 32.673946380615234, Sum_weights = 0.002591474002763508, Sum_squared_weights = 3.2774201827974433e-06, Elapsed_time = 2.156773090362549, Process_mem = 364.85546875
Completed job 2
weight_strategy = self_norm, n_psi_added = 500, n_traj = 4000, local_std = 1, global_std = 1, n_traj_points = 11, phi_id = 0, base_xi_id = 0, Dist = 0.6432778239250183, Cos_dist = 0.17210662364959717, Dist_rho = 1.0203712341444637, Norm_glob = 0.3094119131565094, Norm_loc = 0.3051348924636841, Norm_imp = 0.872712254524231, Pinv_error = 55.25881576538086, Sum_weights = 0.2336838750761733, Sum_squared_weights = 0.05291927569468654, Elapsed_time = 8.502395868301392, Process_mem = 530.0
Completed job 20
weight_strategy = self_norm, n_psi_added = 500, n_traj = 4000, local_std = 1, global_std = 1, n_traj_points = 11, phi_id = 0, base_xi_id = 1, Dist = 0.6424569487571716, Cos_dist = 0.34335005283355713, Dist_rho = 1.1279215345616025, Norm_glob = 0.3094119131565094, Norm_loc = 0.23968730866909027, Norm_imp = 0.773891031742096, Pinv_error = 55.25881576538086, Sum_weights = 0.017777787113323795, Sum_squared_weights = 0.00020729090966767623, Elapsed_time = 8.516391277313232, Process_mem = 527.8046875
Completed job 21
Begin work on process
weight_strategy = self_norm, n_psi_added = 500, n_traj = 4000, local_std = 1, global_std = 1, n_traj_points = 11, phi_id = 0, base_xi_id = 2, Dist = 0.24647273123264313, Cos_dist = 0.06052398681640625, Dist_rho = 1.2987980905348102, Norm_glob = 0.3094119131565094, Norm_loc = 0.3577864468097687, Norm_imp = 0.5499593019485474, Pinv_error = 55.25881576538086, Sum_weights = 0.0037810562656953066, Sum_squared_weights = 3.747744851338165e-06, Elapsed_time = 8.597383975982666, Process_mem = 528.2734375
Completed job 22
Begin work on process
weight_strategy = self_norm, n_psi_added = 500, n_traj = 4000, local_std = 1, global_std = 1, n_traj_points = 11, phi_id = 0, base_xi_id = 3, Dist = 0.5984053015708923, Cos_dist = 0.2582997679710388, Dist_rho = 1.0691142488628476, Norm_glob = 0.3094119131565094, Norm_loc = 0.26825976371765137, Norm_imp = 0.7696816921234131, Pinv_error = 55.25881576538086, Sum_weights = 0.0222290125403175, Sum_squared_weights = 0.0003085255659128805, Elapsed_time = 8.233479499816895, Process_mem = 530.30859375
Completed job 23
Begin work on process
weight_strategy = self_norm, n_psi_added = 500, n_traj = 4000, local_std = 1, global_std = 1, n_traj_points = 11, phi_id = 0, base_xi_id = 4, Dist = 0.6332048773765564, Cos_dist = 0.13923001289367676, Dist_rho = 1.0127205546033262, Norm_glob = 0.3094119131565094, Norm_loc = 0.3074115812778473, Norm_imp = 0.8781787753105164, Pinv_error = 55.25881576538086, Sum_weights = 1.0634541203519339, Sum_squared_weights = 1.1245825010038504, Elapsed_time = 8.183402061462402, Process_mem = 529.59765625
Completed job 24
weight_strategy = self_norm, n_psi_added = 500, n_traj = 4000, local_std = 1, global_std = 4, n_traj_points = 11, phi_id = 0, base_xi_id = 0, Dist = 0.28713899850845337, Cos_dist = 0.41645824909210205, Dist_rho = 1.2103497595500317, Norm_glob = 0.4291206896305084, Norm_loc = 0.3051348924636841, Norm_imp = 0.32313311100006104, Pinv_error = 56.96391677856445, Sum_weights = 0.0004661578968288184, Sum_squared_weights = 6.221514862141462e-08, Elapsed_time = 8.279322862625122, Process_mem = 531.57421875
Completed job 25
Begin work on process
weight_strategy = self_norm, n_psi_added = 500, n_traj = 4000, local_std = 1, global_std = 4, n_traj_points = 11, phi_id = 0, base_xi_id = 1, Dist = 0.7272085547447205, Cos_dist = 0.5503604412078857, Dist_rho = 1.2330406313668703, Norm_glob = 0.4291206896305084, Norm_loc = 0.23968730866909027, Norm_imp = 0.8027529120445251, Pinv_error = 56.96391677856445, Sum_weights = 0.002182429613973425, Sum_squared_weights = 3.7054414342934074e-06, Elapsed_time = 8.843998670578003, Process_mem = 531.8203125
Completed job 26
weight_strategy = self_norm, n_psi_added = 500, n_traj = 4000, local_std = 1, global_std = 4, n_traj_points = 11, phi_id = 0, base_xi_id = 2, Dist = 0.8467532992362976, Cos_dist = 1.1172871738672256, Dist_rho = 1.2870033632771591, Norm_glob = 0.4291206896305084, Norm_loc = 0.3577864468097687, Norm_imp = 0.7266330122947693, Pinv_error = 56.96391677856445, Sum_weights = 0.0037168239104199215, Sum_squared_weights = 6.30724506152164e-06, Elapsed_time = 8.193417072296143, Process_mem = 533.640625
Completed job 27
Begin work on process
weight_strategy = self_norm, n_psi_added = 500, n_traj = 4000, local_std = 1, global_std = 4, n_traj_points = 11, phi_id = 0, base_xi_id = 3, Dist = 0.6613853573799133, Cos_dist = 0.4356924891471863, Dist_rho = 1.2115215721870127, Norm_glob = 0.4291206896305084, Norm_loc = 0.26825976371765137, Norm_imp = 0.7745851874351501, Pinv_error = 56.96391677856445, Sum_weights = 0.0014385149505261768, Sum_squared_weights = 1.5194544178043598e-06, Elapsed_time = 8.101421594619751, Process_mem = 533.51953125
Completed job 28
weight_strategy = self_norm, n_psi_added = 500, n_traj = 4000, local_std = 1, global_std = 4, n_traj_points = 11, phi_id = 0, base_xi_id = 4, Dist = 0.3668524920940399, Cos_dist = 0.5894844233989716, Dist_rho = 1.196723607600735, Norm_glob = 0.4291206896305084, Norm_loc = 0.3074115812778473, Norm_imp = 0.3628501296043396, Pinv_error = 56.96391677856445, Sum_weights = 0.0006428488568826432, Sum_squared_weights = 1.7150003556141973e-07, Elapsed_time = 8.396735429763794, Process_mem = 533.8671875
Completed job 29
Begin work on process
weight_strategy = self_norm, n_psi_added = 500, n_traj = 2000, local_std = 1, global_std = 1, n_traj_points = 11, phi_id = 0, base_xi_id = 3, Dist = 0.1520499438047409, Cos_dist = 0.1692976951599121, Dist_rho = 1.0838125371775882, Norm_glob = 0.311954528093338, Norm_loc = 0.2663724422454834, Norm_imp = 0.25486260652542114, Pinv_error = 32.673946380615234, Sum_weights = 0.00362217453823891, Sum_squared_weights = 9.976914552424765e-06, Elapsed_time = 2.1554222106933594, Process_mem = 365.60546875
Completed job 3
Begin work on process
weight_strategy = self_norm, n_psi_added = 500, n_traj = 4000, local_std = 0.6, global_std = 1, n_traj_points = 11, phi_id = 0, base_xi_id = 0, Dist = 0.23327836394309998, Cos_dist = 0.05908513069152832, Dist_rho = 0.8588047018268671, Norm_glob = 0.3094119131565094, Norm_loc = 0.3903226852416992, Norm_imp = 0.5594769716262817, Pinv_error = 55.25881576538086, Sum_weights = 0.04006301043717751, Sum_squared_weights = 0.0003444988400226906, Elapsed_time = 8.955410718917847, Process_mem = 529.31640625
Completed job 30
Begin work on process
weight_strategy = self_norm, n_psi_added = 500, n_traj = 4000, local_std = 0.6, global_std = 1, n_traj_points = 11, phi_id = 0, base_xi_id = 1, Dist = 0.17312897741794586, Cos_dist = 0.316552996635437, Dist_rho = 0.9816707767689534, Norm_glob = 0.3094119131565094, Norm_loc = 0.20689594745635986, Norm_imp = 0.2260330766439438, Pinv_error = 55.25881576538086, Sum_weights = 0.07866172583496814, Sum_squared_weights = 0.0008350861035475803, Elapsed_time = 8.216127157211304, Process_mem = 529.953125
Completed job 31
Begin work on process
weight_strategy = self_norm, n_psi_added = 500, n_traj = 4000, local_std = 0.6, global_std = 1, n_traj_points = 11, phi_id = 0, base_xi_id = 2, Dist = 0.6594297885894775, Cos_dist = 1.5812718868255615, Dist_rho = 1.2876236495216884, Norm_glob = 0.3094119131565094, Norm_loc = 0.38597506284713745, Norm_imp = 0.35547691583633423, Pinv_error = 55.25881576538086, Sum_weights = 0.33649024285747625, Sum_squared_weights = 0.07348314223124147, Elapsed_time = 8.269285678863525, Process_mem = 529.625
Completed job 32
weight_strategy = self_norm, n_psi_added = 500, n_traj = 4000, local_std = 0.6, global_std = 1, n_traj_points = 11, phi_id = 0, base_xi_id = 3, Dist = 0.24989905953407288, Cos_dist = 0.07827234268188477, Dist_rho = 0.8981764121793675, Norm_glob = 0.3094119131565094, Norm_loc = 0.30485105514526367, Norm_imp = 0.5011499524116516, Pinv_error = 55.25881576538086, Sum_weights = 0.09157538956127977, Sum_squared_weights = 0.0024632467216394297, Elapsed_time = 8.55294394493103, Process_mem = 529.62109375
Completed job 33
Begin work on process
weight_strategy = self_norm, n_psi_added = 500, n_traj = 4000, local_std = 0.6, global_std = 1, n_traj_points = 11, phi_id = 0, base_xi_id = 4, Dist = 0.3878635764122009, Cos_dist = 0.08059382438659668, Dist_rho = 0.8671454528308264, Norm_glob = 0.3094119131565094, Norm_loc = 0.38671866059303284, Norm_imp = 0.7123479843139648, Pinv_error = 55.25881576538086, Sum_weights = 0.09532878724175389, Sum_squared_weights = 0.005032707439393093, Elapsed_time = 8.58794093132019, Process_mem = 529.6015625
Completed job 34
Begin work on process
weight_strategy = self_norm, n_psi_added = 500, n_traj = 4000, local_std = 0.6, global_std = 4, n_traj_points = 11, phi_id = 0, base_xi_id = 0, Dist = 0.7028610706329346, Cos_dist = 1.3168000876903534, Dist_rho = 1.1340066608391268, Norm_glob = 0.4291206896305084, Norm_loc = 0.3903226852416992, Norm_imp = 0.47380056977272034, Pinv_error = 56.96391677856445, Sum_weights = 0.025936632512217263, Sum_squared_weights = 0.0005644680907326055, Elapsed_time = 8.126195669174194, Process_mem = 532.69921875
Completed job 35
Begin work on process
weight_strategy = self_norm, n_psi_added = 500, n_traj = 4000, local_std = 0.6, global_std = 4, n_traj_points = 11, phi_id = 0, base_xi_id = 1, Dist = 0.32345011830329895, Cos_dist = 0.3385488986968994, Dist_rho = 1.1292376222566265, Norm_glob = 0.4291206896305084, Norm_loc = 0.20689594745635986, Norm_imp = 0.42065152525901794, Pinv_error = 56.96391677856445, Sum_weights = 0.006019047310896086, Sum_squared_weights = 1.1853432755280907e-05, Elapsed_time = 8.137057542800903, Process_mem = 533.62890625
Completed job 36
weight_strategy = self_norm, n_psi_added = 500, n_traj = 4000, local_std = 0.6, global_std = 4, n_traj_points = 11, phi_id = 0, base_xi_id = 2, Dist = 0.2917446494102478, Cos_dist = 0.07648211717605591, Dist_rho = 1.269136296661844, Norm_glob = 0.4291206896305084, Norm_loc = 0.38597506284713745, Norm_imp = 0.6078475713729858, Pinv_error = 56.96391677856445, Sum_weights = 0.009179024463477728, Sum_squared_weights = 3.994932512210808e-05, Elapsed_time = 9.074402332305908, Process_mem = 533.53125
Completed job 37
Begin work on process
weight_strategy = self_norm, n_psi_added = 500, n_traj = 4000, local_std = 0.6, global_std = 4, n_traj_points = 11, phi_id = 0, base_xi_id = 3, Dist = 0.2746328115463257, Cos_dist = 0.18192583322525024, Dist_rho = 1.1247044179036194, Norm_glob = 0.4291206896305084, Norm_loc = 0.30485105514526367, Norm_imp = 0.4607785940170288, Pinv_error = 56.96391677856445, Sum_weights = 0.0024262715499706704, Sum_squared_weights = 1.2891443213267883e-06, Elapsed_time = 8.56859803199768, Process_mem = 533.4296875
Completed job 38
Begin work on process
weight_strategy = self_norm, n_psi_added = 500, n_traj = 4000, local_std = 0.6, global_std = 4, n_traj_points = 11, phi_id = 0, base_xi_id = 4, Dist = 0.7781441807746887, Cos_dist = 1.4653331935405731, Dist_rho = 1.1309820717669603, Norm_glob = 0.4291206896305084, Norm_loc = 0.38671866059303284, Norm_imp = 0.5188603401184082, Pinv_error = 56.96391677856445, Sum_weights = 0.3545514451646109, Sum_squared_weights = 0.12212725737417977, Elapsed_time = 8.18460750579834, Process_mem = 533.8125
Completed job 39
Begin work on process
weight_strategy = self_norm, n_psi_added = 500, n_traj = 2000, local_std = 1, global_std = 1, n_traj_points = 11, phi_id = 0, base_xi_id = 4, Dist = 0.29813605546951294, Cos_dist = 0.2504972219467163, Dist_rho = 1.023706183091698, Norm_glob = 0.311954528093338, Norm_loc = 0.29924601316452026, Norm_imp = 0.00148301525041461, Pinv_error = 32.673946380615234, Sum_weights = 0.0013295304441320226, Sum_squared_weights = 6.166681992113996e-07, Elapsed_time = 2.2934131622314453, Process_mem = 364.796875
Completed job 4
weight_strategy = self_norm, n_psi_added = 500, n_traj = 2000, local_std = 1, global_std = 4, n_traj_points = 11, phi_id = 0, base_xi_id = 0, Dist = 0.37800687551498413, Cos_dist = 0.47764110565185547, Dist_rho = 1.2078442622060817, Norm_glob = 0.4281366169452667, Norm_loc = 0.3109447658061981, Norm_imp = 0.4318397343158722, Pinv_error = 35.719451904296875, Sum_weights = 0.00019685942231356072, Sum_squared_weights = 3.625523105185278e-08, Elapsed_time = 2.307466745376587, Process_mem = 361.7578125
Completed job 5
Begin work on process
weight_strategy = self_norm, n_psi_added = 500, n_traj = 2000, local_std = 1, global_std = 4, n_traj_points = 11, phi_id = 0, base_xi_id = 1, Dist = 0.21986764669418335, Cos_dist = 0.39537906646728516, Dist_rho = 1.2312232441171342, Norm_glob = 0.4281366169452667, Norm_loc = 0.23879797756671906, Norm_imp = 0.034093793481588364, Pinv_error = 35.719451904296875, Sum_weights = 6.029519472929208e-05, Sum_squared_weights = 1.9477537874684796e-09, Elapsed_time = 2.099245071411133, Process_mem = 361.82421875
Completed job 6
Begin work on process
weight_strategy = self_norm, n_psi_added = 500, n_traj = 2000, local_std = 1, global_std = 4, n_traj_points = 11, phi_id = 0, base_xi_id = 2, Dist = 0.2927219569683075, Cos_dist = 0.19389331340789795, Dist_rho = 1.2953345673680472, Norm_glob = 0.4281366169452667, Norm_loc = 0.36653974652290344, Norm_imp = 0.0989062488079071, Pinv_error = 35.719451904296875, Sum_weights = 0.00022146525071611948, Sum_squared_weights = 3.121830439741919e-08, Elapsed_time = 1.9610271453857422, Process_mem = 362.75390625
Completed job 7
weight_strategy = self_norm, n_psi_added = 500, n_traj = 2000, local_std = 1, global_std = 4, n_traj_points = 11, phi_id = 0, base_xi_id = 3, Dist = 0.24095094203948975, Cos_dist = 0.5330670177936554, Dist_rho = 1.2151299248251837, Norm_glob = 0.4281366169452667, Norm_loc = 0.2663724422454834, Norm_imp = 0.07365355640649796, Pinv_error = 35.719451904296875, Sum_weights = 0.00011403825167955883, Sum_squared_weights = 1.0016037043501382e-08, Elapsed_time = 1.9818637371063232, Process_mem = 363.40625
Completed job 8
weight_strategy = self_norm, n_psi_added = 500, n_traj = 2000, local_std = 1, global_std = 4, n_traj_points = 11, phi_id = 0, base_xi_id = 4, Dist = 0.2722174823284149, Cos_dist = 0.5175777077674866, Dist_rho = 1.1903560447041377, Norm_glob = 0.4281366169452667, Norm_loc = 0.29924601316452026, Norm_imp = 0.07091330736875534, Pinv_error = 35.719451904296875, Sum_weights = 5.1020291880479255e-05, Sum_squared_weights = 1.6999630505537198e-09, Elapsed_time = 2.1076016426086426, Process_mem = 362.484375
Completed job 9
